{"timestamp":"2026-01-22T17:25:44.311564Z","level":"INFO","message":"Running Lua script: simulation/scripts/scenarios/chaos_monkey.lua","target":"lua_runner","filename":"simulation/src/bin/lua_runner.rs","line_number":93}
{"timestamp":"2026-01-22T17:25:44.313977Z","level":"INFO","message":"Starting chaos monkey test","source":"lua","fields":"{\"messages\":20,\"duration\":200,\"peers\":10,\"trace_id\":\"4e695a2e-d81e-45c8-a725-e27d47b5392e\"}","target":"indras_simulation::lua::bindings::logging","filename":"simulation/src/lua/bindings/logging.rs","line_number":95}
{"timestamp":"2026-01-22T17:25:44.314952Z","level":"INFO","message":"Simulation initialized at tick 0","target":"indras_simulation::simulation","filename":"simulation/src/simulation.rs","line_number":140}
{"timestamp":"2026-01-22T17:25:44.315069Z","level":"INFO","message":"Sending messages","source":"lua","fields":"{\"trace_id\":\"4e695a2e-d81e-45c8-a725-e27d47b5392e\",\"count\":20}","target":"indras_simulation::lua::bindings::logging","filename":"simulation/src/lua/bindings/logging.rs","line_number":95}
{"timestamp":"2026-01-22T17:25:44.315752Z","level":"INFO","message":"Running simulation with chaos","source":"lua","fields":"{\"trace_id\":\"4e695a2e-d81e-45c8-a725-e27d47b5392e\",\"ticks\":200}","target":"indras_simulation::lua::bindings::logging","filename":"simulation/src/lua/bindings/logging.rs","line_number":95}
{"timestamp":"2026-01-22T17:25:44.315857Z","level":"INFO","message":"Packet J#0 delivered to E via J at tick 1 (latency: 0 ticks)","target":"indras_simulation::simulation","filename":"simulation/src/simulation.rs","line_number":300}
{"timestamp":"2026-01-22T17:25:44.315880Z","level":"INFO","message":"Packet J#1 delivered to E via J at tick 1 (latency: 0 ticks)","target":"indras_simulation::simulation","filename":"simulation/src/simulation.rs","line_number":300}
{"timestamp":"2026-01-22T17:25:44.315906Z","level":"INFO","message":"Packet J#2 delivered to E via J at tick 1 (latency: 0 ticks)","target":"indras_simulation::simulation","filename":"simulation/src/simulation.rs","line_number":300}
{"timestamp":"2026-01-22T17:25:44.315926Z","level":"INFO","message":"Packet E#0 delivered to C via E at tick 1 (latency: 0 ticks)","target":"indras_simulation::simulation","filename":"simulation/src/simulation.rs","line_number":300}
{"timestamp":"2026-01-22T17:25:44.315943Z","level":"INFO","message":"Packet B#0 delivered to E via B at tick 1 (latency: 0 ticks)","target":"indras_simulation::simulation","filename":"simulation/src/simulation.rs","line_number":300}
{"timestamp":"2026-01-22T17:25:44.315967Z","level":"INFO","message":"Packet A#1 delivered to J via A at tick 1 (latency: 0 ticks)","target":"indras_simulation::simulation","filename":"simulation/src/simulation.rs","line_number":300}
{"timestamp":"2026-01-22T17:25:44.316042Z","level":"INFO","message":"Packet B#2 delivered to E via B at tick 1 (latency: 0 ticks)","target":"indras_simulation::simulation","filename":"simulation/src/simulation.rs","line_number":300}
{"timestamp":"2026-01-22T17:25:44.316081Z","level":"INFO","message":"Packet C#0 delivered to E via C at tick 1 (latency: 0 ticks)","target":"indras_simulation::simulation","filename":"simulation/src/simulation.rs","line_number":300}
{"timestamp":"2026-01-22T17:25:44.316121Z","level":"INFO","message":"Packet E#1 delivered to B via E at tick 1 (latency: 0 ticks)","target":"indras_simulation::simulation","filename":"simulation/src/simulation.rs","line_number":300}
{"timestamp":"2026-01-22T17:25:44.316153Z","level":"INFO","message":"Packet F#0 delivered to J via A at tick 1 (latency: 0 ticks)","target":"indras_simulation::simulation","filename":"simulation/src/simulation.rs","line_number":300}
{"timestamp":"2026-01-22T17:25:44.316173Z","level":"INFO","message":"Packet F#1 delivered to D via A at tick 1 (latency: 0 ticks)","target":"indras_simulation::simulation","filename":"simulation/src/simulation.rs","line_number":300}
{"timestamp":"2026-01-22T17:25:44.316196Z","level":"INFO","message":"Packet A#0 delivered to C via E at tick 1 (latency: 0 ticks)","target":"indras_simulation::simulation","filename":"simulation/src/simulation.rs","line_number":300}
{"timestamp":"2026-01-22T17:25:44.316218Z","level":"INFO","message":"Packet B#1 delivered to A via F at tick 1 (latency: 0 ticks)","target":"indras_simulation::simulation","filename":"simulation/src/simulation.rs","line_number":300}
{"timestamp":"2026-01-22T17:25:44.316236Z","level":"INFO","message":"Packet A#2 delivered to G via F at tick 1 (latency: 0 ticks)","target":"indras_simulation::simulation","filename":"simulation/src/simulation.rs","line_number":300}
{"timestamp":"2026-01-22T17:25:44.316356Z","level":"INFO","message":"Packet B#4 delivered to A via F at tick 1 (latency: 0 ticks)","target":"indras_simulation::simulation","filename":"simulation/src/simulation.rs","line_number":300}
{"timestamp":"2026-01-22T17:25:44.316380Z","level":"INFO","message":"Packet G#0 delivered to D via J at tick 1 (latency: 0 ticks)","target":"indras_simulation::simulation","filename":"simulation/src/simulation.rs","line_number":300}
{"timestamp":"2026-01-22T17:25:44.316400Z","level":"INFO","message":"Packet D#0 delivered to G via J at tick 1 (latency: 0 ticks)","target":"indras_simulation::simulation","filename":"simulation/src/simulation.rs","line_number":300}
{"timestamp":"2026-01-22T17:25:44.316468Z","level":"INFO","message":"Back-propagation complete for packet D#0 (latency: 1 ticks)","target":"indras_simulation::simulation","filename":"simulation/src/simulation.rs","line_number":619}
{"timestamp":"2026-01-22T17:25:44.316484Z","level":"INFO","message":"Back-propagation complete for packet G#0 (latency: 1 ticks)","target":"indras_simulation::simulation","filename":"simulation/src/simulation.rs","line_number":619}
{"timestamp":"2026-01-22T17:25:44.316496Z","level":"INFO","message":"Back-propagation complete for packet B#4 (latency: 1 ticks)","target":"indras_simulation::simulation","filename":"simulation/src/simulation.rs","line_number":619}
{"timestamp":"2026-01-22T17:25:44.316507Z","level":"INFO","message":"Back-propagation complete for packet A#2 (latency: 1 ticks)","target":"indras_simulation::simulation","filename":"simulation/src/simulation.rs","line_number":619}
{"timestamp":"2026-01-22T17:25:44.316519Z","level":"INFO","message":"Back-propagation complete for packet B#1 (latency: 1 ticks)","target":"indras_simulation::simulation","filename":"simulation/src/simulation.rs","line_number":619}
{"timestamp":"2026-01-22T17:25:44.316530Z","level":"INFO","message":"Back-propagation complete for packet F#1 (latency: 1 ticks)","target":"indras_simulation::simulation","filename":"simulation/src/simulation.rs","line_number":619}
{"timestamp":"2026-01-22T17:25:44.316541Z","level":"INFO","message":"Back-propagation complete for packet F#0 (latency: 1 ticks)","target":"indras_simulation::simulation","filename":"simulation/src/simulation.rs","line_number":619}
{"timestamp":"2026-01-22T17:25:44.316577Z","level":"INFO","message":"Back-propagation complete for packet A#0 (latency: 2 ticks)","target":"indras_simulation::simulation","filename":"simulation/src/simulation.rs","line_number":619}
{"timestamp":"2026-01-22T17:25:44.316716Z","level":"INFO","message":"Packet G#1 delivered to H via G at tick 8 (latency: 7 ticks)","target":"indras_simulation::simulation","filename":"simulation/src/simulation.rs","line_number":300}
{"timestamp":"2026-01-22T17:25:44.316862Z","level":"WARN","message":"Chaos: killed peer","source":"lua","fields":"{\"trace_id\":\"4e695a2e-d81e-45c8-a725-e27d47b5392e\",\"peer\":\"G\",\"tick\":10,\"total_kills\":1}","target":"indras_simulation::lua::bindings::logging","filename":"simulation/src/lua/bindings/logging.rs","line_number":102}
{"timestamp":"2026-01-22T17:25:44.316938Z","level":"WARN","message":"Message from I to H dropped: sender offline after 10 retries","target":"indras_simulation::simulation","filename":"simulation/src/simulation.rs","line_number":365}
{"timestamp":"2026-01-22T17:25:44.317094Z","level":"INFO","message":"Packet B#3 delivered to I via F at tick 18 (latency: 17 ticks)","target":"indras_simulation::simulation","filename":"simulation/src/simulation.rs","line_number":300}
{"timestamp":"2026-01-22T17:25:44.317162Z","level":"WARN","message":"Chaos: killed peer","source":"lua","fields":"{\"total_kills\":2,\"tick\":20,\"trace_id\":\"4e695a2e-d81e-45c8-a725-e27d47b5392e\",\"peer\":\"C\"}","target":"indras_simulation::lua::bindings::logging","filename":"simulation/src/lua/bindings/logging.rs","line_number":102}
{"timestamp":"2026-01-22T17:25:44.317411Z","level":"WARN","message":"Chaos: killed peer","source":"lua","fields":"{\"peer\":\"D\",\"total_kills\":3,\"tick\":30,\"trace_id\":\"4e695a2e-d81e-45c8-a725-e27d47b5392e\"}","target":"indras_simulation::lua::bindings::logging","filename":"simulation/src/lua/bindings/logging.rs","line_number":102}
{"timestamp":"2026-01-22T17:25:44.317529Z","level":"INFO","message":"Back-propagation complete for packet B#3 (latency: 15 ticks)","target":"indras_simulation::simulation","filename":"simulation/src/simulation.rs","line_number":619}
{"timestamp":"2026-01-22T17:25:44.317676Z","level":"WARN","message":"Chaos: killed peer","source":"lua","fields":"{\"tick\":40,\"peer\":\"C\",\"trace_id\":\"4e695a2e-d81e-45c8-a725-e27d47b5392e\",\"total_kills\":4}","target":"indras_simulation::lua::bindings::logging","filename":"simulation/src/lua/bindings/logging.rs","line_number":102}
{"timestamp":"2026-01-22T17:25:44.317951Z","level":"WARN","message":"Chaos: killed peer","source":"lua","fields":"{\"tick\":50,\"total_kills\":5,\"trace_id\":\"4e695a2e-d81e-45c8-a725-e27d47b5392e\",\"peer\":\"E\"}","target":"indras_simulation::lua::bindings::logging","filename":"simulation/src/lua/bindings/logging.rs","line_number":102}
{"timestamp":"2026-01-22T17:25:44.318241Z","level":"INFO","message":"Progress checkpoint","source":"lua","fields":"{\"trace_id\":\"4e695a2e-d81e-45c8-a725-e27d47b5392e\",\"online_count\":6,\"dropped\":1,\"delivered\":19,\"tick\":50}","target":"indras_simulation::lua::bindings::logging","filename":"simulation/src/lua/bindings/logging.rs","line_number":95}
{"timestamp":"2026-01-22T17:25:44.318472Z","level":"WARN","message":"Chaos: killed peer","source":"lua","fields":"{\"total_kills\":6,\"trace_id\":\"4e695a2e-d81e-45c8-a725-e27d47b5392e\",\"peer\":\"I\",\"tick\":60}","target":"indras_simulation::lua::bindings::logging","filename":"simulation/src/lua/bindings/logging.rs","line_number":102}
{"timestamp":"2026-01-22T17:25:44.318717Z","level":"WARN","message":"Chaos: killed peer","source":"lua","fields":"{\"peer\":\"H\",\"tick\":70,\"trace_id\":\"4e695a2e-d81e-45c8-a725-e27d47b5392e\",\"total_kills\":7}","target":"indras_simulation::lua::bindings::logging","filename":"simulation/src/lua/bindings/logging.rs","line_number":102}
{"timestamp":"2026-01-22T17:25:44.318961Z","level":"WARN","message":"Chaos: killed peer","source":"lua","fields":"{\"trace_id\":\"4e695a2e-d81e-45c8-a725-e27d47b5392e\",\"peer\":\"E\",\"tick\":80,\"total_kills\":8}","target":"indras_simulation::lua::bindings::logging","filename":"simulation/src/lua/bindings/logging.rs","line_number":102}
{"timestamp":"2026-01-22T17:25:44.319206Z","level":"WARN","message":"Chaos: killed peer","source":"lua","fields":"{\"total_kills\":9,\"peer\":\"B\",\"trace_id\":\"4e695a2e-d81e-45c8-a725-e27d47b5392e\",\"tick\":90}","target":"indras_simulation::lua::bindings::logging","filename":"simulation/src/lua/bindings/logging.rs","line_number":102}
{"timestamp":"2026-01-22T17:25:44.319441Z","level":"WARN","message":"Chaos: killed peer","source":"lua","fields":"{\"peer\":\"J\",\"trace_id\":\"4e695a2e-d81e-45c8-a725-e27d47b5392e\",\"total_kills\":10,\"tick\":100}","target":"indras_simulation::lua::bindings::logging","filename":"simulation/src/lua/bindings/logging.rs","line_number":102}
{"timestamp":"2026-01-22T17:25:44.319504Z","level":"INFO","message":"Progress checkpoint","source":"lua","fields":"{\"trace_id\":\"4e695a2e-d81e-45c8-a725-e27d47b5392e\",\"online_count\":7,\"delivered\":19,\"dropped\":1,\"tick\":100}","target":"indras_simulation::lua::bindings::logging","filename":"simulation/src/lua/bindings/logging.rs","line_number":95}
{"timestamp":"2026-01-22T17:25:44.319727Z","level":"WARN","message":"Chaos: killed peer","source":"lua","fields":"{\"total_kills\":11,\"trace_id\":\"4e695a2e-d81e-45c8-a725-e27d47b5392e\",\"peer\":\"J\",\"tick\":110}","target":"indras_simulation::lua::bindings::logging","filename":"simulation/src/lua/bindings/logging.rs","line_number":102}
{"timestamp":"2026-01-22T17:25:44.319968Z","level":"WARN","message":"Chaos: killed peer","source":"lua","fields":"{\"total_kills\":12,\"peer\":\"E\",\"trace_id\":\"4e695a2e-d81e-45c8-a725-e27d47b5392e\",\"tick\":120}","target":"indras_simulation::lua::bindings::logging","filename":"simulation/src/lua/bindings/logging.rs","line_number":102}
{"timestamp":"2026-01-22T17:25:44.320224Z","level":"WARN","message":"Chaos: killed peer","source":"lua","fields":"{\"trace_id\":\"4e695a2e-d81e-45c8-a725-e27d47b5392e\",\"peer\":\"F\",\"tick\":130,\"total_kills\":13}","target":"indras_simulation::lua::bindings::logging","filename":"simulation/src/lua/bindings/logging.rs","line_number":102}
{"timestamp":"2026-01-22T17:25:44.320464Z","level":"WARN","message":"Chaos: killed peer","source":"lua","fields":"{\"total_kills\":14,\"peer\":\"C\",\"trace_id\":\"4e695a2e-d81e-45c8-a725-e27d47b5392e\",\"tick\":140}","target":"indras_simulation::lua::bindings::logging","filename":"simulation/src/lua/bindings/logging.rs","line_number":102}
{"timestamp":"2026-01-22T17:25:44.320699Z","level":"WARN","message":"Chaos: killed peer","source":"lua","fields":"{\"trace_id\":\"4e695a2e-d81e-45c8-a725-e27d47b5392e\",\"total_kills\":15,\"tick\":150,\"peer\":\"G\"}","target":"indras_simulation::lua::bindings::logging","filename":"simulation/src/lua/bindings/logging.rs","line_number":102}
{"timestamp":"2026-01-22T17:25:44.320756Z","level":"INFO","message":"Progress checkpoint","source":"lua","fields":"{\"trace_id\":\"4e695a2e-d81e-45c8-a725-e27d47b5392e\",\"online_count\":4,\"dropped\":1,\"delivered\":19,\"tick\":150}","target":"indras_simulation::lua::bindings::logging","filename":"simulation/src/lua/bindings/logging.rs","line_number":95}
{"timestamp":"2026-01-22T17:25:44.320971Z","level":"WARN","message":"Chaos: killed peer","source":"lua","fields":"{\"tick\":160,\"peer\":\"J\",\"trace_id\":\"4e695a2e-d81e-45c8-a725-e27d47b5392e\",\"total_kills\":16}","target":"indras_simulation::lua::bindings::logging","filename":"simulation/src/lua/bindings/logging.rs","line_number":102}
{"timestamp":"2026-01-22T17:25:44.321209Z","level":"WARN","message":"Chaos: killed peer","source":"lua","fields":"{\"tick\":170,\"total_kills\":17,\"trace_id\":\"4e695a2e-d81e-45c8-a725-e27d47b5392e\",\"peer\":\"D\"}","target":"indras_simulation::lua::bindings::logging","filename":"simulation/src/lua/bindings/logging.rs","line_number":102}
{"timestamp":"2026-01-22T17:25:44.321443Z","level":"WARN","message":"Chaos: killed peer","source":"lua","fields":"{\"peer\":\"E\",\"tick\":180,\"total_kills\":18,\"trace_id\":\"4e695a2e-d81e-45c8-a725-e27d47b5392e\"}","target":"indras_simulation::lua::bindings::logging","filename":"simulation/src/lua/bindings/logging.rs","line_number":102}
{"timestamp":"2026-01-22T17:25:44.321681Z","level":"WARN","message":"Chaos: killed peer","source":"lua","fields":"{\"total_kills\":19,\"trace_id\":\"4e695a2e-d81e-45c8-a725-e27d47b5392e\",\"peer\":\"H\",\"tick\":190}","target":"indras_simulation::lua::bindings::logging","filename":"simulation/src/lua/bindings/logging.rs","line_number":102}
{"timestamp":"2026-01-22T17:25:44.321923Z","level":"WARN","message":"Chaos: killed peer","source":"lua","fields":"{\"total_kills\":20,\"trace_id\":\"4e695a2e-d81e-45c8-a725-e27d47b5392e\",\"peer\":\"D\",\"tick\":200}","target":"indras_simulation::lua::bindings::logging","filename":"simulation/src/lua/bindings/logging.rs","line_number":102}
{"timestamp":"2026-01-22T17:25:44.322005Z","level":"INFO","message":"Progress checkpoint","source":"lua","fields":"{\"tick\":200,\"delivered\":19,\"online_count\":7,\"trace_id\":\"4e695a2e-d81e-45c8-a725-e27d47b5392e\",\"dropped\":1}","target":"indras_simulation::lua::bindings::logging","filename":"simulation/src/lua/bindings/logging.rs","line_number":95}
{"timestamp":"2026-01-22T17:25:44.322140Z","level":"INFO","message":"Chaos test completed","source":"lua","fields":"{\"sent\":20,\"total_kills\":20,\"delivery_rate\":0.95,\"expired\":0,\"wake_events\":136,\"drop_rate\":0.05,\"average_hops\":1.5263157894736843,\"average_latency\":1.263157894736842,\"dropped\":1,\"final_tick\":200,\"trace_id\":\"4e695a2e-d81e-45c8-a725-e27d47b5392e\",\"delivered\":19,\"sleep_events\":117}","target":"indras_simulation::lua::bindings::logging","filename":"simulation/src/lua/bindings/logging.rs","line_number":95}
{"timestamp":"2026-01-22T17:25:44.322180Z","level":"INFO","message":"Chaos monkey test passed","source":"lua","fields":"{\"trace_id\":\"4e695a2e-d81e-45c8-a725-e27d47b5392e\",\"delivery_rate\":0.95}","target":"indras_simulation::lua::bindings::logging","filename":"simulation/src/lua/bindings/logging.rs","line_number":95}
{"timestamp":"2026-01-22T17:25:44.322204Z","level":"INFO","message":"Script completed successfully","target":"lua_runner","filename":"simulation/src/bin/lua_runner.rs","line_number":107}
