{"timestamp":"2026-01-25T06:26:48.480269Z","level":"INFO","message":"Running Lua script: simulation/scripts/scenarios/collaboration_trio.lua","target":"lua_runner","filename":"simulation/src/bin/lua_runner.rs","line_number":94}
{"timestamp":"2026-01-25T06:26:48.483218Z","level":"INFO","message":"Starting Collaboration Trio scenario","source":"lua","fields":"{\"trace_id\":\"ad23f60c-7473-4fe9-9a76-d58a6b7f7810\",\"scenario\":\"collaboration_trio\",\"description\":\"Love, Joy, and Peace collaborate in Harmony\"}","target":"indras_simulation::lua::bindings::logging","filename":"simulation/src/lua/bindings/logging.rs","line_number":93}
{"timestamp":"2026-01-25T06:26:48.484920Z","level":"INFO","message":"Phase 1: Setup - Establishing connections","source":"lua","fields":"{\"trace_id\":\"ad23f60c-7473-4fe9-9a76-d58a6b7f7810\",\"realm\":\"harmony\",\"members\":{\"1\":\"love\",\"2\":\"joy\",\"3\":\"peace\"}}","target":"indras_simulation::lua::bindings::logging","filename":"simulation/src/lua/bindings/logging.rs","line_number":93}
{"timestamp":"2026-01-25T06:26:48.485359Z","level":"INFO","message":"Phase 1 complete: All peers connected","source":"lua","fields":"{\"tick\":5,\"trace_id\":\"ad23f60c-7473-4fe9-9a76-d58a6b7f7810\",\"online_peers\":3}","target":"indras_simulation::lua::bindings::logging","filename":"simulation/src/lua/bindings/logging.rs","line_number":93}
{"timestamp":"2026-01-25T06:26:48.485402Z","level":"INFO","message":"Phase 2: Quest creation - Each peer creates 2 quests","source":"lua","fields":"{\"trace_id\":\"ad23f60c-7473-4fe9-9a76-d58a6b7f7810\"}","target":"indras_simulation::lua::bindings::logging","filename":"simulation/src/lua/bindings/logging.rs","line_number":93}
{"timestamp":"2026-01-25T06:26:48.485651Z","level":"INFO","message":"Packet A#0 delivered to B via A at tick 6 (latency: 0 ticks)","target":"indras_simulation::simulation","filename":"simulation/src/simulation.rs","line_number":360}
{"timestamp":"2026-01-25T06:26:48.485685Z","level":"INFO","message":"Packet A#1 delivered to C via A at tick 6 (latency: 0 ticks)","target":"indras_simulation::simulation","filename":"simulation/src/simulation.rs","line_number":360}
{"timestamp":"2026-01-25T06:26:48.485711Z","level":"INFO","message":"Packet A#2 delivered to B via A at tick 6 (latency: 0 ticks)","target":"indras_simulation::simulation","filename":"simulation/src/simulation.rs","line_number":360}
{"timestamp":"2026-01-25T06:26:48.485739Z","level":"INFO","message":"Packet A#3 delivered to C via A at tick 6 (latency: 0 ticks)","target":"indras_simulation::simulation","filename":"simulation/src/simulation.rs","line_number":360}
{"timestamp":"2026-01-25T06:26:48.485771Z","level":"INFO","message":"Packet B#0 delivered to C via B at tick 6 (latency: 0 ticks)","target":"indras_simulation::simulation","filename":"simulation/src/simulation.rs","line_number":360}
{"timestamp":"2026-01-25T06:26:48.485799Z","level":"INFO","message":"Packet B#1 delivered to A via B at tick 6 (latency: 0 ticks)","target":"indras_simulation::simulation","filename":"simulation/src/simulation.rs","line_number":360}
{"timestamp":"2026-01-25T06:26:48.485824Z","level":"INFO","message":"Packet B#2 delivered to C via B at tick 6 (latency: 0 ticks)","target":"indras_simulation::simulation","filename":"simulation/src/simulation.rs","line_number":360}
{"timestamp":"2026-01-25T06:26:48.485851Z","level":"INFO","message":"Packet B#3 delivered to A via B at tick 6 (latency: 0 ticks)","target":"indras_simulation::simulation","filename":"simulation/src/simulation.rs","line_number":360}
{"timestamp":"2026-01-25T06:26:48.485879Z","level":"INFO","message":"Packet C#0 delivered to B via C at tick 6 (latency: 0 ticks)","target":"indras_simulation::simulation","filename":"simulation/src/simulation.rs","line_number":360}
{"timestamp":"2026-01-25T06:26:48.485907Z","level":"INFO","message":"Packet C#1 delivered to A via C at tick 6 (latency: 0 ticks)","target":"indras_simulation::simulation","filename":"simulation/src/simulation.rs","line_number":360}
{"timestamp":"2026-01-25T06:26:48.485934Z","level":"INFO","message":"Packet C#2 delivered to B via C at tick 6 (latency: 0 ticks)","target":"indras_simulation::simulation","filename":"simulation/src/simulation.rs","line_number":360}
{"timestamp":"2026-01-25T06:26:48.485961Z","level":"INFO","message":"Packet C#3 delivered to A via C at tick 6 (latency: 0 ticks)","target":"indras_simulation::simulation","filename":"simulation/src/simulation.rs","line_number":360}
{"timestamp":"2026-01-25T06:26:48.486074Z","level":"INFO","message":"Phase 2 complete: Quests created","source":"lua","fields":"{\"tick\":15,\"pending_quests\":6,\"total_quests\":6,\"trace_id\":\"ad23f60c-7473-4fe9-9a76-d58a6b7f7810\"}","target":"indras_simulation::lua::bindings::logging","filename":"simulation/src/lua/bindings/logging.rs","line_number":93}
{"timestamp":"2026-01-25T06:26:48.486120Z","level":"INFO","message":"Phase 3: Document collaboration - Building project plan","source":"lua","fields":"{\"trace_id\":\"ad23f60c-7473-4fe9-9a76-d58a6b7f7810\",\"document\":\"Harmony Initiative\"}","target":"indras_simulation::lua::bindings::logging","filename":"simulation/src/lua/bindings/logging.rs","line_number":93}
{"timestamp":"2026-01-25T06:26:48.486187Z","level":"INFO","message":"Packet A#4 delivered to B via A at tick 16 (latency: 0 ticks)","target":"indras_simulation::simulation","filename":"simulation/src/simulation.rs","line_number":360}
{"timestamp":"2026-01-25T06:26:48.486215Z","level":"INFO","message":"Packet A#5 delivered to C via A at tick 16 (latency: 0 ticks)","target":"indras_simulation::simulation","filename":"simulation/src/simulation.rs","line_number":360}
{"timestamp":"2026-01-25T06:26:48.486290Z","level":"INFO","message":"Packet B#4 delivered to C via B at tick 21 (latency: 0 ticks)","target":"indras_simulation::simulation","filename":"simulation/src/simulation.rs","line_number":360}
{"timestamp":"2026-01-25T06:26:48.486318Z","level":"INFO","message":"Packet B#5 delivered to A via B at tick 21 (latency: 0 ticks)","target":"indras_simulation::simulation","filename":"simulation/src/simulation.rs","line_number":360}
{"timestamp":"2026-01-25T06:26:48.486417Z","level":"INFO","message":"Packet C#4 delivered to B via C at tick 26 (latency: 0 ticks)","target":"indras_simulation::simulation","filename":"simulation/src/simulation.rs","line_number":360}
{"timestamp":"2026-01-25T06:26:48.486445Z","level":"INFO","message":"Packet C#5 delivered to A via C at tick 26 (latency: 0 ticks)","target":"indras_simulation::simulation","filename":"simulation/src/simulation.rs","line_number":360}
{"timestamp":"2026-01-25T06:26:48.486515Z","level":"INFO","message":"Phase 3 complete: Project plan collaboratively written","source":"lua","fields":"{\"document_version\":3,\"authors\":\"love, joy, peace\",\"trace_id\":\"ad23f60c-7473-4fe9-9a76-d58a6b7f7810\",\"sections\":3,\"tick\":30}","target":"indras_simulation::lua::bindings::logging","filename":"simulation/src/lua/bindings/logging.rs","line_number":93}
{"timestamp":"2026-01-25T06:26:48.486554Z","level":"INFO","message":"Phase 4: Quest updates - Progressing and completing quests","source":"lua","fields":"{\"trace_id\":\"ad23f60c-7473-4fe9-9a76-d58a6b7f7810\"}","target":"indras_simulation::lua::bindings::logging","filename":"simulation/src/lua/bindings/logging.rs","line_number":93}
{"timestamp":"2026-01-25T06:26:48.486660Z","level":"INFO","message":"Packet B#6 delivered to C via B at tick 31 (latency: 0 ticks)","target":"indras_simulation::simulation","filename":"simulation/src/simulation.rs","line_number":360}
{"timestamp":"2026-01-25T06:26:48.486687Z","level":"INFO","message":"Packet B#7 delivered to A via B at tick 31 (latency: 0 ticks)","target":"indras_simulation::simulation","filename":"simulation/src/simulation.rs","line_number":360}
{"timestamp":"2026-01-25T06:26:48.486715Z","level":"INFO","message":"Packet C#6 delivered to B via C at tick 31 (latency: 0 ticks)","target":"indras_simulation::simulation","filename":"simulation/src/simulation.rs","line_number":360}
{"timestamp":"2026-01-25T06:26:48.486740Z","level":"INFO","message":"Packet C#7 delivered to A via C at tick 31 (latency: 0 ticks)","target":"indras_simulation::simulation","filename":"simulation/src/simulation.rs","line_number":360}
{"timestamp":"2026-01-25T06:26:48.486765Z","level":"INFO","message":"Packet C#8 delivered to B via C at tick 31 (latency: 0 ticks)","target":"indras_simulation::simulation","filename":"simulation/src/simulation.rs","line_number":360}
{"timestamp":"2026-01-25T06:26:48.486792Z","level":"INFO","message":"Packet C#9 delivered to A via C at tick 31 (latency: 0 ticks)","target":"indras_simulation::simulation","filename":"simulation/src/simulation.rs","line_number":360}
{"timestamp":"2026-01-25T06:26:48.486920Z","level":"INFO","message":"Packet B#8 delivered to C via B at tick 36 (latency: 0 ticks)","target":"indras_simulation::simulation","filename":"simulation/src/simulation.rs","line_number":360}
{"timestamp":"2026-01-25T06:26:48.486948Z","level":"INFO","message":"Packet B#9 delivered to A via B at tick 36 (latency: 0 ticks)","target":"indras_simulation::simulation","filename":"simulation/src/simulation.rs","line_number":360}
{"timestamp":"2026-01-25T06:26:48.486976Z","level":"INFO","message":"Packet C#10 delivered to B via C at tick 36 (latency: 0 ticks)","target":"indras_simulation::simulation","filename":"simulation/src/simulation.rs","line_number":360}
{"timestamp":"2026-01-25T06:26:48.487000Z","level":"INFO","message":"Packet C#11 delivered to A via C at tick 36 (latency: 0 ticks)","target":"indras_simulation::simulation","filename":"simulation/src/simulation.rs","line_number":360}
{"timestamp":"2026-01-25T06:26:48.487064Z","level":"INFO","message":"Phase 4 complete: Quest statuses updated","source":"lua","fields":"{\"completed\":2,\"trace_id\":\"ad23f60c-7473-4fe9-9a76-d58a6b7f7810\",\"in_progress\":1,\"pending\":3,\"tick\":40}","target":"indras_simulation::lua::bindings::logging","filename":"simulation/src/lua/bindings/logging.rs","line_number":93}
{"timestamp":"2026-01-25T06:26:48.487103Z","level":"INFO","message":"Phase 5: Verification - Checking document convergence","source":"lua","fields":"{\"trace_id\":\"ad23f60c-7473-4fe9-9a76-d58a6b7f7810\"}","target":"indras_simulation::lua::bindings::logging","filename":"simulation/src/lua/bindings/logging.rs","line_number":93}
{"timestamp":"2026-01-25T06:26:48.487742Z","level":"INFO","message":"Phase 5 complete: Verification passed","source":"lua","fields":"{\"tick\":40,\"quests_verified\":6,\"delivery_rate\":1.0,\"sections_verified\":3,\"trace_id\":\"ad23f60c-7473-4fe9-9a76-d58a6b7f7810\",\"messages_delivered\":28,\"messages_sent\":28}","target":"indras_simulation::lua::bindings::logging","filename":"simulation/src/lua/bindings/logging.rs","line_number":93}
{"timestamp":"2026-01-25T06:26:48.487783Z","level":"INFO","message":"=== QUEST LOG SUMMARY ===","source":"lua","fields":"{\"trace_id\":\"ad23f60c-7473-4fe9-9a76-d58a6b7f7810\"}","target":"indras_simulation::lua::bindings::logging","filename":"simulation/src/lua/bindings/logging.rs","line_number":93}
{"timestamp":"2026-01-25T06:26:48.487829Z","level":"INFO","message":"Quest #1: Spread kindness in the community","source":"lua","fields":"{\"creator\":\"love\",\"trace_id\":\"ad23f60c-7473-4fe9-9a76-d58a6b7f7810\",\"assignee\":\"joy\",\"status\":\"completed\"}","target":"indras_simulation::lua::bindings::logging","filename":"simulation/src/lua/bindings/logging.rs","line_number":93}
{"timestamp":"2026-01-25T06:26:48.487878Z","level":"INFO","message":"Quest #2: Write a gratitude journal","source":"lua","fields":"{\"creator\":\"love\",\"status\":\"pending\",\"assignee\":\"love\",\"trace_id\":\"ad23f60c-7473-4fe9-9a76-d58a6b7f7810\"}","target":"indras_simulation::lua::bindings::logging","filename":"simulation/src/lua/bindings/logging.rs","line_number":93}
{"timestamp":"2026-01-25T06:26:48.487928Z","level":"INFO","message":"Quest #3: Organize a celebration event","source":"lua","fields":"{\"trace_id\":\"ad23f60c-7473-4fe9-9a76-d58a6b7f7810\",\"assignee\":\"peace\",\"creator\":\"joy\",\"status\":\"in_progress\"}","target":"indras_simulation::lua::bindings::logging","filename":"simulation/src/lua/bindings/logging.rs","line_number":93}
{"timestamp":"2026-01-25T06:26:48.487975Z","level":"INFO","message":"Quest #4: Create a playlist of uplifting songs","source":"lua","fields":"{\"status\":\"pending\",\"assignee\":\"love\",\"creator\":\"joy\",\"trace_id\":\"ad23f60c-7473-4fe9-9a76-d58a6b7f7810\"}","target":"indras_simulation::lua::bindings::logging","filename":"simulation/src/lua/bindings/logging.rs","line_number":93}
{"timestamp":"2026-01-25T06:26:48.488025Z","level":"INFO","message":"Quest #5: Meditate for inner calm","source":"lua","fields":"{\"assignee\":\"peace\",\"trace_id\":\"ad23f60c-7473-4fe9-9a76-d58a6b7f7810\",\"status\":\"completed\",\"creator\":\"peace\"}","target":"indras_simulation::lua::bindings::logging","filename":"simulation/src/lua/bindings/logging.rs","line_number":93}
{"timestamp":"2026-01-25T06:26:48.488077Z","level":"INFO","message":"Quest #6: Resolve a conflict with compassion","source":"lua","fields":"{\"status\":\"pending\",\"trace_id\":\"ad23f60c-7473-4fe9-9a76-d58a6b7f7810\",\"assignee\":\"joy\",\"creator\":\"peace\"}","target":"indras_simulation::lua::bindings::logging","filename":"simulation/src/lua/bindings/logging.rs","line_number":93}
{"timestamp":"2026-01-25T06:26:48.488121Z","level":"INFO","message":"=== PROJECT PLAN SUMMARY ===","source":"lua","fields":"{\"version\":3,\"title\":\"Harmony Initiative\",\"trace_id\":\"ad23f60c-7473-4fe9-9a76-d58a6b7f7810\"}","target":"indras_simulation::lua::bindings::logging","filename":"simulation/src/lua/bindings/logging.rs","line_number":93}
{"timestamp":"2026-01-25T06:26:48.488165Z","level":"INFO","message":"Section by love","source":"lua","fields":"{\"preview\":\"Our mission is to create a world where compassion ...\",\"trace_id\":\"ad23f60c-7473-4fe9-9a76-d58a6b7f7810\"}","target":"indras_simulation::lua::bindings::logging","filename":"simulation/src/lua/bindings/logging.rs","line_number":93}
{"timestamp":"2026-01-25T06:26:48.488205Z","level":"INFO","message":"Section by joy","source":"lua","fields":"{\"trace_id\":\"ad23f60c-7473-4fe9-9a76-d58a6b7f7810\",\"preview\":\"Celebration is our tool for transformation. When w...\"}","target":"indras_simulation::lua::bindings::logging","filename":"simulation/src/lua/bindings/logging.rs","line_number":93}
{"timestamp":"2026-01-25T06:26:48.488246Z","level":"INFO","message":"Section by peace","source":"lua","fields":"{\"preview\":\"Inner calm creates outer harmony. Through mindfuln...\",\"trace_id\":\"ad23f60c-7473-4fe9-9a76-d58a6b7f7810\"}","target":"indras_simulation::lua::bindings::logging","filename":"simulation/src/lua/bindings/logging.rs","line_number":93}
{"timestamp":"2026-01-25T06:26:48.488319Z","level":"INFO","message":"Collaboration Trio scenario completed successfully","source":"lua","fields":"{\"messages_sent\":28,\"project_sections\":3,\"realm\":\"harmony\",\"total_quests\":6,\"peers\":\"love, joy, peace\",\"completed_quests\":2,\"delivery_rate\":1.0,\"trace_id\":\"ad23f60c-7473-4fe9-9a76-d58a6b7f7810\",\"messages_delivered\":28,\"total_ticks\":40}","target":"indras_simulation::lua::bindings::logging","filename":"simulation/src/lua/bindings/logging.rs","line_number":93}
{"timestamp":"2026-01-25T06:26:48.488370Z","level":"INFO","message":"Script completed successfully","target":"lua_runner","filename":"simulation/src/bin/lua_runner.rs","line_number":108}
