{"timestamp":"2026-01-24T06:21:41.711082Z","level":"INFO","message":"Running Lua script: /Users/truman/Code/IndrasNetwork/simulation/scripts/scenarios/dtn_custody_stress.lua","target":"lua_runner","filename":"simulation/src/bin/lua_runner.rs","line_number":94}
{"timestamp":"2026-01-24T06:21:41.712430Z","level":"INFO","message":"Starting DTN custody transfer stress test","source":"lua","fields":"{\"trace_id\":\"dddd06ab-39c5-4f30-85ea-296608c306e6\",\"ticks\":250,\"rejection_prob\":0.15,\"custody_capacity\":5,\"offline_rate\":0.7,\"custody_timeout\":30,\"conflict_prob\":0.05,\"level\":\"quick\",\"bundles\":60,\"peers\":12,\"failure_prob\":0.1,\"bundle_ttl\":120}","target":"indras_simulation::lua::bindings::logging","filename":"simulation/src/lua/bindings/logging.rs","line_number":93}
{"timestamp":"2026-01-24T06:21:41.713295Z","level":"INFO","message":"Simulation initialized at tick 0","target":"indras_simulation::simulation","filename":"simulation/src/simulation.rs","line_number":180}
{"timestamp":"2026-01-24T06:21:41.713463Z","level":"INFO","message":"Phase 1: Building custody chains","source":"lua","fields":"{\"phase_ticks\":87,\"trace_id\":\"dddd06ab-39c5-4f30-85ea-296608c306e6\"}","target":"indras_simulation::lua::bindings::logging","filename":"simulation/src/lua/bindings/logging.rs","line_number":93}
{"timestamp":"2026-01-24T06:21:41.713832Z","level":"INFO","message":"Packet D#0 delivered to L via D at tick 4 (latency: 0 ticks)","target":"indras_simulation::simulation","filename":"simulation/src/simulation.rs","line_number":360}
{"timestamp":"2026-01-24T06:21:41.713987Z","level":"INFO","message":"Packet L#0 delivered to D via L at tick 5 (latency: 0 ticks)","target":"indras_simulation::simulation","filename":"simulation/src/simulation.rs","line_number":360}
{"timestamp":"2026-01-24T06:21:41.715486Z","level":"INFO","message":"Packet B#0 delivered to I via B at tick 17 (latency: 0 ticks)","target":"indras_simulation::simulation","filename":"simulation/src/simulation.rs","line_number":360}
{"timestamp":"2026-01-24T06:21:41.715513Z","level":"INFO","message":"Packet B#1 delivered to I via B at tick 17 (latency: 0 ticks)","target":"indras_simulation::simulation","filename":"simulation/src/simulation.rs","line_number":360}
{"timestamp":"2026-01-24T06:21:41.715533Z","level":"INFO","message":"Packet B#2 delivered to I via B at tick 17 (latency: 0 ticks)","target":"indras_simulation::simulation","filename":"simulation/src/simulation.rs","line_number":360}
{"timestamp":"2026-01-24T06:21:41.715552Z","level":"INFO","message":"Packet B#3 delivered to I via B at tick 17 (latency: 0 ticks)","target":"indras_simulation::simulation","filename":"simulation/src/simulation.rs","line_number":360}
{"timestamp":"2026-01-24T06:21:41.715573Z","level":"INFO","message":"Packet B#4 delivered to I via B at tick 17 (latency: 0 ticks)","target":"indras_simulation::simulation","filename":"simulation/src/simulation.rs","line_number":360}
{"timestamp":"2026-01-24T06:21:41.715878Z","level":"INFO","message":"Custody bundle delivered","source":"lua","fields":"{\"source\":\"B\",\"chain_length\":2,\"chain_valid\":true,\"rejections\":1,\"timeouts\":0,\"trace_id\":\"dddd06ab-39c5-4f30-85ea-296608c306e6\",\"conflicts\":0,\"bundle_id\":\"custody-bundle-10\",\"acceptances\":2,\"destination\":\"I\",\"latency_ticks\":7}","target":"indras_simulation::lua::bindings::logging","filename":"simulation/src/lua/bindings/logging.rs","line_number":93}
{"timestamp":"2026-01-24T06:21:41.715973Z","level":"INFO","message":"Packet D#1 delivered to A via D at tick 18 (latency: 6 ticks)","target":"indras_simulation::simulation","filename":"simulation/src/simulation.rs","line_number":360}
{"timestamp":"2026-01-24T06:21:41.716005Z","level":"INFO","message":"Packet I#0 delivered to E via I at tick 18 (latency: 0 ticks)","target":"indras_simulation::simulation","filename":"simulation/src/simulation.rs","line_number":360}
{"timestamp":"2026-01-24T06:21:41.716030Z","level":"INFO","message":"Packet I#1 delivered to E via I at tick 18 (latency: 0 ticks)","target":"indras_simulation::simulation","filename":"simulation/src/simulation.rs","line_number":360}
{"timestamp":"2026-01-24T06:21:41.716053Z","level":"INFO","message":"Packet I#2 delivered to E via I at tick 18 (latency: 0 ticks)","target":"indras_simulation::simulation","filename":"simulation/src/simulation.rs","line_number":360}
{"timestamp":"2026-01-24T06:21:41.716077Z","level":"INFO","message":"Packet I#3 delivered to E via I at tick 18 (latency: 0 ticks)","target":"indras_simulation::simulation","filename":"simulation/src/simulation.rs","line_number":360}
{"timestamp":"2026-01-24T06:21:41.716312Z","level":"INFO","message":"Custody bundle delivered","source":"lua","fields":"{\"trace_id\":\"dddd06ab-39c5-4f30-85ea-296608c306e6\",\"latency_ticks\":1,\"destination\":\"I\",\"bundle_id\":\"custody-bundle-16\",\"rejections\":1,\"chain_valid\":true,\"source\":\"E\",\"chain_length\":2,\"conflicts\":0,\"timeouts\":0,\"acceptances\":2}","target":"indras_simulation::lua::bindings::logging","filename":"simulation/src/lua/bindings/logging.rs","line_number":93}
{"timestamp":"2026-01-24T06:21:41.716414Z","level":"INFO","message":"Packet E#0 delivered to I via E at tick 19 (latency: 0 ticks)","target":"indras_simulation::simulation","filename":"simulation/src/simulation.rs","line_number":360}
{"timestamp":"2026-01-24T06:21:41.716439Z","level":"INFO","message":"Packet I#4 delivered to E via I at tick 19 (latency: 0 ticks)","target":"indras_simulation::simulation","filename":"simulation/src/simulation.rs","line_number":360}
{"timestamp":"2026-01-24T06:21:41.716948Z","level":"INFO","message":"Packet I#5 delivered to E via I at tick 21 (latency: 0 ticks)","target":"indras_simulation::simulation","filename":"simulation/src/simulation.rs","line_number":360}
{"timestamp":"2026-01-24T06:21:41.717134Z","level":"INFO","message":"Packet I#6 delivered to E via I at tick 22 (latency: 0 ticks)","target":"indras_simulation::simulation","filename":"simulation/src/simulation.rs","line_number":360}
{"timestamp":"2026-01-24T06:21:41.717275Z","level":"INFO","message":"Custody bundle delivered","source":"lua","fields":"{\"trace_id\":\"dddd06ab-39c5-4f30-85ea-296608c306e6\",\"timeouts\":0,\"chain_length\":2,\"chain_valid\":true,\"conflicts\":0,\"latency_ticks\":1,\"rejections\":1,\"bundle_id\":\"custody-bundle-20\",\"source\":\"I\",\"destination\":\"E\",\"acceptances\":2}","target":"indras_simulation::lua::bindings::logging","filename":"simulation/src/lua/bindings/logging.rs","line_number":93}
{"timestamp":"2026-01-24T06:21:41.717380Z","level":"INFO","message":"Packet L#1 delivered to D via L at tick 23 (latency: 0 ticks)","target":"indras_simulation::simulation","filename":"simulation/src/simulation.rs","line_number":360}
{"timestamp":"2026-01-24T06:21:41.717403Z","level":"INFO","message":"Packet I#7 delivered to E via I at tick 23 (latency: 0 ticks)","target":"indras_simulation::simulation","filename":"simulation/src/simulation.rs","line_number":360}
{"timestamp":"2026-01-24T06:21:41.717681Z","level":"INFO","message":"Packet E#1 delivered to K via E at tick 24 (latency: 3 ticks)","target":"indras_simulation::simulation","filename":"simulation/src/simulation.rs","line_number":360}
{"timestamp":"2026-01-24T06:21:41.717702Z","level":"INFO","message":"Packet E#2 delivered to K via E at tick 24 (latency: 3 ticks)","target":"indras_simulation::simulation","filename":"simulation/src/simulation.rs","line_number":360}
{"timestamp":"2026-01-24T06:21:41.717723Z","level":"INFO","message":"Packet E#3 delivered to K via E at tick 24 (latency: 3 ticks)","target":"indras_simulation::simulation","filename":"simulation/src/simulation.rs","line_number":360}
{"timestamp":"2026-01-24T06:21:41.717743Z","level":"INFO","message":"Packet E#4 delivered to K via E at tick 24 (latency: 3 ticks)","target":"indras_simulation::simulation","filename":"simulation/src/simulation.rs","line_number":360}
{"timestamp":"2026-01-24T06:21:41.717767Z","level":"INFO","message":"Packet E#5 delivered to F via E at tick 24 (latency: 0 ticks)","target":"indras_simulation::simulation","filename":"simulation/src/simulation.rs","line_number":360}
{"timestamp":"2026-01-24T06:21:41.717789Z","level":"INFO","message":"Packet F#0 delivered to E via F at tick 24 (latency: 0 ticks)","target":"indras_simulation::simulation","filename":"simulation/src/simulation.rs","line_number":360}
{"timestamp":"2026-01-24T06:21:41.717810Z","level":"INFO","message":"Packet F#1 delivered to E via F at tick 24 (latency: 0 ticks)","target":"indras_simulation::simulation","filename":"simulation/src/simulation.rs","line_number":360}
{"timestamp":"2026-01-24T06:21:41.717832Z","level":"INFO","message":"Packet E#7 delivered to F via E at tick 24 (latency: 0 ticks)","target":"indras_simulation::simulation","filename":"simulation/src/simulation.rs","line_number":360}
{"timestamp":"2026-01-24T06:21:41.718072Z","level":"INFO","message":"Custody bundle delivered","source":"lua","fields":"{\"conflicts\":0,\"source\":\"B\",\"latency_ticks\":8,\"timeouts\":0,\"bundle_id\":\"custody-bundle-15\",\"chain_length\":4,\"acceptances\":4,\"rejections\":2,\"destination\":\"F\",\"chain_valid\":true,\"trace_id\":\"dddd06ab-39c5-4f30-85ea-296608c306e6\"}","target":"indras_simulation::lua::bindings::logging","filename":"simulation/src/lua/bindings/logging.rs","line_number":93}
{"timestamp":"2026-01-24T06:21:41.718149Z","level":"INFO","message":"Packet E#8 delivered to F via E at tick 25 (latency: 0 ticks)","target":"indras_simulation::simulation","filename":"simulation/src/simulation.rs","line_number":360}
{"timestamp":"2026-01-24T06:21:41.718172Z","level":"INFO","message":"Packet E#9 delivered to K via E at tick 25 (latency: 0 ticks)","target":"indras_simulation::simulation","filename":"simulation/src/simulation.rs","line_number":360}
{"timestamp":"2026-01-24T06:21:41.718192Z","level":"INFO","message":"Packet E#10 delivered to F via E at tick 25 (latency: 0 ticks)","target":"indras_simulation::simulation","filename":"simulation/src/simulation.rs","line_number":360}
{"timestamp":"2026-01-24T06:21:41.718417Z","level":"INFO","message":"Packet K#0 delivered to G via K at tick 26 (latency: 6 ticks)","target":"indras_simulation::simulation","filename":"simulation/src/simulation.rs","line_number":360}
{"timestamp":"2026-01-24T06:21:41.718442Z","level":"INFO","message":"Packet F#2 delivered to E via F at tick 26 (latency: 0 ticks)","target":"indras_simulation::simulation","filename":"simulation/src/simulation.rs","line_number":360}
{"timestamp":"2026-01-24T06:21:41.718805Z","level":"INFO","message":"Packet K#1 delivered to G via K at tick 27 (latency: 0 ticks)","target":"indras_simulation::simulation","filename":"simulation/src/simulation.rs","line_number":360}
{"timestamp":"2026-01-24T06:21:41.718828Z","level":"INFO","message":"Packet E#11 delivered to K via E at tick 27 (latency: 0 ticks)","target":"indras_simulation::simulation","filename":"simulation/src/simulation.rs","line_number":360}
{"timestamp":"2026-01-24T06:21:41.718851Z","level":"INFO","message":"Packet E#12 delivered to G via E at tick 27 (latency: 0 ticks)","target":"indras_simulation::simulation","filename":"simulation/src/simulation.rs","line_number":360}
{"timestamp":"2026-01-24T06:21:41.718873Z","level":"INFO","message":"Packet K#2 delivered to G via K at tick 27 (latency: 0 ticks)","target":"indras_simulation::simulation","filename":"simulation/src/simulation.rs","line_number":360}
{"timestamp":"2026-01-24T06:21:41.718896Z","level":"INFO","message":"Packet G#0 delivered to J via G at tick 27 (latency: 0 ticks)","target":"indras_simulation::simulation","filename":"simulation/src/simulation.rs","line_number":360}
{"timestamp":"2026-01-24T06:21:41.718918Z","level":"INFO","message":"Packet K#3 delivered to G via K at tick 27 (latency: 0 ticks)","target":"indras_simulation::simulation","filename":"simulation/src/simulation.rs","line_number":360}
{"timestamp":"2026-01-24T06:21:41.718939Z","level":"INFO","message":"Packet G#1 delivered to K via G at tick 27 (latency: 0 ticks)","target":"indras_simulation::simulation","filename":"simulation/src/simulation.rs","line_number":360}
{"timestamp":"2026-01-24T06:21:41.718961Z","level":"INFO","message":"Packet K#4 delivered to G via K at tick 27 (latency: 0 ticks)","target":"indras_simulation::simulation","filename":"simulation/src/simulation.rs","line_number":360}
{"timestamp":"2026-01-24T06:21:41.719295Z","level":"INFO","message":"Custody bundle delivered","source":"lua","fields":"{\"rejections\":0,\"chain_length\":4,\"timeouts\":0,\"destination\":\"C\",\"latency_ticks\":18,\"conflicts\":0,\"acceptances\":4,\"source\":\"K\",\"trace_id\":\"dddd06ab-39c5-4f30-85ea-296608c306e6\",\"bundle_id\":\"custody-bundle-9\",\"chain_valid\":true}","target":"indras_simulation::lua::bindings::logging","filename":"simulation/src/lua/bindings/logging.rs","line_number":93}
{"timestamp":"2026-01-24T06:21:41.719534Z","level":"INFO","message":"Packet G#2 delivered to J via G at tick 28 (latency: 0 ticks)","target":"indras_simulation::simulation","filename":"simulation/src/simulation.rs","line_number":360}
{"timestamp":"2026-01-24T06:21:41.719556Z","level":"INFO","message":"Packet K#5 delivered to G via K at tick 28 (latency: 0 ticks)","target":"indras_simulation::simulation","filename":"simulation/src/simulation.rs","line_number":360}
{"timestamp":"2026-01-24T06:21:41.719577Z","level":"INFO","message":"Packet C#0 delivered to J via C at tick 28 (latency: 0 ticks)","target":"indras_simulation::simulation","filename":"simulation/src/simulation.rs","line_number":360}
{"timestamp":"2026-01-24T06:21:41.719599Z","level":"INFO","message":"Packet G#3 delivered to K via G at tick 28 (latency: 0 ticks)","target":"indras_simulation::simulation","filename":"simulation/src/simulation.rs","line_number":360}
{"timestamp":"2026-01-24T06:21:41.719620Z","level":"INFO","message":"Packet G#4 delivered to J via G at tick 28 (latency: 0 ticks)","target":"indras_simulation::simulation","filename":"simulation/src/simulation.rs","line_number":360}
{"timestamp":"2026-01-24T06:21:41.719641Z","level":"INFO","message":"Packet C#1 delivered to J via C at tick 28 (latency: 0 ticks)","target":"indras_simulation::simulation","filename":"simulation/src/simulation.rs","line_number":360}
{"timestamp":"2026-01-24T06:21:41.719663Z","level":"INFO","message":"Packet K#6 delivered to G via K at tick 28 (latency: 0 ticks)","target":"indras_simulation::simulation","filename":"simulation/src/simulation.rs","line_number":360}
{"timestamp":"2026-01-24T06:21:41.719684Z","level":"INFO","message":"Packet J#0 delivered to C via J at tick 28 (latency: 0 ticks)","target":"indras_simulation::simulation","filename":"simulation/src/simulation.rs","line_number":360}
{"timestamp":"2026-01-24T06:21:41.719705Z","level":"INFO","message":"Packet G#5 delivered to J via G at tick 28 (latency: 0 ticks)","target":"indras_simulation::simulation","filename":"simulation/src/simulation.rs","line_number":360}
{"timestamp":"2026-01-24T06:21:41.719727Z","level":"INFO","message":"Packet K#7 delivered to E via K at tick 28 (latency: 0 ticks)","target":"indras_simulation::simulation","filename":"simulation/src/simulation.rs","line_number":360}
{"timestamp":"2026-01-24T06:21:41.719877Z","level":"INFO","message":"Custody bundle delivered","source":"lua","fields":"{\"rejections\":0,\"destination\":\"G\",\"chain_valid\":true,\"trace_id\":\"dddd06ab-39c5-4f30-85ea-296608c306e6\",\"latency_ticks\":23,\"bundle_id\":\"custody-bundle-5\",\"source\":\"C\",\"chain_length\":3,\"conflicts\":0,\"timeouts\":0,\"acceptances\":3}","target":"indras_simulation::lua::bindings::logging","filename":"simulation/src/lua/bindings/logging.rs","line_number":93}
{"timestamp":"2026-01-24T06:21:41.720111Z","level":"INFO","message":"Packet J#1 delivered to C via J at tick 29 (latency: 0 ticks)","target":"indras_simulation::simulation","filename":"simulation/src/simulation.rs","line_number":360}
{"timestamp":"2026-01-24T06:21:41.720135Z","level":"INFO","message":"Packet J#3 delivered to C via J at tick 29 (latency: 0 ticks)","target":"indras_simulation::simulation","filename":"simulation/src/simulation.rs","line_number":360}
{"timestamp":"2026-01-24T06:21:41.720154Z","level":"INFO","message":"Packet J#5 delivered to C via J at tick 29 (latency: 0 ticks)","target":"indras_simulation::simulation","filename":"simulation/src/simulation.rs","line_number":360}
{"timestamp":"2026-01-24T06:21:41.720316Z","level":"INFO","message":"Packet B#5 delivered to I via B at tick 30 (latency: 2 ticks)","target":"indras_simulation::simulation","filename":"simulation/src/simulation.rs","line_number":360}
{"timestamp":"2026-01-24T06:21:41.720335Z","level":"INFO","message":"Packet B#6 delivered to I via B at tick 30 (latency: 2 ticks)","target":"indras_simulation::simulation","filename":"simulation/src/simulation.rs","line_number":360}
{"timestamp":"2026-01-24T06:21:41.720354Z","level":"INFO","message":"Packet E#6 delivered to I via E at tick 30 (latency: 6 ticks)","target":"indras_simulation::simulation","filename":"simulation/src/simulation.rs","line_number":360}
{"timestamp":"2026-01-24T06:21:41.720842Z","level":"WARN","message":"Custody timeout","source":"lua","fields":"{\"bundle_id\":\"custody-bundle-1\",\"held_for\":34,\"node\":\"L\",\"tick\":34,\"trace_id\":\"dddd06ab-39c5-4f30-85ea-296608c306e6\"}","target":"indras_simulation::lua::bindings::logging","filename":"simulation/src/lua/bindings/logging.rs","line_number":100}
{"timestamp":"2026-01-24T06:21:41.721135Z","level":"INFO","message":"Packet J#6 delivered to C via J at tick 36 (latency: 6 ticks)","target":"indras_simulation::simulation","filename":"simulation/src/simulation.rs","line_number":360}
{"timestamp":"2026-01-24T06:21:41.721155Z","level":"INFO","message":"Packet J#7 delivered to C via J at tick 36 (latency: 6 ticks)","target":"indras_simulation::simulation","filename":"simulation/src/simulation.rs","line_number":360}
{"timestamp":"2026-01-24T06:21:41.721793Z","level":"WARN","message":"Message from G to J dropped: sender offline after 10 retries","target":"indras_simulation::simulation","filename":"simulation/src/simulation.rs","line_number":454}
{"timestamp":"2026-01-24T06:21:41.721811Z","level":"WARN","message":"Message from G to J dropped: sender offline after 10 retries","target":"indras_simulation::simulation","filename":"simulation/src/simulation.rs","line_number":454}
{"timestamp":"2026-01-24T06:21:41.722076Z","level":"INFO","message":"Packet E#13 delivered to K via E at tick 40 (latency: 0 ticks)","target":"indras_simulation::simulation","filename":"simulation/src/simulation.rs","line_number":360}
{"timestamp":"2026-01-24T06:21:41.722681Z","level":"INFO","message":"Custody bundle delivered","source":"lua","fields":"{\"timeouts\":0,\"source\":\"E\",\"acceptances\":2,\"bundle_id\":\"custody-bundle-35\",\"chain_valid\":true,\"rejections\":0,\"latency_ticks\":0,\"conflicts\":0,\"destination\":\"K\",\"trace_id\":\"dddd06ab-39c5-4f30-85ea-296608c306e6\",\"chain_length\":2}","target":"indras_simulation::lua::bindings::logging","filename":"simulation/src/lua/bindings/logging.rs","line_number":93}
{"timestamp":"2026-01-24T06:21:41.722778Z","level":"WARN","message":"Custody timeout","source":"lua","fields":"{\"trace_id\":\"dddd06ab-39c5-4f30-85ea-296608c306e6\",\"tick\":42,\"held_for\":42,\"bundle_id\":\"custody-bundle-4\",\"node\":\"A\"}","target":"indras_simulation::lua::bindings::logging","filename":"simulation/src/lua/bindings/logging.rs","line_number":100}
{"timestamp":"2026-01-24T06:21:41.722849Z","level":"INFO","message":"Packet E#14 delivered to F via E at tick 42 (latency: 1 ticks)","target":"indras_simulation::simulation","filename":"simulation/src/simulation.rs","line_number":360}
{"timestamp":"2026-01-24T06:21:41.722929Z","level":"INFO","message":"Packet J#2 delivered to G via J at tick 42 (latency: 13 ticks)","target":"indras_simulation::simulation","filename":"simulation/src/simulation.rs","line_number":360}
{"timestamp":"2026-01-24T06:21:41.722948Z","level":"INFO","message":"Packet J#4 delivered to G via J at tick 42 (latency: 13 ticks)","target":"indras_simulation::simulation","filename":"simulation/src/simulation.rs","line_number":360}
{"timestamp":"2026-01-24T06:21:41.723020Z","level":"INFO","message":"Packet E#15 delivered to K via E at tick 42 (latency: 0 ticks)","target":"indras_simulation::simulation","filename":"simulation/src/simulation.rs","line_number":360}
{"timestamp":"2026-01-24T06:21:41.723482Z","level":"INFO","message":"Custody bundle delivered","source":"lua","fields":"{\"chain_valid\":true,\"latency_ticks\":7,\"trace_id\":\"dddd06ab-39c5-4f30-85ea-296608c306e6\",\"conflicts\":0,\"timeouts\":0,\"chain_length\":2,\"rejections\":0,\"destination\":\"G\",\"bundle_id\":\"custody-bundle-30\",\"source\":\"I\",\"acceptances\":2}","target":"indras_simulation::lua::bindings::logging","filename":"simulation/src/lua/bindings/logging.rs","line_number":93}
{"timestamp":"2026-01-24T06:21:41.723720Z","level":"INFO","message":"Packet J#8 delivered to G via J at tick 43 (latency: 0 ticks)","target":"indras_simulation::simulation","filename":"simulation/src/simulation.rs","line_number":360}
{"timestamp":"2026-01-24T06:21:41.723757Z","level":"INFO","message":"Packet K#8 delivered to G via K at tick 43 (latency: 0 ticks)","target":"indras_simulation::simulation","filename":"simulation/src/simulation.rs","line_number":360}
{"timestamp":"2026-01-24T06:21:41.723781Z","level":"INFO","message":"Packet J#9 delivered to G via J at tick 43 (latency: 0 ticks)","target":"indras_simulation::simulation","filename":"simulation/src/simulation.rs","line_number":360}
{"timestamp":"2026-01-24T06:21:41.723801Z","level":"INFO","message":"Packet H#0 delivered to G via H at tick 43 (latency: 0 ticks)","target":"indras_simulation::simulation","filename":"simulation/src/simulation.rs","line_number":360}
{"timestamp":"2026-01-24T06:21:41.723880Z","level":"INFO","message":"Packet G#7 delivered to J via G at tick 43 (latency: 0 ticks)","target":"indras_simulation::simulation","filename":"simulation/src/simulation.rs","line_number":360}
{"timestamp":"2026-01-24T06:21:41.724219Z","level":"INFO","message":"Custody bundle delivered","source":"lua","fields":"{\"chain_valid\":true,\"conflicts\":0,\"latency_ticks\":7,\"acceptances\":3,\"source\":\"J\",\"rejections\":7,\"chain_length\":3,\"trace_id\":\"dddd06ab-39c5-4f30-85ea-296608c306e6\",\"bundle_id\":\"custody-bundle-31\",\"timeouts\":0,\"destination\":\"H\"}","target":"indras_simulation::lua::bindings::logging","filename":"simulation/src/lua/bindings/logging.rs","line_number":93}
{"timestamp":"2026-01-24T06:21:41.724528Z","level":"INFO","message":"Packet G#8 delivered to H via G at tick 44 (latency: 0 ticks)","target":"indras_simulation::simulation","filename":"simulation/src/simulation.rs","line_number":360}
{"timestamp":"2026-01-24T06:21:41.724552Z","level":"INFO","message":"Packet G#9 delivered to J via G at tick 44 (latency: 0 ticks)","target":"indras_simulation::simulation","filename":"simulation/src/simulation.rs","line_number":360}
{"timestamp":"2026-01-24T06:21:41.724571Z","level":"INFO","message":"Packet G#10 delivered to H via G at tick 44 (latency: 0 ticks)","target":"indras_simulation::simulation","filename":"simulation/src/simulation.rs","line_number":360}
{"timestamp":"2026-01-24T06:21:41.724596Z","level":"INFO","message":"Packet G#11 delivered to J via G at tick 44 (latency: 0 ticks)","target":"indras_simulation::simulation","filename":"simulation/src/simulation.rs","line_number":360}
{"timestamp":"2026-01-24T06:21:41.724618Z","level":"INFO","message":"Packet C#2 delivered to J via C at tick 44 (latency: 0 ticks)","target":"indras_simulation::simulation","filename":"simulation/src/simulation.rs","line_number":360}
{"timestamp":"2026-01-24T06:21:41.724638Z","level":"INFO","message":"Packet G#12 delivered to K via G at tick 44 (latency: 0 ticks)","target":"indras_simulation::simulation","filename":"simulation/src/simulation.rs","line_number":360}
{"timestamp":"2026-01-24T06:21:41.724989Z","level":"INFO","message":"Custody bundle delivered","source":"lua","fields":"{\"rejections\":0,\"bundle_id\":\"custody-bundle-26\",\"trace_id\":\"dddd06ab-39c5-4f30-85ea-296608c306e6\",\"source\":\"I\",\"timeouts\":0,\"conflicts\":0,\"destination\":\"E\",\"chain_valid\":true,\"acceptances\":4,\"latency_ticks\":13,\"chain_length\":4}","target":"indras_simulation::lua::bindings::logging","filename":"simulation/src/lua/bindings/logging.rs","line_number":93}
{"timestamp":"2026-01-24T06:21:41.725066Z","level":"INFO","message":"Packet J#10 delivered to G via J at tick 45 (latency: 0 ticks)","target":"indras_simulation::simulation","filename":"simulation/src/simulation.rs","line_number":360}
{"timestamp":"2026-01-24T06:21:41.725089Z","level":"INFO","message":"Packet K#9 delivered to E via K at tick 45 (latency: 0 ticks)","target":"indras_simulation::simulation","filename":"simulation/src/simulation.rs","line_number":360}
{"timestamp":"2026-01-24T06:21:41.725340Z","level":"INFO","message":"Packet J#11 delivered to G via J at tick 46 (latency: 0 ticks)","target":"indras_simulation::simulation","filename":"simulation/src/simulation.rs","line_number":360}
{"timestamp":"2026-01-24T06:21:41.725361Z","level":"INFO","message":"Packet G#13 delivered to H via G at tick 46 (latency: 0 ticks)","target":"indras_simulation::simulation","filename":"simulation/src/simulation.rs","line_number":360}
{"timestamp":"2026-01-24T06:21:41.725621Z","level":"INFO","message":"Packet F#3 delivered to E via F at tick 47 (latency: 0 ticks)","target":"indras_simulation::simulation","filename":"simulation/src/simulation.rs","line_number":360}
{"timestamp":"2026-01-24T06:21:41.725643Z","level":"INFO","message":"Packet G#14 delivered to K via G at tick 47 (latency: 0 ticks)","target":"indras_simulation::simulation","filename":"simulation/src/simulation.rs","line_number":360}
{"timestamp":"2026-01-24T06:21:41.725916Z","level":"INFO","message":"Custody bundle delivered","source":"lua","fields":"{\"chain_length\":2,\"latency_ticks\":0,\"trace_id\":\"dddd06ab-39c5-4f30-85ea-296608c306e6\",\"chain_valid\":true,\"rejections\":0,\"source\":\"K\",\"bundle_id\":\"custody-bundle-41\",\"timeouts\":0,\"destination\":\"G\",\"acceptances\":2,\"conflicts\":0}","target":"indras_simulation::lua::bindings::logging","filename":"simulation/src/lua/bindings/logging.rs","line_number":93}
{"timestamp":"2026-01-24T06:21:41.725971Z","level":"INFO","message":"Packet E#16 delivered to K via E at tick 48 (latency: 0 ticks)","target":"indras_simulation::simulation","filename":"simulation/src/simulation.rs","line_number":360}
{"timestamp":"2026-01-24T06:21:41.725993Z","level":"INFO","message":"Packet K#10 delivered to E via K at tick 48 (latency: 0 ticks)","target":"indras_simulation::simulation","filename":"simulation/src/simulation.rs","line_number":360}
{"timestamp":"2026-01-24T06:21:41.726017Z","level":"INFO","message":"Packet K#11 delivered to G via K at tick 48 (latency: 0 ticks)","target":"indras_simulation::simulation","filename":"simulation/src/simulation.rs","line_number":360}
{"timestamp":"2026-01-24T06:21:41.726161Z","level":"INFO","message":"Custody bundle delivered","source":"lua","fields":"{\"latency_ticks\":2,\"chain_valid\":true,\"trace_id\":\"dddd06ab-39c5-4f30-85ea-296608c306e6\",\"rejections\":0,\"timeouts\":0,\"source\":\"F\",\"conflicts\":0,\"acceptances\":4,\"bundle_id\":\"custody-bundle-40\",\"chain_length\":4,\"destination\":\"G\"}","target":"indras_simulation::lua::bindings::logging","filename":"simulation/src/lua/bindings/logging.rs","line_number":93}
{"timestamp":"2026-01-24T06:21:41.726445Z","level":"INFO","message":"Packet L#2 delivered to D via L at tick 49 (latency: 0 ticks)","target":"indras_simulation::simulation","filename":"simulation/src/simulation.rs","line_number":360}
{"timestamp":"2026-01-24T06:21:41.726468Z","level":"INFO","message":"Packet K#12 delivered to G via K at tick 49 (latency: 0 ticks)","target":"indras_simulation::simulation","filename":"simulation/src/simulation.rs","line_number":360}
{"timestamp":"2026-01-24T06:21:41.726488Z","level":"INFO","message":"Packet L#3 delivered to D via L at tick 49 (latency: 0 ticks)","target":"indras_simulation::simulation","filename":"simulation/src/simulation.rs","line_number":360}
{"timestamp":"2026-01-24T06:21:41.726509Z","level":"INFO","message":"Packet L#4 delivered to D via L at tick 49 (latency: 0 ticks)","target":"indras_simulation::simulation","filename":"simulation/src/simulation.rs","line_number":360}
{"timestamp":"2026-01-24T06:21:41.726530Z","level":"INFO","message":"Packet D#2 delivered to L via D at tick 49 (latency: 0 ticks)","target":"indras_simulation::simulation","filename":"simulation/src/simulation.rs","line_number":360}
{"timestamp":"2026-01-24T06:21:41.726547Z","level":"INFO","message":"Packet L#5 delivered to D via L at tick 49 (latency: 0 ticks)","target":"indras_simulation::simulation","filename":"simulation/src/simulation.rs","line_number":360}
{"timestamp":"2026-01-24T06:21:41.726791Z","level":"WARN","message":"Custody timeout","source":"lua","fields":"{\"trace_id\":\"dddd06ab-39c5-4f30-85ea-296608c306e6\",\"node\":\"A\",\"tick\":50,\"bundle_id\":\"custody-bundle-18\",\"held_for\":50}","target":"indras_simulation::lua::bindings::logging","filename":"simulation/src/lua/bindings/logging.rs","line_number":100}
{"timestamp":"2026-01-24T06:21:41.726846Z","level":"INFO","message":"Packet G#6 delivered to I via G at tick 50 (latency: 7 ticks)","target":"indras_simulation::simulation","filename":"simulation/src/simulation.rs","line_number":360}
{"timestamp":"2026-01-24T06:21:41.726872Z","level":"INFO","message":"Packet I#8 delivered to G via I at tick 50 (latency: 0 ticks)","target":"indras_simulation::simulation","filename":"simulation/src/simulation.rs","line_number":360}
{"timestamp":"2026-01-24T06:21:41.726893Z","level":"INFO","message":"Packet I#9 delivered to G via I at tick 50 (latency: 0 ticks)","target":"indras_simulation::simulation","filename":"simulation/src/simulation.rs","line_number":360}
{"timestamp":"2026-01-24T06:21:41.726948Z","level":"INFO","message":"Phase 1 progress","source":"lua","fields":"{\"online_count\":5,\"bundles_delivered\":12,\"custody_rejections\":42,\"custody_timeouts\":3,\"custody_acceptances\":137,\"bundles_created\":43,\"trace_id\":\"dddd06ab-39c5-4f30-85ea-296608c306e6\",\"tick\":50}","target":"indras_simulation::lua::bindings::logging","filename":"simulation/src/lua/bindings/logging.rs","line_number":93}
{"timestamp":"2026-01-24T06:21:41.727177Z","level":"INFO","message":"Custody bundle delivered","source":"lua","fields":"{\"destination\":\"G\",\"chain_length\":2,\"acceptances\":2,\"source\":\"K\",\"latency_ticks\":0,\"chain_valid\":true,\"conflicts\":0,\"bundle_id\":\"custody-bundle-44\",\"trace_id\":\"dddd06ab-39c5-4f30-85ea-296608c306e6\",\"timeouts\":0,\"rejections\":0}","target":"indras_simulation::lua::bindings::logging","filename":"simulation/src/lua/bindings/logging.rs","line_number":93}
{"timestamp":"2026-01-24T06:21:41.727233Z","level":"INFO","message":"Packet C#3 delivered to J via C at tick 51 (latency: 0 ticks)","target":"indras_simulation::simulation","filename":"simulation/src/simulation.rs","line_number":360}
{"timestamp":"2026-01-24T06:21:41.727256Z","level":"INFO","message":"Packet I#10 delivered to G via I at tick 51 (latency: 0 ticks)","target":"indras_simulation::simulation","filename":"simulation/src/simulation.rs","line_number":360}
{"timestamp":"2026-01-24T06:21:41.727276Z","level":"INFO","message":"Packet I#11 delivered to B via I at tick 51 (latency: 0 ticks)","target":"indras_simulation::simulation","filename":"simulation/src/simulation.rs","line_number":360}
{"timestamp":"2026-01-24T06:21:41.727527Z","level":"INFO","message":"Custody bundle delivered","source":"lua","fields":"{\"acceptances\":2,\"destination\":\"J\",\"source\":\"C\",\"chain_length\":2,\"bundle_id\":\"custody-bundle-45\",\"timeouts\":0,\"rejections\":0,\"latency_ticks\":0,\"conflicts\":0,\"trace_id\":\"dddd06ab-39c5-4f30-85ea-296608c306e6\",\"chain_valid\":true}","target":"indras_simulation::lua::bindings::logging","filename":"simulation/src/lua/bindings/logging.rs","line_number":93}
{"timestamp":"2026-01-24T06:21:41.727603Z","level":"INFO","message":"Packet K#13 delivered to G via K at tick 52 (latency: 0 ticks)","target":"indras_simulation::simulation","filename":"simulation/src/simulation.rs","line_number":360}
{"timestamp":"2026-01-24T06:21:41.727623Z","level":"INFO","message":"Packet G#15 delivered to J via G at tick 52 (latency: 0 ticks)","target":"indras_simulation::simulation","filename":"simulation/src/simulation.rs","line_number":360}
{"timestamp":"2026-01-24T06:21:41.727721Z","level":"INFO","message":"Custody bundle delivered","source":"lua","fields":"{\"conflicts\":0,\"bundle_id\":\"custody-bundle-46\",\"chain_length\":2,\"chain_valid\":true,\"source\":\"I\",\"acceptances\":2,\"trace_id\":\"dddd06ab-39c5-4f30-85ea-296608c306e6\",\"rejections\":0,\"timeouts\":0,\"destination\":\"G\",\"latency_ticks\":0}","target":"indras_simulation::lua::bindings::logging","filename":"simulation/src/lua/bindings/logging.rs","line_number":93}
{"timestamp":"2026-01-24T06:21:41.727848Z","level":"WARN","message":"Custody timeout","source":"lua","fields":"{\"bundle_id\":\"custody-bundle-19\",\"trace_id\":\"dddd06ab-39c5-4f30-85ea-296608c306e6\",\"held_for\":53,\"node\":\"D\",\"tick\":53}","target":"indras_simulation::lua::bindings::logging","filename":"simulation/src/lua/bindings/logging.rs","line_number":100}
{"timestamp":"2026-01-24T06:21:41.728039Z","level":"WARN","message":"Custody timeout","source":"lua","fields":"{\"bundle_id\":\"custody-bundle-14\",\"tick\":54,\"held_for\":54,\"trace_id\":\"dddd06ab-39c5-4f30-85ea-296608c306e6\",\"node\":\"F\"}","target":"indras_simulation::lua::bindings::logging","filename":"simulation/src/lua/bindings/logging.rs","line_number":100}
{"timestamp":"2026-01-24T06:21:41.728078Z","level":"WARN","message":"Custody timeout","source":"lua","fields":"{\"held_for\":54,\"node\":\"F\",\"bundle_id\":\"custody-bundle-17\",\"trace_id\":\"dddd06ab-39c5-4f30-85ea-296608c306e6\",\"tick\":54}","target":"indras_simulation::lua::bindings::logging","filename":"simulation/src/lua/bindings/logging.rs","line_number":100}
{"timestamp":"2026-01-24T06:21:41.728255Z","level":"WARN","message":"Custody timeout","source":"lua","fields":"{\"trace_id\":\"dddd06ab-39c5-4f30-85ea-296608c306e6\",\"node\":\"F\",\"tick\":55,\"held_for\":55,\"bundle_id\":\"custody-bundle-22\"}","target":"indras_simulation::lua::bindings::logging","filename":"simulation/src/lua/bindings/logging.rs","line_number":100}
{"timestamp":"2026-01-24T06:21:41.728312Z","level":"INFO","message":"Packet I#13 delivered to B via I at tick 55 (latency: 0 ticks)","target":"indras_simulation::simulation","filename":"simulation/src/simulation.rs","line_number":360}
{"timestamp":"2026-01-24T06:21:41.728570Z","level":"INFO","message":"Packet B#7 delivered to H via B at tick 56 (latency: 0 ticks)","target":"indras_simulation::simulation","filename":"simulation/src/simulation.rs","line_number":360}
{"timestamp":"2026-01-24T06:21:41.728589Z","level":"INFO","message":"Packet H#1 delivered to B via H at tick 56 (latency: 0 ticks)","target":"indras_simulation::simulation","filename":"simulation/src/simulation.rs","line_number":360}
{"timestamp":"2026-01-24T06:21:41.728610Z","level":"INFO","message":"Packet I#14 delivered to B via I at tick 56 (latency: 0 ticks)","target":"indras_simulation::simulation","filename":"simulation/src/simulation.rs","line_number":360}
{"timestamp":"2026-01-24T06:21:41.728630Z","level":"INFO","message":"Packet B#8 delivered to H via B at tick 56 (latency: 0 ticks)","target":"indras_simulation::simulation","filename":"simulation/src/simulation.rs","line_number":360}
{"timestamp":"2026-01-24T06:21:41.728651Z","level":"INFO","message":"Packet H#2 delivered to B via H at tick 56 (latency: 0 ticks)","target":"indras_simulation::simulation","filename":"simulation/src/simulation.rs","line_number":360}
{"timestamp":"2026-01-24T06:21:41.728785Z","level":"INFO","message":"Custody bundle delivered","source":"lua","fields":"{\"acceptances\":5,\"chain_length\":5,\"timeouts\":0,\"latency_ticks\":22,\"source\":\"J\",\"trace_id\":\"dddd06ab-39c5-4f30-85ea-296608c306e6\",\"chain_valid\":true,\"rejections\":6,\"conflicts\":0,\"destination\":\"I\",\"bundle_id\":\"custody-bundle-29\"}","target":"indras_simulation::lua::bindings::logging","filename":"simulation/src/lua/bindings/logging.rs","line_number":93}
{"timestamp":"2026-01-24T06:21:41.728945Z","level":"INFO","message":"Packet B#9 delivered to I via B at tick 57 (latency: 0 ticks)","target":"indras_simulation::simulation","filename":"simulation/src/simulation.rs","line_number":360}
{"timestamp":"2026-01-24T06:21:41.728965Z","level":"INFO","message":"Packet H#3 delivered to B via H at tick 57 (latency: 0 ticks)","target":"indras_simulation::simulation","filename":"simulation/src/simulation.rs","line_number":360}
{"timestamp":"2026-01-24T06:21:41.728983Z","level":"INFO","message":"Packet B#10 delivered to H via B at tick 57 (latency: 0 ticks)","target":"indras_simulation::simulation","filename":"simulation/src/simulation.rs","line_number":360}
{"timestamp":"2026-01-24T06:21:41.729005Z","level":"INFO","message":"Packet B#11 delivered to I via B at tick 57 (latency: 0 ticks)","target":"indras_simulation::simulation","filename":"simulation/src/simulation.rs","line_number":360}
{"timestamp":"2026-01-24T06:21:41.729359Z","level":"WARN","message":"Custody timeout","source":"lua","fields":"{\"node\":\"K\",\"held_for\":58,\"trace_id\":\"dddd06ab-39c5-4f30-85ea-296608c306e6\",\"tick\":58,\"bundle_id\":\"custody-bundle-23\"}","target":"indras_simulation::lua::bindings::logging","filename":"simulation/src/lua/bindings/logging.rs","line_number":100}
{"timestamp":"2026-01-24T06:21:41.729415Z","level":"INFO","message":"Packet B#12 delivered to I via B at tick 58 (latency: 0 ticks)","target":"indras_simulation::simulation","filename":"simulation/src/simulation.rs","line_number":360}
{"timestamp":"2026-01-24T06:21:41.729436Z","level":"INFO","message":"Packet B#13 delivered to I via B at tick 58 (latency: 0 ticks)","target":"indras_simulation::simulation","filename":"simulation/src/simulation.rs","line_number":360}
{"timestamp":"2026-01-24T06:21:41.729614Z","level":"WARN","message":"Custody timeout","source":"lua","fields":"{\"held_for\":59,\"node\":\"C\",\"bundle_id\":\"custody-bundle-13\",\"trace_id\":\"dddd06ab-39c5-4f30-85ea-296608c306e6\",\"tick\":59}","target":"indras_simulation::lua::bindings::logging","filename":"simulation/src/lua/bindings/logging.rs","line_number":100}
{"timestamp":"2026-01-24T06:21:41.729651Z","level":"WARN","message":"Custody timeout","source":"lua","fields":"{\"held_for\":59,\"trace_id\":\"dddd06ab-39c5-4f30-85ea-296608c306e6\",\"tick\":59,\"bundle_id\":\"custody-bundle-6\",\"node\":\"C\"}","target":"indras_simulation::lua::bindings::logging","filename":"simulation/src/lua/bindings/logging.rs","line_number":100}
{"timestamp":"2026-01-24T06:21:41.729690Z","level":"WARN","message":"Custody timeout","source":"lua","fields":"{\"bundle_id\":\"custody-bundle-2\",\"node\":\"C\",\"trace_id\":\"dddd06ab-39c5-4f30-85ea-296608c306e6\",\"held_for\":59,\"tick\":59}","target":"indras_simulation::lua::bindings::logging","filename":"simulation/src/lua/bindings/logging.rs","line_number":100}
{"timestamp":"2026-01-24T06:21:41.729727Z","level":"INFO","message":"Packet I#12 delivered to G via I at tick 59 (latency: 6 ticks)","target":"indras_simulation::simulation","filename":"simulation/src/simulation.rs","line_number":360}
{"timestamp":"2026-01-24T06:21:41.729893Z","level":"WARN","message":"Custody timeout","source":"lua","fields":"{\"trace_id\":\"dddd06ab-39c5-4f30-85ea-296608c306e6\",\"node\":\"C\",\"tick\":60,\"bundle_id\":\"custody-bundle-7\",\"held_for\":60}","target":"indras_simulation::lua::bindings::logging","filename":"simulation/src/lua/bindings/logging.rs","line_number":100}
{"timestamp":"2026-01-24T06:21:41.729929Z","level":"WARN","message":"Custody timeout","source":"lua","fields":"{\"bundle_id\":\"custody-bundle-12\",\"held_for\":60,\"node\":\"C\",\"trace_id\":\"dddd06ab-39c5-4f30-85ea-296608c306e6\",\"tick\":60}","target":"indras_simulation::lua::bindings::logging","filename":"simulation/src/lua/bindings/logging.rs","line_number":100}
{"timestamp":"2026-01-24T06:21:41.729969Z","level":"INFO","message":"Packet G#16 delivered to K via G at tick 60 (latency: 0 ticks)","target":"indras_simulation::simulation","filename":"simulation/src/simulation.rs","line_number":360}
{"timestamp":"2026-01-24T06:21:41.730136Z","level":"WARN","message":"Custody timeout","source":"lua","fields":"{\"tick\":61,\"held_for\":61,\"bundle_id\":\"custody-bundle-25\",\"trace_id\":\"dddd06ab-39c5-4f30-85ea-296608c306e6\",\"node\":\"L\"}","target":"indras_simulation::lua::bindings::logging","filename":"simulation/src/lua/bindings/logging.rs","line_number":100}
{"timestamp":"2026-01-24T06:21:41.730289Z","level":"WARN","message":"Message from C to J dropped: sender offline after 10 retries","target":"indras_simulation::simulation","filename":"simulation/src/simulation.rs","line_number":454}
{"timestamp":"2026-01-24T06:21:41.730394Z","level":"INFO","message":"Custody bundle delivered","source":"lua","fields":"{\"chain_valid\":true,\"trace_id\":\"dddd06ab-39c5-4f30-85ea-296608c306e6\",\"bundle_id\":\"custody-bundle-55\",\"acceptances\":2,\"timeouts\":0,\"latency_ticks\":0,\"chain_length\":2,\"destination\":\"B\",\"conflicts\":0,\"source\":\"H\",\"rejections\":0}","target":"indras_simulation::lua::bindings::logging","filename":"simulation/src/lua/bindings/logging.rs","line_number":93}
{"timestamp":"2026-01-24T06:21:41.730518Z","level":"WARN","message":"Custody timeout","source":"lua","fields":"{\"tick\":63,\"held_for\":63,\"node\":\"A\",\"trace_id\":\"dddd06ab-39c5-4f30-85ea-296608c306e6\",\"bundle_id\":\"custody-bundle-27\"}","target":"indras_simulation::lua::bindings::logging","filename":"simulation/src/lua/bindings/logging.rs","line_number":100}
{"timestamp":"2026-01-24T06:21:41.730769Z","level":"INFO","message":"Packet H#4 delivered to B via H at tick 64 (latency: 0 ticks)","target":"indras_simulation::simulation","filename":"simulation/src/simulation.rs","line_number":360}
{"timestamp":"2026-01-24T06:21:41.730790Z","level":"INFO","message":"Packet K#14 delivered to E via K at tick 64 (latency: 0 ticks)","target":"indras_simulation::simulation","filename":"simulation/src/simulation.rs","line_number":360}
{"timestamp":"2026-01-24T06:21:41.730810Z","level":"INFO","message":"Packet E#17 delivered to F via E at tick 64 (latency: 0 ticks)","target":"indras_simulation::simulation","filename":"simulation/src/simulation.rs","line_number":360}
{"timestamp":"2026-01-24T06:21:41.730831Z","level":"INFO","message":"Packet F#4 delivered to E via F at tick 64 (latency: 0 ticks)","target":"indras_simulation::simulation","filename":"simulation/src/simulation.rs","line_number":360}
{"timestamp":"2026-01-24T06:21:41.731060Z","level":"INFO","message":"Packet E#18 delivered to K via E at tick 65 (latency: 0 ticks)","target":"indras_simulation::simulation","filename":"simulation/src/simulation.rs","line_number":360}
{"timestamp":"2026-01-24T06:21:41.731081Z","level":"INFO","message":"Packet E#19 delivered to K via E at tick 65 (latency: 0 ticks)","target":"indras_simulation::simulation","filename":"simulation/src/simulation.rs","line_number":360}
{"timestamp":"2026-01-24T06:21:41.731189Z","level":"INFO","message":"Custody bundle delivered","source":"lua","fields":"{\"rejections\":1,\"chain_valid\":true,\"destination\":\"F\",\"trace_id\":\"dddd06ab-39c5-4f30-85ea-296608c306e6\",\"source\":\"G\",\"bundle_id\":\"custody-bundle-53\",\"latency_ticks\":6,\"chain_length\":4,\"timeouts\":0,\"conflicts\":0,\"acceptances\":4}","target":"indras_simulation::lua::bindings::logging","filename":"simulation/src/lua/bindings/logging.rs","line_number":93}
{"timestamp":"2026-01-24T06:21:41.731370Z","level":"INFO","message":"Packet E#20 delivered to F via E at tick 66 (latency: 0 ticks)","target":"indras_simulation::simulation","filename":"simulation/src/simulation.rs","line_number":360}
{"timestamp":"2026-01-24T06:21:41.731390Z","level":"INFO","message":"Packet H#5 delivered to B via H at tick 66 (latency: 0 ticks)","target":"indras_simulation::simulation","filename":"simulation/src/simulation.rs","line_number":360}
{"timestamp":"2026-01-24T06:21:41.731763Z","level":"INFO","message":"Packet B#14 delivered to H via B at tick 68 (latency: 0 ticks)","target":"indras_simulation::simulation","filename":"simulation/src/simulation.rs","line_number":360}
{"timestamp":"2026-01-24T06:21:41.731991Z","level":"INFO","message":"Custody bundle delivered","source":"lua","fields":"{\"timeouts\":0,\"source\":\"L\",\"trace_id\":\"dddd06ab-39c5-4f30-85ea-296608c306e6\",\"chain_length\":3,\"bundle_id\":\"custody-bundle-42\",\"latency_ticks\":21,\"conflicts\":0,\"rejections\":0,\"destination\":\"A\",\"acceptances\":3,\"chain_valid\":true}","target":"indras_simulation::lua::bindings::logging","filename":"simulation/src/lua/bindings/logging.rs","line_number":93}
{"timestamp":"2026-01-24T06:21:41.732360Z","level":"WARN","message":"Custody timeout","source":"lua","fields":"{\"bundle_id\":\"custody-bundle-34\",\"trace_id\":\"dddd06ab-39c5-4f30-85ea-296608c306e6\",\"tick\":71,\"held_for\":71,\"node\":\"L\"}","target":"indras_simulation::lua::bindings::logging","filename":"simulation/src/lua/bindings/logging.rs","line_number":100}
{"timestamp":"2026-01-24T06:21:41.732399Z","level":"WARN","message":"Custody timeout","source":"lua","fields":"{\"trace_id\":\"dddd06ab-39c5-4f30-85ea-296608c306e6\",\"held_for\":71,\"tick\":71,\"bundle_id\":\"custody-bundle-11\",\"node\":\"F\"}","target":"indras_simulation::lua::bindings::logging","filename":"simulation/src/lua/bindings/logging.rs","line_number":100}
{"timestamp":"2026-01-24T06:21:41.732581Z","level":"INFO","message":"Packet F#5 delivered to E via F at tick 72 (latency: 3 ticks)","target":"indras_simulation::simulation","filename":"simulation/src/simulation.rs","line_number":360}
{"timestamp":"2026-01-24T06:21:41.732606Z","level":"INFO","message":"Packet E#21 delivered to K via E at tick 72 (latency: 0 ticks)","target":"indras_simulation::simulation","filename":"simulation/src/simulation.rs","line_number":360}
{"timestamp":"2026-01-24T06:21:41.732754Z","level":"WARN","message":"Custody timeout","source":"lua","fields":"{\"node\":\"J\",\"tick\":73,\"trace_id\":\"dddd06ab-39c5-4f30-85ea-296608c306e6\",\"bundle_id\":\"custody-bundle-8\",\"held_for\":73}","target":"indras_simulation::lua::bindings::logging","filename":"simulation/src/lua/bindings/logging.rs","line_number":100}
{"timestamp":"2026-01-24T06:21:41.732923Z","level":"WARN","message":"Custody timeout","source":"lua","fields":"{\"node\":\"J\",\"held_for\":74,\"bundle_id\":\"custody-bundle-36\",\"trace_id\":\"dddd06ab-39c5-4f30-85ea-296608c306e6\",\"tick\":74}","target":"indras_simulation::lua::bindings::logging","filename":"simulation/src/lua/bindings/logging.rs","line_number":100}
{"timestamp":"2026-01-24T06:21:41.732959Z","level":"WARN","message":"Custody timeout","source":"lua","fields":"{\"trace_id\":\"dddd06ab-39c5-4f30-85ea-296608c306e6\",\"bundle_id\":\"custody-bundle-33\",\"held_for\":74,\"node\":\"J\",\"tick\":74}","target":"indras_simulation::lua::bindings::logging","filename":"simulation/src/lua/bindings/logging.rs","line_number":100}
{"timestamp":"2026-01-24T06:21:41.733656Z","level":"INFO","message":"Packet H#6 delivered to G via H at tick 78 (latency: 0 ticks)","target":"indras_simulation::simulation","filename":"simulation/src/simulation.rs","line_number":360}
{"timestamp":"2026-01-24T06:21:41.733695Z","level":"INFO","message":"Packet G#17 delivered to H via G at tick 78 (latency: 0 ticks)","target":"indras_simulation::simulation","filename":"simulation/src/simulation.rs","line_number":360}
{"timestamp":"2026-01-24T06:21:41.733717Z","level":"INFO","message":"Packet H#7 delivered to G via H at tick 78 (latency: 0 ticks)","target":"indras_simulation::simulation","filename":"simulation/src/simulation.rs","line_number":360}
{"timestamp":"2026-01-24T06:21:41.733743Z","level":"INFO","message":"Packet H#8 delivered to G via H at tick 78 (latency: 0 ticks)","target":"indras_simulation::simulation","filename":"simulation/src/simulation.rs","line_number":360}
{"timestamp":"2026-01-24T06:21:41.734012Z","level":"WARN","message":"Custody timeout","source":"lua","fields":"{\"tick\":79,\"held_for\":79,\"trace_id\":\"dddd06ab-39c5-4f30-85ea-296608c306e6\",\"node\":\"L\",\"bundle_id\":\"custody-bundle-24\"}","target":"indras_simulation::lua::bindings::logging","filename":"simulation/src/lua/bindings/logging.rs","line_number":100}
{"timestamp":"2026-01-24T06:21:41.734059Z","level":"WARN","message":"Custody timeout","source":"lua","fields":"{\"tick\":79,\"node\":\"D\",\"bundle_id\":\"custody-bundle-28\",\"trace_id\":\"dddd06ab-39c5-4f30-85ea-296608c306e6\",\"held_for\":79}","target":"indras_simulation::lua::bindings::logging","filename":"simulation/src/lua/bindings/logging.rs","line_number":100}
{"timestamp":"2026-01-24T06:21:41.734131Z","level":"INFO","message":"Packet H#9 delivered to B via H at tick 79 (latency: 0 ticks)","target":"indras_simulation::simulation","filename":"simulation/src/simulation.rs","line_number":360}
{"timestamp":"2026-01-24T06:21:41.734338Z","level":"INFO","message":"Custody bundle delivered","source":"lua","fields":"{\"source\":\"I\",\"chain_valid\":true,\"rejections\":0,\"latency_ticks\":24,\"bundle_id\":\"custody-bundle-49\",\"trace_id\":\"dddd06ab-39c5-4f30-85ea-296608c306e6\",\"acceptances\":5,\"chain_length\":5,\"destination\":\"J\",\"timeouts\":0,\"conflicts\":0}","target":"indras_simulation::lua::bindings::logging","filename":"simulation/src/lua/bindings/logging.rs","line_number":93}
{"timestamp":"2026-01-24T06:21:41.734446Z","level":"WARN","message":"Message from D to A dropped: sender offline after 10 retries","target":"indras_simulation::simulation","filename":"simulation/src/simulation.rs","line_number":454}
{"timestamp":"2026-01-24T06:21:41.734464Z","level":"WARN","message":"Message from D to A dropped: sender offline after 10 retries","target":"indras_simulation::simulation","filename":"simulation/src/simulation.rs","line_number":454}
{"timestamp":"2026-01-24T06:21:41.734491Z","level":"WARN","message":"Message from D to A dropped: sender offline after 10 retries","target":"indras_simulation::simulation","filename":"simulation/src/simulation.rs","line_number":454}
{"timestamp":"2026-01-24T06:21:41.734509Z","level":"WARN","message":"Message from D to A dropped: sender offline after 10 retries","target":"indras_simulation::simulation","filename":"simulation/src/simulation.rs","line_number":454}
{"timestamp":"2026-01-24T06:21:41.734531Z","level":"INFO","message":"Packet G#18 delivered to J via G at tick 80 (latency: 0 ticks)","target":"indras_simulation::simulation","filename":"simulation/src/simulation.rs","line_number":360}
{"timestamp":"2026-01-24T06:21:41.734832Z","level":"INFO","message":"Packet B#15 delivered to I via B at tick 81 (latency: 0 ticks)","target":"indras_simulation::simulation","filename":"simulation/src/simulation.rs","line_number":360}
{"timestamp":"2026-01-24T06:21:41.734853Z","level":"INFO","message":"Packet B#16 delivered to I via B at tick 81 (latency: 0 ticks)","target":"indras_simulation::simulation","filename":"simulation/src/simulation.rs","line_number":360}
{"timestamp":"2026-01-24T06:21:41.734874Z","level":"INFO","message":"Packet I#15 delivered to G via I at tick 81 (latency: 0 ticks)","target":"indras_simulation::simulation","filename":"simulation/src/simulation.rs","line_number":360}
{"timestamp":"2026-01-24T06:21:41.734896Z","level":"INFO","message":"Packet I#16 delivered to G via I at tick 81 (latency: 0 ticks)","target":"indras_simulation::simulation","filename":"simulation/src/simulation.rs","line_number":360}
{"timestamp":"2026-01-24T06:21:41.735077Z","level":"WARN","message":"Custody timeout","source":"lua","fields":"{\"trace_id\":\"dddd06ab-39c5-4f30-85ea-296608c306e6\",\"bundle_id\":\"custody-bundle-21\",\"node\":\"J\",\"tick\":82,\"held_for\":82}","target":"indras_simulation::lua::bindings::logging","filename":"simulation/src/lua/bindings/logging.rs","line_number":100}
{"timestamp":"2026-01-24T06:21:41.735140Z","level":"INFO","message":"Packet I#17 delivered to G via I at tick 82 (latency: 0 ticks)","target":"indras_simulation::simulation","filename":"simulation/src/simulation.rs","line_number":360}
{"timestamp":"2026-01-24T06:21:41.735160Z","level":"INFO","message":"Packet G#20 delivered to H via G at tick 82 (latency: 0 ticks)","target":"indras_simulation::simulation","filename":"simulation/src/simulation.rs","line_number":360}
{"timestamp":"2026-01-24T06:21:41.735484Z","level":"INFO","message":"Packet K#15 delivered to G via K at tick 83 (latency: 0 ticks)","target":"indras_simulation::simulation","filename":"simulation/src/simulation.rs","line_number":360}
{"timestamp":"2026-01-24T06:21:41.735515Z","level":"INFO","message":"Packet G#21 delivered to K via G at tick 83 (latency: 0 ticks)","target":"indras_simulation::simulation","filename":"simulation/src/simulation.rs","line_number":360}
{"timestamp":"2026-01-24T06:21:41.735535Z","level":"INFO","message":"Packet K#16 delivered to G via K at tick 83 (latency: 0 ticks)","target":"indras_simulation::simulation","filename":"simulation/src/simulation.rs","line_number":360}
{"timestamp":"2026-01-24T06:21:41.735555Z","level":"INFO","message":"Packet G#22 delivered to K via G at tick 83 (latency: 0 ticks)","target":"indras_simulation::simulation","filename":"simulation/src/simulation.rs","line_number":360}
{"timestamp":"2026-01-24T06:21:41.735575Z","level":"INFO","message":"Packet G#23 delivered to K via G at tick 83 (latency: 0 ticks)","target":"indras_simulation::simulation","filename":"simulation/src/simulation.rs","line_number":360}
{"timestamp":"2026-01-24T06:21:41.735595Z","level":"INFO","message":"Packet K#17 delivered to G via K at tick 83 (latency: 0 ticks)","target":"indras_simulation::simulation","filename":"simulation/src/simulation.rs","line_number":360}
{"timestamp":"2026-01-24T06:21:41.735812Z","level":"WARN","message":"Custody timeout","source":"lua","fields":"{\"tick\":84,\"bundle_id\":\"custody-bundle-47\",\"trace_id\":\"dddd06ab-39c5-4f30-85ea-296608c306e6\",\"held_for\":84,\"node\":\"J\"}","target":"indras_simulation::lua::bindings::logging","filename":"simulation/src/lua/bindings/logging.rs","line_number":100}
{"timestamp":"2026-01-24T06:21:41.735860Z","level":"INFO","message":"Packet G#24 delivered to H via G at tick 84 (latency: 0 ticks)","target":"indras_simulation::simulation","filename":"simulation/src/simulation.rs","line_number":360}
{"timestamp":"2026-01-24T06:21:41.735881Z","level":"INFO","message":"Packet G#25 delivered to H via G at tick 84 (latency: 0 ticks)","target":"indras_simulation::simulation","filename":"simulation/src/simulation.rs","line_number":360}
{"timestamp":"2026-01-24T06:21:41.736059Z","level":"INFO","message":"Packet G#26 delivered to H via G at tick 85 (latency: 0 ticks)","target":"indras_simulation::simulation","filename":"simulation/src/simulation.rs","line_number":360}
{"timestamp":"2026-01-24T06:21:41.736190Z","level":"WARN","message":"Custody timeout","source":"lua","fields":"{\"node\":\"H\",\"trace_id\":\"dddd06ab-39c5-4f30-85ea-296608c306e6\",\"tick\":86,\"bundle_id\":\"custody-bundle-3\",\"held_for\":86}","target":"indras_simulation::lua::bindings::logging","filename":"simulation/src/lua/bindings/logging.rs","line_number":100}
{"timestamp":"2026-01-24T06:21:41.736306Z","level":"WARN","message":"Custody timeout","source":"lua","fields":"{\"node\":\"I\",\"bundle_id\":\"custody-bundle-37\",\"tick\":87,\"held_for\":87,\"trace_id\":\"dddd06ab-39c5-4f30-85ea-296608c306e6\"}","target":"indras_simulation::lua::bindings::logging","filename":"simulation/src/lua/bindings/logging.rs","line_number":100}
{"timestamp":"2026-01-24T06:21:41.736376Z","level":"INFO","message":"Phase 2: Custody stress with failures","source":"lua","fields":"{\"trace_id\":\"dddd06ab-39c5-4f30-85ea-296608c306e6\",\"phase_ticks\":100}","target":"indras_simulation::lua::bindings::logging","filename":"simulation/src/lua/bindings/logging.rs","line_number":93}
{"timestamp":"2026-01-24T06:21:41.736434Z","level":"WARN","message":"Custody conflict injected","source":"lua","fields":"{\"tick\":88,\"bundle_id\":\"custody-bundle-3\",\"trace_id\":\"dddd06ab-39c5-4f30-85ea-296608c306e6\",\"num_claimants\":3}","target":"indras_simulation::lua::bindings::logging","filename":"simulation/src/lua/bindings/logging.rs","line_number":100}
{"timestamp":"2026-01-24T06:21:41.736470Z","level":"INFO","message":"Custody conflict resolved","source":"lua","fields":"{\"tick\":88,\"trace_id\":\"dddd06ab-39c5-4f30-85ea-296608c306e6\",\"winner\":\"C\",\"bundle_id\":\"custody-bundle-3\"}","target":"indras_simulation::lua::bindings::logging","filename":"simulation/src/lua/bindings/logging.rs","line_number":93}
{"timestamp":"2026-01-24T06:21:41.736656Z","level":"INFO","message":"Packet H#10 delivered to B via H at tick 88 (latency: 0 ticks)","target":"indras_simulation::simulation","filename":"simulation/src/simulation.rs","line_number":360}
{"timestamp":"2026-01-24T06:21:41.736702Z","level":"INFO","message":"Packet H#11 delivered to B via H at tick 88 (latency: 0 ticks)","target":"indras_simulation::simulation","filename":"simulation/src/simulation.rs","line_number":360}
{"timestamp":"2026-01-24T06:21:41.736728Z","level":"INFO","message":"Packet H#12 delivered to B via H at tick 88 (latency: 0 ticks)","target":"indras_simulation::simulation","filename":"simulation/src/simulation.rs","line_number":360}
{"timestamp":"2026-01-24T06:21:41.736798Z","level":"WARN","message":"Custody conflict injected","source":"lua","fields":"{\"bundle_id\":\"custody-bundle-50\",\"trace_id\":\"dddd06ab-39c5-4f30-85ea-296608c306e6\",\"num_claimants\":3,\"tick\":89}","target":"indras_simulation::lua::bindings::logging","filename":"simulation/src/lua/bindings/logging.rs","line_number":100}
{"timestamp":"2026-01-24T06:21:41.736837Z","level":"INFO","message":"Custody conflict resolved","source":"lua","fields":"{\"tick\":89,\"trace_id\":\"dddd06ab-39c5-4f30-85ea-296608c306e6\",\"winner\":\"K\",\"bundle_id\":\"custody-bundle-50\"}","target":"indras_simulation::lua::bindings::logging","filename":"simulation/src/lua/bindings/logging.rs","line_number":93}
{"timestamp":"2026-01-24T06:21:41.736966Z","level":"WARN","message":"Custody timeout","source":"lua","fields":"{\"node\":\"L\",\"bundle_id\":\"custody-bundle-52\",\"trace_id\":\"dddd06ab-39c5-4f30-85ea-296608c306e6\",\"held_for\":89,\"tick\":89}","target":"indras_simulation::lua::bindings::logging","filename":"simulation/src/lua/bindings/logging.rs","line_number":100}
{"timestamp":"2026-01-24T06:21:41.737009Z","level":"INFO","message":"Packet G#19 delivered to J via G at tick 89 (latency: 8 ticks)","target":"indras_simulation::simulation","filename":"simulation/src/simulation.rs","line_number":360}
{"timestamp":"2026-01-24T06:21:41.737184Z","level":"INFO","message":"Packet J#12 delivered to C via J at tick 90 (latency: 0 ticks)","target":"indras_simulation::simulation","filename":"simulation/src/simulation.rs","line_number":360}
{"timestamp":"2026-01-24T06:21:41.737384Z","level":"INFO","message":"Packet B#17 delivered to I via B at tick 91 (latency: 0 ticks)","target":"indras_simulation::simulation","filename":"simulation/src/simulation.rs","line_number":360}
{"timestamp":"2026-01-24T06:21:41.737404Z","level":"INFO","message":"Packet B#18 delivered to I via B at tick 91 (latency: 0 ticks)","target":"indras_simulation::simulation","filename":"simulation/src/simulation.rs","line_number":360}
{"timestamp":"2026-01-24T06:21:41.737422Z","level":"INFO","message":"Packet B#19 delivered to I via B at tick 91 (latency: 0 ticks)","target":"indras_simulation::simulation","filename":"simulation/src/simulation.rs","line_number":360}
{"timestamp":"2026-01-24T06:21:41.737791Z","level":"WARN","message":"Custody timeout","source":"lua","fields":"{\"bundle_id\":\"custody-bundle-38\",\"trace_id\":\"dddd06ab-39c5-4f30-85ea-296608c306e6\",\"node\":\"F\",\"tick\":94,\"held_for\":94}","target":"indras_simulation::lua::bindings::logging","filename":"simulation/src/lua/bindings/logging.rs","line_number":100}
{"timestamp":"2026-01-24T06:21:41.738440Z","level":"WARN","message":"Custody timeout","source":"lua","fields":"{\"held_for\":100,\"bundle_id\":\"custody-bundle-39\",\"tick\":100,\"trace_id\":\"dddd06ab-39c5-4f30-85ea-296608c306e6\",\"node\":\"A\"}","target":"indras_simulation::lua::bindings::logging","filename":"simulation/src/lua/bindings/logging.rs","line_number":100}
{"timestamp":"2026-01-24T06:21:41.738476Z","level":"WARN","message":"Custody timeout","source":"lua","fields":"{\"tick\":100,\"trace_id\":\"dddd06ab-39c5-4f30-85ea-296608c306e6\",\"bundle_id\":\"custody-bundle-43\",\"node\":\"A\",\"held_for\":100}","target":"indras_simulation::lua::bindings::logging","filename":"simulation/src/lua/bindings/logging.rs","line_number":100}
{"timestamp":"2026-01-24T06:21:41.738512Z","level":"WARN","message":"Custody timeout","source":"lua","fields":"{\"bundle_id\":\"custody-bundle-32\",\"tick\":100,\"held_for\":100,\"node\":\"A\",\"trace_id\":\"dddd06ab-39c5-4f30-85ea-296608c306e6\"}","target":"indras_simulation::lua::bindings::logging","filename":"simulation/src/lua/bindings/logging.rs","line_number":100}
{"timestamp":"2026-01-24T06:21:41.738605Z","level":"INFO","message":"Phase 2 progress","source":"lua","fields":"{\"node_failures\":0,\"tick\":100,\"bundles_expired\":0,\"bundles_delivered\":20,\"trace_id\":\"dddd06ab-39c5-4f30-85ea-296608c306e6\",\"custody_timeouts\":31,\"custody_conflicts\":2,\"online_count\":5}","target":"indras_simulation::lua::bindings::logging","filename":"simulation/src/lua/bindings/logging.rs","line_number":93}
{"timestamp":"2026-01-24T06:21:41.739428Z","level":"WARN","message":"Custody conflict injected","source":"lua","fields":"{\"trace_id\":\"dddd06ab-39c5-4f30-85ea-296608c306e6\",\"bundle_id\":\"custody-bundle-38\",\"num_claimants\":3,\"tick\":111}","target":"indras_simulation::lua::bindings::logging","filename":"simulation/src/lua/bindings/logging.rs","line_number":100}
{"timestamp":"2026-01-24T06:21:41.739465Z","level":"INFO","message":"Custody conflict resolved","source":"lua","fields":"{\"tick\":111,\"trace_id\":\"dddd06ab-39c5-4f30-85ea-296608c306e6\",\"bundle_id\":\"custody-bundle-38\",\"winner\":\"C\"}","target":"indras_simulation::lua::bindings::logging","filename":"simulation/src/lua/bindings/logging.rs","line_number":93}
{"timestamp":"2026-01-24T06:21:41.739548Z","level":"WARN","message":"Custody timeout","source":"lua","fields":"{\"held_for\":111,\"bundle_id\":\"custody-bundle-54\",\"trace_id\":\"dddd06ab-39c5-4f30-85ea-296608c306e6\",\"node\":\"I\",\"tick\":111}","target":"indras_simulation::lua::bindings::logging","filename":"simulation/src/lua/bindings/logging.rs","line_number":100}
{"timestamp":"2026-01-24T06:21:41.739671Z","level":"WARN","message":"Custody timeout","source":"lua","fields":"{\"trace_id\":\"dddd06ab-39c5-4f30-85ea-296608c306e6\",\"tick\":112,\"held_for\":112,\"bundle_id\":\"custody-bundle-51\",\"node\":\"H\"}","target":"indras_simulation::lua::bindings::logging","filename":"simulation/src/lua/bindings/logging.rs","line_number":100}
{"timestamp":"2026-01-24T06:21:41.739786Z","level":"WARN","message":"Custody timeout","source":"lua","fields":"{\"held_for\":113,\"tick\":113,\"node\":\"K\",\"trace_id\":\"dddd06ab-39c5-4f30-85ea-296608c306e6\",\"bundle_id\":\"custody-bundle-48\"}","target":"indras_simulation::lua::bindings::logging","filename":"simulation/src/lua/bindings/logging.rs","line_number":100}
{"timestamp":"2026-01-24T06:21:41.739821Z","level":"WARN","message":"Custody timeout","source":"lua","fields":"{\"trace_id\":\"dddd06ab-39c5-4f30-85ea-296608c306e6\",\"bundle_id\":\"custody-bundle-58\",\"node\":\"K\",\"held_for\":113,\"tick\":113}","target":"indras_simulation::lua::bindings::logging","filename":"simulation/src/lua/bindings/logging.rs","line_number":100}
{"timestamp":"2026-01-24T06:21:41.739966Z","level":"INFO","message":"Packet K#18 delivered to E via K at tick 114 (latency: 0 ticks)","target":"indras_simulation::simulation","filename":"simulation/src/simulation.rs","line_number":360}
{"timestamp":"2026-01-24T06:21:41.740149Z","level":"WARN","message":"Custody conflict injected","source":"lua","fields":"{\"num_claimants\":3,\"bundle_id\":\"custody-bundle-50\",\"trace_id\":\"dddd06ab-39c5-4f30-85ea-296608c306e6\",\"tick\":117}","target":"indras_simulation::lua::bindings::logging","filename":"simulation/src/lua/bindings/logging.rs","line_number":100}
{"timestamp":"2026-01-24T06:21:41.740185Z","level":"INFO","message":"Custody conflict resolved","source":"lua","fields":"{\"tick\":117,\"bundle_id\":\"custody-bundle-50\",\"trace_id\":\"dddd06ab-39c5-4f30-85ea-296608c306e6\",\"winner\":\"K\"}","target":"indras_simulation::lua::bindings::logging","filename":"simulation/src/lua/bindings/logging.rs","line_number":93}
{"timestamp":"2026-01-24T06:21:41.740390Z","level":"WARN","message":"Custody timeout","source":"lua","fields":"{\"node\":\"C\",\"trace_id\":\"dddd06ab-39c5-4f30-85ea-296608c306e6\",\"held_for\":118,\"bundle_id\":\"custody-bundle-3\",\"tick\":118}","target":"indras_simulation::lua::bindings::logging","filename":"simulation/src/lua/bindings/logging.rs","line_number":100}
{"timestamp":"2026-01-24T06:21:41.740572Z","level":"WARN","message":"Custody timeout","source":"lua","fields":"{\"held_for\":120,\"tick\":120,\"node\":\"C\",\"trace_id\":\"dddd06ab-39c5-4f30-85ea-296608c306e6\",\"bundle_id\":\"custody-bundle-60\"}","target":"indras_simulation::lua::bindings::logging","filename":"simulation/src/lua/bindings/logging.rs","line_number":100}
{"timestamp":"2026-01-24T06:21:41.740663Z","level":"WARN","message":"Custody timeout","source":"lua","fields":"{\"bundle_id\":\"custody-bundle-56\",\"trace_id\":\"dddd06ab-39c5-4f30-85ea-296608c306e6\",\"node\":\"I\",\"tick\":121,\"held_for\":121}","target":"indras_simulation::lua::bindings::logging","filename":"simulation/src/lua/bindings/logging.rs","line_number":100}
{"timestamp":"2026-01-24T06:21:41.740698Z","level":"WARN","message":"Custody timeout","source":"lua","fields":"{\"tick\":121,\"node\":\"I\",\"held_for\":121,\"trace_id\":\"dddd06ab-39c5-4f30-85ea-296608c306e6\",\"bundle_id\":\"custody-bundle-57\"}","target":"indras_simulation::lua::bindings::logging","filename":"simulation/src/lua/bindings/logging.rs","line_number":100}
{"timestamp":"2026-01-24T06:21:41.740733Z","level":"WARN","message":"Custody timeout","source":"lua","fields":"{\"held_for\":121,\"tick\":121,\"bundle_id\":\"custody-bundle-59\",\"trace_id\":\"dddd06ab-39c5-4f30-85ea-296608c306e6\",\"node\":\"I\"}","target":"indras_simulation::lua::bindings::logging","filename":"simulation/src/lua/bindings/logging.rs","line_number":100}
{"timestamp":"2026-01-24T06:21:41.740831Z","level":"WARN","message":"Custody bundle expired","source":"lua","fields":"{\"destination\":\"B\",\"acceptances\":2,\"chain_length\":2,\"trace_id\":\"dddd06ab-39c5-4f30-85ea-296608c306e6\",\"timeouts\":1,\"rejections\":0,\"source\":\"D\",\"bundle_id\":\"custody-bundle-1\"}","target":"indras_simulation::lua::bindings::logging","filename":"simulation/src/lua/bindings/logging.rs","line_number":100}
{"timestamp":"2026-01-24T06:21:41.740943Z","level":"WARN","message":"Custody bundle expired","source":"lua","fields":"{\"acceptances\":7,\"bundle_id\":\"custody-bundle-2\",\"rejections\":0,\"source\":\"B\",\"destination\":\"D\",\"trace_id\":\"dddd06ab-39c5-4f30-85ea-296608c306e6\",\"timeouts\":1,\"chain_length\":7}","target":"indras_simulation::lua::bindings::logging","filename":"simulation/src/lua/bindings/logging.rs","line_number":100}
{"timestamp":"2026-01-24T06:21:41.741047Z","level":"WARN","message":"Custody bundle expired","source":"lua","fields":"{\"timeouts\":2,\"trace_id\":\"dddd06ab-39c5-4f30-85ea-296608c306e6\",\"chain_length\":6,\"destination\":\"E\",\"bundle_id\":\"custody-bundle-3\",\"acceptances\":6,\"source\":\"C\",\"rejections\":0}","target":"indras_simulation::lua::bindings::logging","filename":"simulation/src/lua/bindings/logging.rs","line_number":100}
{"timestamp":"2026-01-24T06:21:41.741154Z","level":"WARN","message":"Custody bundle expired","source":"lua","fields":"{\"timeouts\":1,\"rejections\":0,\"source\":\"L\",\"chain_length\":3,\"destination\":\"I\",\"trace_id\":\"dddd06ab-39c5-4f30-85ea-296608c306e6\",\"acceptances\":3,\"bundle_id\":\"custody-bundle-4\"}","target":"indras_simulation::lua::bindings::logging","filename":"simulation/src/lua/bindings/logging.rs","line_number":100}
{"timestamp":"2026-01-24T06:21:41.741333Z","level":"WARN","message":"Custody bundle expired","source":"lua","fields":"{\"destination\":\"F\",\"timeouts\":1,\"bundle_id\":\"custody-bundle-6\",\"trace_id\":\"dddd06ab-39c5-4f30-85ea-296608c306e6\",\"source\":\"B\",\"chain_length\":7,\"acceptances\":7,\"rejections\":1}","target":"indras_simulation::lua::bindings::logging","filename":"simulation/src/lua/bindings/logging.rs","line_number":100}
{"timestamp":"2026-01-24T06:21:41.741455Z","level":"WARN","message":"Custody bundle expired","source":"lua","fields":"{\"acceptances\":7,\"destination\":\"A\",\"rejections\":1,\"chain_length\":7,\"timeouts\":1,\"bundle_id\":\"custody-bundle-7\",\"trace_id\":\"dddd06ab-39c5-4f30-85ea-296608c306e6\",\"source\":\"B\"}","target":"indras_simulation::lua::bindings::logging","filename":"simulation/src/lua/bindings/logging.rs","line_number":100}
{"timestamp":"2026-01-24T06:21:41.741564Z","level":"WARN","message":"Custody bundle expired","source":"lua","fields":"{\"acceptances\":5,\"trace_id\":\"dddd06ab-39c5-4f30-85ea-296608c306e6\",\"destination\":\"A\",\"source\":\"F\",\"timeouts\":1,\"chain_length\":5,\"rejections\":6,\"bundle_id\":\"custody-bundle-8\"}","target":"indras_simulation::lua::bindings::logging","filename":"simulation/src/lua/bindings/logging.rs","line_number":100}
{"timestamp":"2026-01-24T06:21:41.741637Z","level":"WARN","message":"Custody conflict injected","source":"lua","fields":"{\"tick\":130,\"num_claimants\":2,\"bundle_id\":\"custody-bundle-34\",\"trace_id\":\"dddd06ab-39c5-4f30-85ea-296608c306e6\"}","target":"indras_simulation::lua::bindings::logging","filename":"simulation/src/lua/bindings/logging.rs","line_number":100}
{"timestamp":"2026-01-24T06:21:41.741696Z","level":"INFO","message":"Custody conflict resolved","source":"lua","fields":"{\"bundle_id\":\"custody-bundle-34\",\"trace_id\":\"dddd06ab-39c5-4f30-85ea-296608c306e6\",\"tick\":130,\"winner\":\"B\"}","target":"indras_simulation::lua::bindings::logging","filename":"simulation/src/lua/bindings/logging.rs","line_number":93}
{"timestamp":"2026-01-24T06:21:41.741895Z","level":"WARN","message":"Custody conflict injected","source":"lua","fields":"{\"trace_id\":\"dddd06ab-39c5-4f30-85ea-296608c306e6\",\"bundle_id\":\"custody-bundle-58\",\"tick\":132,\"num_claimants\":3}","target":"indras_simulation::lua::bindings::logging","filename":"simulation/src/lua/bindings/logging.rs","line_number":100}
{"timestamp":"2026-01-24T06:21:41.741935Z","level":"INFO","message":"Custody conflict resolved","source":"lua","fields":"{\"winner\":\"B\",\"trace_id\":\"dddd06ab-39c5-4f30-85ea-296608c306e6\",\"tick\":132,\"bundle_id\":\"custody-bundle-58\"}","target":"indras_simulation::lua::bindings::logging","filename":"simulation/src/lua/bindings/logging.rs","line_number":93}
{"timestamp":"2026-01-24T06:21:41.742036Z","level":"WARN","message":"Custody bundle expired","source":"lua","fields":"{\"destination\":\"I\",\"timeouts\":1,\"trace_id\":\"dddd06ab-39c5-4f30-85ea-296608c306e6\",\"acceptances\":4,\"chain_length\":4,\"source\":\"G\",\"bundle_id\":\"custody-bundle-11\",\"rejections\":0}","target":"indras_simulation::lua::bindings::logging","filename":"simulation/src/lua/bindings/logging.rs","line_number":100}
{"timestamp":"2026-01-24T06:21:41.742221Z","level":"WARN","message":"Custody bundle expired","source":"lua","fields":"{\"destination\":\"A\",\"timeouts\":1,\"acceptances\":6,\"bundle_id\":\"custody-bundle-12\",\"rejections\":1,\"chain_length\":6,\"source\":\"F\",\"trace_id\":\"dddd06ab-39c5-4f30-85ea-296608c306e6\"}","target":"indras_simulation::lua::bindings::logging","filename":"simulation/src/lua/bindings/logging.rs","line_number":100}
{"timestamp":"2026-01-24T06:21:41.742315Z","level":"WARN","message":"Custody bundle expired","source":"lua","fields":"{\"acceptances\":7,\"rejections\":0,\"timeouts\":1,\"destination\":\"H\",\"chain_length\":7,\"trace_id\":\"dddd06ab-39c5-4f30-85ea-296608c306e6\",\"bundle_id\":\"custody-bundle-13\",\"source\":\"B\"}","target":"indras_simulation::lua::bindings::logging","filename":"simulation/src/lua/bindings/logging.rs","line_number":100}
{"timestamp":"2026-01-24T06:21:41.742432Z","level":"WARN","message":"Custody bundle expired","source":"lua","fields":"{\"chain_length\":4,\"source\":\"B\",\"rejections\":3,\"destination\":\"G\",\"trace_id\":\"dddd06ab-39c5-4f30-85ea-296608c306e6\",\"timeouts\":1,\"acceptances\":4,\"bundle_id\":\"custody-bundle-14\"}","target":"indras_simulation::lua::bindings::logging","filename":"simulation/src/lua/bindings/logging.rs","line_number":100}
{"timestamp":"2026-01-24T06:21:41.742640Z","level":"WARN","message":"Custody bundle expired","source":"lua","fields":"{\"bundle_id\":\"custody-bundle-17\",\"acceptances\":3,\"destination\":\"G\",\"source\":\"I\",\"trace_id\":\"dddd06ab-39c5-4f30-85ea-296608c306e6\",\"rejections\":3,\"timeouts\":1,\"chain_length\":3}","target":"indras_simulation::lua::bindings::logging","filename":"simulation/src/lua/bindings/logging.rs","line_number":100}
{"timestamp":"2026-01-24T06:21:41.742738Z","level":"WARN","message":"Custody bundle expired","source":"lua","fields":"{\"chain_length\":1,\"acceptances\":1,\"rejections\":0,\"timeouts\":1,\"source\":\"A\",\"destination\":\"C\",\"trace_id\":\"dddd06ab-39c5-4f30-85ea-296608c306e6\",\"bundle_id\":\"custody-bundle-18\"}","target":"indras_simulation::lua::bindings::logging","filename":"simulation/src/lua/bindings/logging.rs","line_number":100}
{"timestamp":"2026-01-24T06:21:41.742860Z","level":"WARN","message":"Custody timeout","source":"lua","fields":"{\"trace_id\":\"dddd06ab-39c5-4f30-85ea-296608c306e6\",\"tick\":141,\"held_for\":141,\"bundle_id\":\"custody-bundle-38\",\"node\":\"C\"}","target":"indras_simulation::lua::bindings::logging","filename":"simulation/src/lua/bindings/logging.rs","line_number":100}
{"timestamp":"2026-01-24T06:21:41.742905Z","level":"WARN","message":"Custody bundle expired","source":"lua","fields":"{\"bundle_id\":\"custody-bundle-19\",\"trace_id\":\"dddd06ab-39c5-4f30-85ea-296608c306e6\",\"acceptances\":2,\"destination\":\"H\",\"source\":\"L\",\"chain_length\":2,\"timeouts\":1,\"rejections\":0}","target":"indras_simulation::lua::bindings::logging","filename":"simulation/src/lua/bindings/logging.rs","line_number":100}
{"timestamp":"2026-01-24T06:21:41.742961Z","level":"INFO","message":"Packet B#20 delivered to I via B at tick 141 (latency: 0 ticks)","target":"indras_simulation::simulation","filename":"simulation/src/simulation.rs","line_number":360}
{"timestamp":"2026-01-24T06:21:41.743158Z","level":"WARN","message":"Custody conflict injected","source":"lua","fields":"{\"bundle_id\":\"custody-bundle-33\",\"trace_id\":\"dddd06ab-39c5-4f30-85ea-296608c306e6\",\"num_claimants\":2,\"tick\":144}","target":"indras_simulation::lua::bindings::logging","filename":"simulation/src/lua/bindings/logging.rs","line_number":100}
{"timestamp":"2026-01-24T06:21:41.743199Z","level":"INFO","message":"Custody conflict resolved","source":"lua","fields":"{\"bundle_id\":\"custody-bundle-33\",\"tick\":144,\"winner\":\"G\",\"trace_id\":\"dddd06ab-39c5-4f30-85ea-296608c306e6\"}","target":"indras_simulation::lua::bindings::logging","filename":"simulation/src/lua/bindings/logging.rs","line_number":93}
{"timestamp":"2026-01-24T06:21:41.743288Z","level":"WARN","message":"Custody timeout","source":"lua","fields":"{\"held_for\":144,\"node\":\"E\",\"bundle_id\":\"custody-bundle-50\",\"trace_id\":\"dddd06ab-39c5-4f30-85ea-296608c306e6\",\"tick\":144}","target":"indras_simulation::lua::bindings::logging","filename":"simulation/src/lua/bindings/logging.rs","line_number":100}
{"timestamp":"2026-01-24T06:21:41.743337Z","level":"WARN","message":"Custody bundle expired","source":"lua","fields":"{\"rejections\":1,\"source\":\"E\",\"chain_length\":4,\"trace_id\":\"dddd06ab-39c5-4f30-85ea-296608c306e6\",\"destination\":\"L\",\"acceptances\":4,\"timeouts\":1,\"bundle_id\":\"custody-bundle-21\"}","target":"indras_simulation::lua::bindings::logging","filename":"simulation/src/lua/bindings/logging.rs","line_number":100}
{"timestamp":"2026-01-24T06:21:41.743464Z","level":"WARN","message":"Custody bundle expired","source":"lua","fields":"{\"destination\":\"G\",\"acceptances\":2,\"rejections\":0,\"bundle_id\":\"custody-bundle-22\",\"chain_length\":2,\"source\":\"E\",\"trace_id\":\"dddd06ab-39c5-4f30-85ea-296608c306e6\",\"timeouts\":1}","target":"indras_simulation::lua::bindings::logging","filename":"simulation/src/lua/bindings/logging.rs","line_number":100}
{"timestamp":"2026-01-24T06:21:41.743567Z","level":"WARN","message":"Custody bundle expired","source":"lua","fields":"{\"rejections\":2,\"trace_id\":\"dddd06ab-39c5-4f30-85ea-296608c306e6\",\"timeouts\":1,\"destination\":\"I\",\"source\":\"F\",\"acceptances\":4,\"chain_length\":4,\"bundle_id\":\"custody-bundle-23\"}","target":"indras_simulation::lua::bindings::logging","filename":"simulation/src/lua/bindings/logging.rs","line_number":100}
{"timestamp":"2026-01-24T06:21:41.743688Z","level":"WARN","message":"Custody timeout","source":"lua","fields":"{\"trace_id\":\"dddd06ab-39c5-4f30-85ea-296608c306e6\",\"bundle_id\":\"custody-bundle-50\",\"held_for\":147,\"tick\":147,\"node\":\"K\"}","target":"indras_simulation::lua::bindings::logging","filename":"simulation/src/lua/bindings/logging.rs","line_number":100}
{"timestamp":"2026-01-24T06:21:41.743796Z","level":"WARN","message":"Custody bundle expired","source":"lua","fields":"{\"timeouts\":1,\"bundle_id\":\"custody-bundle-24\",\"chain_length\":2,\"trace_id\":\"dddd06ab-39c5-4f30-85ea-296608c306e6\",\"acceptances\":2,\"source\":\"D\",\"destination\":\"B\",\"rejections\":0}","target":"indras_simulation::lua::bindings::logging","filename":"simulation/src/lua/bindings/logging.rs","line_number":100}
{"timestamp":"2026-01-24T06:21:41.743980Z","level":"INFO","message":"Phase 2 progress","source":"lua","fields":"{\"node_failures\":0,\"bundles_delivered\":20,\"bundles_expired\":18,\"tick\":150,\"online_count\":3,\"trace_id\":\"dddd06ab-39c5-4f30-85ea-296608c306e6\",\"custody_conflicts\":7,\"custody_timeouts\":43}","target":"indras_simulation::lua::bindings::logging","filename":"simulation/src/lua/bindings/logging.rs","line_number":93}
{"timestamp":"2026-01-24T06:21:41.744065Z","level":"WARN","message":"Custody bundle expired","source":"lua","fields":"{\"bundle_id\":\"custody-bundle-25\",\"trace_id\":\"dddd06ab-39c5-4f30-85ea-296608c306e6\",\"timeouts\":1,\"acceptances\":1,\"rejections\":2,\"chain_length\":1,\"destination\":\"D\",\"source\":\"L\"}","target":"indras_simulation::lua::bindings::logging","filename":"simulation/src/lua/bindings/logging.rs","line_number":100}
{"timestamp":"2026-01-24T06:21:41.744171Z","level":"WARN","message":"Message from I to B dropped: sender offline after 10 retries","target":"indras_simulation::simulation","filename":"simulation/src/simulation.rs","line_number":454}
{"timestamp":"2026-01-24T06:21:41.744248Z","level":"WARN","message":"Custody bundle expired","source":"lua","fields":"{\"bundle_id\":\"custody-bundle-27\",\"destination\":\"H\",\"timeouts\":1,\"chain_length\":1,\"trace_id\":\"dddd06ab-39c5-4f30-85ea-296608c306e6\",\"rejections\":0,\"source\":\"A\",\"acceptances\":1}","target":"indras_simulation::lua::bindings::logging","filename":"simulation/src/lua/bindings/logging.rs","line_number":100}
{"timestamp":"2026-01-24T06:21:41.744360Z","level":"WARN","message":"Custody bundle expired","source":"lua","fields":"{\"trace_id\":\"dddd06ab-39c5-4f30-85ea-296608c306e6\",\"acceptances\":2,\"bundle_id\":\"custody-bundle-28\",\"source\":\"L\",\"destination\":\"C\",\"timeouts\":1,\"chain_length\":2,\"rejections\":1}","target":"indras_simulation::lua::bindings::logging","filename":"simulation/src/lua/bindings/logging.rs","line_number":100}
{"timestamp":"2026-01-24T06:21:41.744414Z","level":"INFO","message":"Packet B#21 delivered to H via B at tick 154 (latency: 0 ticks)","target":"indras_simulation::simulation","filename":"simulation/src/simulation.rs","line_number":360}
{"timestamp":"2026-01-24T06:21:41.744850Z","level":"INFO","message":"Custody bundle delivered","source":"lua","fields":"{\"bundle_id\":\"custody-bundle-34\",\"acceptances\":5,\"trace_id\":\"dddd06ab-39c5-4f30-85ea-296608c306e6\",\"source\":\"L\",\"destination\":\"G\",\"chain_valid\":true,\"conflicts\":1,\"latency_ticks\":116,\"chain_length\":5,\"rejections\":2,\"timeouts\":1}","target":"indras_simulation::lua::bindings::logging","filename":"simulation/src/lua/bindings/logging.rs","line_number":93}
{"timestamp":"2026-01-24T06:21:41.744916Z","level":"INFO","message":"Packet G#27 delivered to H via G at tick 157 (latency: 0 ticks)","target":"indras_simulation::simulation","filename":"simulation/src/simulation.rs","line_number":360}
{"timestamp":"2026-01-24T06:21:41.744938Z","level":"INFO","message":"Packet H#13 delivered to G via H at tick 157 (latency: 0 ticks)","target":"indras_simulation::simulation","filename":"simulation/src/simulation.rs","line_number":360}
{"timestamp":"2026-01-24T06:21:41.745033Z","level":"INFO","message":"Packet H#14 delivered to B via H at tick 158 (latency: 0 ticks)","target":"indras_simulation::simulation","filename":"simulation/src/simulation.rs","line_number":360}
{"timestamp":"2026-01-24T06:21:41.745109Z","level":"WARN","message":"Custody bundle expired","source":"lua","fields":"{\"source\":\"L\",\"timeouts\":1,\"acceptances\":3,\"trace_id\":\"dddd06ab-39c5-4f30-85ea-296608c306e6\",\"destination\":\"F\",\"bundle_id\":\"custody-bundle-32\",\"chain_length\":3,\"rejections\":0}","target":"indras_simulation::lua::bindings::logging","filename":"simulation/src/lua/bindings/logging.rs","line_number":100}
{"timestamp":"2026-01-24T06:21:41.745215Z","level":"WARN","message":"Custody bundle expired","source":"lua","fields":"{\"source\":\"E\",\"rejections\":2,\"acceptances\":6,\"bundle_id\":\"custody-bundle-33\",\"trace_id\":\"dddd06ab-39c5-4f30-85ea-296608c306e6\",\"timeouts\":1,\"destination\":\"F\",\"chain_length\":6}","target":"indras_simulation::lua::bindings::logging","filename":"simulation/src/lua/bindings/logging.rs","line_number":100}
{"timestamp":"2026-01-24T06:21:41.745326Z","level":"WARN","message":"Custody timeout","source":"lua","fields":"{\"tick\":162,\"held_for\":162,\"trace_id\":\"dddd06ab-39c5-4f30-85ea-296608c306e6\",\"node\":\"B\",\"bundle_id\":\"custody-bundle-58\"}","target":"indras_simulation::lua::bindings::logging","filename":"simulation/src/lua/bindings/logging.rs","line_number":100}
{"timestamp":"2026-01-24T06:21:41.745466Z","level":"WARN","message":"Custody bundle expired","source":"lua","fields":"{\"timeouts\":1,\"bundle_id\":\"custody-bundle-36\",\"acceptances\":3,\"chain_length\":3,\"destination\":\"L\",\"source\":\"H\",\"trace_id\":\"dddd06ab-39c5-4f30-85ea-296608c306e6\",\"rejections\":2}","target":"indras_simulation::lua::bindings::logging","filename":"simulation/src/lua/bindings/logging.rs","line_number":100}
{"timestamp":"2026-01-24T06:21:41.745543Z","level":"WARN","message":"Custody bundle expired","source":"lua","fields":"{\"acceptances\":6,\"trace_id\":\"dddd06ab-39c5-4f30-85ea-296608c306e6\",\"rejections\":0,\"destination\":\"E\",\"chain_length\":6,\"source\":\"C\",\"timeouts\":1,\"bundle_id\":\"custody-bundle-37\"}","target":"indras_simulation::lua::bindings::logging","filename":"simulation/src/lua/bindings/logging.rs","line_number":100}
{"timestamp":"2026-01-24T06:21:41.745620Z","level":"WARN","message":"Custody bundle expired","source":"lua","fields":"{\"destination\":\"I\",\"trace_id\":\"dddd06ab-39c5-4f30-85ea-296608c306e6\",\"timeouts\":2,\"acceptances\":6,\"rejections\":0,\"chain_length\":6,\"source\":\"C\",\"bundle_id\":\"custody-bundle-38\"}","target":"indras_simulation::lua::bindings::logging","filename":"simulation/src/lua/bindings/logging.rs","line_number":100}
{"timestamp":"2026-01-24T06:21:41.745710Z","level":"WARN","message":"Custody bundle expired","source":"lua","fields":"{\"rejections\":0,\"source\":\"L\",\"destination\":\"I\",\"bundle_id\":\"custody-bundle-39\",\"acceptances\":3,\"trace_id\":\"dddd06ab-39c5-4f30-85ea-296608c306e6\",\"timeouts\":1,\"chain_length\":3}","target":"indras_simulation::lua::bindings::logging","filename":"simulation/src/lua/bindings/logging.rs","line_number":100}
{"timestamp":"2026-01-24T06:21:41.745934Z","level":"WARN","message":"Custody bundle expired","source":"lua","fields":"{\"timeouts\":1,\"chain_length\":2,\"source\":\"D\",\"trace_id\":\"dddd06ab-39c5-4f30-85ea-296608c306e6\",\"rejections\":1,\"destination\":\"B\",\"bundle_id\":\"custody-bundle-43\",\"acceptances\":2}","target":"indras_simulation::lua::bindings::logging","filename":"simulation/src/lua/bindings/logging.rs","line_number":100}
{"timestamp":"2026-01-24T06:21:41.746121Z","level":"WARN","message":"Custody bundle expired","source":"lua","fields":"{\"chain_length\":1,\"trace_id\":\"dddd06ab-39c5-4f30-85ea-296608c306e6\",\"source\":\"J\",\"rejections\":2,\"acceptances\":1,\"bundle_id\":\"custody-bundle-47\",\"timeouts\":1,\"destination\":\"A\"}","target":"indras_simulation::lua::bindings::logging","filename":"simulation/src/lua/bindings/logging.rs","line_number":100}
{"timestamp":"2026-01-24T06:21:41.746198Z","level":"WARN","message":"Custody bundle expired","source":"lua","fields":"{\"rejections\":2,\"bundle_id\":\"custody-bundle-48\",\"acceptances\":5,\"timeouts\":1,\"trace_id\":\"dddd06ab-39c5-4f30-85ea-296608c306e6\",\"chain_length\":5,\"destination\":\"J\",\"source\":\"I\"}","target":"indras_simulation::lua::bindings::logging","filename":"simulation/src/lua/bindings/logging.rs","line_number":100}
{"timestamp":"2026-01-24T06:21:41.746314Z","level":"WARN","message":"Custody bundle expired","source":"lua","fields":"{\"bundle_id\":\"custody-bundle-50\",\"acceptances\":6,\"destination\":\"D\",\"timeouts\":2,\"source\":\"H\",\"trace_id\":\"dddd06ab-39c5-4f30-85ea-296608c306e6\",\"rejections\":0,\"chain_length\":6}","target":"indras_simulation::lua::bindings::logging","filename":"simulation/src/lua/bindings/logging.rs","line_number":100}
{"timestamp":"2026-01-24T06:21:41.746388Z","level":"WARN","message":"Custody bundle expired","source":"lua","fields":"{\"source\":\"B\",\"bundle_id\":\"custody-bundle-51\",\"timeouts\":1,\"trace_id\":\"dddd06ab-39c5-4f30-85ea-296608c306e6\",\"destination\":\"E\",\"rejections\":0,\"chain_length\":4,\"acceptances\":4}","target":"indras_simulation::lua::bindings::logging","filename":"simulation/src/lua/bindings/logging.rs","line_number":100}
{"timestamp":"2026-01-24T06:21:41.746476Z","level":"WARN","message":"Custody bundle expired","source":"lua","fields":"{\"rejections\":0,\"timeouts\":1,\"chain_length\":1,\"acceptances\":1,\"trace_id\":\"dddd06ab-39c5-4f30-85ea-296608c306e6\",\"bundle_id\":\"custody-bundle-52\",\"source\":\"L\",\"destination\":\"J\"}","target":"indras_simulation::lua::bindings::logging","filename":"simulation/src/lua/bindings/logging.rs","line_number":100}
{"timestamp":"2026-01-24T06:21:41.746574Z","level":"WARN","message":"Custody bundle expired","source":"lua","fields":"{\"chain_length\":4,\"timeouts\":1,\"source\":\"G\",\"rejections\":1,\"trace_id\":\"dddd06ab-39c5-4f30-85ea-296608c306e6\",\"bundle_id\":\"custody-bundle-54\",\"acceptances\":4,\"destination\":\"J\"}","target":"indras_simulation::lua::bindings::logging","filename":"simulation/src/lua/bindings/logging.rs","line_number":100}
{"timestamp":"2026-01-24T06:21:41.746726Z","level":"WARN","message":"Custody bundle expired","source":"lua","fields":"{\"timeouts\":1,\"trace_id\":\"dddd06ab-39c5-4f30-85ea-296608c306e6\",\"source\":\"F\",\"bundle_id\":\"custody-bundle-56\",\"chain_length\":7,\"acceptances\":7,\"destination\":\"D\",\"rejections\":0}","target":"indras_simulation::lua::bindings::logging","filename":"simulation/src/lua/bindings/logging.rs","line_number":100}
{"timestamp":"2026-01-24T06:21:41.746797Z","level":"WARN","message":"Custody bundle expired","source":"lua","fields":"{\"bundle_id\":\"custody-bundle-57\",\"rejections\":0,\"acceptances\":6,\"destination\":\"D\",\"trace_id\":\"dddd06ab-39c5-4f30-85ea-296608c306e6\",\"source\":\"E\",\"chain_length\":6,\"timeouts\":1}","target":"indras_simulation::lua::bindings::logging","filename":"simulation/src/lua/bindings/logging.rs","line_number":100}
{"timestamp":"2026-01-24T06:21:41.746869Z","level":"WARN","message":"Custody bundle expired","source":"lua","fields":"{\"trace_id\":\"dddd06ab-39c5-4f30-85ea-296608c306e6\",\"timeouts\":2,\"bundle_id\":\"custody-bundle-58\",\"destination\":\"A\",\"rejections\":0,\"chain_length\":5,\"source\":\"H\",\"acceptances\":5}","target":"indras_simulation::lua::bindings::logging","filename":"simulation/src/lua/bindings/logging.rs","line_number":100}
{"timestamp":"2026-01-24T06:21:41.746955Z","level":"WARN","message":"Custody bundle expired","source":"lua","fields":"{\"chain_length\":7,\"destination\":\"J\",\"source\":\"F\",\"acceptances\":7,\"bundle_id\":\"custody-bundle-59\",\"rejections\":1,\"trace_id\":\"dddd06ab-39c5-4f30-85ea-296608c306e6\",\"timeouts\":1}","target":"indras_simulation::lua::bindings::logging","filename":"simulation/src/lua/bindings/logging.rs","line_number":100}
{"timestamp":"2026-01-24T06:21:41.747004Z","level":"INFO","message":"Phase 3: Custody recovery","source":"lua","fields":"{\"phase_ticks\":63,\"trace_id\":\"dddd06ab-39c5-4f30-85ea-296608c306e6\"}","target":"indras_simulation::lua::bindings::logging","filename":"simulation/src/lua/bindings/logging.rs","line_number":93}
{"timestamp":"2026-01-24T06:21:41.747071Z","level":"WARN","message":"Custody bundle expired","source":"lua","fields":"{\"chain_length\":6,\"source\":\"B\",\"timeouts\":1,\"destination\":\"L\",\"bundle_id\":\"custody-bundle-60\",\"trace_id\":\"dddd06ab-39c5-4f30-85ea-296608c306e6\",\"rejections\":1,\"acceptances\":6}","target":"indras_simulation::lua::bindings::logging","filename":"simulation/src/lua/bindings/logging.rs","line_number":100}
{"timestamp":"2026-01-24T06:21:41.748102Z","level":"INFO","message":"Phase 3 progress","source":"lua","fields":"{\"bundles_delivered\":21,\"custody_transfers\":164,\"tick\":200,\"trace_id\":\"dddd06ab-39c5-4f30-85ea-296608c306e6\",\"online_count\":6,\"bundles_expired\":39}","target":"indras_simulation::lua::bindings::logging","filename":"simulation/src/lua/bindings/logging.rs","line_number":93}
{"timestamp":"2026-01-24T06:21:41.749564Z","level":"INFO","message":"Phase 3 progress","source":"lua","fields":"{\"online_count\":6,\"custody_transfers\":164,\"bundles_delivered\":21,\"bundles_expired\":39,\"tick\":250,\"trace_id\":\"dddd06ab-39c5-4f30-85ea-296608c306e6\"}","target":"indras_simulation::lua::bindings::logging","filename":"simulation/src/lua/bindings/logging.rs","line_number":93}
{"timestamp":"2026-01-24T06:21:41.749940Z","level":"INFO","message":"DTN custody stress test completed","source":"lua","fields":"{\"chain_integrity_rate\":1.0,\"network_delivery_rate\":0.9512195121951219,\"chains_verified\":21,\"avg_chain_length\":3.0476190476190474,\"custody_conflicts_resolved\":7,\"conflict_resolution_rate\":1.0,\"messages_delivered\":156,\"custody_transfers\":164,\"custody_timeout_rate\":0.19555555555555557,\"messages_dropped\":8,\"test_level\":\"quick\",\"max_chain_length\":5,\"bundles_created\":60,\"custody_rejections\":54,\"custody_conflicts\":7,\"trace_id\":\"dddd06ab-39c5-4f30-85ea-296608c306e6\",\"custody_acceptances\":225,\"final_tick\":250,\"node_failures_during_custody\":0,\"custody_acceptance_rate\":0.8064516129032258,\"messages_sent\":164,\"custody_rejection_rate\":0.1935483870967742,\"bundles_expired\":39,\"bundle_delivery_rate\":0.35,\"bundles_delivered\":21,\"avg_delivery_latency\":13.142857142857142,\"custody_timeouts\":44}","target":"indras_simulation::lua::bindings::logging","filename":"simulation/src/lua/bindings/logging.rs","line_number":93}
{"timestamp":"2026-01-24T06:21:41.750017Z","level":"INFO","message":"DTN custody stress test passed","source":"lua","fields":"{\"conflict_resolution_rate\":1.0,\"avg_chain_length\":3.0476190476190474,\"custody_acceptance_rate\":0.8064516129032258,\"chain_integrity_rate\":1.0,\"custody_rejection_rate\":0.1935483870967742,\"bundle_delivery_rate\":0.35,\"custody_timeout_rate\":0.19555555555555557,\"trace_id\":\"dddd06ab-39c5-4f30-85ea-296608c306e6\"}","target":"indras_simulation::lua::bindings::logging","filename":"simulation/src/lua/bindings/logging.rs","line_number":93}
{"timestamp":"2026-01-24T06:21:41.750060Z","level":"INFO","message":"Script completed successfully","target":"lua_runner","filename":"simulation/src/bin/lua_runner.rs","line_number":108}
