{"timestamp":"2026-01-24T06:22:03.341465Z","level":"INFO","message":"Running Lua script: /Users/truman/Code/IndrasNetwork/simulation/scripts/scenarios/dtn_strategy_stress.lua","target":"lua_runner","filename":"simulation/src/bin/lua_runner.rs","line_number":94}
{"timestamp":"2026-01-24T06:22:03.344309Z","level":"INFO","message":"Starting DTN strategy switching stress test","source":"lua","fields":"{\"ticks\":400,\"prophet_threshold\":0.4,\"trace_id\":\"572b0cdb-2769-4e98-be0d-a8a826a879e7\",\"level\":\"quick\",\"bundles\":100,\"offline_rate\":0.7,\"peers\":12,\"spray_limit\":4}","target":"indras_simulation::lua::bindings::logging","filename":"simulation/src/lua/bindings/logging.rs","line_number":93}
{"timestamp":"2026-01-24T06:22:03.345484Z","level":"INFO","message":"Simulation initialized at tick 0","target":"indras_simulation::simulation","filename":"simulation/src/simulation.rs","line_number":180}
{"timestamp":"2026-01-24T06:22:03.345640Z","level":"INFO","message":"Phase 1: Epidemic routing test","source":"lua","fields":"{\"ticks\":80,\"phase\":\"epidemic\",\"spray_limit\":4,\"trace_id\":\"572b0cdb-2769-4e98-be0d-a8a826a879e7\"}","target":"indras_simulation::lua::bindings::logging","filename":"simulation/src/lua/bindings/logging.rs","line_number":93}
{"timestamp":"2026-01-24T06:22:03.345856Z","level":"INFO","message":"Packet E#0 delivered to H via E at tick 1 (latency: 0 ticks)","target":"indras_simulation::simulation","filename":"simulation/src/simulation.rs","line_number":360}
{"timestamp":"2026-01-24T06:22:03.346153Z","level":"INFO","message":"Packet E#1 delivered to B via E at tick 3 (latency: 0 ticks)","target":"indras_simulation::simulation","filename":"simulation/src/simulation.rs","line_number":360}
{"timestamp":"2026-01-24T06:22:03.346186Z","level":"INFO","message":"Packet E#2 delivered to A via E at tick 3 (latency: 0 ticks)","target":"indras_simulation::simulation","filename":"simulation/src/simulation.rs","line_number":360}
{"timestamp":"2026-01-24T06:22:03.346217Z","level":"INFO","message":"Packet C#0 delivered to G via C at tick 3 (latency: 0 ticks)","target":"indras_simulation::simulation","filename":"simulation/src/simulation.rs","line_number":360}
{"timestamp":"2026-01-24T06:22:03.346248Z","level":"INFO","message":"Packet B#0 delivered to E via B at tick 3 (latency: 0 ticks)","target":"indras_simulation::simulation","filename":"simulation/src/simulation.rs","line_number":360}
{"timestamp":"2026-01-24T06:22:03.346427Z","level":"INFO","message":"Packet E#3 delivered to A via E at tick 4 (latency: 0 ticks)","target":"indras_simulation::simulation","filename":"simulation/src/simulation.rs","line_number":360}
{"timestamp":"2026-01-24T06:22:03.346459Z","level":"INFO","message":"Packet J#0 delivered to A via J at tick 4 (latency: 0 ticks)","target":"indras_simulation::simulation","filename":"simulation/src/simulation.rs","line_number":360}
{"timestamp":"2026-01-24T06:22:03.346671Z","level":"INFO","message":"Packet A#0 delivered to E via A at tick 5 (latency: 0 ticks)","target":"indras_simulation::simulation","filename":"simulation/src/simulation.rs","line_number":360}
{"timestamp":"2026-01-24T06:22:03.346701Z","level":"INFO","message":"Packet B#1 delivered to E via B at tick 5 (latency: 0 ticks)","target":"indras_simulation::simulation","filename":"simulation/src/simulation.rs","line_number":360}
{"timestamp":"2026-01-24T06:22:03.346885Z","level":"INFO","message":"Packet B#2 delivered to E via B at tick 6 (latency: 0 ticks)","target":"indras_simulation::simulation","filename":"simulation/src/simulation.rs","line_number":360}
{"timestamp":"2026-01-24T06:22:03.346913Z","level":"INFO","message":"Packet E#5 delivered to B via E at tick 6 (latency: 0 ticks)","target":"indras_simulation::simulation","filename":"simulation/src/simulation.rs","line_number":360}
{"timestamp":"2026-01-24T06:22:03.347182Z","level":"INFO","message":"Packet E#6 delivered to A via E at tick 7 (latency: 0 ticks)","target":"indras_simulation::simulation","filename":"simulation/src/simulation.rs","line_number":360}
{"timestamp":"2026-01-24T06:22:03.347211Z","level":"INFO","message":"Packet J#1 delivered to A via J at tick 7 (latency: 0 ticks)","target":"indras_simulation::simulation","filename":"simulation/src/simulation.rs","line_number":360}
{"timestamp":"2026-01-24T06:22:03.348239Z","level":"WARN","message":"Message from G to H dropped: sender offline after 10 retries","target":"indras_simulation::simulation","filename":"simulation/src/simulation.rs","line_number":454}
{"timestamp":"2026-01-24T06:22:03.348472Z","level":"INFO","message":"Packet J#2 delivered to A via J at tick 15 (latency: 3 ticks)","target":"indras_simulation::simulation","filename":"simulation/src/simulation.rs","line_number":360}
{"timestamp":"2026-01-24T06:22:03.348894Z","level":"INFO","message":"Packet E#4 delivered to H via E at tick 17 (latency: 13 ticks)","target":"indras_simulation::simulation","filename":"simulation/src/simulation.rs","line_number":360}
{"timestamp":"2026-01-24T06:22:03.349175Z","level":"INFO","message":"Packet L#0 delivered to H via L at tick 18 (latency: 0 ticks)","target":"indras_simulation::simulation","filename":"simulation/src/simulation.rs","line_number":360}
{"timestamp":"2026-01-24T06:22:03.349205Z","level":"INFO","message":"Packet H#0 delivered to I via H at tick 18 (latency: 0 ticks)","target":"indras_simulation::simulation","filename":"simulation/src/simulation.rs","line_number":360}
{"timestamp":"2026-01-24T06:22:03.349229Z","level":"INFO","message":"Packet A#1 delivered to H via A at tick 18 (latency: 0 ticks)","target":"indras_simulation::simulation","filename":"simulation/src/simulation.rs","line_number":360}
{"timestamp":"2026-01-24T06:22:03.349257Z","level":"INFO","message":"Packet L#1 delivered to H via L at tick 18 (latency: 0 ticks)","target":"indras_simulation::simulation","filename":"simulation/src/simulation.rs","line_number":360}
{"timestamp":"2026-01-24T06:22:03.349573Z","level":"INFO","message":"Packet H#1 delivered to A via H at tick 19 (latency: 0 ticks)","target":"indras_simulation::simulation","filename":"simulation/src/simulation.rs","line_number":360}
{"timestamp":"2026-01-24T06:22:03.349600Z","level":"INFO","message":"Packet H#2 delivered to I via H at tick 19 (latency: 0 ticks)","target":"indras_simulation::simulation","filename":"simulation/src/simulation.rs","line_number":360}
{"timestamp":"2026-01-24T06:22:03.349633Z","level":"INFO","message":"Packet A#2 delivered to H via A at tick 19 (latency: 0 ticks)","target":"indras_simulation::simulation","filename":"simulation/src/simulation.rs","line_number":360}
{"timestamp":"2026-01-24T06:22:03.349663Z","level":"INFO","message":"Packet H#3 delivered to A via H at tick 19 (latency: 0 ticks)","target":"indras_simulation::simulation","filename":"simulation/src/simulation.rs","line_number":360}
{"timestamp":"2026-01-24T06:22:03.349692Z","level":"INFO","message":"Packet H#4 delivered to I via H at tick 19 (latency: 0 ticks)","target":"indras_simulation::simulation","filename":"simulation/src/simulation.rs","line_number":360}
{"timestamp":"2026-01-24T06:22:03.349823Z","level":"WARN","message":"Message from E to B dropped: sender offline after 10 retries","target":"indras_simulation::simulation","filename":"simulation/src/simulation.rs","line_number":454}
{"timestamp":"2026-01-24T06:22:03.350328Z","level":"INFO","message":"Packet J#3 delivered to A via J at tick 23 (latency: 0 ticks)","target":"indras_simulation::simulation","filename":"simulation/src/simulation.rs","line_number":360}
{"timestamp":"2026-01-24T06:22:03.350356Z","level":"INFO","message":"Packet H#5 delivered to A via H at tick 23 (latency: 0 ticks)","target":"indras_simulation::simulation","filename":"simulation/src/simulation.rs","line_number":360}
{"timestamp":"2026-01-24T06:22:03.350625Z","level":"INFO","message":"Packet I#0 delivered to H via I at tick 24 (latency: 0 ticks)","target":"indras_simulation::simulation","filename":"simulation/src/simulation.rs","line_number":360}
{"timestamp":"2026-01-24T06:22:03.350653Z","level":"INFO","message":"Packet A#3 delivered to H via A at tick 24 (latency: 0 ticks)","target":"indras_simulation::simulation","filename":"simulation/src/simulation.rs","line_number":360}
{"timestamp":"2026-01-24T06:22:03.350679Z","level":"INFO","message":"Packet A#4 delivered to J via A at tick 24 (latency: 0 ticks)","target":"indras_simulation::simulation","filename":"simulation/src/simulation.rs","line_number":360}
{"timestamp":"2026-01-24T06:22:03.350708Z","level":"INFO","message":"Packet A#5 delivered to H via A at tick 24 (latency: 0 ticks)","target":"indras_simulation::simulation","filename":"simulation/src/simulation.rs","line_number":360}
{"timestamp":"2026-01-24T06:22:03.350736Z","level":"INFO","message":"Packet A#6 delivered to J via A at tick 24 (latency: 0 ticks)","target":"indras_simulation::simulation","filename":"simulation/src/simulation.rs","line_number":360}
{"timestamp":"2026-01-24T06:22:03.350996Z","level":"INFO","message":"Packet G#0 delivered to H via G at tick 25 (latency: 0 ticks)","target":"indras_simulation::simulation","filename":"simulation/src/simulation.rs","line_number":360}
{"timestamp":"2026-01-24T06:22:03.351350Z","level":"INFO","message":"Packet A#7 delivered to D via A at tick 26 (latency: 1 ticks)","target":"indras_simulation::simulation","filename":"simulation/src/simulation.rs","line_number":360}
{"timestamp":"2026-01-24T06:22:03.351385Z","level":"INFO","message":"Packet D#0 delivered to A via D at tick 26 (latency: 0 ticks)","target":"indras_simulation::simulation","filename":"simulation/src/simulation.rs","line_number":360}
{"timestamp":"2026-01-24T06:22:03.351414Z","level":"INFO","message":"Packet D#1 delivered to A via D at tick 26 (latency: 0 ticks)","target":"indras_simulation::simulation","filename":"simulation/src/simulation.rs","line_number":360}
{"timestamp":"2026-01-24T06:22:03.351441Z","level":"INFO","message":"Packet D#2 delivered to A via D at tick 26 (latency: 0 ticks)","target":"indras_simulation::simulation","filename":"simulation/src/simulation.rs","line_number":360}
{"timestamp":"2026-01-24T06:22:03.351469Z","level":"INFO","message":"Packet I#1 delivered to H via I at tick 26 (latency: 0 ticks)","target":"indras_simulation::simulation","filename":"simulation/src/simulation.rs","line_number":360}
{"timestamp":"2026-01-24T06:22:03.351497Z","level":"INFO","message":"Packet H#6 delivered to L via H at tick 26 (latency: 0 ticks)","target":"indras_simulation::simulation","filename":"simulation/src/simulation.rs","line_number":360}
{"timestamp":"2026-01-24T06:22:03.351524Z","level":"INFO","message":"Packet G#2 delivered to H via G at tick 26 (latency: 0 ticks)","target":"indras_simulation::simulation","filename":"simulation/src/simulation.rs","line_number":360}
{"timestamp":"2026-01-24T06:22:03.351550Z","level":"INFO","message":"Packet G#3 delivered to H via G at tick 26 (latency: 0 ticks)","target":"indras_simulation::simulation","filename":"simulation/src/simulation.rs","line_number":360}
{"timestamp":"2026-01-24T06:22:03.351577Z","level":"INFO","message":"Packet A#8 delivered to H via A at tick 26 (latency: 0 ticks)","target":"indras_simulation::simulation","filename":"simulation/src/simulation.rs","line_number":360}
{"timestamp":"2026-01-24T06:22:03.351604Z","level":"INFO","message":"Packet A#9 delivered to H via A at tick 26 (latency: 0 ticks)","target":"indras_simulation::simulation","filename":"simulation/src/simulation.rs","line_number":360}
{"timestamp":"2026-01-24T06:22:03.351631Z","level":"INFO","message":"Packet A#10 delivered to H via A at tick 26 (latency: 0 ticks)","target":"indras_simulation::simulation","filename":"simulation/src/simulation.rs","line_number":360}
{"timestamp":"2026-01-24T06:22:03.351996Z","level":"INFO","message":"Packet H#7 delivered to G via H at tick 27 (latency: 0 ticks)","target":"indras_simulation::simulation","filename":"simulation/src/simulation.rs","line_number":360}
{"timestamp":"2026-01-24T06:22:03.352022Z","level":"INFO","message":"Packet H#8 delivered to L via H at tick 27 (latency: 0 ticks)","target":"indras_simulation::simulation","filename":"simulation/src/simulation.rs","line_number":360}
{"timestamp":"2026-01-24T06:22:03.352045Z","level":"INFO","message":"Packet A#11 delivered to H via A at tick 27 (latency: 0 ticks)","target":"indras_simulation::simulation","filename":"simulation/src/simulation.rs","line_number":360}
{"timestamp":"2026-01-24T06:22:03.352070Z","level":"INFO","message":"Packet A#12 delivered to D via A at tick 27 (latency: 0 ticks)","target":"indras_simulation::simulation","filename":"simulation/src/simulation.rs","line_number":360}
{"timestamp":"2026-01-24T06:22:03.352091Z","level":"INFO","message":"Packet H#9 delivered to I via H at tick 27 (latency: 0 ticks)","target":"indras_simulation::simulation","filename":"simulation/src/simulation.rs","line_number":360}
{"timestamp":"2026-01-24T06:22:03.352117Z","level":"INFO","message":"Packet H#10 delivered to A via H at tick 27 (latency: 0 ticks)","target":"indras_simulation::simulation","filename":"simulation/src/simulation.rs","line_number":360}
{"timestamp":"2026-01-24T06:22:03.352145Z","level":"INFO","message":"Packet H#11 delivered to I via H at tick 27 (latency: 0 ticks)","target":"indras_simulation::simulation","filename":"simulation/src/simulation.rs","line_number":360}
{"timestamp":"2026-01-24T06:22:03.352171Z","level":"INFO","message":"Packet H#12 delivered to I via H at tick 27 (latency: 0 ticks)","target":"indras_simulation::simulation","filename":"simulation/src/simulation.rs","line_number":360}
{"timestamp":"2026-01-24T06:22:03.352198Z","level":"INFO","message":"Packet H#13 delivered to L via H at tick 27 (latency: 0 ticks)","target":"indras_simulation::simulation","filename":"simulation/src/simulation.rs","line_number":360}
{"timestamp":"2026-01-24T06:22:03.352334Z","level":"INFO","message":"Packet D#3 delivered to A via D at tick 28 (latency: 0 ticks)","target":"indras_simulation::simulation","filename":"simulation/src/simulation.rs","line_number":360}
{"timestamp":"2026-01-24T06:22:03.352569Z","level":"INFO","message":"Packet H#14 delivered to I via H at tick 30 (latency: 0 ticks)","target":"indras_simulation::simulation","filename":"simulation/src/simulation.rs","line_number":360}
{"timestamp":"2026-01-24T06:22:03.352947Z","level":"WARN","message":"Message from C to G dropped: sender offline after 10 retries","target":"indras_simulation::simulation","filename":"simulation/src/simulation.rs","line_number":454}
{"timestamp":"2026-01-24T06:22:03.352968Z","level":"WARN","message":"Message from C to G dropped: sender offline after 10 retries","target":"indras_simulation::simulation","filename":"simulation/src/simulation.rs","line_number":454}
{"timestamp":"2026-01-24T06:22:03.352991Z","level":"INFO","message":"Packet A#13 delivered to H via A at tick 35 (latency: 0 ticks)","target":"indras_simulation::simulation","filename":"simulation/src/simulation.rs","line_number":360}
{"timestamp":"2026-01-24T06:22:03.353155Z","level":"INFO","message":"Packet G#1 delivered to C via G at tick 37 (latency: 12 ticks)","target":"indras_simulation::simulation","filename":"simulation/src/simulation.rs","line_number":360}
{"timestamp":"2026-01-24T06:22:03.353418Z","level":"INFO","message":"Phase 1 progress","source":"lua","fields":"{\"delivered\":11,\"tick\":40,\"online\":7,\"trace_id\":\"572b0cdb-2769-4e98-be0d-a8a826a879e7\",\"copies\":60,\"bundles_created\":25}","target":"indras_simulation::lua::bindings::logging","filename":"simulation/src/lua/bindings/logging.rs","line_number":93}
{"timestamp":"2026-01-24T06:22:03.353606Z","level":"INFO","message":"Packet E#7 delivered to F via E at tick 42 (latency: 0 ticks)","target":"indras_simulation::simulation","filename":"simulation/src/simulation.rs","line_number":360}
{"timestamp":"2026-01-24T06:22:03.353635Z","level":"INFO","message":"Packet E#8 delivered to A via E at tick 42 (latency: 0 ticks)","target":"indras_simulation::simulation","filename":"simulation/src/simulation.rs","line_number":360}
{"timestamp":"2026-01-24T06:22:03.355872Z","level":"INFO","message":"Phase 1 progress","source":"lua","fields":"{\"delivered\":11,\"trace_id\":\"572b0cdb-2769-4e98-be0d-a8a826a879e7\",\"bundles_created\":25,\"copies\":62,\"online\":2,\"tick\":80}","target":"indras_simulation::lua::bindings::logging","filename":"simulation/src/lua/bindings/logging.rs","line_number":93}
{"timestamp":"2026-01-24T06:22:03.355918Z","level":"INFO","message":"Phase 2: PRoPHET routing test","source":"lua","fields":"{\"ticks\":80,\"threshold\":0.4,\"trace_id\":\"572b0cdb-2769-4e98-be0d-a8a826a879e7\",\"phase\":\"prophet\"}","target":"indras_simulation::lua::bindings::logging","filename":"simulation/src/lua/bindings/logging.rs","line_number":93}
{"timestamp":"2026-01-24T06:22:03.359464Z","level":"INFO","message":"Packet A#14 delivered to D via A at tick 103 (latency: 0 ticks)","target":"indras_simulation::simulation","filename":"simulation/src/simulation.rs","line_number":360}
{"timestamp":"2026-01-24T06:22:03.369931Z","level":"INFO","message":"Packet G#4 delivered to H via G at tick 118 (latency: 0 ticks)","target":"indras_simulation::simulation","filename":"simulation/src/simulation.rs","line_number":360}
{"timestamp":"2026-01-24T06:22:03.369968Z","level":"INFO","message":"Packet H#15 delivered to G via H at tick 118 (latency: 0 ticks)","target":"indras_simulation::simulation","filename":"simulation/src/simulation.rs","line_number":360}
{"timestamp":"2026-01-24T06:22:03.371751Z","level":"INFO","message":"Phase 2 progress","source":"lua","fields":"{\"copies\":3,\"tick\":120,\"trace_id\":\"572b0cdb-2769-4e98-be0d-a8a826a879e7\",\"delivered\":0,\"bundles_created\":18,\"online\":3}","target":"indras_simulation::lua::bindings::logging","filename":"simulation/src/lua/bindings/logging.rs","line_number":93}
{"timestamp":"2026-01-24T06:22:03.378748Z","level":"INFO","message":"Packet H#16 delivered to G via H at tick 128 (latency: 0 ticks)","target":"indras_simulation::simulation","filename":"simulation/src/simulation.rs","line_number":360}
{"timestamp":"2026-01-24T06:22:03.378780Z","level":"INFO","message":"Packet H#17 delivered to G via H at tick 128 (latency: 0 ticks)","target":"indras_simulation::simulation","filename":"simulation/src/simulation.rs","line_number":360}
{"timestamp":"2026-01-24T06:22:03.379993Z","level":"INFO","message":"Packet G#5 delivered to F via G at tick 129 (latency: 0 ticks)","target":"indras_simulation::simulation","filename":"simulation/src/simulation.rs","line_number":360}
{"timestamp":"2026-01-24T06:22:03.381016Z","level":"INFO","message":"Packet G#6 delivered to F via G at tick 130 (latency: 0 ticks)","target":"indras_simulation::simulation","filename":"simulation/src/simulation.rs","line_number":360}
{"timestamp":"2026-01-24T06:22:03.383998Z","level":"INFO","message":"Packet E#9 delivered to F via E at tick 134 (latency: 0 ticks)","target":"indras_simulation::simulation","filename":"simulation/src/simulation.rs","line_number":360}
{"timestamp":"2026-01-24T06:22:03.402303Z","level":"INFO","message":"Packet D#4 delivered to A via D at tick 160 (latency: 0 ticks)","target":"indras_simulation::simulation","filename":"simulation/src/simulation.rs","line_number":360}
{"timestamp":"2026-01-24T06:22:03.402331Z","level":"INFO","message":"Packet D#5 delivered to A via D at tick 160 (latency: 0 ticks)","target":"indras_simulation::simulation","filename":"simulation/src/simulation.rs","line_number":360}
{"timestamp":"2026-01-24T06:22:03.402350Z","level":"INFO","message":"Packet D#6 delivered to A via D at tick 160 (latency: 0 ticks)","target":"indras_simulation::simulation","filename":"simulation/src/simulation.rs","line_number":360}
{"timestamp":"2026-01-24T06:22:03.402393Z","level":"INFO","message":"Phase 2 progress","source":"lua","fields":"{\"trace_id\":\"572b0cdb-2769-4e98-be0d-a8a826a879e7\",\"bundles_created\":25,\"online\":6,\"tick\":160,\"delivered\":0,\"copies\":11}","target":"indras_simulation::lua::bindings::logging","filename":"simulation/src/lua/bindings/logging.rs","line_number":93}
{"timestamp":"2026-01-24T06:22:03.402426Z","level":"INFO","message":"Phase 3: Direct delivery test","source":"lua","fields":"{\"phase\":\"direct\",\"ticks\":60,\"trace_id\":\"572b0cdb-2769-4e98-be0d-a8a826a879e7\"}","target":"indras_simulation::lua::bindings::logging","filename":"simulation/src/lua/bindings/logging.rs","line_number":93}
{"timestamp":"2026-01-24T06:22:03.402883Z","level":"INFO","message":"Packet H#18 delivered to I via H at tick 161 (latency: 0 ticks)","target":"indras_simulation::simulation","filename":"simulation/src/simulation.rs","line_number":360}
{"timestamp":"2026-01-24T06:22:03.403727Z","level":"INFO","message":"Packet D#7 delivered to K via D at tick 165 (latency: 0 ticks)","target":"indras_simulation::simulation","filename":"simulation/src/simulation.rs","line_number":360}
{"timestamp":"2026-01-24T06:22:03.403747Z","level":"INFO","message":"Packet D#8 delivered to K via D at tick 165 (latency: 0 ticks)","target":"indras_simulation::simulation","filename":"simulation/src/simulation.rs","line_number":360}
{"timestamp":"2026-01-24T06:22:03.403765Z","level":"INFO","message":"Packet D#9 delivered to K via D at tick 165 (latency: 0 ticks)","target":"indras_simulation::simulation","filename":"simulation/src/simulation.rs","line_number":360}
{"timestamp":"2026-01-24T06:22:03.404842Z","level":"WARN","message":"Message from A to H dropped: sender offline after 10 retries","target":"indras_simulation::simulation","filename":"simulation/src/simulation.rs","line_number":454}
{"timestamp":"2026-01-24T06:22:03.404875Z","level":"WARN","message":"Message from A to H dropped: sender offline after 10 retries","target":"indras_simulation::simulation","filename":"simulation/src/simulation.rs","line_number":454}
{"timestamp":"2026-01-24T06:22:03.404893Z","level":"WARN","message":"Message from A to H dropped: sender offline after 10 retries","target":"indras_simulation::simulation","filename":"simulation/src/simulation.rs","line_number":454}
{"timestamp":"2026-01-24T06:22:03.405476Z","level":"INFO","message":"Packet H#19 delivered to A via H at tick 174 (latency: 13 ticks)","target":"indras_simulation::simulation","filename":"simulation/src/simulation.rs","line_number":360}
{"timestamp":"2026-01-24T06:22:03.405499Z","level":"INFO","message":"Packet H#20 delivered to A via H at tick 174 (latency: 13 ticks)","target":"indras_simulation::simulation","filename":"simulation/src/simulation.rs","line_number":360}
{"timestamp":"2026-01-24T06:22:03.406022Z","level":"INFO","message":"Packet D#10 delivered to A via D at tick 176 (latency: 0 ticks)","target":"indras_simulation::simulation","filename":"simulation/src/simulation.rs","line_number":360}
{"timestamp":"2026-01-24T06:22:03.406793Z","level":"INFO","message":"Phase 3 progress","source":"lua","fields":"{\"tick\":180,\"bundles_created\":17,\"copies\":11,\"delivered\":11,\"online\":6,\"trace_id\":\"572b0cdb-2769-4e98-be0d-a8a826a879e7\"}","target":"indras_simulation::lua::bindings::logging","filename":"simulation/src/lua/bindings/logging.rs","line_number":93}
{"timestamp":"2026-01-24T06:22:03.407374Z","level":"INFO","message":"Packet A#15 delivered to D via A at tick 182 (latency: 0 ticks)","target":"indras_simulation::simulation","filename":"simulation/src/simulation.rs","line_number":360}
{"timestamp":"2026-01-24T06:22:03.408150Z","level":"INFO","message":"Packet C#1 delivered to G via C at tick 185 (latency: 0 ticks)","target":"indras_simulation::simulation","filename":"simulation/src/simulation.rs","line_number":360}
{"timestamp":"2026-01-24T06:22:03.408174Z","level":"INFO","message":"Packet G#7 delivered to F via G at tick 185 (latency: 0 ticks)","target":"indras_simulation::simulation","filename":"simulation/src/simulation.rs","line_number":360}
{"timestamp":"2026-01-24T06:22:03.408191Z","level":"INFO","message":"Packet G#8 delivered to C via G at tick 185 (latency: 0 ticks)","target":"indras_simulation::simulation","filename":"simulation/src/simulation.rs","line_number":360}
{"timestamp":"2026-01-24T06:22:03.408440Z","level":"WARN","message":"Message from H to L dropped: sender offline after 10 retries","target":"indras_simulation::simulation","filename":"simulation/src/simulation.rs","line_number":454}
{"timestamp":"2026-01-24T06:22:03.409913Z","level":"INFO","message":"Packet B#3 delivered to E via B at tick 194 (latency: 0 ticks)","target":"indras_simulation::simulation","filename":"simulation/src/simulation.rs","line_number":360}
{"timestamp":"2026-01-24T06:22:03.410892Z","level":"INFO","message":"Packet A#16 delivered to J via A at tick 199 (latency: 0 ticks)","target":"indras_simulation::simulation","filename":"simulation/src/simulation.rs","line_number":360}
{"timestamp":"2026-01-24T06:22:03.411841Z","level":"WARN","message":"Message from H to E dropped: sender offline after 10 retries","target":"indras_simulation::simulation","filename":"simulation/src/simulation.rs","line_number":454}
{"timestamp":"2026-01-24T06:22:03.412548Z","level":"INFO","message":"Phase 3 progress","source":"lua","fields":"{\"copies\":18,\"tick\":210,\"bundles_created\":20,\"online\":5,\"trace_id\":\"572b0cdb-2769-4e98-be0d-a8a826a879e7\",\"delivered\":18}","target":"indras_simulation::lua::bindings::logging","filename":"simulation/src/lua/bindings/logging.rs","line_number":93}
{"timestamp":"2026-01-24T06:22:03.414844Z","level":"INFO","message":"Phase 4: Dynamic strategy switching test","source":"lua","fields":"{\"phase\":\"switching\",\"buffer_threshold\":0.7,\"ticks\":120,\"connectivity_thresholds\":{\"high\":0.5,\"low\":0.2},\"trace_id\":\"572b0cdb-2769-4e98-be0d-a8a826a879e7\"}","target":"indras_simulation::lua::bindings::logging","filename":"simulation/src/lua/bindings/logging.rs","line_number":93}
{"timestamp":"2026-01-24T06:22:03.414943Z","level":"INFO","message":"Strategy switched","source":"lua","fields":"{\"to\":\"prophet\",\"tick\":221,\"total_switches\":1,\"trace_id\":\"572b0cdb-2769-4e98-be0d-a8a826a879e7\",\"reason\":\"low_delivery_rate=0.41\",\"from\":\"direct\"}","target":"indras_simulation::lua::bindings::logging","filename":"simulation/src/lua/bindings/logging.rs","line_number":93}
{"timestamp":"2026-01-24T06:22:03.415311Z","level":"INFO","message":"Packet A#17 delivered to H via A at tick 221 (latency: 0 ticks)","target":"indras_simulation::simulation","filename":"simulation/src/simulation.rs","line_number":360}
{"timestamp":"2026-01-24T06:22:03.419287Z","level":"INFO","message":"Packet B#4 delivered to E via B at tick 233 (latency: 0 ticks)","target":"indras_simulation::simulation","filename":"simulation/src/simulation.rs","line_number":360}
{"timestamp":"2026-01-24T06:22:03.419755Z","level":"INFO","message":"Packet B#5 delivered to E via B at tick 234 (latency: 0 ticks)","target":"indras_simulation::simulation","filename":"simulation/src/simulation.rs","line_number":360}
{"timestamp":"2026-01-24T06:22:03.423018Z","level":"INFO","message":"Phase 4 progress","source":"lua","fields":"{\"trace_id\":\"572b0cdb-2769-4e98-be0d-a8a826a879e7\",\"delivered\":0,\"online\":2,\"switches\":1,\"tick\":240,\"strategy\":\"prophet\",\"bundles_created\":17,\"connectivity\":\"0.25\"}","target":"indras_simulation::lua::bindings::logging","filename":"simulation/src/lua/bindings/logging.rs","line_number":93}
{"timestamp":"2026-01-24T06:22:03.423073Z","level":"INFO","message":"Strategy switched","source":"lua","fields":"{\"from\":\"prophet\",\"tick\":241,\"reason\":\"low_connectivity=0.17\",\"to\":\"epidemic\",\"total_switches\":2,\"trace_id\":\"572b0cdb-2769-4e98-be0d-a8a826a879e7\"}","target":"indras_simulation::lua::bindings::logging","filename":"simulation/src/lua/bindings/logging.rs","line_number":93}
{"timestamp":"2026-01-24T06:22:03.423949Z","level":"INFO","message":"Packet B#6 delivered to E via B at tick 242 (latency: 0 ticks)","target":"indras_simulation::simulation","filename":"simulation/src/simulation.rs","line_number":360}
{"timestamp":"2026-01-24T06:22:03.423970Z","level":"INFO","message":"Packet B#7 delivered to E via B at tick 242 (latency: 0 ticks)","target":"indras_simulation::simulation","filename":"simulation/src/simulation.rs","line_number":360}
{"timestamp":"2026-01-24T06:22:03.423987Z","level":"INFO","message":"Packet B#8 delivered to E via B at tick 242 (latency: 0 ticks)","target":"indras_simulation::simulation","filename":"simulation/src/simulation.rs","line_number":360}
{"timestamp":"2026-01-24T06:22:03.424006Z","level":"INFO","message":"Packet B#9 delivered to E via B at tick 242 (latency: 0 ticks)","target":"indras_simulation::simulation","filename":"simulation/src/simulation.rs","line_number":360}
{"timestamp":"2026-01-24T06:22:03.424022Z","level":"INFO","message":"Packet B#10 delivered to E via B at tick 242 (latency: 0 ticks)","target":"indras_simulation::simulation","filename":"simulation/src/simulation.rs","line_number":360}
{"timestamp":"2026-01-24T06:22:03.424039Z","level":"INFO","message":"Packet B#11 delivered to E via B at tick 242 (latency: 0 ticks)","target":"indras_simulation::simulation","filename":"simulation/src/simulation.rs","line_number":360}
{"timestamp":"2026-01-24T06:22:03.424058Z","level":"INFO","message":"Packet E#11 delivered to B via E at tick 242 (latency: 0 ticks)","target":"indras_simulation::simulation","filename":"simulation/src/simulation.rs","line_number":360}
{"timestamp":"2026-01-24T06:22:03.424078Z","level":"INFO","message":"Packet E#12 delivered to B via E at tick 242 (latency: 0 ticks)","target":"indras_simulation::simulation","filename":"simulation/src/simulation.rs","line_number":360}
{"timestamp":"2026-01-24T06:22:03.424100Z","level":"INFO","message":"Packet E#13 delivered to B via E at tick 242 (latency: 0 ticks)","target":"indras_simulation::simulation","filename":"simulation/src/simulation.rs","line_number":360}
{"timestamp":"2026-01-24T06:22:03.424119Z","level":"INFO","message":"Packet E#14 delivered to B via E at tick 242 (latency: 0 ticks)","target":"indras_simulation::simulation","filename":"simulation/src/simulation.rs","line_number":360}
{"timestamp":"2026-01-24T06:22:03.424139Z","level":"INFO","message":"Packet B#12 delivered to E via B at tick 242 (latency: 0 ticks)","target":"indras_simulation::simulation","filename":"simulation/src/simulation.rs","line_number":360}
{"timestamp":"2026-01-24T06:22:03.424159Z","level":"INFO","message":"Packet B#13 delivered to E via B at tick 242 (latency: 0 ticks)","target":"indras_simulation::simulation","filename":"simulation/src/simulation.rs","line_number":360}
{"timestamp":"2026-01-24T06:22:03.424729Z","level":"INFO","message":"Packet B#14 delivered to E via B at tick 243 (latency: 0 ticks)","target":"indras_simulation::simulation","filename":"simulation/src/simulation.rs","line_number":360}
{"timestamp":"2026-01-24T06:22:03.429338Z","level":"INFO","message":"Packet F#0 delivered to G via F at tick 250 (latency: 5 ticks)","target":"indras_simulation::simulation","filename":"simulation/src/simulation.rs","line_number":360}
{"timestamp":"2026-01-24T06:22:03.429363Z","level":"INFO","message":"Packet G#9 delivered to F via G at tick 250 (latency: 0 ticks)","target":"indras_simulation::simulation","filename":"simulation/src/simulation.rs","line_number":360}
{"timestamp":"2026-01-24T06:22:03.429384Z","level":"INFO","message":"Packet G#10 delivered to F via G at tick 250 (latency: 0 ticks)","target":"indras_simulation::simulation","filename":"simulation/src/simulation.rs","line_number":360}
{"timestamp":"2026-01-24T06:22:03.429405Z","level":"INFO","message":"Packet G#11 delivered to F via G at tick 250 (latency: 0 ticks)","target":"indras_simulation::simulation","filename":"simulation/src/simulation.rs","line_number":360}
{"timestamp":"2026-01-24T06:22:03.429422Z","level":"INFO","message":"Packet G#12 delivered to F via G at tick 250 (latency: 0 ticks)","target":"indras_simulation::simulation","filename":"simulation/src/simulation.rs","line_number":360}
{"timestamp":"2026-01-24T06:22:03.429444Z","level":"INFO","message":"Packet G#13 delivered to F via G at tick 250 (latency: 0 ticks)","target":"indras_simulation::simulation","filename":"simulation/src/simulation.rs","line_number":360}
{"timestamp":"2026-01-24T06:22:03.429464Z","level":"INFO","message":"Packet G#14 delivered to F via G at tick 250 (latency: 0 ticks)","target":"indras_simulation::simulation","filename":"simulation/src/simulation.rs","line_number":360}
{"timestamp":"2026-01-24T06:22:03.429485Z","level":"INFO","message":"Packet J#4 delivered to A via J at tick 250 (latency: 0 ticks)","target":"indras_simulation::simulation","filename":"simulation/src/simulation.rs","line_number":360}
{"timestamp":"2026-01-24T06:22:03.429504Z","level":"INFO","message":"Packet J#5 delivered to A via J at tick 250 (latency: 0 ticks)","target":"indras_simulation::simulation","filename":"simulation/src/simulation.rs","line_number":360}
{"timestamp":"2026-01-24T06:22:03.429520Z","level":"INFO","message":"Packet A#18 delivered to J via A at tick 250 (latency: 0 ticks)","target":"indras_simulation::simulation","filename":"simulation/src/simulation.rs","line_number":360}
{"timestamp":"2026-01-24T06:22:03.429540Z","level":"INFO","message":"Packet J#6 delivered to A via J at tick 250 (latency: 0 ticks)","target":"indras_simulation::simulation","filename":"simulation/src/simulation.rs","line_number":360}
{"timestamp":"2026-01-24T06:22:03.429557Z","level":"INFO","message":"Packet J#7 delivered to A via J at tick 250 (latency: 0 ticks)","target":"indras_simulation::simulation","filename":"simulation/src/simulation.rs","line_number":360}
{"timestamp":"2026-01-24T06:22:03.429576Z","level":"INFO","message":"Packet J#8 delivered to A via J at tick 250 (latency: 0 ticks)","target":"indras_simulation::simulation","filename":"simulation/src/simulation.rs","line_number":360}
{"timestamp":"2026-01-24T06:22:03.429594Z","level":"INFO","message":"Packet J#9 delivered to A via J at tick 250 (latency: 0 ticks)","target":"indras_simulation::simulation","filename":"simulation/src/simulation.rs","line_number":360}
{"timestamp":"2026-01-24T06:22:03.429612Z","level":"INFO","message":"Packet A#19 delivered to J via A at tick 250 (latency: 0 ticks)","target":"indras_simulation::simulation","filename":"simulation/src/simulation.rs","line_number":360}
{"timestamp":"2026-01-24T06:22:03.429631Z","level":"INFO","message":"Packet A#20 delivered to J via A at tick 250 (latency: 0 ticks)","target":"indras_simulation::simulation","filename":"simulation/src/simulation.rs","line_number":360}
{"timestamp":"2026-01-24T06:22:03.429650Z","level":"INFO","message":"Packet J#10 delivered to A via J at tick 250 (latency: 0 ticks)","target":"indras_simulation::simulation","filename":"simulation/src/simulation.rs","line_number":360}
{"timestamp":"2026-01-24T06:22:03.430484Z","level":"INFO","message":"Packet F#2 delivered to G via F at tick 251 (latency: 0 ticks)","target":"indras_simulation::simulation","filename":"simulation/src/simulation.rs","line_number":360}
{"timestamp":"2026-01-24T06:22:03.430507Z","level":"INFO","message":"Packet F#3 delivered to G via F at tick 251 (latency: 0 ticks)","target":"indras_simulation::simulation","filename":"simulation/src/simulation.rs","line_number":360}
{"timestamp":"2026-01-24T06:22:03.430526Z","level":"INFO","message":"Packet F#4 delivered to G via F at tick 251 (latency: 0 ticks)","target":"indras_simulation::simulation","filename":"simulation/src/simulation.rs","line_number":360}
{"timestamp":"2026-01-24T06:22:03.430546Z","level":"INFO","message":"Packet F#5 delivered to G via F at tick 251 (latency: 0 ticks)","target":"indras_simulation::simulation","filename":"simulation/src/simulation.rs","line_number":360}
{"timestamp":"2026-01-24T06:22:03.430565Z","level":"INFO","message":"Packet F#6 delivered to G via F at tick 251 (latency: 0 ticks)","target":"indras_simulation::simulation","filename":"simulation/src/simulation.rs","line_number":360}
{"timestamp":"2026-01-24T06:22:03.430584Z","level":"INFO","message":"Packet A#21 delivered to J via A at tick 251 (latency: 0 ticks)","target":"indras_simulation::simulation","filename":"simulation/src/simulation.rs","line_number":360}
{"timestamp":"2026-01-24T06:22:03.430604Z","level":"INFO","message":"Packet F#7 delivered to G via F at tick 251 (latency: 0 ticks)","target":"indras_simulation::simulation","filename":"simulation/src/simulation.rs","line_number":360}
{"timestamp":"2026-01-24T06:22:03.430623Z","level":"INFO","message":"Packet F#8 delivered to G via F at tick 251 (latency: 0 ticks)","target":"indras_simulation::simulation","filename":"simulation/src/simulation.rs","line_number":360}
{"timestamp":"2026-01-24T06:22:03.430639Z","level":"INFO","message":"Packet F#9 delivered to G via F at tick 251 (latency: 0 ticks)","target":"indras_simulation::simulation","filename":"simulation/src/simulation.rs","line_number":360}
{"timestamp":"2026-01-24T06:22:03.430658Z","level":"INFO","message":"Packet F#10 delivered to G via F at tick 251 (latency: 0 ticks)","target":"indras_simulation::simulation","filename":"simulation/src/simulation.rs","line_number":360}
{"timestamp":"2026-01-24T06:22:03.430675Z","level":"INFO","message":"Packet F#11 delivered to G via F at tick 251 (latency: 0 ticks)","target":"indras_simulation::simulation","filename":"simulation/src/simulation.rs","line_number":360}
{"timestamp":"2026-01-24T06:22:03.430693Z","level":"INFO","message":"Packet F#12 delivered to G via F at tick 251 (latency: 0 ticks)","target":"indras_simulation::simulation","filename":"simulation/src/simulation.rs","line_number":360}
{"timestamp":"2026-01-24T06:22:03.430713Z","level":"INFO","message":"Packet F#13 delivered to G via F at tick 251 (latency: 0 ticks)","target":"indras_simulation::simulation","filename":"simulation/src/simulation.rs","line_number":360}
{"timestamp":"2026-01-24T06:22:03.430732Z","level":"INFO","message":"Packet F#14 delivered to G via F at tick 251 (latency: 0 ticks)","target":"indras_simulation::simulation","filename":"simulation/src/simulation.rs","line_number":360}
{"timestamp":"2026-01-24T06:22:03.432362Z","level":"INFO","message":"Packet G#15 delivered to F via G at tick 254 (latency: 0 ticks)","target":"indras_simulation::simulation","filename":"simulation/src/simulation.rs","line_number":360}
{"timestamp":"2026-01-24T06:22:03.433066Z","level":"WARN","message":"Message from E to F dropped: sender offline after 10 retries","target":"indras_simulation::simulation","filename":"simulation/src/simulation.rs","line_number":454}
{"timestamp":"2026-01-24T06:22:03.433093Z","level":"WARN","message":"Message from E to F dropped: sender offline after 10 retries","target":"indras_simulation::simulation","filename":"simulation/src/simulation.rs","line_number":454}
{"timestamp":"2026-01-24T06:22:03.433108Z","level":"WARN","message":"Message from E to F dropped: sender offline after 10 retries","target":"indras_simulation::simulation","filename":"simulation/src/simulation.rs","line_number":454}
{"timestamp":"2026-01-24T06:22:03.433123Z","level":"WARN","message":"Message from E to F dropped: sender offline after 10 retries","target":"indras_simulation::simulation","filename":"simulation/src/simulation.rs","line_number":454}
{"timestamp":"2026-01-24T06:22:03.433137Z","level":"WARN","message":"Message from E to F dropped: sender offline after 10 retries","target":"indras_simulation::simulation","filename":"simulation/src/simulation.rs","line_number":454}
{"timestamp":"2026-01-24T06:22:03.433151Z","level":"WARN","message":"Message from E to F dropped: sender offline after 10 retries","target":"indras_simulation::simulation","filename":"simulation/src/simulation.rs","line_number":454}
{"timestamp":"2026-01-24T06:22:03.433165Z","level":"WARN","message":"Message from E to F dropped: sender offline after 10 retries","target":"indras_simulation::simulation","filename":"simulation/src/simulation.rs","line_number":454}
{"timestamp":"2026-01-24T06:22:03.433179Z","level":"WARN","message":"Message from E to F dropped: sender offline after 10 retries","target":"indras_simulation::simulation","filename":"simulation/src/simulation.rs","line_number":454}
{"timestamp":"2026-01-24T06:22:03.433193Z","level":"WARN","message":"Message from E to F dropped: sender offline after 10 retries","target":"indras_simulation::simulation","filename":"simulation/src/simulation.rs","line_number":454}
{"timestamp":"2026-01-24T06:22:03.433207Z","level":"WARN","message":"Message from E to F dropped: sender offline after 10 retries","target":"indras_simulation::simulation","filename":"simulation/src/simulation.rs","line_number":454}
{"timestamp":"2026-01-24T06:22:03.433221Z","level":"WARN","message":"Message from E to F dropped: sender offline after 10 retries","target":"indras_simulation::simulation","filename":"simulation/src/simulation.rs","line_number":454}
{"timestamp":"2026-01-24T06:22:03.433235Z","level":"WARN","message":"Message from E to F dropped: sender offline after 10 retries","target":"indras_simulation::simulation","filename":"simulation/src/simulation.rs","line_number":454}
{"timestamp":"2026-01-24T06:22:03.433247Z","level":"WARN","message":"Message from E to F dropped: sender offline after 10 retries","target":"indras_simulation::simulation","filename":"simulation/src/simulation.rs","line_number":454}
{"timestamp":"2026-01-24T06:22:03.433261Z","level":"WARN","message":"Message from E to F dropped: sender offline after 10 retries","target":"indras_simulation::simulation","filename":"simulation/src/simulation.rs","line_number":454}
{"timestamp":"2026-01-24T06:22:03.433275Z","level":"WARN","message":"Message from E to F dropped: sender offline after 10 retries","target":"indras_simulation::simulation","filename":"simulation/src/simulation.rs","line_number":454}
{"timestamp":"2026-01-24T06:22:03.433298Z","level":"INFO","message":"Packet F#15 delivered to G via F at tick 255 (latency: 0 ticks)","target":"indras_simulation::simulation","filename":"simulation/src/simulation.rs","line_number":360}
{"timestamp":"2026-01-24T06:22:03.434005Z","level":"INFO","message":"Packet F#16 delivered to G via F at tick 256 (latency: 0 ticks)","target":"indras_simulation::simulation","filename":"simulation/src/simulation.rs","line_number":360}
{"timestamp":"2026-01-24T06:22:03.436805Z","level":"INFO","message":"Strategy switched","source":"lua","fields":"{\"trace_id\":\"572b0cdb-2769-4e98-be0d-a8a826a879e7\",\"from\":\"epidemic\",\"reason\":\"high_buffer=1.00\",\"total_switches\":3,\"tick\":261,\"to\":\"direct\"}","target":"indras_simulation::lua::bindings::logging","filename":"simulation/src/lua/bindings/logging.rs","line_number":93}
{"timestamp":"2026-01-24T06:22:03.437699Z","level":"WARN","message":"Message from J to A dropped: sender offline after 10 retries","target":"indras_simulation::simulation","filename":"simulation/src/simulation.rs","line_number":454}
{"timestamp":"2026-01-24T06:22:03.438563Z","level":"INFO","message":"Packet F#1 delivered to E via F at tick 264 (latency: 19 ticks)","target":"indras_simulation::simulation","filename":"simulation/src/simulation.rs","line_number":360}
{"timestamp":"2026-01-24T06:22:03.441058Z","level":"INFO","message":"Packet K#0 delivered to D via K at tick 270 (latency: 0 ticks)","target":"indras_simulation::simulation","filename":"simulation/src/simulation.rs","line_number":360}
{"timestamp":"2026-01-24T06:22:03.441080Z","level":"INFO","message":"Packet H#21 delivered to L via H at tick 270 (latency: 0 ticks)","target":"indras_simulation::simulation","filename":"simulation/src/simulation.rs","line_number":360}
{"timestamp":"2026-01-24T06:22:03.441098Z","level":"INFO","message":"Packet H#22 delivered to L via H at tick 270 (latency: 0 ticks)","target":"indras_simulation::simulation","filename":"simulation/src/simulation.rs","line_number":360}
{"timestamp":"2026-01-24T06:22:03.442024Z","level":"INFO","message":"Packet H#23 delivered to A via H at tick 272 (latency: 0 ticks)","target":"indras_simulation::simulation","filename":"simulation/src/simulation.rs","line_number":360}
{"timestamp":"2026-01-24T06:22:03.445060Z","level":"WARN","message":"Message from E to H dropped: sender offline after 10 retries","target":"indras_simulation::simulation","filename":"simulation/src/simulation.rs","line_number":454}
{"timestamp":"2026-01-24T06:22:03.445082Z","level":"WARN","message":"Message from E to H dropped: sender offline after 10 retries","target":"indras_simulation::simulation","filename":"simulation/src/simulation.rs","line_number":454}
{"timestamp":"2026-01-24T06:22:03.445098Z","level":"WARN","message":"Message from E to H dropped: sender offline after 10 retries","target":"indras_simulation::simulation","filename":"simulation/src/simulation.rs","line_number":454}
{"timestamp":"2026-01-24T06:22:03.445795Z","level":"INFO","message":"Packet E#10 delivered to H via E at tick 282 (latency: 52 ticks)","target":"indras_simulation::simulation","filename":"simulation/src/simulation.rs","line_number":360}
{"timestamp":"2026-01-24T06:22:03.447335Z","level":"INFO","message":"Strategy switched","source":"lua","fields":"{\"tick\":289,\"total_switches\":4,\"from\":\"direct\",\"to\":\"epidemic\",\"trace_id\":\"572b0cdb-2769-4e98-be0d-a8a826a879e7\",\"reason\":\"low_connectivity=0.08\"}","target":"indras_simulation::lua::bindings::logging","filename":"simulation/src/lua/bindings/logging.rs","line_number":93}
{"timestamp":"2026-01-24T06:22:03.449451Z","level":"INFO","message":"Packet I#2 delivered to H via I at tick 294 (latency: 1 ticks)","target":"indras_simulation::simulation","filename":"simulation/src/simulation.rs","line_number":360}
{"timestamp":"2026-01-24T06:22:03.449473Z","level":"INFO","message":"Packet I#3 delivered to H via I at tick 294 (latency: 1 ticks)","target":"indras_simulation::simulation","filename":"simulation/src/simulation.rs","line_number":360}
{"timestamp":"2026-01-24T06:22:03.449495Z","level":"INFO","message":"Packet I#4 delivered to H via I at tick 294 (latency: 1 ticks)","target":"indras_simulation::simulation","filename":"simulation/src/simulation.rs","line_number":360}
{"timestamp":"2026-01-24T06:22:03.449517Z","level":"INFO","message":"Packet L#2 delivered to H via L at tick 294 (latency: 1 ticks)","target":"indras_simulation::simulation","filename":"simulation/src/simulation.rs","line_number":360}
{"timestamp":"2026-01-24T06:22:03.449536Z","level":"INFO","message":"Packet L#3 delivered to H via L at tick 294 (latency: 1 ticks)","target":"indras_simulation::simulation","filename":"simulation/src/simulation.rs","line_number":360}
{"timestamp":"2026-01-24T06:22:03.449556Z","level":"INFO","message":"Packet L#4 delivered to H via L at tick 294 (latency: 1 ticks)","target":"indras_simulation::simulation","filename":"simulation/src/simulation.rs","line_number":360}
{"timestamp":"2026-01-24T06:22:03.450069Z","level":"INFO","message":"Packet H#24 delivered to L via H at tick 295 (latency: 0 ticks)","target":"indras_simulation::simulation","filename":"simulation/src/simulation.rs","line_number":360}
{"timestamp":"2026-01-24T06:22:03.450090Z","level":"INFO","message":"Packet H#25 delivered to I via H at tick 295 (latency: 0 ticks)","target":"indras_simulation::simulation","filename":"simulation/src/simulation.rs","line_number":360}
{"timestamp":"2026-01-24T06:22:03.450108Z","level":"INFO","message":"Packet H#26 delivered to L via H at tick 295 (latency: 0 ticks)","target":"indras_simulation::simulation","filename":"simulation/src/simulation.rs","line_number":360}
{"timestamp":"2026-01-24T06:22:03.450126Z","level":"INFO","message":"Packet H#27 delivered to I via H at tick 295 (latency: 0 ticks)","target":"indras_simulation::simulation","filename":"simulation/src/simulation.rs","line_number":360}
{"timestamp":"2026-01-24T06:22:03.450144Z","level":"INFO","message":"Packet H#28 delivered to I via H at tick 295 (latency: 0 ticks)","target":"indras_simulation::simulation","filename":"simulation/src/simulation.rs","line_number":360}
{"timestamp":"2026-01-24T06:22:03.450162Z","level":"INFO","message":"Packet H#29 delivered to L via H at tick 295 (latency: 0 ticks)","target":"indras_simulation::simulation","filename":"simulation/src/simulation.rs","line_number":360}
{"timestamp":"2026-01-24T06:22:03.452740Z","level":"INFO","message":"Phase 4 progress","source":"lua","fields":"{\"tick\":300,\"delivered\":11,\"trace_id\":\"572b0cdb-2769-4e98-be0d-a8a826a879e7\",\"online\":6,\"bundles_created\":30,\"switches\":4,\"connectivity\":\"0.42\",\"strategy\":\"epidemic\"}","target":"indras_simulation::lua::bindings::logging","filename":"simulation/src/lua/bindings/logging.rs","line_number":93}
{"timestamp":"2026-01-24T06:22:03.453181Z","level":"INFO","message":"Packet G#16 delivered to C via G at tick 301 (latency: 0 ticks)","target":"indras_simulation::simulation","filename":"simulation/src/simulation.rs","line_number":360}
{"timestamp":"2026-01-24T06:22:03.453202Z","level":"INFO","message":"Packet G#17 delivered to H via G at tick 301 (latency: 0 ticks)","target":"indras_simulation::simulation","filename":"simulation/src/simulation.rs","line_number":360}
{"timestamp":"2026-01-24T06:22:03.453242Z","level":"INFO","message":"Packet G#18 delivered to C via G at tick 301 (latency: 0 ticks)","target":"indras_simulation::simulation","filename":"simulation/src/simulation.rs","line_number":360}
{"timestamp":"2026-01-24T06:22:03.453263Z","level":"INFO","message":"Packet G#19 delivered to H via G at tick 301 (latency: 0 ticks)","target":"indras_simulation::simulation","filename":"simulation/src/simulation.rs","line_number":360}
{"timestamp":"2026-01-24T06:22:03.453281Z","level":"INFO","message":"Packet G#20 delivered to H via G at tick 301 (latency: 0 ticks)","target":"indras_simulation::simulation","filename":"simulation/src/simulation.rs","line_number":360}
{"timestamp":"2026-01-24T06:22:03.453302Z","level":"INFO","message":"Packet G#21 delivered to H via G at tick 301 (latency: 0 ticks)","target":"indras_simulation::simulation","filename":"simulation/src/simulation.rs","line_number":360}
{"timestamp":"2026-01-24T06:22:03.453320Z","level":"INFO","message":"Packet G#22 delivered to C via G at tick 301 (latency: 0 ticks)","target":"indras_simulation::simulation","filename":"simulation/src/simulation.rs","line_number":360}
{"timestamp":"2026-01-24T06:22:03.453338Z","level":"INFO","message":"Packet G#23 delivered to C via G at tick 301 (latency: 0 ticks)","target":"indras_simulation::simulation","filename":"simulation/src/simulation.rs","line_number":360}
{"timestamp":"2026-01-24T06:22:03.453357Z","level":"INFO","message":"Packet G#24 delivered to H via G at tick 301 (latency: 0 ticks)","target":"indras_simulation::simulation","filename":"simulation/src/simulation.rs","line_number":360}
{"timestamp":"2026-01-24T06:22:03.453376Z","level":"INFO","message":"Packet C#2 delivered to G via C at tick 301 (latency: 0 ticks)","target":"indras_simulation::simulation","filename":"simulation/src/simulation.rs","line_number":360}
{"timestamp":"2026-01-24T06:22:03.453395Z","level":"INFO","message":"Packet G#25 delivered to H via G at tick 301 (latency: 0 ticks)","target":"indras_simulation::simulation","filename":"simulation/src/simulation.rs","line_number":360}
{"timestamp":"2026-01-24T06:22:03.453413Z","level":"INFO","message":"Packet G#26 delivered to C via G at tick 301 (latency: 0 ticks)","target":"indras_simulation::simulation","filename":"simulation/src/simulation.rs","line_number":360}
{"timestamp":"2026-01-24T06:22:03.453435Z","level":"INFO","message":"Packet G#27 delivered to H via G at tick 301 (latency: 0 ticks)","target":"indras_simulation::simulation","filename":"simulation/src/simulation.rs","line_number":360}
{"timestamp":"2026-01-24T06:22:03.453452Z","level":"INFO","message":"Packet G#28 delivered to C via G at tick 301 (latency: 0 ticks)","target":"indras_simulation::simulation","filename":"simulation/src/simulation.rs","line_number":360}
{"timestamp":"2026-01-24T06:22:03.453469Z","level":"INFO","message":"Packet C#3 delivered to G via C at tick 301 (latency: 0 ticks)","target":"indras_simulation::simulation","filename":"simulation/src/simulation.rs","line_number":360}
{"timestamp":"2026-01-24T06:22:03.453487Z","level":"INFO","message":"Packet G#29 delivered to C via G at tick 301 (latency: 0 ticks)","target":"indras_simulation::simulation","filename":"simulation/src/simulation.rs","line_number":360}
{"timestamp":"2026-01-24T06:22:03.453504Z","level":"INFO","message":"Packet G#30 delivered to H via G at tick 301 (latency: 0 ticks)","target":"indras_simulation::simulation","filename":"simulation/src/simulation.rs","line_number":360}
{"timestamp":"2026-01-24T06:22:03.453771Z","level":"INFO","message":"Packet G#32 delivered to F via G at tick 302 (latency: 0 ticks)","target":"indras_simulation::simulation","filename":"simulation/src/simulation.rs","line_number":360}
{"timestamp":"2026-01-24T06:22:03.453791Z","level":"INFO","message":"Packet G#34 delivered to F via G at tick 302 (latency: 0 ticks)","target":"indras_simulation::simulation","filename":"simulation/src/simulation.rs","line_number":360}
{"timestamp":"2026-01-24T06:22:03.454812Z","level":"INFO","message":"Strategy switched","source":"lua","fields":"{\"reason\":\"high_connectivity=0.50\",\"tick\":309,\"total_switches\":5,\"trace_id\":\"572b0cdb-2769-4e98-be0d-a8a826a879e7\",\"to\":\"direct\",\"from\":\"epidemic\"}","target":"indras_simulation::lua::bindings::logging","filename":"simulation/src/lua/bindings/logging.rs","line_number":93}
{"timestamp":"2026-01-24T06:22:03.455255Z","level":"WARN","message":"Message from A to H dropped: sender offline after 10 retries","target":"indras_simulation::simulation","filename":"simulation/src/simulation.rs","line_number":454}
{"timestamp":"2026-01-24T06:22:03.455272Z","level":"WARN","message":"Message from A to D dropped: sender offline after 10 retries","target":"indras_simulation::simulation","filename":"simulation/src/simulation.rs","line_number":454}
{"timestamp":"2026-01-24T06:22:03.455286Z","level":"WARN","message":"Message from A to D dropped: sender offline after 10 retries","target":"indras_simulation::simulation","filename":"simulation/src/simulation.rs","line_number":454}
{"timestamp":"2026-01-24T06:22:03.455302Z","level":"WARN","message":"Message from A to H dropped: sender offline after 10 retries","target":"indras_simulation::simulation","filename":"simulation/src/simulation.rs","line_number":454}
{"timestamp":"2026-01-24T06:22:03.455321Z","level":"WARN","message":"Message from A to D dropped: sender offline after 10 retries","target":"indras_simulation::simulation","filename":"simulation/src/simulation.rs","line_number":454}
{"timestamp":"2026-01-24T06:22:03.455334Z","level":"WARN","message":"Message from A to H dropped: sender offline after 10 retries","target":"indras_simulation::simulation","filename":"simulation/src/simulation.rs","line_number":454}
{"timestamp":"2026-01-24T06:22:03.455349Z","level":"WARN","message":"Message from A to D dropped: sender offline after 10 retries","target":"indras_simulation::simulation","filename":"simulation/src/simulation.rs","line_number":454}
{"timestamp":"2026-01-24T06:22:03.455362Z","level":"WARN","message":"Message from A to H dropped: sender offline after 10 retries","target":"indras_simulation::simulation","filename":"simulation/src/simulation.rs","line_number":454}
{"timestamp":"2026-01-24T06:22:03.455377Z","level":"WARN","message":"Message from A to H dropped: sender offline after 10 retries","target":"indras_simulation::simulation","filename":"simulation/src/simulation.rs","line_number":454}
{"timestamp":"2026-01-24T06:22:03.455390Z","level":"WARN","message":"Message from A to D dropped: sender offline after 10 retries","target":"indras_simulation::simulation","filename":"simulation/src/simulation.rs","line_number":454}
{"timestamp":"2026-01-24T06:22:03.456519Z","level":"INFO","message":"Packet D#11 delivered to A via D at tick 312 (latency: 13 ticks)","target":"indras_simulation::simulation","filename":"simulation/src/simulation.rs","line_number":360}
{"timestamp":"2026-01-24T06:22:03.456538Z","level":"INFO","message":"Packet D#12 delivered to A via D at tick 312 (latency: 13 ticks)","target":"indras_simulation::simulation","filename":"simulation/src/simulation.rs","line_number":360}
{"timestamp":"2026-01-24T06:22:03.456566Z","level":"INFO","message":"Packet H#30 delivered to A via H at tick 312 (latency: 13 ticks)","target":"indras_simulation::simulation","filename":"simulation/src/simulation.rs","line_number":360}
{"timestamp":"2026-01-24T06:22:03.456585Z","level":"INFO","message":"Packet H#31 delivered to A via H at tick 312 (latency: 13 ticks)","target":"indras_simulation::simulation","filename":"simulation/src/simulation.rs","line_number":360}
{"timestamp":"2026-01-24T06:22:03.456603Z","level":"INFO","message":"Packet H#32 delivered to A via H at tick 312 (latency: 13 ticks)","target":"indras_simulation::simulation","filename":"simulation/src/simulation.rs","line_number":360}
{"timestamp":"2026-01-24T06:22:03.456622Z","level":"INFO","message":"Packet H#33 delivered to A via H at tick 312 (latency: 13 ticks)","target":"indras_simulation::simulation","filename":"simulation/src/simulation.rs","line_number":360}
{"timestamp":"2026-01-24T06:22:03.456639Z","level":"INFO","message":"Packet H#34 delivered to A via H at tick 312 (latency: 13 ticks)","target":"indras_simulation::simulation","filename":"simulation/src/simulation.rs","line_number":360}
{"timestamp":"2026-01-24T06:22:03.456659Z","level":"INFO","message":"Packet H#35 delivered to A via H at tick 312 (latency: 13 ticks)","target":"indras_simulation::simulation","filename":"simulation/src/simulation.rs","line_number":360}
{"timestamp":"2026-01-24T06:22:03.460380Z","level":"INFO","message":"Packet A#22 delivered to J via A at tick 328 (latency: 0 ticks)","target":"indras_simulation::simulation","filename":"simulation/src/simulation.rs","line_number":360}
{"timestamp":"2026-01-24T06:22:03.460403Z","level":"INFO","message":"Packet A#23 delivered to J via A at tick 328 (latency: 0 ticks)","target":"indras_simulation::simulation","filename":"simulation/src/simulation.rs","line_number":360}
{"timestamp":"2026-01-24T06:22:03.461338Z","level":"INFO","message":"Packet H#36 delivered to G via H at tick 330 (latency: 0 ticks)","target":"indras_simulation::simulation","filename":"simulation/src/simulation.rs","line_number":360}
{"timestamp":"2026-01-24T06:22:03.461358Z","level":"INFO","message":"Packet H#37 delivered to I via H at tick 330 (latency: 0 ticks)","target":"indras_simulation::simulation","filename":"simulation/src/simulation.rs","line_number":360}
{"timestamp":"2026-01-24T06:22:03.461376Z","level":"INFO","message":"Packet H#38 delivered to A via H at tick 330 (latency: 0 ticks)","target":"indras_simulation::simulation","filename":"simulation/src/simulation.rs","line_number":360}
{"timestamp":"2026-01-24T06:22:03.461395Z","level":"INFO","message":"Packet H#39 delivered to G via H at tick 330 (latency: 0 ticks)","target":"indras_simulation::simulation","filename":"simulation/src/simulation.rs","line_number":360}
{"timestamp":"2026-01-24T06:22:03.461412Z","level":"INFO","message":"Packet H#40 delivered to G via H at tick 330 (latency: 0 ticks)","target":"indras_simulation::simulation","filename":"simulation/src/simulation.rs","line_number":360}
{"timestamp":"2026-01-24T06:22:03.461432Z","level":"INFO","message":"Packet H#41 delivered to A via H at tick 330 (latency: 0 ticks)","target":"indras_simulation::simulation","filename":"simulation/src/simulation.rs","line_number":360}
{"timestamp":"2026-01-24T06:22:03.461458Z","level":"INFO","message":"Packet G#31 delivered to H via G at tick 330 (latency: 28 ticks)","target":"indras_simulation::simulation","filename":"simulation/src/simulation.rs","line_number":360}
{"timestamp":"2026-01-24T06:22:03.461476Z","level":"INFO","message":"Packet G#33 delivered to H via G at tick 330 (latency: 28 ticks)","target":"indras_simulation::simulation","filename":"simulation/src/simulation.rs","line_number":360}
{"timestamp":"2026-01-24T06:22:03.461958Z","level":"INFO","message":"Packet D#13 delivered to K via D at tick 332 (latency: 0 ticks)","target":"indras_simulation::simulation","filename":"simulation/src/simulation.rs","line_number":360}
{"timestamp":"2026-01-24T06:22:03.463175Z","level":"INFO","message":"Phase 5: Drain phase","source":"lua","fields":"{\"trace_id\":\"572b0cdb-2769-4e98-be0d-a8a826a879e7\",\"phase\":\"drain\",\"ticks\":60}","target":"indras_simulation::lua::bindings::logging","filename":"simulation/src/lua/bindings/logging.rs","line_number":93}
{"timestamp":"2026-01-24T06:22:03.463385Z","level":"INFO","message":"Packet B#15 delivered to E via B at tick 341 (latency: 0 ticks)","target":"indras_simulation::simulation","filename":"simulation/src/simulation.rs","line_number":360}
{"timestamp":"2026-01-24T06:22:03.463407Z","level":"INFO","message":"Packet A#24 delivered to H via A at tick 341 (latency: 0 ticks)","target":"indras_simulation::simulation","filename":"simulation/src/simulation.rs","line_number":360}
{"timestamp":"2026-01-24T06:22:03.463427Z","level":"INFO","message":"Packet A#25 delivered to J via A at tick 341 (latency: 0 ticks)","target":"indras_simulation::simulation","filename":"simulation/src/simulation.rs","line_number":360}
{"timestamp":"2026-01-24T06:22:03.463582Z","level":"INFO","message":"Packet D#14 delivered to A via D at tick 342 (latency: 0 ticks)","target":"indras_simulation::simulation","filename":"simulation/src/simulation.rs","line_number":360}
{"timestamp":"2026-01-24T06:22:03.463601Z","level":"INFO","message":"Packet D#15 delivered to A via D at tick 342 (latency: 0 ticks)","target":"indras_simulation::simulation","filename":"simulation/src/simulation.rs","line_number":360}
{"timestamp":"2026-01-24T06:22:03.463620Z","level":"INFO","message":"Packet E#15 delivered to A via E at tick 342 (latency: 0 ticks)","target":"indras_simulation::simulation","filename":"simulation/src/simulation.rs","line_number":360}
{"timestamp":"2026-01-24T06:22:03.463639Z","level":"INFO","message":"Packet E#16 delivered to H via E at tick 342 (latency: 0 ticks)","target":"indras_simulation::simulation","filename":"simulation/src/simulation.rs","line_number":360}
{"timestamp":"2026-01-24T06:22:03.463658Z","level":"INFO","message":"Packet D#16 delivered to A via D at tick 342 (latency: 0 ticks)","target":"indras_simulation::simulation","filename":"simulation/src/simulation.rs","line_number":360}
{"timestamp":"2026-01-24T06:22:03.463676Z","level":"INFO","message":"Packet D#17 delivered to A via D at tick 342 (latency: 0 ticks)","target":"indras_simulation::simulation","filename":"simulation/src/simulation.rs","line_number":360}
{"timestamp":"2026-01-24T06:22:03.463829Z","level":"INFO","message":"Packet A#26 delivered to E via A at tick 343 (latency: 0 ticks)","target":"indras_simulation::simulation","filename":"simulation/src/simulation.rs","line_number":360}
{"timestamp":"2026-01-24T06:22:03.463854Z","level":"INFO","message":"Packet A#27 delivered to H via A at tick 343 (latency: 0 ticks)","target":"indras_simulation::simulation","filename":"simulation/src/simulation.rs","line_number":360}
{"timestamp":"2026-01-24T06:22:03.463872Z","level":"INFO","message":"Packet A#28 delivered to H via A at tick 343 (latency: 0 ticks)","target":"indras_simulation::simulation","filename":"simulation/src/simulation.rs","line_number":360}
{"timestamp":"2026-01-24T06:22:03.463895Z","level":"INFO","message":"Packet A#29 delivered to H via A at tick 343 (latency: 0 ticks)","target":"indras_simulation::simulation","filename":"simulation/src/simulation.rs","line_number":360}
{"timestamp":"2026-01-24T06:22:03.464048Z","level":"INFO","message":"Packet K#1 delivered to D via K at tick 346 (latency: 1 ticks)","target":"indras_simulation::simulation","filename":"simulation/src/simulation.rs","line_number":360}
{"timestamp":"2026-01-24T06:22:03.464065Z","level":"INFO","message":"Packet K#2 delivered to D via K at tick 346 (latency: 1 ticks)","target":"indras_simulation::simulation","filename":"simulation/src/simulation.rs","line_number":360}
{"timestamp":"2026-01-24T06:22:03.464082Z","level":"INFO","message":"Packet K#3 delivered to D via K at tick 346 (latency: 1 ticks)","target":"indras_simulation::simulation","filename":"simulation/src/simulation.rs","line_number":360}
{"timestamp":"2026-01-24T06:22:03.464098Z","level":"INFO","message":"Packet K#4 delivered to D via K at tick 346 (latency: 1 ticks)","target":"indras_simulation::simulation","filename":"simulation/src/simulation.rs","line_number":360}
{"timestamp":"2026-01-24T06:22:03.466708Z","level":"INFO","message":"DTN strategy stress test completed","source":"lua","fields":"{\"epidemic_overhead\":\"10.78\",\"total_switches\":5,\"prophet_overhead\":\"0.60\",\"total_copies_created\":243,\"overall_delivery_rate\":\"0.520\",\"prophet_delivery_rate\":\"0.595\",\"epidemic_delivery_rate\":\"0.474\",\"total_bundles_delivered\":52,\"direct_overhead\":\"3.78\",\"direct_delivery_rate\":\"0.450\",\"level\":\"quick\",\"network_messages_sent\":243,\"total_bundles_created\":100,\"total_bundles_expired\":47,\"network_messages_delivered\":205,\"trace_id\":\"572b0cdb-2769-4e98-be0d-a8a826a879e7\",\"final_tick\":400}","target":"indras_simulation::lua::bindings::logging","filename":"simulation/src/lua/bindings/logging.rs","line_number":93}
{"timestamp":"2026-01-24T06:22:03.466831Z","level":"INFO","message":"Phase summary: direct","source":"lua","fields":"{\"bundles_sent\":20,\"trace_id\":\"572b0cdb-2769-4e98-be0d-a8a826a879e7\",\"delivery_rate\":\"0.900\",\"switches\":0,\"expired\":8,\"avg_latency\":\"45.5\",\"delivered\":18,\"copies\":18,\"phase\":\"direct\"}","target":"indras_simulation::lua::bindings::logging","filename":"simulation/src/lua/bindings/logging.rs","line_number":93}
{"timestamp":"2026-01-24T06:22:03.466877Z","level":"INFO","message":"Phase summary: epidemic","source":"lua","fields":"{\"copies\":62,\"avg_latency\":\"1.6\",\"delivered\":11,\"trace_id\":\"572b0cdb-2769-4e98-be0d-a8a826a879e7\",\"switches\":0,\"delivery_rate\":\"0.440\",\"phase\":\"epidemic\",\"expired\":0,\"bundles_sent\":25}","target":"indras_simulation::lua::bindings::logging","filename":"simulation/src/lua/bindings/logging.rs","line_number":93}
{"timestamp":"2026-01-24T06:22:03.466921Z","level":"INFO","message":"Phase summary: prophet","source":"lua","fields":"{\"delivery_rate\":\"0.000\",\"phase\":\"prophet\",\"delivered\":0,\"switches\":0,\"avg_latency\":\"0.0\",\"bundles_sent\":25,\"trace_id\":\"572b0cdb-2769-4e98-be0d-a8a826a879e7\",\"copies\":11,\"expired\":6}","target":"indras_simulation::lua::bindings::logging","filename":"simulation/src/lua/bindings/logging.rs","line_number":93}
{"timestamp":"2026-01-24T06:22:03.466967Z","level":"INFO","message":"Phase summary: switching","source":"lua","fields":"{\"avg_latency\":\"72.3\",\"delivery_rate\":\"0.767\",\"phase\":\"switching\",\"delivered\":23,\"expired\":22,\"trace_id\":\"572b0cdb-2769-4e98-be0d-a8a826a879e7\",\"copies\":135,\"bundles_sent\":30,\"switches\":5}","target":"indras_simulation::lua::bindings::logging","filename":"simulation/src/lua/bindings/logging.rs","line_number":93}
{"timestamp":"2026-01-24T06:22:03.467018Z","level":"INFO","message":"DTN strategy stress test passed","source":"lua","fields":"{\"direct_overhead\":\"3.78\",\"overall_delivery_rate\":\"0.520\",\"level\":\"quick\",\"total_switches\":5,\"prophet_overhead\":\"0.60\",\"trace_id\":\"572b0cdb-2769-4e98-be0d-a8a826a879e7\",\"epidemic_overhead\":\"10.78\"}","target":"indras_simulation::lua::bindings::logging","filename":"simulation/src/lua/bindings/logging.rs","line_number":93}
{"timestamp":"2026-01-24T06:22:03.467056Z","level":"INFO","message":"Script completed successfully","target":"lua_runner","filename":"simulation/src/bin/lua_runner.rs","line_number":108}
