{"timestamp":"2026-01-24T06:23:24.943287Z","level":"INFO","message":"Running Lua script: simulation/scripts/scenarios/iot_stress.lua","target":"lua_runner","filename":"simulation/src/bin/lua_runner.rs","line_number":94}
{"timestamp":"2026-01-24T06:23:24.947299Z","level":"INFO","message":"Starting IoT stress test","source":"lua","fields":"{\"trace_id\":\"f013b0c8-729e-483b-b901-14cdc526b81a\",\"messages\":100,\"max_message_size\":256,\"level\":\"quick\",\"active_window\":5,\"ticks\":200,\"max_pending\":5,\"peers\":10,\"sleep_duration\":15}","target":"indras_simulation::lua::bindings::logging","filename":"simulation/src/lua/bindings/logging.rs","line_number":93}
{"timestamp":"2026-01-24T06:23:24.949189Z","level":"INFO","message":"Simulation initialized at tick 0","target":"indras_simulation::simulation","filename":"simulation/src/simulation.rs","line_number":180}
{"timestamp":"2026-01-24T06:23:24.949554Z","level":"INFO","message":"Phase 1: Testing duty cycle constraints","source":"lua","fields":"{\"active_window\":5,\"sleep_duration\":15,\"phase_ticks\":70,\"trace_id\":\"f013b0c8-729e-483b-b901-14cdc526b81a\"}","target":"indras_simulation::lua::bindings::logging","filename":"simulation/src/lua/bindings/logging.rs","line_number":93}
{"timestamp":"2026-01-24T06:23:24.950874Z","level":"INFO","message":"Packet J#1 delivered to H via I at tick 10 (latency: 2 ticks)","target":"indras_simulation::simulation","filename":"simulation/src/simulation.rs","line_number":360}
{"timestamp":"2026-01-24T06:23:24.951050Z","level":"INFO","message":"Back-propagation complete for packet J#1 (latency: 1 ticks)","target":"indras_simulation::simulation","filename":"simulation/src/simulation.rs","line_number":766}
{"timestamp":"2026-01-24T06:23:24.951289Z","level":"INFO","message":"Packet H#1 delivered to G via H at tick 13 (latency: 0 ticks)","target":"indras_simulation::simulation","filename":"simulation/src/simulation.rs","line_number":360}
{"timestamp":"2026-01-24T06:23:24.951334Z","level":"INFO","message":"Packet I#0 delivered to D via G at tick 13 (latency: 2 ticks)","target":"indras_simulation::simulation","filename":"simulation/src/simulation.rs","line_number":360}
{"timestamp":"2026-01-24T06:23:24.951628Z","level":"INFO","message":"Back-propagation complete for packet I#0 (latency: 2 ticks)","target":"indras_simulation::simulation","filename":"simulation/src/simulation.rs","line_number":766}
{"timestamp":"2026-01-24T06:23:24.951759Z","level":"INFO","message":"Packet J#2 delivered to E via H at tick 16 (latency: 7 ticks)","target":"indras_simulation::simulation","filename":"simulation/src/simulation.rs","line_number":360}
{"timestamp":"2026-01-24T06:23:24.951788Z","level":"INFO","message":"Packet J#3 delivered to E via H at tick 16 (latency: 6 ticks)","target":"indras_simulation::simulation","filename":"simulation/src/simulation.rs","line_number":360}
{"timestamp":"2026-01-24T06:23:24.953340Z","level":"INFO","message":"Packet A#3 delivered to B via A at tick 28 (latency: 0 ticks)","target":"indras_simulation::simulation","filename":"simulation/src/simulation.rs","line_number":360}
{"timestamp":"2026-01-24T06:23:24.953625Z","level":"INFO","message":"Packet B#1 delivered to J via A at tick 30 (latency: 5 ticks)","target":"indras_simulation::simulation","filename":"simulation/src/simulation.rs","line_number":360}
{"timestamp":"2026-01-24T06:23:24.953994Z","level":"INFO","message":"Packet H#2 delivered to I via H at tick 34 (latency: 0 ticks)","target":"indras_simulation::simulation","filename":"simulation/src/simulation.rs","line_number":360}
{"timestamp":"2026-01-24T06:23:24.954096Z","level":"INFO","message":"Packet I#2 delivered to J via I at tick 35 (latency: 0 ticks)","target":"indras_simulation::simulation","filename":"simulation/src/simulation.rs","line_number":360}
{"timestamp":"2026-01-24T06:23:24.954140Z","level":"INFO","message":"Back-propagation complete for packet J#3 (latency: 19 ticks)","target":"indras_simulation::simulation","filename":"simulation/src/simulation.rs","line_number":766}
{"timestamp":"2026-01-24T06:23:24.954159Z","level":"INFO","message":"Back-propagation complete for packet J#2 (latency: 19 ticks)","target":"indras_simulation::simulation","filename":"simulation/src/simulation.rs","line_number":766}
{"timestamp":"2026-01-24T06:23:24.954293Z","level":"INFO","message":"Packet I#3 delivered to G via H at tick 36 (latency: 0 ticks)","target":"indras_simulation::simulation","filename":"simulation/src/simulation.rs","line_number":360}
{"timestamp":"2026-01-24T06:23:24.954318Z","level":"INFO","message":"Packet D#0 delivered to I via H at tick 36 (latency: 18 ticks)","target":"indras_simulation::simulation","filename":"simulation/src/simulation.rs","line_number":360}
{"timestamp":"2026-01-24T06:23:24.954473Z","level":"INFO","message":"Back-propagation complete for packet I#3 (latency: 1 ticks)","target":"indras_simulation::simulation","filename":"simulation/src/simulation.rs","line_number":766}
{"timestamp":"2026-01-24T06:23:24.955107Z","level":"INFO","message":"Packet B#0 delivered to D via G at tick 42 (latency: 18 ticks)","target":"indras_simulation::simulation","filename":"simulation/src/simulation.rs","line_number":360}
{"timestamp":"2026-01-24T06:23:24.955133Z","level":"INFO","message":"Packet B#2 delivered to D via G at tick 42 (latency: 16 ticks)","target":"indras_simulation::simulation","filename":"simulation/src/simulation.rs","line_number":360}
{"timestamp":"2026-01-24T06:23:24.955305Z","level":"INFO","message":"Back-propagation complete for packet D#0 (latency: 7 ticks)","target":"indras_simulation::simulation","filename":"simulation/src/simulation.rs","line_number":766}
{"timestamp":"2026-01-24T06:23:24.955970Z","level":"INFO","message":"Back-propagation complete for packet B#1 (latency: 19 ticks)","target":"indras_simulation::simulation","filename":"simulation/src/simulation.rs","line_number":766}
{"timestamp":"2026-01-24T06:23:24.956072Z","level":"INFO","message":"Phase 1 progress","source":"lua","fields":"{\"trace_id\":\"f013b0c8-729e-483b-b901-14cdc526b81a\",\"messages_delivered\":9,\"state_transitions\":83,\"active_devices\":2,\"messages_created\":35,\"messages_dropped\":1,\"tick\":50}","target":"indras_simulation::lua::bindings::logging","filename":"simulation/src/lua/bindings/logging.rs","line_number":93}
{"timestamp":"2026-01-24T06:23:24.956749Z","level":"INFO","message":"Packet D#3 delivered to H via G at tick 60 (latency: 38 ticks)","target":"indras_simulation::simulation","filename":"simulation/src/simulation.rs","line_number":360}
{"timestamp":"2026-01-24T06:23:24.956787Z","level":"INFO","message":"Packet D#1 delivered to J via I at tick 60 (latency: 41 ticks)","target":"indras_simulation::simulation","filename":"simulation/src/simulation.rs","line_number":360}
{"timestamp":"2026-01-24T06:23:24.956802Z","level":"INFO","message":"Packet D#2 delivered to J via I at tick 60 (latency: 40 ticks)","target":"indras_simulation::simulation","filename":"simulation/src/simulation.rs","line_number":360}
{"timestamp":"2026-01-24T06:23:24.957030Z","level":"INFO","message":"Packet E#2 delivered to H via E at tick 64 (latency: 23 ticks)","target":"indras_simulation::simulation","filename":"simulation/src/simulation.rs","line_number":360}
{"timestamp":"2026-01-24T06:23:24.957166Z","level":"INFO","message":"Packet D#4 delivered to G via D at tick 66 (latency: 23 ticks)","target":"indras_simulation::simulation","filename":"simulation/src/simulation.rs","line_number":360}
{"timestamp":"2026-01-24T06:23:24.957255Z","level":"INFO","message":"Back-propagation complete for packet D#2 (latency: 7 ticks)","target":"indras_simulation::simulation","filename":"simulation/src/simulation.rs","line_number":766}
{"timestamp":"2026-01-24T06:23:24.957267Z","level":"INFO","message":"Back-propagation complete for packet D#1 (latency: 7 ticks)","target":"indras_simulation::simulation","filename":"simulation/src/simulation.rs","line_number":766}
{"timestamp":"2026-01-24T06:23:24.957278Z","level":"INFO","message":"Back-propagation complete for packet D#3 (latency: 7 ticks)","target":"indras_simulation::simulation","filename":"simulation/src/simulation.rs","line_number":766}
{"timestamp":"2026-01-24T06:23:24.957500Z","level":"INFO","message":"Phase 2: Testing bandwidth and message size constraints","source":"lua","fields":"{\"max_message_size\":256,\"bandwidth_limit\":512,\"phase_ticks\":70,\"trace_id\":\"f013b0c8-729e-483b-b901-14cdc526b81a\"}","target":"indras_simulation::lua::bindings::logging","filename":"simulation/src/lua/bindings/logging.rs","line_number":93}
{"timestamp":"2026-01-24T06:23:24.957992Z","level":"INFO","message":"Packet G#2 delivered to A via J at tick 78 (latency: 40 ticks)","target":"indras_simulation::simulation","filename":"simulation/src/simulation.rs","line_number":360}
{"timestamp":"2026-01-24T06:23:24.958171Z","level":"INFO","message":"Packet I#4 delivered to H via I at tick 82 (latency: 2 ticks)","target":"indras_simulation::simulation","filename":"simulation/src/simulation.rs","line_number":360}
{"timestamp":"2026-01-24T06:23:24.958254Z","level":"INFO","message":"Packet H#3 delivered to G via H at tick 84 (latency: 2 ticks)","target":"indras_simulation::simulation","filename":"simulation/src/simulation.rs","line_number":360}
{"timestamp":"2026-01-24T06:23:24.958325Z","level":"INFO","message":"Packet G#4 delivered to H via G at tick 85 (latency: 0 ticks)","target":"indras_simulation::simulation","filename":"simulation/src/simulation.rs","line_number":360}
{"timestamp":"2026-01-24T06:23:24.958354Z","level":"INFO","message":"Back-propagation complete for packet G#2 (latency: 7 ticks)","target":"indras_simulation::simulation","filename":"simulation/src/simulation.rs","line_number":766}
{"timestamp":"2026-01-24T06:23:24.958519Z","level":"INFO","message":"Packet E#3 delivered to G via H at tick 88 (latency: 0 ticks)","target":"indras_simulation::simulation","filename":"simulation/src/simulation.rs","line_number":360}
{"timestamp":"2026-01-24T06:23:24.958583Z","level":"INFO","message":"Back-propagation complete for packet E#3 (latency: 1 ticks)","target":"indras_simulation::simulation","filename":"simulation/src/simulation.rs","line_number":766}
{"timestamp":"2026-01-24T06:23:24.958662Z","level":"INFO","message":"Packet B#3 delivered to D via G at tick 90 (latency: 19 ticks)","target":"indras_simulation::simulation","filename":"simulation/src/simulation.rs","line_number":360}
{"timestamp":"2026-01-24T06:23:24.959324Z","level":"INFO","message":"Phase 2 progress","source":"lua","fields":"{\"dropped_bandwidth\":1,\"messages_created\":49,\"trace_id\":\"f013b0c8-729e-483b-b901-14cdc526b81a\",\"dropped_size\":56,\"tick\":100,\"bandwidth_throttle_events\":1}","target":"indras_simulation::lua::bindings::logging","filename":"simulation/src/lua/bindings/logging.rs","line_number":93}
{"timestamp":"2026-01-24T06:23:24.959629Z","level":"INFO","message":"Packet H#4 delivered to I via H at tick 108 (latency: 0 ticks)","target":"indras_simulation::simulation","filename":"simulation/src/simulation.rs","line_number":360}
{"timestamp":"2026-01-24T06:23:24.961445Z","level":"INFO","message":"Packet E#4 delivered to I via H at tick 130 (latency: 40 ticks)","target":"indras_simulation::simulation","filename":"simulation/src/simulation.rs","line_number":360}
{"timestamp":"2026-01-24T06:23:24.961901Z","level":"INFO","message":"Back-propagation complete for packet E#4 (latency: 7 ticks)","target":"indras_simulation::simulation","filename":"simulation/src/simulation.rs","line_number":766}
{"timestamp":"2026-01-24T06:23:24.962202Z","level":"INFO","message":"Phase 3: Testing memory pressure and buffer constraints","source":"lua","fields":"{\"trace_id\":\"f013b0c8-729e-483b-b901-14cdc526b81a\",\"buffer_size\":1024,\"phase_ticks\":60,\"max_pending\":5}","target":"indras_simulation::lua::bindings::logging","filename":"simulation/src/lua/bindings/logging.rs","line_number":93}
{"timestamp":"2026-01-24T06:23:24.962593Z","level":"WARN","message":"Back-propagation timed out for packet B#2 after 101 ticks","target":"indras_simulation::simulation","filename":"simulation/src/simulation.rs","line_number":732}
{"timestamp":"2026-01-24T06:23:24.962616Z","level":"WARN","message":"Back-propagation timed out for packet B#0 after 101 ticks","target":"indras_simulation::simulation","filename":"simulation/src/simulation.rs","line_number":732}
{"timestamp":"2026-01-24T06:23:24.962693Z","level":"INFO","message":"Packet B#7 delivered to A via B at tick 144 (latency: 0 ticks)","target":"indras_simulation::simulation","filename":"simulation/src/simulation.rs","line_number":360}
{"timestamp":"2026-01-24T06:23:24.962911Z","level":"INFO","message":"Packet B#12 delivered to A via B at tick 145 (latency: 0 ticks)","target":"indras_simulation::simulation","filename":"simulation/src/simulation.rs","line_number":360}
{"timestamp":"2026-01-24T06:23:24.963088Z","level":"INFO","message":"Packet B#15 delivered to A via B at tick 146 (latency: 0 ticks)","target":"indras_simulation::simulation","filename":"simulation/src/simulation.rs","line_number":360}
{"timestamp":"2026-01-24T06:23:24.963674Z","level":"INFO","message":"Packet B#8 delivered to J via A at tick 150 (latency: 6 ticks)","target":"indras_simulation::simulation","filename":"simulation/src/simulation.rs","line_number":360}
{"timestamp":"2026-01-24T06:23:24.963699Z","level":"INFO","message":"Packet A#11 delivered to J via A at tick 150 (latency: 2 ticks)","target":"indras_simulation::simulation","filename":"simulation/src/simulation.rs","line_number":360}
{"timestamp":"2026-01-24T06:23:24.963798Z","level":"INFO","message":"Phase 3 progress","source":"lua","fields":"{\"trace_id\":\"f013b0c8-729e-483b-b901-14cdc526b81a\",\"total_buffer_used\":4719,\"messages_created\":78,\"buffer_overflow_events\":197,\"dropped_buffer\":197,\"total_pending\":25,\"tick\":150}","target":"indras_simulation::lua::bindings::logging","filename":"simulation/src/lua/bindings/logging.rs","line_number":93}
{"timestamp":"2026-01-24T06:23:24.964061Z","level":"INFO","message":"Packet J#10 delivered to I via J at tick 152 (latency: 0 ticks)","target":"indras_simulation::simulation","filename":"simulation/src/simulation.rs","line_number":360}
{"timestamp":"2026-01-24T06:23:24.964234Z","level":"INFO","message":"Packet I#6 delivered to J via I at tick 153 (latency: 0 ticks)","target":"indras_simulation::simulation","filename":"simulation/src/simulation.rs","line_number":360}
{"timestamp":"2026-01-24T06:23:24.964380Z","level":"INFO","message":"Packet I#8 delivered to H via I at tick 154 (latency: 0 ticks)","target":"indras_simulation::simulation","filename":"simulation/src/simulation.rs","line_number":360}
{"timestamp":"2026-01-24T06:23:24.964417Z","level":"INFO","message":"Packet B#5 delivered to H via I at tick 154 (latency: 11 ticks)","target":"indras_simulation::simulation","filename":"simulation/src/simulation.rs","line_number":360}
{"timestamp":"2026-01-24T06:23:24.964440Z","level":"INFO","message":"Packet B#13 delivered to H via I at tick 154 (latency: 8 ticks)","target":"indras_simulation::simulation","filename":"simulation/src/simulation.rs","line_number":360}
{"timestamp":"2026-01-24T06:23:24.964463Z","level":"INFO","message":"Packet J#6 delivered to H via I at tick 154 (latency: 3 ticks)","target":"indras_simulation::simulation","filename":"simulation/src/simulation.rs","line_number":360}
{"timestamp":"2026-01-24T06:23:24.964486Z","level":"INFO","message":"Packet I#5 delivered to H via I at tick 154 (latency: 1 ticks)","target":"indras_simulation::simulation","filename":"simulation/src/simulation.rs","line_number":360}
{"timestamp":"2026-01-24T06:23:24.964510Z","level":"INFO","message":"Packet J#15 delivered to H via I at tick 154 (latency: 1 ticks)","target":"indras_simulation::simulation","filename":"simulation/src/simulation.rs","line_number":360}
{"timestamp":"2026-01-24T06:23:24.964801Z","level":"INFO","message":"Back-propagation complete for packet J#15 (latency: 1 ticks)","target":"indras_simulation::simulation","filename":"simulation/src/simulation.rs","line_number":766}
{"timestamp":"2026-01-24T06:23:24.964821Z","level":"INFO","message":"Back-propagation complete for packet J#6 (latency: 1 ticks)","target":"indras_simulation::simulation","filename":"simulation/src/simulation.rs","line_number":766}
{"timestamp":"2026-01-24T06:23:24.964866Z","level":"INFO","message":"Packet J#9 delivered to G via H at tick 156 (latency: 4 ticks)","target":"indras_simulation::simulation","filename":"simulation/src/simulation.rs","line_number":360}
{"timestamp":"2026-01-24T06:23:24.964889Z","level":"INFO","message":"Packet B#11 delivered to G via H at tick 156 (latency: 11 ticks)","target":"indras_simulation::simulation","filename":"simulation/src/simulation.rs","line_number":360}
{"timestamp":"2026-01-24T06:23:24.964910Z","level":"INFO","message":"Packet J#8 delivered to G via H at tick 156 (latency: 5 ticks)","target":"indras_simulation::simulation","filename":"simulation/src/simulation.rs","line_number":360}
{"timestamp":"2026-01-24T06:23:24.965092Z","level":"INFO","message":"Back-propagation complete for packet J#8 (latency: 2 ticks)","target":"indras_simulation::simulation","filename":"simulation/src/simulation.rs","line_number":766}
{"timestamp":"2026-01-24T06:23:24.965109Z","level":"INFO","message":"Back-propagation complete for packet J#9 (latency: 2 ticks)","target":"indras_simulation::simulation","filename":"simulation/src/simulation.rs","line_number":766}
{"timestamp":"2026-01-24T06:23:24.965224Z","level":"INFO","message":"Packet J#14 delivered to E via H at tick 160 (latency: 7 ticks)","target":"indras_simulation::simulation","filename":"simulation/src/simulation.rs","line_number":360}
{"timestamp":"2026-01-24T06:23:24.965377Z","level":"INFO","message":"Packet B#10 delivered to D via G at tick 162 (latency: 17 ticks)","target":"indras_simulation::simulation","filename":"simulation/src/simulation.rs","line_number":360}
{"timestamp":"2026-01-24T06:23:24.965399Z","level":"INFO","message":"Packet J#7 delivered to D via G at tick 162 (latency: 11 ticks)","target":"indras_simulation::simulation","filename":"simulation/src/simulation.rs","line_number":360}
{"timestamp":"2026-01-24T06:23:24.966219Z","level":"INFO","message":"Back-propagation complete for packet B#8 (latency: 19 ticks)","target":"indras_simulation::simulation","filename":"simulation/src/simulation.rs","line_number":766}
{"timestamp":"2026-01-24T06:23:24.966659Z","level":"INFO","message":"Packet J#13 delivered to A via J at tick 174 (latency: 22 ticks)","target":"indras_simulation::simulation","filename":"simulation/src/simulation.rs","line_number":360}
{"timestamp":"2026-01-24T06:23:24.966683Z","level":"INFO","message":"Packet J#16 delivered to A via J at tick 174 (latency: 20 ticks)","target":"indras_simulation::simulation","filename":"simulation/src/simulation.rs","line_number":360}
{"timestamp":"2026-01-24T06:23:24.966705Z","level":"INFO","message":"Packet I#10 delivered to A via J at tick 174 (latency: 19 ticks)","target":"indras_simulation::simulation","filename":"simulation/src/simulation.rs","line_number":360}
{"timestamp":"2026-01-24T06:23:24.966869Z","level":"INFO","message":"Back-propagation complete for packet I#10 (latency: 3 ticks)","target":"indras_simulation::simulation","filename":"simulation/src/simulation.rs","line_number":766}
{"timestamp":"2026-01-24T06:23:24.966956Z","level":"INFO","message":"Back-propagation complete for packet J#14 (latency: 19 ticks)","target":"indras_simulation::simulation","filename":"simulation/src/simulation.rs","line_number":766}
{"timestamp":"2026-01-24T06:23:24.967008Z","level":"INFO","message":"Packet D#5 delivered to I via H at tick 180 (latency: 38 ticks)","target":"indras_simulation::simulation","filename":"simulation/src/simulation.rs","line_number":360}
{"timestamp":"2026-01-24T06:23:24.967093Z","level":"INFO","message":"Back-propagation complete for packet J#7 (latency: 19 ticks)","target":"indras_simulation::simulation","filename":"simulation/src/simulation.rs","line_number":766}
{"timestamp":"2026-01-24T06:23:24.967451Z","level":"INFO","message":"Back-propagation complete for packet D#5 (latency: 7 ticks)","target":"indras_simulation::simulation","filename":"simulation/src/simulation.rs","line_number":766}
{"timestamp":"2026-01-24T06:23:24.967897Z","level":"WARN","message":"Back-propagation timed out for packet B#3 after 101 ticks","target":"indras_simulation::simulation","filename":"simulation/src/simulation.rs","line_number":732}
{"timestamp":"2026-01-24T06:23:24.968828Z","level":"INFO","message":"Phase 3 progress","source":"lua","fields":"{\"dropped_buffer\":203,\"total_buffer_used\":0,\"total_pending\":0,\"messages_created\":100,\"trace_id\":\"f013b0c8-729e-483b-b901-14cdc526b81a\",\"tick\":200,\"buffer_overflow_events\":203}","target":"indras_simulation::lua::bindings::logging","filename":"simulation/src/lua/bindings/logging.rs","line_number":93}
{"timestamp":"2026-01-24T06:23:24.969562Z","level":"INFO","message":"IoT stress test completed","source":"lua","fields":"{\"messages_created\":100,\"trace_id\":\"f013b0c8-729e-483b-b901-14cdc526b81a\",\"dropped_bandwidth\":18,\"bandwidth_drop_rate\":0.18,\"dropped_size\":130,\"duty_cycle_efficiency\":0.205,\"buffer_drop_rate\":2.03,\"avg_latency_ticks\":0.0,\"buffer_overflow_events\":203,\"bandwidth_throttle_events\":1,\"dropped_buffer\":203,\"total_bytes_dropped\":85882,\"messages_dropped\":351,\"peak_buffer_usage\":1018,\"delivery_rate\":0.21,\"messages_delivered\":21,\"messages_sent_during_active\":35,\"size_drop_rate\":1.3,\"total_bytes_sent\":15189,\"bandwidth_efficiency\":0.1502804958890285,\"test_level\":\"quick\",\"total_state_transitions\":118,\"active_windows_used\":31,\"network_messages_sent\":100,\"final_tick\":200,\"network_delivery_rate\":0.49}","target":"indras_simulation::lua::bindings::logging","filename":"simulation/src/lua/bindings/logging.rs","line_number":93}
{"timestamp":"2026-01-24T06:23:24.969634Z","level":"INFO","message":"Bandwidth throttling verified","source":"lua","fields":"{\"trace_id\":\"f013b0c8-729e-483b-b901-14cdc526b81a\",\"throttle_events\":1}","target":"indras_simulation::lua::bindings::logging","filename":"simulation/src/lua/bindings/logging.rs","line_number":93}
{"timestamp":"2026-01-24T06:23:24.969665Z","level":"INFO","message":"Buffer overflow protection verified","source":"lua","fields":"{\"trace_id\":\"f013b0c8-729e-483b-b901-14cdc526b81a\",\"overflow_events\":203}","target":"indras_simulation::lua::bindings::logging","filename":"simulation/src/lua/bindings/logging.rs","line_number":93}
{"timestamp":"2026-01-24T06:23:24.969718Z","level":"INFO","message":"IoT stress test passed","source":"lua","fields":"{\"bandwidth_efficiency\":0.1502804958890285,\"constraint_drops\":351,\"trace_id\":\"f013b0c8-729e-483b-b901-14cdc526b81a\",\"level\":\"quick\",\"delivery_rate\":0.21,\"duty_cycle_efficiency\":0.205}","target":"indras_simulation::lua::bindings::logging","filename":"simulation/src/lua/bindings/logging.rs","line_number":93}
{"timestamp":"2026-01-24T06:23:24.969759Z","level":"INFO","message":"Script completed successfully","target":"lua_runner","filename":"simulation/src/bin/lua_runner.rs","line_number":108}
