{"timestamp":"2026-02-15T17:55:34.357511Z","level":"ERROR","message":"Failed to handle message","error":"Unknown interface: InterfaceId([30, 97, 130, 0, 25, 125, 93, 82, 38, 95, 128, 187, 99, 164, 255, 71, 233, 198, 54, 170, 38, 212, 128, 209, 225, 100, 113, 33, 151, 153, 117, 41])","target":"indras_node::message_handler","filename":"crates/indras-node/src/message_handler.rs","line_number":283}
{"timestamp":"2026-02-15T17:55:34.605711Z","level":"WARN","message":"IPv4 address detected by QAD varies by destination","target":"iroh::net_report::report","filename":"/Users/truman/.cargo/registry/src/index.crates.io-1949cf8c6b5b557f/iroh-0.95.1/src/net_report/report.rs","line_number":93}
{"timestamp":"2026-02-15T17:55:34.605763Z","level":"WARN","message":"IPv4 address detected by QAD varies by destination","target":"iroh::net_report::report","filename":"/Users/truman/.cargo/registry/src/index.crates.io-1949cf8c6b5b557f/iroh-0.95.1/src/net_report/report.rs","line_number":93}
{"timestamp":"2026-02-15T17:55:34.611811Z","level":"WARN","message":"IPv4 address detected by QAD varies by destination","target":"iroh::net_report::report","filename":"/Users/truman/.cargo/registry/src/index.crates.io-1949cf8c6b5b557f/iroh-0.95.1/src/net_report/report.rs","line_number":93}
{"timestamp":"2026-02-15T17:55:34.611847Z","level":"WARN","message":"IPv4 address detected by QAD varies by destination","target":"iroh::net_report::report","filename":"/Users/truman/.cargo/registry/src/index.crates.io-1949cf8c6b5b557f/iroh-0.95.1/src/net_report/report.rs","line_number":93}
{"timestamp":"2026-02-15T17:55:37.031812Z","level":"WARN","message":"IPv4 address detected by QAD varies by destination","target":"iroh::net_report::report","filename":"/Users/truman/.cargo/registry/src/index.crates.io-1949cf8c6b5b557f/iroh-0.95.1/src/net_report/report.rs","line_number":93}
{"timestamp":"2026-02-15T17:55:37.031865Z","level":"WARN","message":"IPv4 address detected by QAD varies by destination","target":"iroh::net_report::report","filename":"/Users/truman/.cargo/registry/src/index.crates.io-1949cf8c6b5b557f/iroh-0.95.1/src/net_report/report.rs","line_number":93}
{"timestamp":"2026-02-15T17:55:46.727603Z","level":"WARN","message":"Connection timeout","timeout_ms":10000,"target":"indras_transport::connection","filename":"crates/indras-transport/src/connection.rs","line_number":174}
{"timestamp":"2026-02-15T17:55:46.727600Z","level":"WARN","message":"Connection timeout","timeout_ms":10000,"target":"indras_transport::connection","filename":"crates/indras-transport/src/connection.rs","line_number":174}
{"timestamp":"2026-02-15T17:55:46.727667Z","level":"WARN","message":"Failed to connect to bootstrap peer","error":"Timeout waiting for connection","target":"indras_node","filename":"crates/indras-node/src/lib.rs","line_number":1026}
{"timestamp":"2026-02-15T17:55:49.238263Z","level":"WARN","message":"Connection timeout","timeout_ms":10000,"target":"indras_transport::connection","filename":"crates/indras-transport/src/connection.rs","line_number":174}
{"timestamp":"2026-02-15T17:56:01.727562Z","level":"WARN","message":"Connection timeout","timeout_ms":10000,"target":"indras_transport::connection","filename":"crates/indras-transport/src/connection.rs","line_number":174}
{"timestamp":"2026-02-15T17:56:04.238283Z","level":"WARN","message":"Connection timeout","timeout_ms":10000,"target":"indras_transport::connection","filename":"crates/indras-transport/src/connection.rs","line_number":174}
{"timestamp":"2026-02-15T17:56:05.877283Z","level":"WARN","message":"Connection failed","error":"Connecting to ourself is not supported","target":"indras_transport::connection","filename":"crates/indras-transport/src/connection.rs","line_number":181}
{"timestamp":"2026-02-15T17:56:05.877332Z","level":"WARN","message":"Failed to connect to bootstrap peer","error":"Failed to connect: Connecting to ourself is not supported","target":"indras_node","filename":"crates/indras-node/src/lib.rs","line_number":1026}
{"timestamp":"2026-02-15T17:56:05.877682Z","level":"WARN","message":"dial failed: Connecting to ourself is not supported","peer":"1f08195d9f","target":"iroh_gossip::net","filename":"/Users/truman/.cargo/registry/src/index.crates.io-1949cf8c6b5b557f/iroh-gossip-0.95.0/src/net.rs","line_number":424,"span":{"me":"1f08195d9f","name":"gossip"},"spans":[{"me":"1f08195d9f","name":"gossip"}]}
{"timestamp":"2026-02-15T17:56:06.183926Z","level":"WARN","message":"IPv4 address detected by QAD varies by destination","target":"iroh::net_report::report","filename":"/Users/truman/.cargo/registry/src/index.crates.io-1949cf8c6b5b557f/iroh-0.95.1/src/net_report/report.rs","line_number":93}
{"timestamp":"2026-02-15T17:56:06.183982Z","level":"WARN","message":"IPv4 address detected by QAD varies by destination","target":"iroh::net_report::report","filename":"/Users/truman/.cargo/registry/src/index.crates.io-1949cf8c6b5b557f/iroh-0.95.1/src/net_report/report.rs","line_number":93}
{"timestamp":"2026-02-15T17:56:06.783949Z","level":"WARN","message":"discovery service produced error","err":"Service 'dns' error\nCaused by:\n    no calls succeeded: [Failed to resolve TXT recordFailed to resolve TXT recordFailed to resolve TXT record]","target":"iroh::discovery","filename":"/Users/truman/.cargo/registry/src/index.crates.io-1949cf8c6b5b557f/iroh-0.95.1/src/discovery.rs","line_number":639,"span":{"endpoint":"e22ce481ca","me":"1f08195d9f","name":"discovery"},"spans":[{"endpoint":"e22ce481ca","me":"1f08195d9f","name":"discovery"}]}
{"timestamp":"2026-02-15T17:56:06.784151Z","level":"WARN","message":"Connection failed","error":"No addressing information available","target":"indras_transport::connection","filename":"crates/indras-transport/src/connection.rs","line_number":181}
