{"timestamp":"2026-01-24T06:21:27.229767Z","level":"INFO","message":"Running Lua script: /Users/truman/Code/IndrasNetwork/simulation/scripts/scenarios/messaging_schema_stress.lua","target":"lua_runner","filename":"simulation/src/bin/lua_runner.rs","line_number":94}
{"timestamp":"2026-01-24T06:21:27.233444Z","level":"INFO","message":"Starting messaging schema validation stress test","source":"lua","fields":"{\"trace_id\":\"fafdb133-11c5-45aa-99b2-7e5e80859d90\",\"migrations\":3,\"ticks\":200,\"config_level\":\"quick\",\"schemas\":5,\"peers\":10,\"messages\":200}","target":"indras_simulation::lua::bindings::logging","filename":"simulation/src/lua/bindings/logging.rs","line_number":93}
{"timestamp":"2026-01-24T06:21:27.234424Z","level":"INFO","message":"Simulation initialized at tick 0","target":"indras_simulation::simulation","filename":"simulation/src/simulation.rs","line_number":180}
{"timestamp":"2026-01-24T06:21:27.234559Z","level":"INFO","message":"Phase 1: Schema registration","source":"lua","fields":"{\"trace_id\":\"fafdb133-11c5-45aa-99b2-7e5e80859d90\",\"target_schemas\":5}","target":"indras_simulation::lua::bindings::logging","filename":"simulation/src/lua/bindings/logging.rs","line_number":93}
{"timestamp":"2026-01-24T06:21:27.234956Z","level":"INFO","message":"Phase 1 complete: Schema registration","source":"lua","fields":"{\"p95_registration_latency_us\":119,\"trace_id\":\"fafdb133-11c5-45aa-99b2-7e5e80859d90\",\"schemas_registered\":5,\"tick_duration\":5,\"avg_registration_latency_us\":101.8}","target":"indras_simulation::lua::bindings::logging","filename":"simulation/src/lua/bindings/logging.rs","line_number":93}
{"timestamp":"2026-01-24T06:21:27.235418Z","level":"INFO","message":"Phase 2: Validation stress test","source":"lua","fields":"{\"trace_id\":\"fafdb133-11c5-45aa-99b2-7e5e80859d90\",\"target_messages\":200,\"active_schemas\":5}","target":"indras_simulation::lua::bindings::logging","filename":"simulation/src/lua/bindings/logging.rs","line_number":93}
{"timestamp":"2026-01-24T06:21:27.235893Z","level":"INFO","message":"Packet I#0 delivered to F via I at tick 26 (latency: 0 ticks)","target":"indras_simulation::simulation","filename":"simulation/src/simulation.rs","line_number":360}
{"timestamp":"2026-01-24T06:21:27.236007Z","level":"INFO","message":"Packet B#0 delivered to A via C at tick 27 (latency: 0 ticks)","target":"indras_simulation::simulation","filename":"simulation/src/simulation.rs","line_number":360}
{"timestamp":"2026-01-24T06:21:27.236087Z","level":"INFO","message":"Packet I#1 delivered to J via E at tick 28 (latency: 0 ticks)","target":"indras_simulation::simulation","filename":"simulation/src/simulation.rs","line_number":360}
{"timestamp":"2026-01-24T06:21:27.236112Z","level":"INFO","message":"Back-propagation complete for packet B#0 (latency: 1 ticks)","target":"indras_simulation::simulation","filename":"simulation/src/simulation.rs","line_number":766}
{"timestamp":"2026-01-24T06:21:27.236186Z","level":"INFO","message":"Packet B#1 delivered to A via C at tick 29 (latency: 0 ticks)","target":"indras_simulation::simulation","filename":"simulation/src/simulation.rs","line_number":360}
{"timestamp":"2026-01-24T06:21:27.236209Z","level":"INFO","message":"Back-propagation complete for packet I#1 (latency: 1 ticks)","target":"indras_simulation::simulation","filename":"simulation/src/simulation.rs","line_number":766}
{"timestamp":"2026-01-24T06:21:27.236298Z","level":"INFO","message":"Packet H#0 delivered to C via A at tick 30 (latency: 0 ticks)","target":"indras_simulation::simulation","filename":"simulation/src/simulation.rs","line_number":360}
{"timestamp":"2026-01-24T06:21:27.236322Z","level":"INFO","message":"Back-propagation complete for packet B#1 (latency: 1 ticks)","target":"indras_simulation::simulation","filename":"simulation/src/simulation.rs","line_number":766}
{"timestamp":"2026-01-24T06:21:27.236384Z","level":"INFO","message":"Packet H#1 delivered to B via H at tick 31 (latency: 0 ticks)","target":"indras_simulation::simulation","filename":"simulation/src/simulation.rs","line_number":360}
{"timestamp":"2026-01-24T06:21:27.236408Z","level":"INFO","message":"Back-propagation complete for packet H#0 (latency: 1 ticks)","target":"indras_simulation::simulation","filename":"simulation/src/simulation.rs","line_number":766}
{"timestamp":"2026-01-24T06:21:27.236618Z","level":"INFO","message":"Packet C#0 delivered to G via A at tick 35 (latency: 0 ticks)","target":"indras_simulation::simulation","filename":"simulation/src/simulation.rs","line_number":360}
{"timestamp":"2026-01-24T06:21:27.236694Z","level":"INFO","message":"Packet G#0 delivered to J via E at tick 36 (latency: 0 ticks)","target":"indras_simulation::simulation","filename":"simulation/src/simulation.rs","line_number":360}
{"timestamp":"2026-01-24T06:21:27.236716Z","level":"INFO","message":"Back-propagation complete for packet C#0 (latency: 1 ticks)","target":"indras_simulation::simulation","filename":"simulation/src/simulation.rs","line_number":766}
{"timestamp":"2026-01-24T06:21:27.236808Z","level":"INFO","message":"Packet C#1 delivered to I via A at tick 37 (latency: 0 ticks)","target":"indras_simulation::simulation","filename":"simulation/src/simulation.rs","line_number":360}
{"timestamp":"2026-01-24T06:21:27.236831Z","level":"INFO","message":"Back-propagation complete for packet G#0 (latency: 1 ticks)","target":"indras_simulation::simulation","filename":"simulation/src/simulation.rs","line_number":766}
{"timestamp":"2026-01-24T06:21:27.236892Z","level":"INFO","message":"Back-propagation complete for packet C#1 (latency: 1 ticks)","target":"indras_simulation::simulation","filename":"simulation/src/simulation.rs","line_number":766}
{"timestamp":"2026-01-24T06:21:27.236953Z","level":"INFO","message":"Packet A#0 delivered to D via A at tick 39 (latency: 0 ticks)","target":"indras_simulation::simulation","filename":"simulation/src/simulation.rs","line_number":360}
{"timestamp":"2026-01-24T06:21:27.237038Z","level":"INFO","message":"Packet B#2 delivered to G via B at tick 40 (latency: 0 ticks)","target":"indras_simulation::simulation","filename":"simulation/src/simulation.rs","line_number":360}
{"timestamp":"2026-01-24T06:21:27.237117Z","level":"INFO","message":"Packet G#1 delivered to C via E at tick 41 (latency: 0 ticks)","target":"indras_simulation::simulation","filename":"simulation/src/simulation.rs","line_number":360}
{"timestamp":"2026-01-24T06:21:27.237197Z","level":"INFO","message":"Back-propagation complete for packet G#1 (latency: 1 ticks)","target":"indras_simulation::simulation","filename":"simulation/src/simulation.rs","line_number":766}
{"timestamp":"2026-01-24T06:21:27.237320Z","level":"WARN","message":"Message from H to J dropped: sender offline after 10 retries","target":"indras_simulation::simulation","filename":"simulation/src/simulation.rs","line_number":454}
{"timestamp":"2026-01-24T06:21:27.237355Z","level":"INFO","message":"Packet J#0 delivered to F via I at tick 44 (latency: 2 ticks)","target":"indras_simulation::simulation","filename":"simulation/src/simulation.rs","line_number":360}
{"timestamp":"2026-01-24T06:21:27.237413Z","level":"INFO","message":"Packet B#3 delivered to C via B at tick 45 (latency: 0 ticks)","target":"indras_simulation::simulation","filename":"simulation/src/simulation.rs","line_number":360}
{"timestamp":"2026-01-24T06:21:27.237494Z","level":"INFO","message":"Packet J#1 delivered to E via J at tick 46 (latency: 3 ticks)","target":"indras_simulation::simulation","filename":"simulation/src/simulation.rs","line_number":360}
{"timestamp":"2026-01-24T06:21:27.237520Z","level":"INFO","message":"Packet B#4 delivered to G via B at tick 46 (latency: 0 ticks)","target":"indras_simulation::simulation","filename":"simulation/src/simulation.rs","line_number":360}
{"timestamp":"2026-01-24T06:21:27.237632Z","level":"INFO","message":"Packet I#2 delivered to B via G at tick 48 (latency: 0 ticks)","target":"indras_simulation::simulation","filename":"simulation/src/simulation.rs","line_number":360}
{"timestamp":"2026-01-24T06:21:27.237724Z","level":"INFO","message":"Packet G#2 delivered to I via E at tick 49 (latency: 0 ticks)","target":"indras_simulation::simulation","filename":"simulation/src/simulation.rs","line_number":360}
{"timestamp":"2026-01-24T06:21:27.237798Z","level":"INFO","message":"Back-propagation complete for packet G#2 (latency: 1 ticks)","target":"indras_simulation::simulation","filename":"simulation/src/simulation.rs","line_number":766}
{"timestamp":"2026-01-24T06:21:27.237816Z","level":"INFO","message":"Back-propagation complete for packet I#2 (latency: 2 ticks)","target":"indras_simulation::simulation","filename":"simulation/src/simulation.rs","line_number":766}
{"timestamp":"2026-01-24T06:21:27.237867Z","level":"INFO","message":"Validation progress","source":"lua","fields":"{\"cache_hit_rate\":0.75,\"target\":200,\"trace_id\":\"fafdb133-11c5-45aa-99b2-7e5e80859d90\",\"avg_validation_latency_us\":137.5,\"messages_validated\":20,\"tick\":50,\"validation_success_rate\":1.0}","target":"indras_simulation::lua::bindings::logging","filename":"simulation/src/lua/bindings/logging.rs","line_number":93}
{"timestamp":"2026-01-24T06:21:27.237949Z","level":"INFO","message":"Packet C#2 delivered to G via B at tick 51 (latency: 0 ticks)","target":"indras_simulation::simulation","filename":"simulation/src/simulation.rs","line_number":360}
{"timestamp":"2026-01-24T06:21:27.237974Z","level":"INFO","message":"Packet D#0 delivered to F via G at tick 51 (latency: 1 ticks)","target":"indras_simulation::simulation","filename":"simulation/src/simulation.rs","line_number":360}
{"timestamp":"2026-01-24T06:21:27.238034Z","level":"INFO","message":"Packet E#0 delivered to C via E at tick 52 (latency: 0 ticks)","target":"indras_simulation::simulation","filename":"simulation/src/simulation.rs","line_number":360}
{"timestamp":"2026-01-24T06:21:27.238057Z","level":"INFO","message":"Back-propagation complete for packet C#2 (latency: 1 ticks)","target":"indras_simulation::simulation","filename":"simulation/src/simulation.rs","line_number":766}
{"timestamp":"2026-01-24T06:21:27.238144Z","level":"INFO","message":"Packet J#2 delivered to G via E at tick 53 (latency: 0 ticks)","target":"indras_simulation::simulation","filename":"simulation/src/simulation.rs","line_number":360}
{"timestamp":"2026-01-24T06:21:27.238220Z","level":"INFO","message":"Back-propagation complete for packet J#2 (latency: 1 ticks)","target":"indras_simulation::simulation","filename":"simulation/src/simulation.rs","line_number":766}
{"timestamp":"2026-01-24T06:21:27.238239Z","level":"INFO","message":"Back-propagation complete for packet D#0 (latency: 3 ticks)","target":"indras_simulation::simulation","filename":"simulation/src/simulation.rs","line_number":766}
{"timestamp":"2026-01-24T06:21:27.238302Z","level":"INFO","message":"Packet D#1 delivered to F via G at tick 55 (latency: 1 ticks)","target":"indras_simulation::simulation","filename":"simulation/src/simulation.rs","line_number":360}
{"timestamp":"2026-01-24T06:21:27.238427Z","level":"INFO","message":"Packet C#3 delivered to H via B at tick 57 (latency: 0 ticks)","target":"indras_simulation::simulation","filename":"simulation/src/simulation.rs","line_number":360}
{"timestamp":"2026-01-24T06:21:27.238521Z","level":"INFO","message":"Back-propagation complete for packet C#3 (latency: 1 ticks)","target":"indras_simulation::simulation","filename":"simulation/src/simulation.rs","line_number":766}
{"timestamp":"2026-01-24T06:21:27.238544Z","level":"INFO","message":"Back-propagation complete for packet D#1 (latency: 3 ticks)","target":"indras_simulation::simulation","filename":"simulation/src/simulation.rs","line_number":766}
{"timestamp":"2026-01-24T06:21:27.238624Z","level":"INFO","message":"Packet G#3 delivered to E via G at tick 59 (latency: 0 ticks)","target":"indras_simulation::simulation","filename":"simulation/src/simulation.rs","line_number":360}
{"timestamp":"2026-01-24T06:21:27.238748Z","level":"INFO","message":"Packet B#5 delivered to J via E at tick 61 (latency: 1 ticks)","target":"indras_simulation::simulation","filename":"simulation/src/simulation.rs","line_number":360}
{"timestamp":"2026-01-24T06:21:27.238832Z","level":"INFO","message":"Packet C#4 delivered to E via C at tick 62 (latency: 0 ticks)","target":"indras_simulation::simulation","filename":"simulation/src/simulation.rs","line_number":360}
{"timestamp":"2026-01-24T06:21:27.238914Z","level":"INFO","message":"Packet G#4 delivered to C via E at tick 63 (latency: 0 ticks)","target":"indras_simulation::simulation","filename":"simulation/src/simulation.rs","line_number":360}
{"timestamp":"2026-01-24T06:21:27.238942Z","level":"INFO","message":"Back-propagation complete for packet B#5 (latency: 2 ticks)","target":"indras_simulation::simulation","filename":"simulation/src/simulation.rs","line_number":766}
{"timestamp":"2026-01-24T06:21:27.238997Z","level":"INFO","message":"Back-propagation complete for packet G#4 (latency: 1 ticks)","target":"indras_simulation::simulation","filename":"simulation/src/simulation.rs","line_number":766}
{"timestamp":"2026-01-24T06:21:27.239077Z","level":"INFO","message":"Packet C#5 delivered to E via C at tick 65 (latency: 0 ticks)","target":"indras_simulation::simulation","filename":"simulation/src/simulation.rs","line_number":360}
{"timestamp":"2026-01-24T06:21:27.239141Z","level":"INFO","message":"Packet G#5 delivered to F via G at tick 66 (latency: 0 ticks)","target":"indras_simulation::simulation","filename":"simulation/src/simulation.rs","line_number":360}
{"timestamp":"2026-01-24T06:21:27.239206Z","level":"INFO","message":"Packet B#6 delivered to G via B at tick 67 (latency: 0 ticks)","target":"indras_simulation::simulation","filename":"simulation/src/simulation.rs","line_number":360}
{"timestamp":"2026-01-24T06:21:27.239317Z","level":"INFO","message":"Back-propagation complete for packet J#0 (latency: 25 ticks)","target":"indras_simulation::simulation","filename":"simulation/src/simulation.rs","line_number":766}
{"timestamp":"2026-01-24T06:21:27.239374Z","level":"INFO","message":"Packet B#7 delivered to C via B at tick 70 (latency: 0 ticks)","target":"indras_simulation::simulation","filename":"simulation/src/simulation.rs","line_number":360}
{"timestamp":"2026-01-24T06:21:27.239584Z","level":"INFO","message":"Packet H#3 delivered to F via G at tick 73 (latency: 2 ticks)","target":"indras_simulation::simulation","filename":"simulation/src/simulation.rs","line_number":360}
{"timestamp":"2026-01-24T06:21:27.239612Z","level":"INFO","message":"Packet C#6 delivered to F via G at tick 73 (latency: 0 ticks)","target":"indras_simulation::simulation","filename":"simulation/src/simulation.rs","line_number":360}
{"timestamp":"2026-01-24T06:21:27.239639Z","level":"INFO","message":"Packet F#0 delivered to A via G at tick 73 (latency: 1 ticks)","target":"indras_simulation::simulation","filename":"simulation/src/simulation.rs","line_number":360}
{"timestamp":"2026-01-24T06:21:27.239717Z","level":"INFO","message":"Back-propagation complete for packet F#0 (latency: 1 ticks)","target":"indras_simulation::simulation","filename":"simulation/src/simulation.rs","line_number":766}
{"timestamp":"2026-01-24T06:21:27.239799Z","level":"INFO","message":"Packet H#2 delivered to I via E at tick 75 (latency: 17 ticks)","target":"indras_simulation::simulation","filename":"simulation/src/simulation.rs","line_number":360}
{"timestamp":"2026-01-24T06:21:27.239829Z","level":"INFO","message":"Packet A#1 delivered to H via A at tick 75 (latency: 0 ticks)","target":"indras_simulation::simulation","filename":"simulation/src/simulation.rs","line_number":360}
{"timestamp":"2026-01-24T06:21:27.239857Z","level":"INFO","message":"Packet F#1 delivered to H via B at tick 75 (latency: 1 ticks)","target":"indras_simulation::simulation","filename":"simulation/src/simulation.rs","line_number":360}
{"timestamp":"2026-01-24T06:21:27.239886Z","level":"INFO","message":"Back-propagation complete for packet C#6 (latency: 2 ticks)","target":"indras_simulation::simulation","filename":"simulation/src/simulation.rs","line_number":766}
{"timestamp":"2026-01-24T06:21:27.239980Z","level":"INFO","message":"Validation progress","source":"lua","fields":"{\"trace_id\":\"fafdb133-11c5-45aa-99b2-7e5e80859d90\",\"cache_hit_rate\":0.875,\"target\":200,\"validation_success_rate\":1.0,\"messages_validated\":40,\"avg_validation_latency_us\":127.425,\"tick\":76}","target":"indras_simulation::lua::bindings::logging","filename":"simulation/src/lua/bindings/logging.rs","line_number":93}
{"timestamp":"2026-01-24T06:21:27.240046Z","level":"INFO","message":"Packet B#8 delivered to G via B at tick 77 (latency: 0 ticks)","target":"indras_simulation::simulation","filename":"simulation/src/simulation.rs","line_number":360}
{"timestamp":"2026-01-24T06:21:27.240076Z","level":"INFO","message":"Back-propagation complete for packet F#1 (latency: 2 ticks)","target":"indras_simulation::simulation","filename":"simulation/src/simulation.rs","line_number":766}
{"timestamp":"2026-01-24T06:21:27.240164Z","level":"INFO","message":"Packet H#4 delivered to G via B at tick 78 (latency: 0 ticks)","target":"indras_simulation::simulation","filename":"simulation/src/simulation.rs","line_number":360}
{"timestamp":"2026-01-24T06:21:27.240228Z","level":"INFO","message":"Packet G#6 delivered to B via G at tick 79 (latency: 0 ticks)","target":"indras_simulation::simulation","filename":"simulation/src/simulation.rs","line_number":360}
{"timestamp":"2026-01-24T06:21:27.240258Z","level":"INFO","message":"Back-propagation complete for packet H#4 (latency: 1 ticks)","target":"indras_simulation::simulation","filename":"simulation/src/simulation.rs","line_number":766}
{"timestamp":"2026-01-24T06:21:27.240371Z","level":"INFO","message":"Packet B#9 delivered to H via B at tick 81 (latency: 0 ticks)","target":"indras_simulation::simulation","filename":"simulation/src/simulation.rs","line_number":360}
{"timestamp":"2026-01-24T06:21:27.240439Z","level":"INFO","message":"Packet F#2 delivered to B via G at tick 82 (latency: 0 ticks)","target":"indras_simulation::simulation","filename":"simulation/src/simulation.rs","line_number":360}
{"timestamp":"2026-01-24T06:21:27.240492Z","level":"INFO","message":"Back-propagation complete for packet F#2 (latency: 1 ticks)","target":"indras_simulation::simulation","filename":"simulation/src/simulation.rs","line_number":766}
{"timestamp":"2026-01-24T06:21:27.240607Z","level":"INFO","message":"Packet I#3 delivered to A via I at tick 85 (latency: 9 ticks)","target":"indras_simulation::simulation","filename":"simulation/src/simulation.rs","line_number":360}
{"timestamp":"2026-01-24T06:21:27.240699Z","level":"INFO","message":"Back-propagation complete for packet H#2 (latency: 11 ticks)","target":"indras_simulation::simulation","filename":"simulation/src/simulation.rs","line_number":766}
{"timestamp":"2026-01-24T06:21:27.240721Z","level":"INFO","message":"Back-propagation complete for packet H#3 (latency: 13 ticks)","target":"indras_simulation::simulation","filename":"simulation/src/simulation.rs","line_number":766}
{"timestamp":"2026-01-24T06:21:27.240777Z","level":"INFO","message":"Packet A#2 delivered to C via A at tick 87 (latency: 0 ticks)","target":"indras_simulation::simulation","filename":"simulation/src/simulation.rs","line_number":360}
{"timestamp":"2026-01-24T06:21:27.240807Z","level":"INFO","message":"Packet F#3 delivered to J via E at tick 87 (latency: 1 ticks)","target":"indras_simulation::simulation","filename":"simulation/src/simulation.rs","line_number":360}
{"timestamp":"2026-01-24T06:21:27.240969Z","level":"INFO","message":"Back-propagation complete for packet F#3 (latency: 2 ticks)","target":"indras_simulation::simulation","filename":"simulation/src/simulation.rs","line_number":766}
{"timestamp":"2026-01-24T06:21:27.241022Z","level":"WARN","message":"Message from I to H dropped: sender offline after 10 retries","target":"indras_simulation::simulation","filename":"simulation/src/simulation.rs","line_number":454}
{"timestamp":"2026-01-24T06:21:27.241135Z","level":"INFO","message":"Packet F#4 delivered to C via B at tick 91 (latency: 1 ticks)","target":"indras_simulation::simulation","filename":"simulation/src/simulation.rs","line_number":360}
{"timestamp":"2026-01-24T06:21:27.241177Z","level":"INFO","message":"Packet B#11 delivered to A via G at tick 91 (latency: 0 ticks)","target":"indras_simulation::simulation","filename":"simulation/src/simulation.rs","line_number":360}
{"timestamp":"2026-01-24T06:21:27.241246Z","level":"INFO","message":"Back-propagation complete for packet B#11 (latency: 1 ticks)","target":"indras_simulation::simulation","filename":"simulation/src/simulation.rs","line_number":766}
{"timestamp":"2026-01-24T06:21:27.241322Z","level":"INFO","message":"Back-propagation complete for packet F#4 (latency: 2 ticks)","target":"indras_simulation::simulation","filename":"simulation/src/simulation.rs","line_number":766}
{"timestamp":"2026-01-24T06:21:27.241499Z","level":"INFO","message":"Packet D#2 delivered to B via G at tick 95 (latency: 0 ticks)","target":"indras_simulation::simulation","filename":"simulation/src/simulation.rs","line_number":360}
{"timestamp":"2026-01-24T06:21:27.241590Z","level":"INFO","message":"Packet F#5 delivered to A via G at tick 96 (latency: 0 ticks)","target":"indras_simulation::simulation","filename":"simulation/src/simulation.rs","line_number":360}
{"timestamp":"2026-01-24T06:21:27.241685Z","level":"INFO","message":"Packet J#4 delivered to G via E at tick 97 (latency: 0 ticks)","target":"indras_simulation::simulation","filename":"simulation/src/simulation.rs","line_number":360}
{"timestamp":"2026-01-24T06:21:27.241733Z","level":"INFO","message":"Back-propagation complete for packet F#5 (latency: 1 ticks)","target":"indras_simulation::simulation","filename":"simulation/src/simulation.rs","line_number":766}
{"timestamp":"2026-01-24T06:21:27.241753Z","level":"INFO","message":"Back-propagation complete for packet D#2 (latency: 2 ticks)","target":"indras_simulation::simulation","filename":"simulation/src/simulation.rs","line_number":766}
{"timestamp":"2026-01-24T06:21:27.241858Z","level":"INFO","message":"Back-propagation complete for packet J#4 (latency: 1 ticks)","target":"indras_simulation::simulation","filename":"simulation/src/simulation.rs","line_number":766}
{"timestamp":"2026-01-24T06:21:27.241920Z","level":"INFO","message":"Packet A#3 delivered to H via A at tick 99 (latency: 0 ticks)","target":"indras_simulation::simulation","filename":"simulation/src/simulation.rs","line_number":360}
{"timestamp":"2026-01-24T06:21:27.242056Z","level":"INFO","message":"Validation progress","source":"lua","fields":"{\"avg_validation_latency_us\":129.65,\"cache_hit_rate\":0.9166666666666666,\"messages_validated\":60,\"tick\":99,\"validation_success_rate\":1.0,\"target\":200,\"trace_id\":\"fafdb133-11c5-45aa-99b2-7e5e80859d90\"}","target":"indras_simulation::lua::bindings::logging","filename":"simulation/src/lua/bindings/logging.rs","line_number":93}
{"timestamp":"2026-01-24T06:21:27.242123Z","level":"INFO","message":"Packet J#3 delivered to D via A at tick 100 (latency: 7 ticks)","target":"indras_simulation::simulation","filename":"simulation/src/simulation.rs","line_number":360}
{"timestamp":"2026-01-24T06:21:27.242154Z","level":"INFO","message":"Packet G#7 delivered to H via E at tick 100 (latency: 16 ticks)","target":"indras_simulation::simulation","filename":"simulation/src/simulation.rs","line_number":360}
{"timestamp":"2026-01-24T06:21:27.242304Z","level":"INFO","message":"Packet F#6 delivered to I via F at tick 101 (latency: 0 ticks)","target":"indras_simulation::simulation","filename":"simulation/src/simulation.rs","line_number":360}
{"timestamp":"2026-01-24T06:21:27.242334Z","level":"INFO","message":"Packet B#10 delivered to D via A at tick 101 (latency: 12 ticks)","target":"indras_simulation::simulation","filename":"simulation/src/simulation.rs","line_number":360}
{"timestamp":"2026-01-24T06:21:27.242361Z","level":"INFO","message":"Packet B#12 delivered to D via A at tick 101 (latency: 3 ticks)","target":"indras_simulation::simulation","filename":"simulation/src/simulation.rs","line_number":360}
{"timestamp":"2026-01-24T06:21:27.242710Z","level":"INFO","message":"Packet A#4 delivered to D via A at tick 104 (latency: 0 ticks)","target":"indras_simulation::simulation","filename":"simulation/src/simulation.rs","line_number":360}
{"timestamp":"2026-01-24T06:21:27.243026Z","level":"INFO","message":"Packet F#7 delivered to G via F at tick 108 (latency: 0 ticks)","target":"indras_simulation::simulation","filename":"simulation/src/simulation.rs","line_number":360}
{"timestamp":"2026-01-24T06:21:27.243144Z","level":"INFO","message":"Packet B#14 delivered to F via G at tick 109 (latency: 0 ticks)","target":"indras_simulation::simulation","filename":"simulation/src/simulation.rs","line_number":360}
{"timestamp":"2026-01-24T06:21:27.243170Z","level":"INFO","message":"Packet D#3 delivered to B via G at tick 109 (latency: 2 ticks)","target":"indras_simulation::simulation","filename":"simulation/src/simulation.rs","line_number":360}
{"timestamp":"2026-01-24T06:21:27.243253Z","level":"INFO","message":"Packet A#5 delivered to D via A at tick 110 (latency: 0 ticks)","target":"indras_simulation::simulation","filename":"simulation/src/simulation.rs","line_number":360}
{"timestamp":"2026-01-24T06:21:27.243302Z","level":"INFO","message":"Back-propagation complete for packet B#14 (latency: 1 ticks)","target":"indras_simulation::simulation","filename":"simulation/src/simulation.rs","line_number":766}
{"timestamp":"2026-01-24T06:21:27.243391Z","level":"INFO","message":"Back-propagation complete for packet D#3 (latency: 2 ticks)","target":"indras_simulation::simulation","filename":"simulation/src/simulation.rs","line_number":766}
{"timestamp":"2026-01-24T06:21:27.243470Z","level":"INFO","message":"Packet F#8 delivered to B via G at tick 112 (latency: 0 ticks)","target":"indras_simulation::simulation","filename":"simulation/src/simulation.rs","line_number":360}
{"timestamp":"2026-01-24T06:21:27.243564Z","level":"INFO","message":"Back-propagation complete for packet F#8 (latency: 1 ticks)","target":"indras_simulation::simulation","filename":"simulation/src/simulation.rs","line_number":766}
{"timestamp":"2026-01-24T06:21:27.243687Z","level":"INFO","message":"Packet H#6 delivered to B via H at tick 115 (latency: 0 ticks)","target":"indras_simulation::simulation","filename":"simulation/src/simulation.rs","line_number":360}
{"timestamp":"2026-01-24T06:21:27.243728Z","level":"INFO","message":"Packet G#8 delivered to D via C at tick 115 (latency: 27 ticks)","target":"indras_simulation::simulation","filename":"simulation/src/simulation.rs","line_number":360}
{"timestamp":"2026-01-24T06:21:27.243755Z","level":"INFO","message":"Packet G#9 delivered to D via C at tick 115 (latency: 21 ticks)","target":"indras_simulation::simulation","filename":"simulation/src/simulation.rs","line_number":360}
{"timestamp":"2026-01-24T06:21:27.243834Z","level":"WARN","message":"Message from I to D dropped: sender offline after 10 retries","target":"indras_simulation::simulation","filename":"simulation/src/simulation.rs","line_number":454}
{"timestamp":"2026-01-24T06:21:27.244011Z","level":"INFO","message":"Packet G#10 delivered to I via F at tick 118 (latency: 11 ticks)","target":"indras_simulation::simulation","filename":"simulation/src/simulation.rs","line_number":360}
{"timestamp":"2026-01-24T06:21:27.244039Z","level":"INFO","message":"Packet D#4 delivered to C via D at tick 118 (latency: 0 ticks)","target":"indras_simulation::simulation","filename":"simulation/src/simulation.rs","line_number":360}
{"timestamp":"2026-01-24T06:21:27.244172Z","level":"INFO","message":"Packet C#7 delivered to F via G at tick 119 (latency: 0 ticks)","target":"indras_simulation::simulation","filename":"simulation/src/simulation.rs","line_number":360}
{"timestamp":"2026-01-24T06:21:27.244211Z","level":"INFO","message":"Back-propagation complete for packet G#10 (latency: 1 ticks)","target":"indras_simulation::simulation","filename":"simulation/src/simulation.rs","line_number":766}
{"timestamp":"2026-01-24T06:21:27.244368Z","level":"INFO","message":"Packet F#9 delivered to A via I at tick 121 (latency: 0 ticks)","target":"indras_simulation::simulation","filename":"simulation/src/simulation.rs","line_number":360}
{"timestamp":"2026-01-24T06:21:27.244412Z","level":"INFO","message":"Back-propagation complete for packet C#7 (latency: 2 ticks)","target":"indras_simulation::simulation","filename":"simulation/src/simulation.rs","line_number":766}
{"timestamp":"2026-01-24T06:21:27.244463Z","level":"INFO","message":"Validation progress","source":"lua","fields":"{\"cache_hit_rate\":0.9375,\"target\":200,\"tick\":121,\"trace_id\":\"fafdb133-11c5-45aa-99b2-7e5e80859d90\",\"avg_validation_latency_us\":130.4625,\"validation_success_rate\":1.0,\"messages_validated\":80}","target":"indras_simulation::lua::bindings::logging","filename":"simulation/src/lua/bindings/logging.rs","line_number":93}
{"timestamp":"2026-01-24T06:21:27.244526Z","level":"INFO","message":"Packet H#5 delivered to E via H at tick 122 (latency: 9 ticks)","target":"indras_simulation::simulation","filename":"simulation/src/simulation.rs","line_number":360}
{"timestamp":"2026-01-24T06:21:27.244555Z","level":"INFO","message":"Packet I#5 delivered to A via I at tick 122 (latency: 0 ticks)","target":"indras_simulation::simulation","filename":"simulation/src/simulation.rs","line_number":360}
{"timestamp":"2026-01-24T06:21:27.244606Z","level":"INFO","message":"Back-propagation complete for packet F#9 (latency: 1 ticks)","target":"indras_simulation::simulation","filename":"simulation/src/simulation.rs","line_number":766}
{"timestamp":"2026-01-24T06:21:27.244708Z","level":"INFO","message":"Packet J#6 delivered to I via E at tick 123 (latency: 3 ticks)","target":"indras_simulation::simulation","filename":"simulation/src/simulation.rs","line_number":360}
{"timestamp":"2026-01-24T06:21:27.244744Z","level":"INFO","message":"Packet B#13 delivered to J via E at tick 123 (latency: 18 ticks)","target":"indras_simulation::simulation","filename":"simulation/src/simulation.rs","line_number":360}
{"timestamp":"2026-01-24T06:21:27.244781Z","level":"INFO","message":"Back-propagation complete for packet G#7 (latency: 23 ticks)","target":"indras_simulation::simulation","filename":"simulation/src/simulation.rs","line_number":766}
{"timestamp":"2026-01-24T06:21:27.244845Z","level":"INFO","message":"Packet J#5 delivered to A via C at tick 124 (latency: 8 ticks)","target":"indras_simulation::simulation","filename":"simulation/src/simulation.rs","line_number":360}
{"timestamp":"2026-01-24T06:21:27.244867Z","level":"INFO","message":"Packet J#7 delivered to A via C at tick 124 (latency: 1 ticks)","target":"indras_simulation::simulation","filename":"simulation/src/simulation.rs","line_number":360}
{"timestamp":"2026-01-24T06:21:27.244912Z","level":"INFO","message":"Back-propagation complete for packet J#6 (latency: 1 ticks)","target":"indras_simulation::simulation","filename":"simulation/src/simulation.rs","line_number":766}
{"timestamp":"2026-01-24T06:21:27.244931Z","level":"INFO","message":"Back-propagation complete for packet J#3 (latency: 24 ticks)","target":"indras_simulation::simulation","filename":"simulation/src/simulation.rs","line_number":766}
{"timestamp":"2026-01-24T06:21:27.245009Z","level":"INFO","message":"Packet C#8 delivered to F via G at tick 125 (latency: 0 ticks)","target":"indras_simulation::simulation","filename":"simulation/src/simulation.rs","line_number":360}
{"timestamp":"2026-01-24T06:21:27.245110Z","level":"INFO","message":"Packet J#8 delivered to F via G at tick 126 (latency: 2 ticks)","target":"indras_simulation::simulation","filename":"simulation/src/simulation.rs","line_number":360}
{"timestamp":"2026-01-24T06:21:27.245148Z","level":"INFO","message":"Back-propagation complete for packet J#7 (latency: 2 ticks)","target":"indras_simulation::simulation","filename":"simulation/src/simulation.rs","line_number":766}
{"timestamp":"2026-01-24T06:21:27.245168Z","level":"INFO","message":"Back-propagation complete for packet J#5 (latency: 2 ticks)","target":"indras_simulation::simulation","filename":"simulation/src/simulation.rs","line_number":766}
{"timestamp":"2026-01-24T06:21:27.245230Z","level":"INFO","message":"Back-propagation complete for packet C#8 (latency: 2 ticks)","target":"indras_simulation::simulation","filename":"simulation/src/simulation.rs","line_number":766}
{"timestamp":"2026-01-24T06:21:27.245352Z","level":"INFO","message":"Packet E#2 delivered to C via E at tick 129 (latency: 0 ticks)","target":"indras_simulation::simulation","filename":"simulation/src/simulation.rs","line_number":360}
{"timestamp":"2026-01-24T06:21:27.245444Z","level":"INFO","message":"Packet D#5 delivered to F via G at tick 130 (latency: 0 ticks)","target":"indras_simulation::simulation","filename":"simulation/src/simulation.rs","line_number":360}
{"timestamp":"2026-01-24T06:21:27.245552Z","level":"INFO","message":"Packet B#15 delivered to C via B at tick 132 (latency: 0 ticks)","target":"indras_simulation::simulation","filename":"simulation/src/simulation.rs","line_number":360}
{"timestamp":"2026-01-24T06:21:27.245691Z","level":"INFO","message":"Back-propagation complete for packet D#5 (latency: 3 ticks)","target":"indras_simulation::simulation","filename":"simulation/src/simulation.rs","line_number":766}
{"timestamp":"2026-01-24T06:21:27.245810Z","level":"INFO","message":"Packet C#9 delivered to A via C at tick 135 (latency: 8 ticks)","target":"indras_simulation::simulation","filename":"simulation/src/simulation.rs","line_number":360}
{"timestamp":"2026-01-24T06:21:27.245853Z","level":"INFO","message":"Packet D#6 delivered to I via A at tick 135 (latency: 0 ticks)","target":"indras_simulation::simulation","filename":"simulation/src/simulation.rs","line_number":360}
{"timestamp":"2026-01-24T06:21:27.246081Z","level":"INFO","message":"Packet J#9 delivered to D via A at tick 136 (latency: 10 ticks)","target":"indras_simulation::simulation","filename":"simulation/src/simulation.rs","line_number":360}
{"timestamp":"2026-01-24T06:21:27.246133Z","level":"INFO","message":"Back-propagation complete for packet D#6 (latency: 1 ticks)","target":"indras_simulation::simulation","filename":"simulation/src/simulation.rs","line_number":766}
{"timestamp":"2026-01-24T06:21:27.246219Z","level":"INFO","message":"Packet A#6 delivered to F via G at tick 137 (latency: 0 ticks)","target":"indras_simulation::simulation","filename":"simulation/src/simulation.rs","line_number":360}
{"timestamp":"2026-01-24T06:21:27.246334Z","level":"INFO","message":"Back-propagation complete for packet A#6 (latency: 1 ticks)","target":"indras_simulation::simulation","filename":"simulation/src/simulation.rs","line_number":766}
{"timestamp":"2026-01-24T06:21:27.246715Z","level":"INFO","message":"Phase 2 complete: Validation stress","source":"lua","fields":"{\"avg_validation_latency_us\":132.9157894736842,\"validation_successes\":95,\"messages_validated\":95,\"tick_duration\":115,\"trace_id\":\"fafdb133-11c5-45aa-99b2-7e5e80859d90\",\"p50_validation_latency_us\":137,\"p99_validation_latency_us\":257,\"p95_lookup_latency_us\":44,\"p95_validation_latency_us\":251,\"validations_per_tick\":0.8260869565217391,\"validation_success_rate\":1.0,\"avg_lookup_latency_us\":7.242105263157895,\"validation_failures\":0}","target":"indras_simulation::lua::bindings::logging","filename":"simulation/src/lua/bindings/logging.rs","line_number":93}
{"timestamp":"2026-01-24T06:21:27.246773Z","level":"INFO","message":"Phase 3: Schema migration stress","source":"lua","fields":"{\"trace_id\":\"fafdb133-11c5-45aa-99b2-7e5e80859d90\",\"target_migrations\":3}","target":"indras_simulation::lua::bindings::logging","filename":"simulation/src/lua/bindings/logging.rs","line_number":93}
{"timestamp":"2026-01-24T06:21:27.246911Z","level":"INFO","message":"Packet G#12 delivered to C via A at tick 142 (latency: 14 ticks)","target":"indras_simulation::simulation","filename":"simulation/src/simulation.rs","line_number":360}
{"timestamp":"2026-01-24T06:21:27.247008Z","level":"INFO","message":"Packet D#8 delivered to A via D at tick 143 (latency: 0 ticks)","target":"indras_simulation::simulation","filename":"simulation/src/simulation.rs","line_number":360}
{"timestamp":"2026-01-24T06:21:27.247062Z","level":"INFO","message":"Back-propagation complete for packet J#8 (latency: 17 ticks)","target":"indras_simulation::simulation","filename":"simulation/src/simulation.rs","line_number":766}
{"timestamp":"2026-01-24T06:21:27.247113Z","level":"WARN","message":"Message from B to G dropped: sender offline after 10 retries","target":"indras_simulation::simulation","filename":"simulation/src/simulation.rs","line_number":454}
{"timestamp":"2026-01-24T06:21:27.247277Z","level":"INFO","message":"Packet D#9 delivered to C via D at tick 146 (latency: 0 ticks)","target":"indras_simulation::simulation","filename":"simulation/src/simulation.rs","line_number":360}
{"timestamp":"2026-01-24T06:21:27.247367Z","level":"INFO","message":"Packet F#10 delivered to G via F at tick 147 (latency: 0 ticks)","target":"indras_simulation::simulation","filename":"simulation/src/simulation.rs","line_number":360}
{"timestamp":"2026-01-24T06:21:27.247465Z","level":"INFO","message":"Packet I#6 delivered to F via I at tick 148 (latency: 0 ticks)","target":"indras_simulation::simulation","filename":"simulation/src/simulation.rs","line_number":360}
{"timestamp":"2026-01-24T06:21:27.247573Z","level":"INFO","message":"Packet I#7 delivered to A via I at tick 149 (latency: 0 ticks)","target":"indras_simulation::simulation","filename":"simulation/src/simulation.rs","line_number":360}
{"timestamp":"2026-01-24T06:21:27.247668Z","level":"INFO","message":"Back-propagation complete for packet G#12 (latency: 8 ticks)","target":"indras_simulation::simulation","filename":"simulation/src/simulation.rs","line_number":766}
{"timestamp":"2026-01-24T06:21:27.247728Z","level":"INFO","message":"Packet F#11 delivered to G via F at tick 151 (latency: 0 ticks)","target":"indras_simulation::simulation","filename":"simulation/src/simulation.rs","line_number":360}
{"timestamp":"2026-01-24T06:21:27.247837Z","level":"INFO","message":"Packet C#10 delivered to F via G at tick 152 (latency: 0 ticks)","target":"indras_simulation::simulation","filename":"simulation/src/simulation.rs","line_number":360}
{"timestamp":"2026-01-24T06:21:27.247958Z","level":"INFO","message":"Back-propagation complete for packet C#10 (latency: 2 ticks)","target":"indras_simulation::simulation","filename":"simulation/src/simulation.rs","line_number":766}
{"timestamp":"2026-01-24T06:21:27.248113Z","level":"INFO","message":"Back-propagation complete for packet B#13 (latency: 36 ticks)","target":"indras_simulation::simulation","filename":"simulation/src/simulation.rs","line_number":766}
{"timestamp":"2026-01-24T06:21:27.248135Z","level":"INFO","message":"Back-propagation complete for packet B#12 (latency: 58 ticks)","target":"indras_simulation::simulation","filename":"simulation/src/simulation.rs","line_number":766}
{"timestamp":"2026-01-24T06:21:27.248153Z","level":"INFO","message":"Back-propagation complete for packet B#10 (latency: 58 ticks)","target":"indras_simulation::simulation","filename":"simulation/src/simulation.rs","line_number":766}
{"timestamp":"2026-01-24T06:21:27.248184Z","level":"WARN","message":"Message from J to F dropped: sender offline after 10 retries","target":"indras_simulation::simulation","filename":"simulation/src/simulation.rs","line_number":454}
{"timestamp":"2026-01-24T06:21:27.248214Z","level":"INFO","message":"Back-propagation complete for packet J#9 (latency: 24 ticks)","target":"indras_simulation::simulation","filename":"simulation/src/simulation.rs","line_number":766}
{"timestamp":"2026-01-24T06:21:27.248373Z","level":"INFO","message":"Packet D#7 delivered to J via E at tick 164 (latency: 26 ticks)","target":"indras_simulation::simulation","filename":"simulation/src/simulation.rs","line_number":360}
{"timestamp":"2026-01-24T06:21:27.248398Z","level":"INFO","message":"Packet J#10 delivered to C via E at tick 164 (latency: 31 ticks)","target":"indras_simulation::simulation","filename":"simulation/src/simulation.rs","line_number":360}
{"timestamp":"2026-01-24T06:21:27.248492Z","level":"INFO","message":"Packet J#11 delivered to A via C at tick 165 (latency: 21 ticks)","target":"indras_simulation::simulation","filename":"simulation/src/simulation.rs","line_number":360}
{"timestamp":"2026-01-24T06:21:27.248529Z","level":"INFO","message":"Back-propagation complete for packet J#10 (latency: 1 ticks)","target":"indras_simulation::simulation","filename":"simulation/src/simulation.rs","line_number":766}
{"timestamp":"2026-01-24T06:21:27.248578Z","level":"INFO","message":"Packet A#7 delivered to D via A at tick 166 (latency: 0 ticks)","target":"indras_simulation::simulation","filename":"simulation/src/simulation.rs","line_number":360}
{"timestamp":"2026-01-24T06:21:27.248614Z","level":"INFO","message":"Packet F#12 delivered to A via I at tick 166 (latency: 1 ticks)","target":"indras_simulation::simulation","filename":"simulation/src/simulation.rs","line_number":360}
{"timestamp":"2026-01-24T06:21:27.248700Z","level":"INFO","message":"Back-propagation complete for packet F#12 (latency: 1 ticks)","target":"indras_simulation::simulation","filename":"simulation/src/simulation.rs","line_number":766}
{"timestamp":"2026-01-24T06:21:27.249083Z","level":"WARN","message":"Message from B to J dropped: sender offline after 10 retries","target":"indras_simulation::simulation","filename":"simulation/src/simulation.rs","line_number":454}
{"timestamp":"2026-01-24T06:21:27.249261Z","level":"INFO","message":"Packet F#13 delivered to J via E at tick 177 (latency: 10 ticks)","target":"indras_simulation::simulation","filename":"simulation/src/simulation.rs","line_number":360}
{"timestamp":"2026-01-24T06:21:27.249321Z","level":"INFO","message":"Packet J#12 delivered to C via E at tick 178 (latency: 9 ticks)","target":"indras_simulation::simulation","filename":"simulation/src/simulation.rs","line_number":360}
{"timestamp":"2026-01-24T06:21:27.249386Z","level":"INFO","message":"Back-propagation complete for packet J#12 (latency: 1 ticks)","target":"indras_simulation::simulation","filename":"simulation/src/simulation.rs","line_number":766}
{"timestamp":"2026-01-24T06:21:27.249406Z","level":"INFO","message":"Back-propagation complete for packet J#11 (latency: 14 ticks)","target":"indras_simulation::simulation","filename":"simulation/src/simulation.rs","line_number":766}
{"timestamp":"2026-01-24T06:21:27.249471Z","level":"INFO","message":"Packet I#8 delivered to C via E at tick 180 (latency: 0 ticks)","target":"indras_simulation::simulation","filename":"simulation/src/simulation.rs","line_number":360}
{"timestamp":"2026-01-24T06:21:27.249573Z","level":"INFO","message":"Packet D#10 delivered to J via E at tick 181 (latency: 0 ticks)","target":"indras_simulation::simulation","filename":"simulation/src/simulation.rs","line_number":360}
{"timestamp":"2026-01-24T06:21:27.249610Z","level":"INFO","message":"Back-propagation complete for packet I#8 (latency: 1 ticks)","target":"indras_simulation::simulation","filename":"simulation/src/simulation.rs","line_number":766}
{"timestamp":"2026-01-24T06:21:27.249658Z","level":"INFO","message":"Packet A#9 delivered to I via A at tick 182 (latency: 0 ticks)","target":"indras_simulation::simulation","filename":"simulation/src/simulation.rs","line_number":360}
{"timestamp":"2026-01-24T06:21:27.249729Z","level":"INFO","message":"Packet E#3 delivered to G via E at tick 183 (latency: 0 ticks)","target":"indras_simulation::simulation","filename":"simulation/src/simulation.rs","line_number":360}
{"timestamp":"2026-01-24T06:21:27.249768Z","level":"INFO","message":"Back-propagation complete for packet D#10 (latency: 2 ticks)","target":"indras_simulation::simulation","filename":"simulation/src/simulation.rs","line_number":766}
{"timestamp":"2026-01-24T06:21:27.249873Z","level":"INFO","message":"Packet G#13 delivered to A via G at tick 185 (latency: 0 ticks)","target":"indras_simulation::simulation","filename":"simulation/src/simulation.rs","line_number":360}
{"timestamp":"2026-01-24T06:21:27.249929Z","level":"INFO","message":"Packet G#14 delivered to A via G at tick 186 (latency: 0 ticks)","target":"indras_simulation::simulation","filename":"simulation/src/simulation.rs","line_number":360}
{"timestamp":"2026-01-24T06:21:27.250018Z","level":"INFO","message":"Packet C#11 delivered to F via G at tick 187 (latency: 0 ticks)","target":"indras_simulation::simulation","filename":"simulation/src/simulation.rs","line_number":360}
{"timestamp":"2026-01-24T06:21:27.250115Z","level":"INFO","message":"Packet D#11 delivered to C via D at tick 189 (latency: 0 ticks)","target":"indras_simulation::simulation","filename":"simulation/src/simulation.rs","line_number":360}
{"timestamp":"2026-01-24T06:21:27.250141Z","level":"INFO","message":"Packet F#14 delivered to D via A at tick 189 (latency: 1 ticks)","target":"indras_simulation::simulation","filename":"simulation/src/simulation.rs","line_number":360}
{"timestamp":"2026-01-24T06:21:27.250166Z","level":"INFO","message":"Back-propagation complete for packet C#11 (latency: 2 ticks)","target":"indras_simulation::simulation","filename":"simulation/src/simulation.rs","line_number":766}
{"timestamp":"2026-01-24T06:21:27.250185Z","level":"INFO","message":"Back-propagation complete for packet D#7 (latency: 25 ticks)","target":"indras_simulation::simulation","filename":"simulation/src/simulation.rs","line_number":766}
{"timestamp":"2026-01-24T06:21:27.250284Z","level":"INFO","message":"Back-propagation complete for packet F#14 (latency: 2 ticks)","target":"indras_simulation::simulation","filename":"simulation/src/simulation.rs","line_number":766}
{"timestamp":"2026-01-24T06:21:27.250522Z","level":"INFO","message":"Packet G#11 delivered to H via A at tick 199 (latency: 85 ticks)","target":"indras_simulation::simulation","filename":"simulation/src/simulation.rs","line_number":360}
{"timestamp":"2026-01-24T06:21:27.250599Z","level":"INFO","message":"Phase 3 complete: Schema migration","source":"lua","fields":"{\"migrations_completed\":3,\"migration_failures\":0,\"tick_duration\":59,\"p95_migration_latency_us\":1235.0,\"messages_during_migration\":24,\"migration_successes\":3,\"avg_migration_latency_us\":954.3333333333336,\"trace_id\":\"fafdb133-11c5-45aa-99b2-7e5e80859d90\"}","target":"indras_simulation::lua::bindings::logging","filename":"simulation/src/lua/bindings/logging.rs","line_number":93}
{"timestamp":"2026-01-24T06:21:27.251298Z","level":"INFO","message":"Messaging schema stress test completed","source":"lua","fields":"{\"messages_sent\":119,\"validation_failures\":0,\"p95_validation_latency_us\":256,\"avg_network_latency\":3.6,\"config_level\":\"quick\",\"p99_validation_latency_us\":291,\"p50_validation_latency_us\":141,\"migrations_attempted\":3,\"trace_id\":\"fafdb133-11c5-45aa-99b2-7e5e80859d90\",\"validation_success_rate\":1.0,\"p95_lookup_latency_us\":44,\"validation_successes\":95,\"avg_migration_latency_us\":954.3333333333336,\"avg_validation_latency_us\":143.94957983193277,\"messages_delivered\":110,\"migration_success_rate\":1.0,\"total_ticks\":200,\"total_lookups\":119,\"schemas_registered\":8,\"cache_hit_rate\":0.9327731092436975,\"avg_lookup_latency_us\":7.242105263157895,\"total_validations\":95,\"migrations_completed\":3,\"delivery_rate\":0.9243697478991597,\"validation_throughput_per_tick\":0.8260869565217391}","target":"indras_simulation::lua::bindings::logging","filename":"simulation/src/lua/bindings/logging.rs","line_number":93}
{"timestamp":"2026-01-24T06:21:27.251379Z","level":"INFO","message":"Messaging schema stress test passed","source":"lua","fields":"{\"migration_success_rate\":1.0,\"trace_id\":\"fafdb133-11c5-45aa-99b2-7e5e80859d90\",\"cache_hit_rate\":0.9327731092436975,\"validation_throughput_per_tick\":0.8260869565217391,\"validation_success_rate\":1.0}","target":"indras_simulation::lua::bindings::logging","filename":"simulation/src/lua/bindings/logging.rs","line_number":93}
{"timestamp":"2026-01-24T06:21:27.251427Z","level":"INFO","message":"Script completed successfully","target":"lua_runner","filename":"simulation/src/bin/lua_runner.rs","line_number":108}
