{"timestamp":"2026-01-23T10:52:27.150971Z","level":"INFO","message":"Running Lua script: simulation/scripts/scenarios/messaging_stress.lua","target":"lua_runner","filename":"simulation/src/bin/lua_runner.rs","line_number":93}
{"timestamp":"2026-01-23T10:52:27.154068Z","level":"INFO","message":"Starting messaging stress test","source":"lua","fields":"{\"peers\":10,\"config_level\":\"quick\",\"interfaces\":2,\"trace_id\":\"fda7131d-ca64-4051-a7e6-0b114e8dbe3a\",\"messages\":100,\"ticks\":200}","target":"indras_simulation::lua::bindings::logging","filename":"simulation/src/lua/bindings/logging.rs","line_number":95}
{"timestamp":"2026-01-23T10:52:27.155349Z","level":"INFO","message":"Simulation initialized at tick 0","target":"indras_simulation::simulation","filename":"simulation/src/simulation.rs","line_number":168}
{"timestamp":"2026-01-23T10:52:27.155519Z","level":"INFO","message":"Phase 1: Creating interfaces","source":"lua","fields":"{\"interface_count\":2,\"trace_id\":\"fda7131d-ca64-4051-a7e6-0b114e8dbe3a\"}","target":"indras_simulation::lua::bindings::logging","filename":"simulation/src/lua/bindings/logging.rs","line_number":95}
{"timestamp":"2026-01-23T10:52:27.156488Z","level":"INFO","message":"Phase 1 complete","source":"lua","fields":"{\"invites_accepted\":9,\"total_invites\":9,\"invite_success_rate\":1.0,\"invites_failed\":0,\"interfaces_created\":2,\"trace_id\":\"fda7131d-ca64-4051-a7e6-0b114e8dbe3a\"}","target":"indras_simulation::lua::bindings::logging","filename":"simulation/src/lua/bindings/logging.rs","line_number":95}
{"timestamp":"2026-01-23T10:52:27.157450Z","level":"INFO","message":"Phase 2: High-volume messaging","source":"lua","fields":"{\"trace_id\":\"fda7131d-ca64-4051-a7e6-0b114e8dbe3a\",\"active_interfaces\":2,\"target_messages\":100}","target":"indras_simulation::lua::bindings::logging","filename":"simulation/src/lua/bindings/logging.rs","line_number":95}
{"timestamp":"2026-01-23T10:52:27.157724Z","level":"INFO","message":"Packet B#1 delivered to J via B at tick 45 (latency: 0 ticks)","target":"indras_simulation::simulation","filename":"simulation/src/simulation.rs","line_number":328}
{"timestamp":"2026-01-23T10:52:27.157876Z","level":"INFO","message":"Packet J#1 delivered to A via B at tick 48 (latency: 5 ticks)","target":"indras_simulation::simulation","filename":"simulation/src/simulation.rs","line_number":328}
{"timestamp":"2026-01-23T10:52:27.157916Z","level":"INFO","message":"Packet A#1 delivered to B via A at tick 48 (latency: 0 ticks)","target":"indras_simulation::simulation","filename":"simulation/src/simulation.rs","line_number":328}
{"timestamp":"2026-01-23T10:52:27.157952Z","level":"INFO","message":"Packet A#0 delivered to J via B at tick 48 (latency: 0 ticks)","target":"indras_simulation::simulation","filename":"simulation/src/simulation.rs","line_number":328}
{"timestamp":"2026-01-23T10:52:27.158073Z","level":"INFO","message":"Back-propagation complete for packet A#0 (latency: 1 ticks)","target":"indras_simulation::simulation","filename":"simulation/src/simulation.rs","line_number":647}
{"timestamp":"2026-01-23T10:52:27.158090Z","level":"INFO","message":"Back-propagation complete for packet J#1 (latency: 1 ticks)","target":"indras_simulation::simulation","filename":"simulation/src/simulation.rs","line_number":647}
{"timestamp":"2026-01-23T10:52:27.158138Z","level":"INFO","message":"Packet J#2 delivered to A via B at tick 50 (latency: 0 ticks)","target":"indras_simulation::simulation","filename":"simulation/src/simulation.rs","line_number":328}
{"timestamp":"2026-01-23T10:52:27.158173Z","level":"INFO","message":"Packet I#1 delivered to J via E at tick 50 (latency: 1 ticks)","target":"indras_simulation::simulation","filename":"simulation/src/simulation.rs","line_number":328}
{"timestamp":"2026-01-23T10:52:27.158232Z","level":"INFO","message":"Messaging progress","source":"lua","fields":"{\"delivered\":6,\"delivery_rate\":0.6,\"trace_id\":\"fda7131d-ca64-4051-a7e6-0b114e8dbe3a\",\"messages_sent\":10,\"target\":100,\"tick\":50}","target":"indras_simulation::lua::bindings::logging","filename":"simulation/src/lua/bindings/logging.rs","line_number":95}
{"timestamp":"2026-01-23T10:52:27.158285Z","level":"INFO","message":"Packet I#0 delivered to B via A at tick 51 (latency: 7 ticks)","target":"indras_simulation::simulation","filename":"simulation/src/simulation.rs","line_number":328}
{"timestamp":"2026-01-23T10:52:27.158307Z","level":"INFO","message":"Packet A#2 delivered to J via B at tick 51 (latency: 0 ticks)","target":"indras_simulation::simulation","filename":"simulation/src/simulation.rs","line_number":328}
{"timestamp":"2026-01-23T10:52:27.158339Z","level":"INFO","message":"Back-propagation complete for packet J#2 (latency: 1 ticks)","target":"indras_simulation::simulation","filename":"simulation/src/simulation.rs","line_number":647}
{"timestamp":"2026-01-23T10:52:27.158397Z","level":"INFO","message":"Packet B#3 delivered to I via D at tick 52 (latency: 0 ticks)","target":"indras_simulation::simulation","filename":"simulation/src/simulation.rs","line_number":328}
{"timestamp":"2026-01-23T10:52:27.158429Z","level":"INFO","message":"Back-propagation complete for packet A#2 (latency: 1 ticks)","target":"indras_simulation::simulation","filename":"simulation/src/simulation.rs","line_number":647}
{"timestamp":"2026-01-23T10:52:27.158496Z","level":"INFO","message":"Packet J#3 delivered to A via B at tick 53 (latency: 0 ticks)","target":"indras_simulation::simulation","filename":"simulation/src/simulation.rs","line_number":328}
{"timestamp":"2026-01-23T10:52:27.158528Z","level":"INFO","message":"Back-propagation complete for packet I#1 (latency: 3 ticks)","target":"indras_simulation::simulation","filename":"simulation/src/simulation.rs","line_number":647}
{"timestamp":"2026-01-23T10:52:27.158586Z","level":"INFO","message":"Back-propagation complete for packet J#3 (latency: 1 ticks)","target":"indras_simulation::simulation","filename":"simulation/src/simulation.rs","line_number":647}
{"timestamp":"2026-01-23T10:52:27.158603Z","level":"INFO","message":"Back-propagation complete for packet I#0 (latency: 3 ticks)","target":"indras_simulation::simulation","filename":"simulation/src/simulation.rs","line_number":647}
{"timestamp":"2026-01-23T10:52:27.158654Z","level":"INFO","message":"Back-propagation complete for packet B#3 (latency: 3 ticks)","target":"indras_simulation::simulation","filename":"simulation/src/simulation.rs","line_number":647}
{"timestamp":"2026-01-23T10:52:27.158723Z","level":"INFO","message":"Packet J#4 delivered to A via E at tick 56 (latency: 0 ticks)","target":"indras_simulation::simulation","filename":"simulation/src/simulation.rs","line_number":328}
{"timestamp":"2026-01-23T10:52:27.158784Z","level":"INFO","message":"Packet A#3 delivered to A via C at tick 57 (latency: 0 ticks)","target":"indras_simulation::simulation","filename":"simulation/src/simulation.rs","line_number":328}
{"timestamp":"2026-01-23T10:52:27.158814Z","level":"INFO","message":"Back-propagation complete for packet J#4 (latency: 1 ticks)","target":"indras_simulation::simulation","filename":"simulation/src/simulation.rs","line_number":647}
{"timestamp":"2026-01-23T10:52:27.158910Z","level":"INFO","message":"Back-propagation complete for packet A#3 (latency: 1 ticks)","target":"indras_simulation::simulation","filename":"simulation/src/simulation.rs","line_number":647}
{"timestamp":"2026-01-23T10:52:27.159045Z","level":"INFO","message":"Messaging progress","source":"lua","fields":"{\"messages_sent\":20,\"delivery_rate\":0.6,\"trace_id\":\"fda7131d-ca64-4051-a7e6-0b114e8dbe3a\",\"target\":100,\"tick\":60,\"delivered\":12}","target":"indras_simulation::lua::bindings::logging","filename":"simulation/src/lua/bindings/logging.rs","line_number":95}
{"timestamp":"2026-01-23T10:52:27.159535Z","level":"WARN","message":"Message from B to A dropped: sender offline after 10 retries","target":"indras_simulation::simulation","filename":"simulation/src/simulation.rs","line_number":393}
{"timestamp":"2026-01-23T10:52:27.159584Z","level":"INFO","message":"Packet I#7 delivered to I via F at tick 68 (latency: 3 ticks)","target":"indras_simulation::simulation","filename":"simulation/src/simulation.rs","line_number":328}
{"timestamp":"2026-01-23T10:52:27.159713Z","level":"INFO","message":"Back-propagation complete for packet I#7 (latency: 1 ticks)","target":"indras_simulation::simulation","filename":"simulation/src/simulation.rs","line_number":647}
{"timestamp":"2026-01-23T10:52:27.159812Z","level":"INFO","message":"Messaging progress","source":"lua","fields":"{\"delivered\":13,\"messages_sent\":30,\"trace_id\":\"fda7131d-ca64-4051-a7e6-0b114e8dbe3a\",\"target\":100,\"delivery_rate\":0.43333333333333335,\"tick\":70}","target":"indras_simulation::lua::bindings::logging","filename":"simulation/src/lua/bindings/logging.rs","line_number":95}
{"timestamp":"2026-01-23T10:52:27.159932Z","level":"WARN","message":"Message from B to J dropped: sender offline after 10 retries","target":"indras_simulation::simulation","filename":"simulation/src/simulation.rs","line_number":393}
{"timestamp":"2026-01-23T10:52:27.160060Z","level":"WARN","message":"Message from B to I dropped: sender offline after 10 retries","target":"indras_simulation::simulation","filename":"simulation/src/simulation.rs","line_number":393}
{"timestamp":"2026-01-23T10:52:27.160156Z","level":"INFO","message":"Packet I#6 delivered to A via C at tick 75 (latency: 10 ticks)","target":"indras_simulation::simulation","filename":"simulation/src/simulation.rs","line_number":328}
{"timestamp":"2026-01-23T10:52:27.160251Z","level":"INFO","message":"Packet A#4 delivered to A via H at tick 75 (latency: 0 ticks)","target":"indras_simulation::simulation","filename":"simulation/src/simulation.rs","line_number":328}
{"timestamp":"2026-01-23T10:52:27.160272Z","level":"INFO","message":"Packet A#5 delivered to J via H at tick 75 (latency: 0 ticks)","target":"indras_simulation::simulation","filename":"simulation/src/simulation.rs","line_number":328}
{"timestamp":"2026-01-23T10:52:27.160292Z","level":"INFO","message":"Packet A#7 delivered to A via H at tick 75 (latency: 0 ticks)","target":"indras_simulation::simulation","filename":"simulation/src/simulation.rs","line_number":328}
{"timestamp":"2026-01-23T10:52:27.160358Z","level":"INFO","message":"Back-propagation complete for packet A#7 (latency: 1 ticks)","target":"indras_simulation::simulation","filename":"simulation/src/simulation.rs","line_number":647}
{"timestamp":"2026-01-23T10:52:27.160371Z","level":"INFO","message":"Back-propagation complete for packet A#5 (latency: 1 ticks)","target":"indras_simulation::simulation","filename":"simulation/src/simulation.rs","line_number":647}
{"timestamp":"2026-01-23T10:52:27.160383Z","level":"INFO","message":"Back-propagation complete for packet A#4 (latency: 1 ticks)","target":"indras_simulation::simulation","filename":"simulation/src/simulation.rs","line_number":647}
{"timestamp":"2026-01-23T10:52:27.160502Z","level":"WARN","message":"Message from B to A dropped: sender offline after 10 retries","target":"indras_simulation::simulation","filename":"simulation/src/simulation.rs","line_number":393}
{"timestamp":"2026-01-23T10:52:27.160537Z","level":"INFO","message":"Packet I#2 delivered to J via E at tick 78 (latency: 24 ticks)","target":"indras_simulation::simulation","filename":"simulation/src/simulation.rs","line_number":328}
{"timestamp":"2026-01-23T10:52:27.160556Z","level":"INFO","message":"Packet I#3 delivered to J via E at tick 78 (latency: 13 ticks)","target":"indras_simulation::simulation","filename":"simulation/src/simulation.rs","line_number":328}
{"timestamp":"2026-01-23T10:52:27.160573Z","level":"INFO","message":"Packet A#8 delivered to J via E at tick 78 (latency: 0 ticks)","target":"indras_simulation::simulation","filename":"simulation/src/simulation.rs","line_number":328}
{"timestamp":"2026-01-23T10:52:27.160634Z","level":"WARN","message":"Message from B to I dropped: sender offline after 10 retries","target":"indras_simulation::simulation","filename":"simulation/src/simulation.rs","line_number":393}
{"timestamp":"2026-01-23T10:52:27.160679Z","level":"INFO","message":"Back-propagation complete for packet A#8 (latency: 1 ticks)","target":"indras_simulation::simulation","filename":"simulation/src/simulation.rs","line_number":647}
{"timestamp":"2026-01-23T10:52:27.160777Z","level":"INFO","message":"Messaging progress","source":"lua","fields":"{\"delivery_rate\":0.5,\"target\":100,\"trace_id\":\"fda7131d-ca64-4051-a7e6-0b114e8dbe3a\",\"messages_sent\":40,\"delivered\":20,\"tick\":80}","target":"indras_simulation::lua::bindings::logging","filename":"simulation/src/lua/bindings/logging.rs","line_number":95}
{"timestamp":"2026-01-23T10:52:27.160836Z","level":"WARN","message":"Message from B to B dropped: sender offline after 10 retries","target":"indras_simulation::simulation","filename":"simulation/src/simulation.rs","line_number":393}
{"timestamp":"2026-01-23T10:52:27.160864Z","level":"INFO","message":"Packet A#9 delivered to A via C at tick 81 (latency: 0 ticks)","target":"indras_simulation::simulation","filename":"simulation/src/simulation.rs","line_number":328}
{"timestamp":"2026-01-23T10:52:27.160927Z","level":"WARN","message":"Message from B to I dropped: sender offline after 10 retries","target":"indras_simulation::simulation","filename":"simulation/src/simulation.rs","line_number":393}
{"timestamp":"2026-01-23T10:52:27.160976Z","level":"INFO","message":"Back-propagation complete for packet A#9 (latency: 1 ticks)","target":"indras_simulation::simulation","filename":"simulation/src/simulation.rs","line_number":647}
{"timestamp":"2026-01-23T10:52:27.161048Z","level":"INFO","message":"Back-propagation complete for packet I#6 (latency: 8 ticks)","target":"indras_simulation::simulation","filename":"simulation/src/simulation.rs","line_number":647}
{"timestamp":"2026-01-23T10:52:27.161084Z","level":"WARN","message":"Message from B to I dropped: sender offline after 10 retries","target":"indras_simulation::simulation","filename":"simulation/src/simulation.rs","line_number":393}
{"timestamp":"2026-01-23T10:52:27.161376Z","level":"WARN","message":"Message from I to I dropped: sender offline after 10 retries","target":"indras_simulation::simulation","filename":"simulation/src/simulation.rs","line_number":393}
{"timestamp":"2026-01-23T10:52:27.161435Z","level":"INFO","message":"Packet I#8 delivered to B via A at tick 90 (latency: 15 ticks)","target":"indras_simulation::simulation","filename":"simulation/src/simulation.rs","line_number":328}
{"timestamp":"2026-01-23T10:52:27.161452Z","level":"INFO","message":"Packet A#10 delivered to B via A at tick 90 (latency: 3 ticks)","target":"indras_simulation::simulation","filename":"simulation/src/simulation.rs","line_number":328}
{"timestamp":"2026-01-23T10:52:27.161469Z","level":"INFO","message":"Packet I#4 delivered to B via G at tick 90 (latency: 25 ticks)","target":"indras_simulation::simulation","filename":"simulation/src/simulation.rs","line_number":328}
{"timestamp":"2026-01-23T10:52:27.161486Z","level":"INFO","message":"Packet I#5 delivered to B via G at tick 90 (latency: 25 ticks)","target":"indras_simulation::simulation","filename":"simulation/src/simulation.rs","line_number":328}
{"timestamp":"2026-01-23T10:52:27.161506Z","level":"WARN","message":"Message from I to A dropped: sender offline after 10 retries","target":"indras_simulation::simulation","filename":"simulation/src/simulation.rs","line_number":393}
{"timestamp":"2026-01-23T10:52:27.161544Z","level":"INFO","message":"Packet B#6 delivered to J via B at tick 90 (latency: 0 ticks)","target":"indras_simulation::simulation","filename":"simulation/src/simulation.rs","line_number":328}
{"timestamp":"2026-01-23T10:52:27.161573Z","level":"INFO","message":"Packet B#5 delivered to B via A at tick 90 (latency: 0 ticks)","target":"indras_simulation::simulation","filename":"simulation/src/simulation.rs","line_number":328}
{"timestamp":"2026-01-23T10:52:27.161594Z","level":"INFO","message":"Packet J#7 delivered to A via B at tick 90 (latency: 0 ticks)","target":"indras_simulation::simulation","filename":"simulation/src/simulation.rs","line_number":328}
{"timestamp":"2026-01-23T10:52:27.161650Z","level":"INFO","message":"Messaging progress","source":"lua","fields":"{\"target\":100,\"tick\":90,\"delivered\":28,\"trace_id\":\"fda7131d-ca64-4051-a7e6-0b114e8dbe3a\",\"messages_sent\":50,\"delivery_rate\":0.56}","target":"indras_simulation::lua::bindings::logging","filename":"simulation/src/lua/bindings/logging.rs","line_number":95}
{"timestamp":"2026-01-23T10:52:27.161742Z","level":"INFO","message":"Back-propagation complete for packet J#7 (latency: 1 ticks)","target":"indras_simulation::simulation","filename":"simulation/src/simulation.rs","line_number":647}
{"timestamp":"2026-01-23T10:52:27.161758Z","level":"INFO","message":"Back-propagation complete for packet B#5 (latency: 1 ticks)","target":"indras_simulation::simulation","filename":"simulation/src/simulation.rs","line_number":647}
{"timestamp":"2026-01-23T10:52:27.161788Z","level":"WARN","message":"Message from I to A dropped: sender offline after 10 retries","target":"indras_simulation::simulation","filename":"simulation/src/simulation.rs","line_number":393}
{"timestamp":"2026-01-23T10:52:27.161910Z","level":"WARN","message":"Message from I to B dropped: sender offline after 10 retries","target":"indras_simulation::simulation","filename":"simulation/src/simulation.rs","line_number":393}
{"timestamp":"2026-01-23T10:52:27.161983Z","level":"INFO","message":"Packet J#6 delivered to I via D at tick 95 (latency: 10 ticks)","target":"indras_simulation::simulation","filename":"simulation/src/simulation.rs","line_number":328}
{"timestamp":"2026-01-23T10:52:27.162002Z","level":"INFO","message":"Packet B#4 delivered to I via D at tick 95 (latency: 5 ticks)","target":"indras_simulation::simulation","filename":"simulation/src/simulation.rs","line_number":328}
{"timestamp":"2026-01-23T10:52:27.162018Z","level":"INFO","message":"Packet B#7 delivered to I via D at tick 95 (latency: 2 ticks)","target":"indras_simulation::simulation","filename":"simulation/src/simulation.rs","line_number":328}
{"timestamp":"2026-01-23T10:52:27.162034Z","level":"INFO","message":"Packet B#8 delivered to I via D at tick 95 (latency: 1 ticks)","target":"indras_simulation::simulation","filename":"simulation/src/simulation.rs","line_number":328}
{"timestamp":"2026-01-23T10:52:27.162089Z","level":"INFO","message":"Packet I#11 delivered to I via D at tick 95 (latency: 0 ticks)","target":"indras_simulation::simulation","filename":"simulation/src/simulation.rs","line_number":328}
{"timestamp":"2026-01-23T10:52:27.162114Z","level":"INFO","message":"Packet B#9 delivered to I via D at tick 95 (latency: 0 ticks)","target":"indras_simulation::simulation","filename":"simulation/src/simulation.rs","line_number":328}
{"timestamp":"2026-01-23T10:52:27.162176Z","level":"INFO","message":"Packet A#12 delivered to B via A at tick 96 (latency: 0 ticks)","target":"indras_simulation::simulation","filename":"simulation/src/simulation.rs","line_number":328}
{"timestamp":"2026-01-23T10:52:27.162197Z","level":"INFO","message":"Packet I#12 delivered to A via C at tick 96 (latency: 1 ticks)","target":"indras_simulation::simulation","filename":"simulation/src/simulation.rs","line_number":328}
{"timestamp":"2026-01-23T10:52:27.162231Z","level":"INFO","message":"Packet A#11 delivered to I via D at tick 96 (latency: 5 ticks)","target":"indras_simulation::simulation","filename":"simulation/src/simulation.rs","line_number":328}
{"timestamp":"2026-01-23T10:52:27.162256Z","level":"INFO","message":"Back-propagation complete for packet I#11 (latency: 1 ticks)","target":"indras_simulation::simulation","filename":"simulation/src/simulation.rs","line_number":647}
{"timestamp":"2026-01-23T10:52:27.162323Z","level":"INFO","message":"Packet I#9 delivered to A via C at tick 97 (latency: 21 ticks)","target":"indras_simulation::simulation","filename":"simulation/src/simulation.rs","line_number":328}
{"timestamp":"2026-01-23T10:52:27.162352Z","level":"INFO","message":"Packet B#10 delivered to I via D at tick 97 (latency: 0 ticks)","target":"indras_simulation::simulation","filename":"simulation/src/simulation.rs","line_number":328}
{"timestamp":"2026-01-23T10:52:27.162408Z","level":"INFO","message":"Packet I#10 delivered to B via A at tick 98 (latency: 21 ticks)","target":"indras_simulation::simulation","filename":"simulation/src/simulation.rs","line_number":328}
{"timestamp":"2026-01-23T10:52:27.162428Z","level":"INFO","message":"Packet B#11 delivered to B via A at tick 98 (latency: 0 ticks)","target":"indras_simulation::simulation","filename":"simulation/src/simulation.rs","line_number":328}
{"timestamp":"2026-01-23T10:52:27.162450Z","level":"INFO","message":"Back-propagation complete for packet I#12 (latency: 2 ticks)","target":"indras_simulation::simulation","filename":"simulation/src/simulation.rs","line_number":647}
{"timestamp":"2026-01-23T10:52:27.162466Z","level":"INFO","message":"Back-propagation complete for packet B#9 (latency: 3 ticks)","target":"indras_simulation::simulation","filename":"simulation/src/simulation.rs","line_number":647}
{"timestamp":"2026-01-23T10:52:27.162478Z","level":"INFO","message":"Back-propagation complete for packet B#8 (latency: 3 ticks)","target":"indras_simulation::simulation","filename":"simulation/src/simulation.rs","line_number":647}
{"timestamp":"2026-01-23T10:52:27.162493Z","level":"INFO","message":"Back-propagation complete for packet B#7 (latency: 3 ticks)","target":"indras_simulation::simulation","filename":"simulation/src/simulation.rs","line_number":647}
{"timestamp":"2026-01-23T10:52:27.162506Z","level":"INFO","message":"Back-propagation complete for packet B#4 (latency: 3 ticks)","target":"indras_simulation::simulation","filename":"simulation/src/simulation.rs","line_number":647}
{"timestamp":"2026-01-23T10:52:27.162521Z","level":"INFO","message":"Back-propagation complete for packet I#8 (latency: 8 ticks)","target":"indras_simulation::simulation","filename":"simulation/src/simulation.rs","line_number":647}
{"timestamp":"2026-01-23T10:52:27.162570Z","level":"INFO","message":"Packet B#12 delivered to I via D at tick 99 (latency: 0 ticks)","target":"indras_simulation::simulation","filename":"simulation/src/simulation.rs","line_number":328}
{"timestamp":"2026-01-23T10:52:27.162593Z","level":"INFO","message":"Back-propagation complete for packet B#11 (latency: 1 ticks)","target":"indras_simulation::simulation","filename":"simulation/src/simulation.rs","line_number":647}
{"timestamp":"2026-01-23T10:52:27.162608Z","level":"INFO","message":"Back-propagation complete for packet I#9 (latency: 2 ticks)","target":"indras_simulation::simulation","filename":"simulation/src/simulation.rs","line_number":647}
{"timestamp":"2026-01-23T10:52:27.162663Z","level":"INFO","message":"Back-propagation complete for packet B#10 (latency: 3 ticks)","target":"indras_simulation::simulation","filename":"simulation/src/simulation.rs","line_number":647}
{"timestamp":"2026-01-23T10:52:27.162705Z","level":"INFO","message":"Messaging progress","source":"lua","fields":"{\"tick\":100,\"delivered\":42,\"messages_sent\":60,\"trace_id\":\"fda7131d-ca64-4051-a7e6-0b114e8dbe3a\",\"target\":100,\"delivery_rate\":0.7}","target":"indras_simulation::lua::bindings::logging","filename":"simulation/src/lua/bindings/logging.rs","line_number":95}
{"timestamp":"2026-01-23T10:52:27.162785Z","level":"INFO","message":"Packet I#13 delivered to I via D at tick 101 (latency: 0 ticks)","target":"indras_simulation::simulation","filename":"simulation/src/simulation.rs","line_number":328}
{"timestamp":"2026-01-23T10:52:27.162807Z","level":"INFO","message":"Packet A#13 delivered to I via D at tick 101 (latency: 1 ticks)","target":"indras_simulation::simulation","filename":"simulation/src/simulation.rs","line_number":328}
{"timestamp":"2026-01-23T10:52:27.162830Z","level":"INFO","message":"Back-propagation complete for packet I#10 (latency: 3 ticks)","target":"indras_simulation::simulation","filename":"simulation/src/simulation.rs","line_number":647}
{"timestamp":"2026-01-23T10:52:27.162878Z","level":"INFO","message":"Back-propagation complete for packet I#13 (latency: 1 ticks)","target":"indras_simulation::simulation","filename":"simulation/src/simulation.rs","line_number":647}
{"timestamp":"2026-01-23T10:52:27.162895Z","level":"INFO","message":"Back-propagation complete for packet B#12 (latency: 3 ticks)","target":"indras_simulation::simulation","filename":"simulation/src/simulation.rs","line_number":647}
{"timestamp":"2026-01-23T10:52:27.163045Z","level":"INFO","message":"Packet I#15 delivered to I via D at tick 105 (latency: 0 ticks)","target":"indras_simulation::simulation","filename":"simulation/src/simulation.rs","line_number":328}
{"timestamp":"2026-01-23T10:52:27.163140Z","level":"INFO","message":"Back-propagation complete for packet I#15 (latency: 1 ticks)","target":"indras_simulation::simulation","filename":"simulation/src/simulation.rs","line_number":647}
{"timestamp":"2026-01-23T10:52:27.163214Z","level":"INFO","message":"Packet I#17 delivered to I via D at tick 107 (latency: 0 ticks)","target":"indras_simulation::simulation","filename":"simulation/src/simulation.rs","line_number":328}
{"timestamp":"2026-01-23T10:52:27.163321Z","level":"INFO","message":"Back-propagation complete for packet I#17 (latency: 1 ticks)","target":"indras_simulation::simulation","filename":"simulation/src/simulation.rs","line_number":647}
{"timestamp":"2026-01-23T10:52:27.163447Z","level":"INFO","message":"Packet I#16 delivered to A via C at tick 110 (latency: 4 ticks)","target":"indras_simulation::simulation","filename":"simulation/src/simulation.rs","line_number":328}
{"timestamp":"2026-01-23T10:52:27.163529Z","level":"INFO","message":"Messaging progress","source":"lua","fields":"{\"messages_sent\":70,\"tick\":110,\"target\":100,\"delivered\":47,\"trace_id\":\"fda7131d-ca64-4051-a7e6-0b114e8dbe3a\",\"delivery_rate\":0.6714285714285714}","target":"indras_simulation::lua::bindings::logging","filename":"simulation/src/lua/bindings/logging.rs","line_number":95}
{"timestamp":"2026-01-23T10:52:27.163601Z","level":"INFO","message":"Packet I#18 delivered to J via E at tick 111 (latency: 3 ticks)","target":"indras_simulation::simulation","filename":"simulation/src/simulation.rs","line_number":328}
{"timestamp":"2026-01-23T10:52:27.163651Z","level":"INFO","message":"Back-propagation complete for packet J#6 (latency: 16 ticks)","target":"indras_simulation::simulation","filename":"simulation/src/simulation.rs","line_number":647}
{"timestamp":"2026-01-23T10:52:27.163729Z","level":"INFO","message":"Back-propagation complete for packet I#16 (latency: 2 ticks)","target":"indras_simulation::simulation","filename":"simulation/src/simulation.rs","line_number":647}
{"timestamp":"2026-01-23T10:52:27.163786Z","level":"WARN","message":"Message from B to A dropped: sender offline after 10 retries","target":"indras_simulation::simulation","filename":"simulation/src/simulation.rs","line_number":393}
{"timestamp":"2026-01-23T10:52:27.163825Z","level":"INFO","message":"Packet A#14 delivered to I via D at tick 113 (latency: 0 ticks)","target":"indras_simulation::simulation","filename":"simulation/src/simulation.rs","line_number":328}
{"timestamp":"2026-01-23T10:52:27.163965Z","level":"INFO","message":"Back-propagation complete for packet A#14 (latency: 2 ticks)","target":"indras_simulation::simulation","filename":"simulation/src/simulation.rs","line_number":647}
{"timestamp":"2026-01-23T10:52:27.163981Z","level":"INFO","message":"Back-propagation complete for packet I#18 (latency: 4 ticks)","target":"indras_simulation::simulation","filename":"simulation/src/simulation.rs","line_number":647}
{"timestamp":"2026-01-23T10:52:27.164107Z","level":"INFO","message":"Packet J#9 delivered to A via E at tick 117 (latency: 0 ticks)","target":"indras_simulation::simulation","filename":"simulation/src/simulation.rs","line_number":328}
{"timestamp":"2026-01-23T10:52:27.164129Z","level":"INFO","message":"Packet J#10 delivered to A via E at tick 117 (latency: 0 ticks)","target":"indras_simulation::simulation","filename":"simulation/src/simulation.rs","line_number":328}
{"timestamp":"2026-01-23T10:52:27.164235Z","level":"INFO","message":"Back-propagation complete for packet J#10 (latency: 1 ticks)","target":"indras_simulation::simulation","filename":"simulation/src/simulation.rs","line_number":647}
{"timestamp":"2026-01-23T10:52:27.164252Z","level":"INFO","message":"Back-propagation complete for packet J#9 (latency: 1 ticks)","target":"indras_simulation::simulation","filename":"simulation/src/simulation.rs","line_number":647}
{"timestamp":"2026-01-23T10:52:27.164281Z","level":"WARN","message":"Message from B to I dropped: sender offline after 10 retries","target":"indras_simulation::simulation","filename":"simulation/src/simulation.rs","line_number":393}
{"timestamp":"2026-01-23T10:52:27.164433Z","level":"INFO","message":"Messaging progress","source":"lua","fields":"{\"delivered\":51,\"tick\":120,\"target\":100,\"messages_sent\":80,\"trace_id\":\"fda7131d-ca64-4051-a7e6-0b114e8dbe3a\",\"delivery_rate\":0.6375}","target":"indras_simulation::lua::bindings::logging","filename":"simulation/src/lua/bindings/logging.rs","line_number":95}
{"timestamp":"2026-01-23T10:52:27.164477Z","level":"WARN","message":"Message from B to I dropped: sender offline after 10 retries","target":"indras_simulation::simulation","filename":"simulation/src/simulation.rs","line_number":393}
{"timestamp":"2026-01-23T10:52:27.164690Z","level":"WARN","message":"Message from B to J dropped: sender offline after 10 retries","target":"indras_simulation::simulation","filename":"simulation/src/simulation.rs","line_number":393}
{"timestamp":"2026-01-23T10:52:27.164759Z","level":"INFO","message":"Packet I#14 delivered to B via A at tick 125 (latency: 23 ticks)","target":"indras_simulation::simulation","filename":"simulation/src/simulation.rs","line_number":328}
{"timestamp":"2026-01-23T10:52:27.164783Z","level":"INFO","message":"Packet I#19 delivered to B via A at tick 125 (latency: 15 ticks)","target":"indras_simulation::simulation","filename":"simulation/src/simulation.rs","line_number":328}
{"timestamp":"2026-01-23T10:52:27.164801Z","level":"INFO","message":"Packet I#20 delivered to B via A at tick 125 (latency: 13 ticks)","target":"indras_simulation::simulation","filename":"simulation/src/simulation.rs","line_number":328}
{"timestamp":"2026-01-23T10:52:27.164819Z","level":"INFO","message":"Packet A#15 delivered to B via A at tick 125 (latency: 8 ticks)","target":"indras_simulation::simulation","filename":"simulation/src/simulation.rs","line_number":328}
{"timestamp":"2026-01-23T10:52:27.164834Z","level":"INFO","message":"Packet A#17 delivered to B via A at tick 125 (latency: 4 ticks)","target":"indras_simulation::simulation","filename":"simulation/src/simulation.rs","line_number":328}
{"timestamp":"2026-01-23T10:52:27.164854Z","level":"INFO","message":"Packet J#8 delivered to B via J at tick 125 (latency: 14 ticks)","target":"indras_simulation::simulation","filename":"simulation/src/simulation.rs","line_number":328}
{"timestamp":"2026-01-23T10:52:27.165149Z","level":"INFO","message":"Packet A#19 delivered to B via A at tick 127 (latency: 0 ticks)","target":"indras_simulation::simulation","filename":"simulation/src/simulation.rs","line_number":328}
{"timestamp":"2026-01-23T10:52:27.165608Z","level":"INFO","message":"Packet I#22 delivered to I via D at tick 130 (latency: 0 ticks)","target":"indras_simulation::simulation","filename":"simulation/src/simulation.rs","line_number":328}
{"timestamp":"2026-01-23T10:52:27.165747Z","level":"INFO","message":"Messaging progress","source":"lua","fields":"{\"delivered\":59,\"trace_id\":\"fda7131d-ca64-4051-a7e6-0b114e8dbe3a\",\"messages_sent\":90,\"delivery_rate\":0.6555555555555556,\"target\":100,\"tick\":130}","target":"indras_simulation::lua::bindings::logging","filename":"simulation/src/lua/bindings/logging.rs","line_number":95}
{"timestamp":"2026-01-23T10:52:27.165815Z","level":"INFO","message":"Packet I#21 delivered to A via C at tick 131 (latency: 9 ticks)","target":"indras_simulation::simulation","filename":"simulation/src/simulation.rs","line_number":328}
{"timestamp":"2026-01-23T10:52:27.165888Z","level":"INFO","message":"Packet B#13 delivered to I via D at tick 131 (latency: 6 ticks)","target":"indras_simulation::simulation","filename":"simulation/src/simulation.rs","line_number":328}
{"timestamp":"2026-01-23T10:52:27.165907Z","level":"INFO","message":"Packet B#14 delivered to I via D at tick 131 (latency: 6 ticks)","target":"indras_simulation::simulation","filename":"simulation/src/simulation.rs","line_number":328}
{"timestamp":"2026-01-23T10:52:27.165927Z","level":"INFO","message":"Packet B#15 delivered to I via D at tick 131 (latency: 6 ticks)","target":"indras_simulation::simulation","filename":"simulation/src/simulation.rs","line_number":328}
{"timestamp":"2026-01-23T10:52:27.165945Z","level":"INFO","message":"Packet B#16 delivered to I via D at tick 131 (latency: 6 ticks)","target":"indras_simulation::simulation","filename":"simulation/src/simulation.rs","line_number":328}
{"timestamp":"2026-01-23T10:52:27.165963Z","level":"INFO","message":"Packet B#17 delivered to I via D at tick 131 (latency: 6 ticks)","target":"indras_simulation::simulation","filename":"simulation/src/simulation.rs","line_number":328}
{"timestamp":"2026-01-23T10:52:27.165982Z","level":"INFO","message":"Packet A#18 delivered to I via D at tick 131 (latency: 4 ticks)","target":"indras_simulation::simulation","filename":"simulation/src/simulation.rs","line_number":328}
{"timestamp":"2026-01-23T10:52:27.166003Z","level":"INFO","message":"Packet B#18 delivered to I via D at tick 131 (latency: 3 ticks)","target":"indras_simulation::simulation","filename":"simulation/src/simulation.rs","line_number":328}
{"timestamp":"2026-01-23T10:52:27.166023Z","level":"INFO","message":"Packet B#19 delivered to I via D at tick 131 (latency: 2 ticks)","target":"indras_simulation::simulation","filename":"simulation/src/simulation.rs","line_number":328}
{"timestamp":"2026-01-23T10:52:27.166075Z","level":"INFO","message":"Back-propagation complete for packet I#22 (latency: 1 ticks)","target":"indras_simulation::simulation","filename":"simulation/src/simulation.rs","line_number":647}
{"timestamp":"2026-01-23T10:52:27.166117Z","level":"INFO","message":"Packet B#20 delivered to A via B at tick 132 (latency: 0 ticks)","target":"indras_simulation::simulation","filename":"simulation/src/simulation.rs","line_number":328}
{"timestamp":"2026-01-23T10:52:27.166150Z","level":"INFO","message":"Packet I#23 delivered to J via E at tick 132 (latency: 1 ticks)","target":"indras_simulation::simulation","filename":"simulation/src/simulation.rs","line_number":328}
{"timestamp":"2026-01-23T10:52:27.166197Z","level":"INFO","message":"Back-propagation complete for packet I#20 (latency: 7 ticks)","target":"indras_simulation::simulation","filename":"simulation/src/simulation.rs","line_number":647}
{"timestamp":"2026-01-23T10:52:27.166211Z","level":"INFO","message":"Back-propagation complete for packet I#19 (latency: 7 ticks)","target":"indras_simulation::simulation","filename":"simulation/src/simulation.rs","line_number":647}
{"timestamp":"2026-01-23T10:52:27.166224Z","level":"INFO","message":"Back-propagation complete for packet I#14 (latency: 7 ticks)","target":"indras_simulation::simulation","filename":"simulation/src/simulation.rs","line_number":647}
{"timestamp":"2026-01-23T10:52:27.166238Z","level":"INFO","message":"Back-propagation complete for packet A#13 (latency: 31 ticks)","target":"indras_simulation::simulation","filename":"simulation/src/simulation.rs","line_number":647}
{"timestamp":"2026-01-23T10:52:27.166254Z","level":"INFO","message":"Back-propagation complete for packet A#11 (latency: 36 ticks)","target":"indras_simulation::simulation","filename":"simulation/src/simulation.rs","line_number":647}
{"timestamp":"2026-01-23T10:52:27.166325Z","level":"INFO","message":"Packet A#20 delivered to J via B at tick 133 (latency: 0 ticks)","target":"indras_simulation::simulation","filename":"simulation/src/simulation.rs","line_number":328}
{"timestamp":"2026-01-23T10:52:27.166372Z","level":"INFO","message":"Back-propagation complete for packet I#21 (latency: 2 ticks)","target":"indras_simulation::simulation","filename":"simulation/src/simulation.rs","line_number":647}
{"timestamp":"2026-01-23T10:52:27.166429Z","level":"INFO","message":"Packet B#21 delivered to B via A at tick 134 (latency: 0 ticks)","target":"indras_simulation::simulation","filename":"simulation/src/simulation.rs","line_number":328}
{"timestamp":"2026-01-23T10:52:27.166471Z","level":"INFO","message":"Back-propagation complete for packet A#20 (latency: 1 ticks)","target":"indras_simulation::simulation","filename":"simulation/src/simulation.rs","line_number":647}
{"timestamp":"2026-01-23T10:52:27.166551Z","level":"INFO","message":"Back-propagation complete for packet B#21 (latency: 1 ticks)","target":"indras_simulation::simulation","filename":"simulation/src/simulation.rs","line_number":647}
{"timestamp":"2026-01-23T10:52:27.166710Z","level":"INFO","message":"Packet B#22 delivered to I via D at tick 137 (latency: 0 ticks)","target":"indras_simulation::simulation","filename":"simulation/src/simulation.rs","line_number":328}
{"timestamp":"2026-01-23T10:52:27.166798Z","level":"INFO","message":"Packet I#25 delivered to A via C at tick 138 (latency: 1 ticks)","target":"indras_simulation::simulation","filename":"simulation/src/simulation.rs","line_number":328}
{"timestamp":"2026-01-23T10:52:27.166848Z","level":"INFO","message":"Back-propagation complete for packet I#23 (latency: 6 ticks)","target":"indras_simulation::simulation","filename":"simulation/src/simulation.rs","line_number":647}
{"timestamp":"2026-01-23T10:52:27.166863Z","level":"INFO","message":"Back-propagation complete for packet B#17 (latency: 7 ticks)","target":"indras_simulation::simulation","filename":"simulation/src/simulation.rs","line_number":647}
{"timestamp":"2026-01-23T10:52:27.166877Z","level":"INFO","message":"Back-propagation complete for packet B#16 (latency: 7 ticks)","target":"indras_simulation::simulation","filename":"simulation/src/simulation.rs","line_number":647}
{"timestamp":"2026-01-23T10:52:27.166890Z","level":"INFO","message":"Back-propagation complete for packet B#15 (latency: 7 ticks)","target":"indras_simulation::simulation","filename":"simulation/src/simulation.rs","line_number":647}
{"timestamp":"2026-01-23T10:52:27.166905Z","level":"INFO","message":"Back-propagation complete for packet B#14 (latency: 7 ticks)","target":"indras_simulation::simulation","filename":"simulation/src/simulation.rs","line_number":647}
{"timestamp":"2026-01-23T10:52:27.166918Z","level":"INFO","message":"Back-propagation complete for packet B#13 (latency: 7 ticks)","target":"indras_simulation::simulation","filename":"simulation/src/simulation.rs","line_number":647}
{"timestamp":"2026-01-23T10:52:27.166978Z","level":"INFO","message":"Packet J#11 delivered to B via J at tick 139 (latency: 0 ticks)","target":"indras_simulation::simulation","filename":"simulation/src/simulation.rs","line_number":328}
{"timestamp":"2026-01-23T10:52:27.166998Z","level":"INFO","message":"Packet I#24 delivered to B via A at tick 139 (latency: 4 ticks)","target":"indras_simulation::simulation","filename":"simulation/src/simulation.rs","line_number":328}
{"timestamp":"2026-01-23T10:52:27.167054Z","level":"INFO","message":"Back-propagation complete for packet B#19 (latency: 8 ticks)","target":"indras_simulation::simulation","filename":"simulation/src/simulation.rs","line_number":647}
{"timestamp":"2026-01-23T10:52:27.167068Z","level":"INFO","message":"Back-propagation complete for packet B#18 (latency: 8 ticks)","target":"indras_simulation::simulation","filename":"simulation/src/simulation.rs","line_number":647}
{"timestamp":"2026-01-23T10:52:27.167082Z","level":"INFO","message":"Back-propagation complete for packet A#18 (latency: 8 ticks)","target":"indras_simulation::simulation","filename":"simulation/src/simulation.rs","line_number":647}
{"timestamp":"2026-01-23T10:52:27.167123Z","level":"INFO","message":"Packet I#26 delivered to B via A at tick 140 (latency: 2 ticks)","target":"indras_simulation::simulation","filename":"simulation/src/simulation.rs","line_number":328}
{"timestamp":"2026-01-23T10:52:27.167171Z","level":"INFO","message":"Back-propagation complete for packet B#22 (latency: 3 ticks)","target":"indras_simulation::simulation","filename":"simulation/src/simulation.rs","line_number":647}
{"timestamp":"2026-01-23T10:52:27.167185Z","level":"INFO","message":"Back-propagation complete for packet I#5 (latency: 50 ticks)","target":"indras_simulation::simulation","filename":"simulation/src/simulation.rs","line_number":647}
{"timestamp":"2026-01-23T10:52:27.167199Z","level":"INFO","message":"Back-propagation complete for packet I#4 (latency: 50 ticks)","target":"indras_simulation::simulation","filename":"simulation/src/simulation.rs","line_number":647}
{"timestamp":"2026-01-23T10:52:27.167245Z","level":"INFO","message":"Messaging progress","source":"lua","fields":"{\"trace_id\":\"fda7131d-ca64-4051-a7e6-0b114e8dbe3a\",\"delivery_rate\":0.77,\"delivered\":77,\"messages_sent\":100,\"tick\":140,\"target\":100}","target":"indras_simulation::lua::bindings::logging","filename":"simulation/src/lua/bindings/logging.rs","line_number":95}
{"timestamp":"2026-01-23T10:52:27.167286Z","level":"INFO","message":"Phase 2 complete","source":"lua","fields":"{\"avg_msgs_per_tick\":1.0,\"tick_duration\":100,\"trace_id\":\"fda7131d-ca64-4051-a7e6-0b114e8dbe3a\",\"messages_sent\":100}","target":"indras_simulation::lua::bindings::logging","filename":"simulation/src/lua/bindings/logging.rs","line_number":95}
{"timestamp":"2026-01-23T10:52:27.167318Z","level":"INFO","message":"Phase 3: Verifying delivery confirmations","source":"lua","fields":"{\"trace_id\":\"fda7131d-ca64-4051-a7e6-0b114e8dbe3a\",\"messages_to_confirm\":100}","target":"indras_simulation::lua::bindings::logging","filename":"simulation/src/lua/bindings/logging.rs","line_number":95}
{"timestamp":"2026-01-23T10:52:27.167384Z","level":"INFO","message":"Back-propagation complete for packet I#3 (latency: 63 ticks)","target":"indras_simulation::simulation","filename":"simulation/src/simulation.rs","line_number":647}
{"timestamp":"2026-01-23T10:52:27.167402Z","level":"INFO","message":"Back-propagation complete for packet I#2 (latency: 63 ticks)","target":"indras_simulation::simulation","filename":"simulation/src/simulation.rs","line_number":647}
{"timestamp":"2026-01-23T10:52:27.167646Z","level":"INFO","message":"Back-propagation complete for packet I#25 (latency: 8 ticks)","target":"indras_simulation::simulation","filename":"simulation/src/simulation.rs","line_number":647}
{"timestamp":"2026-01-23T10:52:27.167782Z","level":"WARN","message":"Message from I to I dropped: sender offline after 10 retries","target":"indras_simulation::simulation","filename":"simulation/src/simulation.rs","line_number":393}
{"timestamp":"2026-01-23T10:52:27.168246Z","level":"INFO","message":"Back-propagation complete for packet I#26 (latency: 22 ticks)","target":"indras_simulation::simulation","filename":"simulation/src/simulation.rs","line_number":647}
{"timestamp":"2026-01-23T10:52:27.168260Z","level":"INFO","message":"Back-propagation complete for packet I#24 (latency: 23 ticks)","target":"indras_simulation::simulation","filename":"simulation/src/simulation.rs","line_number":647}
{"timestamp":"2026-01-23T10:52:27.169890Z","level":"INFO","message":"Phase 3 complete","source":"lua","fields":"{\"trace_id\":\"fda7131d-ca64-4051-a7e6-0b114e8dbe3a\",\"avg_confirmation_latency\":1105.0,\"confirmations_received\":100}","target":"indras_simulation::lua::bindings::logging","filename":"simulation/src/lua/bindings/logging.rs","line_number":95}
{"timestamp":"2026-01-23T10:52:27.170076Z","level":"INFO","message":"Messaging stress test completed","source":"lua","fields":"{\"network_delivery_rate\":0.77,\"avg_network_latency\":4.3896103896103895,\"total_peers\":10,\"signature_failure_rate\":0.0,\"config_level\":\"quick\",\"signatures_verified\":100,\"total_ticks\":200,\"target_messages\":100,\"encryption_ops\":26,\"total_interfaces\":2,\"interfaces_created\":2,\"messages_delivered\":77,\"kem_encapsulations\":26,\"interface_isolation\":1.0,\"trace_id\":\"fda7131d-ca64-4051-a7e6-0b114e8dbe3a\",\"avg_hops\":3.0779220779220777,\"messages_sent\":100,\"kem_decapsulations\":26,\"confirmations_received\":100,\"invite_success_rate\":1.0,\"signatures_created\":100,\"e2e_delivery_rate\":0.77,\"kem_failure_rate\":0.0,\"confirmation_latency_avg\":1105.0}","target":"indras_simulation::lua::bindings::logging","filename":"simulation/src/lua/bindings/logging.rs","line_number":95}
{"timestamp":"2026-01-23T10:52:27.170149Z","level":"INFO","message":"Messaging stress test passed","source":"lua","fields":"{\"trace_id\":\"fda7131d-ca64-4051-a7e6-0b114e8dbe3a\",\"interface_isolation\":1.0,\"e2e_delivery_rate\":0.77,\"confirmation_latency_avg\":1105.0}","target":"indras_simulation::lua::bindings::logging","filename":"simulation/src/lua/bindings/logging.rs","line_number":95}
{"timestamp":"2026-01-23T10:52:27.170185Z","level":"INFO","message":"Script completed successfully","target":"lua_runner","filename":"simulation/src/bin/lua_runner.rs","line_number":107}
