{"timestamp":"2026-01-23T11:51:12.929274Z","level":"INFO","message":"Running Lua script: /Users/truman/Code/IndrasNetwork/simulation/scripts/scenarios/routing_stress.lua","target":"lua_runner","filename":"simulation/src/bin/lua_runner.rs","line_number":93}
{"timestamp":"2026-01-23T11:51:12.930609Z","level":"INFO","message":"Starting routing stress test","source":"lua","fields":"{\"trace_id\":\"e9cc0113-f29b-4a7e-84ad-fc36ea954de4\",\"churn_rate\":0.1,\"total_messages\":100,\"edge_probability\":0.4,\"level\":\"quick\",\"peers\":10,\"duration\":200}","target":"indras_simulation::lua::bindings::logging","filename":"simulation/src/lua/bindings/logging.rs","line_number":95}
{"timestamp":"2026-01-23T11:51:12.931757Z","level":"INFO","message":"Simulation initialized at tick 0","target":"indras_simulation::simulation","filename":"simulation/src/simulation.rs","line_number":168}
{"timestamp":"2026-01-23T11:51:12.931936Z","level":"INFO","message":"Phase 1: Message burst with network churn","source":"lua","fields":"{\"ticks\":200,\"trace_id\":\"e9cc0113-f29b-4a7e-84ad-fc36ea954de4\",\"target_messages\":100}","target":"indras_simulation::lua::bindings::logging","filename":"simulation/src/lua/bindings/logging.rs","line_number":95}
{"timestamp":"2026-01-23T11:51:12.932316Z","level":"INFO","message":"Packet G#0 delivered to E via B at tick 3 (latency: 1 ticks)","target":"indras_simulation::simulation","filename":"simulation/src/simulation.rs","line_number":328}
{"timestamp":"2026-01-23T11:51:12.932364Z","level":"INFO","message":"Packet G#1 delivered to I via D at tick 3 (latency: 0 ticks)","target":"indras_simulation::simulation","filename":"simulation/src/simulation.rs","line_number":328}
{"timestamp":"2026-01-23T11:51:12.932526Z","level":"INFO","message":"Packet A#0 delivered to B via A at tick 4 (latency: 0 ticks)","target":"indras_simulation::simulation","filename":"simulation/src/simulation.rs","line_number":328}
{"timestamp":"2026-01-23T11:51:12.932577Z","level":"INFO","message":"Packet B#0 delivered to F via A at tick 4 (latency: 2 ticks)","target":"indras_simulation::simulation","filename":"simulation/src/simulation.rs","line_number":328}
{"timestamp":"2026-01-23T11:51:12.932623Z","level":"INFO","message":"Back-propagation complete for packet G#1 (latency: 1 ticks)","target":"indras_simulation::simulation","filename":"simulation/src/simulation.rs","line_number":647}
{"timestamp":"2026-01-23T11:51:12.932768Z","level":"INFO","message":"Packet F#0 delivered to H via F at tick 5 (latency: 0 ticks)","target":"indras_simulation::simulation","filename":"simulation/src/simulation.rs","line_number":328}
{"timestamp":"2026-01-23T11:51:12.932812Z","level":"INFO","message":"Back-propagation complete for packet B#0 (latency: 1 ticks)","target":"indras_simulation::simulation","filename":"simulation/src/simulation.rs","line_number":647}
{"timestamp":"2026-01-23T11:51:12.932891Z","level":"INFO","message":"Back-propagation complete for packet G#0 (latency: 3 ticks)","target":"indras_simulation::simulation","filename":"simulation/src/simulation.rs","line_number":647}
{"timestamp":"2026-01-23T11:51:12.933163Z","level":"INFO","message":"Packet D#0 delivered to I via D at tick 10 (latency: 2 ticks)","target":"indras_simulation::simulation","filename":"simulation/src/simulation.rs","line_number":328}
{"timestamp":"2026-01-23T11:51:12.933231Z","level":"INFO","message":"Packet B#1 delivered to F via E at tick 10 (latency: 0 ticks)","target":"indras_simulation::simulation","filename":"simulation/src/simulation.rs","line_number":328}
{"timestamp":"2026-01-23T11:51:12.933271Z","level":"INFO","message":"Packet F#1 delivered to C via I at tick 10 (latency: 0 ticks)","target":"indras_simulation::simulation","filename":"simulation/src/simulation.rs","line_number":328}
{"timestamp":"2026-01-23T11:51:12.933386Z","level":"INFO","message":"Packet I#0 delivered to F via I at tick 11 (latency: 0 ticks)","target":"indras_simulation::simulation","filename":"simulation/src/simulation.rs","line_number":328}
{"timestamp":"2026-01-23T11:51:12.933423Z","level":"INFO","message":"Back-propagation complete for packet F#1 (latency: 1 ticks)","target":"indras_simulation::simulation","filename":"simulation/src/simulation.rs","line_number":647}
{"timestamp":"2026-01-23T11:51:12.933453Z","level":"INFO","message":"Back-propagation complete for packet B#1 (latency: 1 ticks)","target":"indras_simulation::simulation","filename":"simulation/src/simulation.rs","line_number":647}
{"timestamp":"2026-01-23T11:51:12.933584Z","level":"INFO","message":"Packet F#2 delivered to C via I at tick 13 (latency: 1 ticks)","target":"indras_simulation::simulation","filename":"simulation/src/simulation.rs","line_number":328}
{"timestamp":"2026-01-23T11:51:12.933714Z","level":"INFO","message":"Back-propagation complete for packet F#2 (latency: 1 ticks)","target":"indras_simulation::simulation","filename":"simulation/src/simulation.rs","line_number":647}
{"timestamp":"2026-01-23T11:51:12.934023Z","level":"INFO","message":"Packet E#1 delivered to A via B at tick 18 (latency: 1 ticks)","target":"indras_simulation::simulation","filename":"simulation/src/simulation.rs","line_number":328}
{"timestamp":"2026-01-23T11:51:12.934063Z","level":"INFO","message":"Packet A#1 delivered to D via F at tick 18 (latency: 0 ticks)","target":"indras_simulation::simulation","filename":"simulation/src/simulation.rs","line_number":328}
{"timestamp":"2026-01-23T11:51:12.934100Z","level":"INFO","message":"Packet B#2 delivered to D via F at tick 18 (latency: 0 ticks)","target":"indras_simulation::simulation","filename":"simulation/src/simulation.rs","line_number":328}
{"timestamp":"2026-01-23T11:51:12.934184Z","level":"INFO","message":"Packet C#0 delivered to B via C at tick 19 (latency: 0 ticks)","target":"indras_simulation::simulation","filename":"simulation/src/simulation.rs","line_number":328}
{"timestamp":"2026-01-23T11:51:12.934222Z","level":"INFO","message":"Packet A#2 delivered to B via A at tick 19 (latency: 0 ticks)","target":"indras_simulation::simulation","filename":"simulation/src/simulation.rs","line_number":328}
{"timestamp":"2026-01-23T11:51:12.934260Z","level":"INFO","message":"Packet I#1 delivered to A via I at tick 19 (latency: 4 ticks)","target":"indras_simulation::simulation","filename":"simulation/src/simulation.rs","line_number":328}
{"timestamp":"2026-01-23T11:51:12.934290Z","level":"INFO","message":"Back-propagation complete for packet A#1 (latency: 1 ticks)","target":"indras_simulation::simulation","filename":"simulation/src/simulation.rs","line_number":647}
{"timestamp":"2026-01-23T11:51:12.934379Z","level":"WARN","message":"Chaos: killed peer","source":"lua","fields":"{\"peer\":\"I\",\"trace_id\":\"e9cc0113-f29b-4a7e-84ad-fc36ea954de4\",\"total_kills\":1,\"tick\":20}","target":"indras_simulation::lua::bindings::logging","filename":"simulation/src/lua/bindings/logging.rs","line_number":102}
{"timestamp":"2026-01-23T11:51:12.934463Z","level":"INFO","message":"Packet J#0 delivered to F via A at tick 20 (latency: 0 ticks)","target":"indras_simulation::simulation","filename":"simulation/src/simulation.rs","line_number":328}
{"timestamp":"2026-01-23T11:51:12.934490Z","level":"INFO","message":"Packet E#0 delivered to H via B at tick 20 (latency: 6 ticks)","target":"indras_simulation::simulation","filename":"simulation/src/simulation.rs","line_number":328}
{"timestamp":"2026-01-23T11:51:12.934514Z","level":"INFO","message":"Back-propagation complete for packet B#2 (latency: 2 ticks)","target":"indras_simulation::simulation","filename":"simulation/src/simulation.rs","line_number":647}
{"timestamp":"2026-01-23T11:51:12.934685Z","level":"INFO","message":"Packet J#1 delivered to A via J at tick 21 (latency: 0 ticks)","target":"indras_simulation::simulation","filename":"simulation/src/simulation.rs","line_number":328}
{"timestamp":"2026-01-23T11:51:12.934728Z","level":"INFO","message":"Back-propagation complete for packet J#0 (latency: 1 ticks)","target":"indras_simulation::simulation","filename":"simulation/src/simulation.rs","line_number":647}
{"timestamp":"2026-01-23T11:51:12.934862Z","level":"INFO","message":"Packet D#1 delivered to H via F at tick 23 (latency: 0 ticks)","target":"indras_simulation::simulation","filename":"simulation/src/simulation.rs","line_number":328}
{"timestamp":"2026-01-23T11:51:12.934989Z","level":"INFO","message":"Packet D#2 delivered to B via I at tick 24 (latency: 0 ticks)","target":"indras_simulation::simulation","filename":"simulation/src/simulation.rs","line_number":328}
{"timestamp":"2026-01-23T11:51:12.935024Z","level":"INFO","message":"Back-propagation complete for packet D#1 (latency: 1 ticks)","target":"indras_simulation::simulation","filename":"simulation/src/simulation.rs","line_number":647}
{"timestamp":"2026-01-23T11:51:12.935096Z","level":"INFO","message":"Back-propagation complete for packet D#2 (latency: 1 ticks)","target":"indras_simulation::simulation","filename":"simulation/src/simulation.rs","line_number":647}
{"timestamp":"2026-01-23T11:51:12.935135Z","level":"INFO","message":"Back-propagation complete for packet E#0 (latency: 5 ticks)","target":"indras_simulation::simulation","filename":"simulation/src/simulation.rs","line_number":647}
{"timestamp":"2026-01-23T11:51:12.935158Z","level":"INFO","message":"Back-propagation complete for packet E#1 (latency: 7 ticks)","target":"indras_simulation::simulation","filename":"simulation/src/simulation.rs","line_number":647}
{"timestamp":"2026-01-23T11:51:12.935213Z","level":"INFO","message":"Packet B#4 delivered to H via B at tick 26 (latency: 0 ticks)","target":"indras_simulation::simulation","filename":"simulation/src/simulation.rs","line_number":328}
{"timestamp":"2026-01-23T11:51:12.935298Z","level":"INFO","message":"Packet H#0 delivered to F via H at tick 27 (latency: 0 ticks)","target":"indras_simulation::simulation","filename":"simulation/src/simulation.rs","line_number":328}
{"timestamp":"2026-01-23T11:51:12.935586Z","level":"INFO","message":"Packet C#2 delivered to I via C at tick 33 (latency: 0 ticks)","target":"indras_simulation::simulation","filename":"simulation/src/simulation.rs","line_number":328}
{"timestamp":"2026-01-23T11:51:12.935641Z","level":"INFO","message":"Packet F#4 delivered to A via F at tick 34 (latency: 2 ticks)","target":"indras_simulation::simulation","filename":"simulation/src/simulation.rs","line_number":328}
{"timestamp":"2026-01-23T11:51:12.935675Z","level":"INFO","message":"Packet F#3 delivered to J via H at tick 34 (latency: 4 ticks)","target":"indras_simulation::simulation","filename":"simulation/src/simulation.rs","line_number":328}
{"timestamp":"2026-01-23T11:51:12.935731Z","level":"INFO","message":"Packet B#3 delivered to G via H at tick 35 (latency: 13 ticks)","target":"indras_simulation::simulation","filename":"simulation/src/simulation.rs","line_number":328}
{"timestamp":"2026-01-23T11:51:12.935762Z","level":"WARN","message":"Message from E to J dropped: sender offline after 10 retries","target":"indras_simulation::simulation","filename":"simulation/src/simulation.rs","line_number":393}
{"timestamp":"2026-01-23T11:51:12.936046Z","level":"WARN","message":"Chaos: killed peer","source":"lua","fields":"{\"peer\":\"B\",\"tick\":40,\"trace_id\":\"e9cc0113-f29b-4a7e-84ad-fc36ea954de4\",\"total_kills\":2}","target":"indras_simulation::lua::bindings::logging","filename":"simulation/src/lua/bindings/logging.rs","line_number":102}
{"timestamp":"2026-01-23T11:51:12.936113Z","level":"INFO","message":"Packet I#2 delivered to D via I at tick 40 (latency: 9 ticks)","target":"indras_simulation::simulation","filename":"simulation/src/simulation.rs","line_number":328}
{"timestamp":"2026-01-23T11:51:12.936208Z","level":"INFO","message":"Packet C#3 delivered to H via B at tick 40 (latency: 5 ticks)","target":"indras_simulation::simulation","filename":"simulation/src/simulation.rs","line_number":328}
{"timestamp":"2026-01-23T11:51:12.936242Z","level":"INFO","message":"Packet A#4 delivered to H via B at tick 40 (latency: 4 ticks)","target":"indras_simulation::simulation","filename":"simulation/src/simulation.rs","line_number":328}
{"timestamp":"2026-01-23T11:51:12.936320Z","level":"INFO","message":"Packet F#5 delivered to C via B at tick 41 (latency: 4 ticks)","target":"indras_simulation::simulation","filename":"simulation/src/simulation.rs","line_number":328}
{"timestamp":"2026-01-23T11:51:12.936347Z","level":"INFO","message":"Packet F#7 delivered to C via B at tick 41 (latency: 2 ticks)","target":"indras_simulation::simulation","filename":"simulation/src/simulation.rs","line_number":328}
{"timestamp":"2026-01-23T11:51:12.936372Z","level":"INFO","message":"Packet G#2 delivered to C via J at tick 41 (latency: 4 ticks)","target":"indras_simulation::simulation","filename":"simulation/src/simulation.rs","line_number":328}
{"timestamp":"2026-01-23T11:51:12.936393Z","level":"INFO","message":"Packet J#2 delivered to C via J at tick 41 (latency: 1 ticks)","target":"indras_simulation::simulation","filename":"simulation/src/simulation.rs","line_number":328}
{"timestamp":"2026-01-23T11:51:12.936417Z","level":"INFO","message":"Packet C#1 delivered to E via B at tick 41 (latency: 13 ticks)","target":"indras_simulation::simulation","filename":"simulation/src/simulation.rs","line_number":328}
{"timestamp":"2026-01-23T11:51:12.936441Z","level":"INFO","message":"Packet A#3 delivered to E via B at tick 41 (latency: 12 ticks)","target":"indras_simulation::simulation","filename":"simulation/src/simulation.rs","line_number":328}
{"timestamp":"2026-01-23T11:51:12.936495Z","level":"INFO","message":"Back-propagation complete for packet F#3 (latency: 7 ticks)","target":"indras_simulation::simulation","filename":"simulation/src/simulation.rs","line_number":647}
{"timestamp":"2026-01-23T11:51:12.936547Z","level":"INFO","message":"Packet E#2 delivered to F via E at tick 42 (latency: 0 ticks)","target":"indras_simulation::simulation","filename":"simulation/src/simulation.rs","line_number":328}
{"timestamp":"2026-01-23T11:51:12.936575Z","level":"INFO","message":"Packet D#3 delivered to J via A at tick 42 (latency: 1 ticks)","target":"indras_simulation::simulation","filename":"simulation/src/simulation.rs","line_number":328}
{"timestamp":"2026-01-23T11:51:12.936705Z","level":"INFO","message":"Packet F#8 delivered to G via D at tick 44 (latency: 1 ticks)","target":"indras_simulation::simulation","filename":"simulation/src/simulation.rs","line_number":328}
{"timestamp":"2026-01-23T11:51:12.936732Z","level":"INFO","message":"Packet F#6 delivered to G via J at tick 44 (latency: 6 ticks)","target":"indras_simulation::simulation","filename":"simulation/src/simulation.rs","line_number":328}
{"timestamp":"2026-01-23T11:51:12.936772Z","level":"INFO","message":"Back-propagation complete for packet D#3 (latency: 2 ticks)","target":"indras_simulation::simulation","filename":"simulation/src/simulation.rs","line_number":647}
{"timestamp":"2026-01-23T11:51:12.936825Z","level":"INFO","message":"Packet H#1 delivered to B via H at tick 45 (latency: 0 ticks)","target":"indras_simulation::simulation","filename":"simulation/src/simulation.rs","line_number":328}
{"timestamp":"2026-01-23T11:51:12.936857Z","level":"INFO","message":"Back-propagation complete for packet A#3 (latency: 4 ticks)","target":"indras_simulation::simulation","filename":"simulation/src/simulation.rs","line_number":647}
{"timestamp":"2026-01-23T11:51:12.936880Z","level":"INFO","message":"Back-propagation complete for packet G#2 (latency: 4 ticks)","target":"indras_simulation::simulation","filename":"simulation/src/simulation.rs","line_number":647}
{"timestamp":"2026-01-23T11:51:12.936897Z","level":"INFO","message":"Back-propagation complete for packet A#4 (latency: 5 ticks)","target":"indras_simulation::simulation","filename":"simulation/src/simulation.rs","line_number":647}
{"timestamp":"2026-01-23T11:51:12.936914Z","level":"INFO","message":"Back-propagation complete for packet B#3 (latency: 10 ticks)","target":"indras_simulation::simulation","filename":"simulation/src/simulation.rs","line_number":647}
{"timestamp":"2026-01-23T11:51:12.937009Z","level":"INFO","message":"Packet J#3 delivered to I via A at tick 46 (latency: 0 ticks)","target":"indras_simulation::simulation","filename":"simulation/src/simulation.rs","line_number":328}
{"timestamp":"2026-01-23T11:51:12.937076Z","level":"INFO","message":"Packet A#5 delivered to F via A at tick 47 (latency: 3 ticks)","target":"indras_simulation::simulation","filename":"simulation/src/simulation.rs","line_number":328}
{"timestamp":"2026-01-23T11:51:12.937116Z","level":"INFO","message":"Packet H#2 delivered to F via H at tick 47 (latency: 0 ticks)","target":"indras_simulation::simulation","filename":"simulation/src/simulation.rs","line_number":328}
{"timestamp":"2026-01-23T11:51:12.937152Z","level":"INFO","message":"Back-propagation complete for packet J#3 (latency: 1 ticks)","target":"indras_simulation::simulation","filename":"simulation/src/simulation.rs","line_number":647}
{"timestamp":"2026-01-23T11:51:12.937289Z","level":"INFO","message":"Packet H#3 delivered to A via F at tick 48 (latency: 0 ticks)","target":"indras_simulation::simulation","filename":"simulation/src/simulation.rs","line_number":328}
{"timestamp":"2026-01-23T11:51:12.937323Z","level":"INFO","message":"Back-propagation complete for packet F#8 (latency: 4 ticks)","target":"indras_simulation::simulation","filename":"simulation/src/simulation.rs","line_number":647}
{"timestamp":"2026-01-23T11:51:12.937419Z","level":"INFO","message":"Packet J#4 delivered to H via J at tick 49 (latency: 0 ticks)","target":"indras_simulation::simulation","filename":"simulation/src/simulation.rs","line_number":328}
{"timestamp":"2026-01-23T11:51:12.937457Z","level":"INFO","message":"Back-propagation complete for packet H#3 (latency: 1 ticks)","target":"indras_simulation::simulation","filename":"simulation/src/simulation.rs","line_number":647}
{"timestamp":"2026-01-23T11:51:12.937484Z","level":"INFO","message":"Back-propagation complete for packet F#6 (latency: 5 ticks)","target":"indras_simulation::simulation","filename":"simulation/src/simulation.rs","line_number":647}
{"timestamp":"2026-01-23T11:51:12.937551Z","level":"INFO","message":"Packet J#5 delivered to B via J at tick 50 (latency: 0 ticks)","target":"indras_simulation::simulation","filename":"simulation/src/simulation.rs","line_number":328}
{"timestamp":"2026-01-23T11:51:12.938115Z","level":"INFO","message":"Phase 1 progress checkpoint","source":"lua","fields":"{\"online_count\":10,\"delivery_rate\":0.9791666666666666,\"tick\":50,\"resurrections\":7,\"kills\":2,\"trace_id\":\"e9cc0113-f29b-4a7e-84ad-fc36ea954de4\",\"messages_sent\":48,\"messages_dropped\":1,\"messages_delivered\":47}","target":"indras_simulation::lua::bindings::logging","filename":"simulation/src/lua/bindings/logging.rs","line_number":95}
{"timestamp":"2026-01-23T11:51:12.938195Z","level":"INFO","message":"Packet A#6 delivered to B via A at tick 51 (latency: 0 ticks)","target":"indras_simulation::simulation","filename":"simulation/src/simulation.rs","line_number":328}
{"timestamp":"2026-01-23T11:51:12.938229Z","level":"INFO","message":"Back-propagation complete for packet C#1 (latency: 10 ticks)","target":"indras_simulation::simulation","filename":"simulation/src/simulation.rs","line_number":647}
{"timestamp":"2026-01-23T11:51:12.938256Z","level":"INFO","message":"Back-propagation complete for packet C#3 (latency: 11 ticks)","target":"indras_simulation::simulation","filename":"simulation/src/simulation.rs","line_number":647}
{"timestamp":"2026-01-23T11:51:12.938332Z","level":"INFO","message":"Back-propagation complete for packet F#7 (latency: 11 ticks)","target":"indras_simulation::simulation","filename":"simulation/src/simulation.rs","line_number":647}
{"timestamp":"2026-01-23T11:51:12.938358Z","level":"INFO","message":"Back-propagation complete for packet F#5 (latency: 11 ticks)","target":"indras_simulation::simulation","filename":"simulation/src/simulation.rs","line_number":647}
{"timestamp":"2026-01-23T11:51:12.938490Z","level":"INFO","message":"Packet H#4 delivered to I via H at tick 53 (latency: 1 ticks)","target":"indras_simulation::simulation","filename":"simulation/src/simulation.rs","line_number":328}
{"timestamp":"2026-01-23T11:51:12.938554Z","level":"INFO","message":"Packet H#5 delivered to J via H at tick 54 (latency: 0 ticks)","target":"indras_simulation::simulation","filename":"simulation/src/simulation.rs","line_number":328}
{"timestamp":"2026-01-23T11:51:12.938655Z","level":"INFO","message":"Packet E#3 delivered to A via F at tick 55 (latency: 0 ticks)","target":"indras_simulation::simulation","filename":"simulation/src/simulation.rs","line_number":328}
{"timestamp":"2026-01-23T11:51:12.938779Z","level":"INFO","message":"Packet A#7 delivered to I via A at tick 56 (latency: 0 ticks)","target":"indras_simulation::simulation","filename":"simulation/src/simulation.rs","line_number":328}
{"timestamp":"2026-01-23T11:51:12.938810Z","level":"INFO","message":"Back-propagation complete for packet E#3 (latency: 1 ticks)","target":"indras_simulation::simulation","filename":"simulation/src/simulation.rs","line_number":647}
{"timestamp":"2026-01-23T11:51:12.939036Z","level":"WARN","message":"Chaos: killed peer","source":"lua","fields":"{\"tick\":60,\"trace_id\":\"e9cc0113-f29b-4a7e-84ad-fc36ea954de4\",\"peer\":\"H\",\"total_kills\":3}","target":"indras_simulation::lua::bindings::logging","filename":"simulation/src/lua/bindings/logging.rs","line_number":102}
{"timestamp":"2026-01-23T11:51:12.939126Z","level":"INFO","message":"Packet H#6 delivered to C via I at tick 60 (latency: 2 ticks)","target":"indras_simulation::simulation","filename":"simulation/src/simulation.rs","line_number":328}
{"timestamp":"2026-01-23T11:51:12.939239Z","level":"INFO","message":"Packet G#3 delivered to D via G at tick 61 (latency: 0 ticks)","target":"indras_simulation::simulation","filename":"simulation/src/simulation.rs","line_number":328}
{"timestamp":"2026-01-23T11:51:12.939518Z","level":"INFO","message":"Packet A#9 delivered to E via B at tick 64 (latency: 0 ticks)","target":"indras_simulation::simulation","filename":"simulation/src/simulation.rs","line_number":328}
{"timestamp":"2026-01-23T11:51:12.939549Z","level":"INFO","message":"Packet E#4 delivered to C via B at tick 64 (latency: 4 ticks)","target":"indras_simulation::simulation","filename":"simulation/src/simulation.rs","line_number":328}
{"timestamp":"2026-01-23T11:51:12.939582Z","level":"INFO","message":"Packet D#5 delivered to C via B at tick 64 (latency: 1 ticks)","target":"indras_simulation::simulation","filename":"simulation/src/simulation.rs","line_number":328}
{"timestamp":"2026-01-23T11:51:12.939694Z","level":"INFO","message":"Packet A#10 delivered to F via A at tick 65 (latency: 0 ticks)","target":"indras_simulation::simulation","filename":"simulation/src/simulation.rs","line_number":328}
{"timestamp":"2026-01-23T11:51:12.939742Z","level":"INFO","message":"Back-propagation complete for packet A#9 (latency: 1 ticks)","target":"indras_simulation::simulation","filename":"simulation/src/simulation.rs","line_number":647}
{"timestamp":"2026-01-23T11:51:12.939803Z","level":"INFO","message":"Packet D#4 delivered to I via D at tick 66 (latency: 7 ticks)","target":"indras_simulation::simulation","filename":"simulation/src/simulation.rs","line_number":328}
{"timestamp":"2026-01-23T11:51:12.939841Z","level":"INFO","message":"Packet G#4 delivered to J via G at tick 66 (latency: 0 ticks)","target":"indras_simulation::simulation","filename":"simulation/src/simulation.rs","line_number":328}
{"timestamp":"2026-01-23T11:51:12.939895Z","level":"INFO","message":"Packet C#4 delivered to G via J at tick 66 (latency: 6 ticks)","target":"indras_simulation::simulation","filename":"simulation/src/simulation.rs","line_number":328}
{"timestamp":"2026-01-23T11:51:12.939975Z","level":"INFO","message":"Packet A#8 delivered to C via J at tick 67 (latency: 8 ticks)","target":"indras_simulation::simulation","filename":"simulation/src/simulation.rs","line_number":328}
{"timestamp":"2026-01-23T11:51:12.940016Z","level":"INFO","message":"Packet I#3 delivered to F via I at tick 67 (latency: 0 ticks)","target":"indras_simulation::simulation","filename":"simulation/src/simulation.rs","line_number":328}
{"timestamp":"2026-01-23T11:51:12.940051Z","level":"INFO","message":"Back-propagation complete for packet E#4 (latency: 3 ticks)","target":"indras_simulation::simulation","filename":"simulation/src/simulation.rs","line_number":647}
{"timestamp":"2026-01-23T11:51:12.940225Z","level":"INFO","message":"Packet B#5 delivered to F via A at tick 70 (latency: 0 ticks)","target":"indras_simulation::simulation","filename":"simulation/src/simulation.rs","line_number":328}
{"timestamp":"2026-01-23T11:51:12.940266Z","level":"INFO","message":"Back-propagation complete for packet H#6 (latency: 10 ticks)","target":"indras_simulation::simulation","filename":"simulation/src/simulation.rs","line_number":647}
{"timestamp":"2026-01-23T11:51:12.940345Z","level":"INFO","message":"Packet G#5 delivered to B via H at tick 71 (latency: 0 ticks)","target":"indras_simulation::simulation","filename":"simulation/src/simulation.rs","line_number":328}
{"timestamp":"2026-01-23T11:51:12.940378Z","level":"INFO","message":"Back-propagation complete for packet B#5 (latency: 1 ticks)","target":"indras_simulation::simulation","filename":"simulation/src/simulation.rs","line_number":647}
{"timestamp":"2026-01-23T11:51:12.940472Z","level":"INFO","message":"Back-propagation complete for packet G#5 (latency: 1 ticks)","target":"indras_simulation::simulation","filename":"simulation/src/simulation.rs","line_number":647}
{"timestamp":"2026-01-23T11:51:12.940534Z","level":"INFO","message":"Packet H#7 delivered to J via H at tick 73 (latency: 1 ticks)","target":"indras_simulation::simulation","filename":"simulation/src/simulation.rs","line_number":328}
{"timestamp":"2026-01-23T11:51:12.940577Z","level":"INFO","message":"Packet F#9 delivered to J via A at tick 73 (latency: 0 ticks)","target":"indras_simulation::simulation","filename":"simulation/src/simulation.rs","line_number":328}
{"timestamp":"2026-01-23T11:51:12.940642Z","level":"INFO","message":"Back-propagation complete for packet F#9 (latency: 1 ticks)","target":"indras_simulation::simulation","filename":"simulation/src/simulation.rs","line_number":647}
{"timestamp":"2026-01-23T11:51:12.940945Z","level":"INFO","message":"Packet F#10 delivered to G via H at tick 78 (latency: 0 ticks)","target":"indras_simulation::simulation","filename":"simulation/src/simulation.rs","line_number":328}
{"timestamp":"2026-01-23T11:51:12.941106Z","level":"INFO","message":"Packet J#6 delivered to F via A at tick 79 (latency: 0 ticks)","target":"indras_simulation::simulation","filename":"simulation/src/simulation.rs","line_number":328}
{"timestamp":"2026-01-23T11:51:12.941153Z","level":"INFO","message":"Back-propagation complete for packet F#10 (latency: 1 ticks)","target":"indras_simulation::simulation","filename":"simulation/src/simulation.rs","line_number":647}
{"timestamp":"2026-01-23T11:51:12.941245Z","level":"WARN","message":"Chaos: killed peer","source":"lua","fields":"{\"peer\":\"A\",\"tick\":80,\"total_kills\":4,\"trace_id\":\"e9cc0113-f29b-4a7e-84ad-fc36ea954de4\"}","target":"indras_simulation::lua::bindings::logging","filename":"simulation/src/lua/bindings/logging.rs","line_number":102}
{"timestamp":"2026-01-23T11:51:12.941439Z","level":"INFO","message":"Back-propagation complete for packet J#6 (latency: 1 ticks)","target":"indras_simulation::simulation","filename":"simulation/src/simulation.rs","line_number":647}
{"timestamp":"2026-01-23T11:51:12.941664Z","level":"INFO","message":"Packet F#12 delivered to H via F at tick 83 (latency: 0 ticks)","target":"indras_simulation::simulation","filename":"simulation/src/simulation.rs","line_number":328}
{"timestamp":"2026-01-23T11:51:12.941719Z","level":"INFO","message":"Packet F#11 delivered to C via J at tick 83 (latency: 2 ticks)","target":"indras_simulation::simulation","filename":"simulation/src/simulation.rs","line_number":328}
{"timestamp":"2026-01-23T11:51:12.941746Z","level":"INFO","message":"Packet C#5 delivered to A via J at tick 83 (latency: 1 ticks)","target":"indras_simulation::simulation","filename":"simulation/src/simulation.rs","line_number":328}
{"timestamp":"2026-01-23T11:51:12.941851Z","level":"INFO","message":"Back-propagation complete for packet C#5 (latency: 1 ticks)","target":"indras_simulation::simulation","filename":"simulation/src/simulation.rs","line_number":647}
{"timestamp":"2026-01-23T11:51:12.941926Z","level":"INFO","message":"Packet J#8 delivered to G via J at tick 85 (latency: 0 ticks)","target":"indras_simulation::simulation","filename":"simulation/src/simulation.rs","line_number":328}
{"timestamp":"2026-01-23T11:51:12.941967Z","level":"INFO","message":"Back-propagation complete for packet F#11 (latency: 2 ticks)","target":"indras_simulation::simulation","filename":"simulation/src/simulation.rs","line_number":647}
{"timestamp":"2026-01-23T11:51:12.942021Z","level":"INFO","message":"Packet F#13 delivered to A via F at tick 86 (latency: 0 ticks)","target":"indras_simulation::simulation","filename":"simulation/src/simulation.rs","line_number":328}
{"timestamp":"2026-01-23T11:51:12.942198Z","level":"INFO","message":"Packet A#11 delivered to D via F at tick 88 (latency: 19 ticks)","target":"indras_simulation::simulation","filename":"simulation/src/simulation.rs","line_number":328}
{"timestamp":"2026-01-23T11:51:12.942224Z","level":"INFO","message":"Packet A#12 delivered to D via F at tick 88 (latency: 11 ticks)","target":"indras_simulation::simulation","filename":"simulation/src/simulation.rs","line_number":328}
{"timestamp":"2026-01-23T11:51:12.942290Z","level":"INFO","message":"Packet A#13 delivered to I via A at tick 89 (latency: 2 ticks)","target":"indras_simulation::simulation","filename":"simulation/src/simulation.rs","line_number":328}
{"timestamp":"2026-01-23T11:51:12.942319Z","level":"INFO","message":"Packet H#8 delivered to I via H at tick 89 (latency: 11 ticks)","target":"indras_simulation::simulation","filename":"simulation/src/simulation.rs","line_number":328}
{"timestamp":"2026-01-23T11:51:12.942357Z","level":"INFO","message":"Packet F#14 delivered to J via A at tick 89 (latency: 0 ticks)","target":"indras_simulation::simulation","filename":"simulation/src/simulation.rs","line_number":328}
{"timestamp":"2026-01-23T11:51:12.942416Z","level":"INFO","message":"Back-propagation complete for packet A#12 (latency: 1 ticks)","target":"indras_simulation::simulation","filename":"simulation/src/simulation.rs","line_number":647}
{"timestamp":"2026-01-23T11:51:12.942446Z","level":"INFO","message":"Back-propagation complete for packet A#11 (latency: 1 ticks)","target":"indras_simulation::simulation","filename":"simulation/src/simulation.rs","line_number":647}
{"timestamp":"2026-01-23T11:51:12.942528Z","level":"INFO","message":"Packet H#9 delivered to F via H at tick 90 (latency: 0 ticks)","target":"indras_simulation::simulation","filename":"simulation/src/simulation.rs","line_number":328}
{"timestamp":"2026-01-23T11:51:12.942598Z","level":"INFO","message":"Back-propagation complete for packet F#14 (latency: 1 ticks)","target":"indras_simulation::simulation","filename":"simulation/src/simulation.rs","line_number":647}
{"timestamp":"2026-01-23T11:51:12.942633Z","level":"INFO","message":"Back-propagation complete for packet A#8 (latency: 23 ticks)","target":"indras_simulation::simulation","filename":"simulation/src/simulation.rs","line_number":647}
{"timestamp":"2026-01-23T11:51:12.942713Z","level":"INFO","message":"Packet A#14 delivered to F via A at tick 91 (latency: 0 ticks)","target":"indras_simulation::simulation","filename":"simulation/src/simulation.rs","line_number":328}
{"timestamp":"2026-01-23T11:51:12.942745Z","level":"INFO","message":"Packet J#7 delivered to D via G at tick 91 (latency: 7 ticks)","target":"indras_simulation::simulation","filename":"simulation/src/simulation.rs","line_number":328}
{"timestamp":"2026-01-23T11:51:12.942804Z","level":"INFO","message":"Packet F#15 delivered to D via F at tick 92 (latency: 0 ticks)","target":"indras_simulation::simulation","filename":"simulation/src/simulation.rs","line_number":328}
{"timestamp":"2026-01-23T11:51:12.942837Z","level":"INFO","message":"Back-propagation complete for packet J#7 (latency: 1 ticks)","target":"indras_simulation::simulation","filename":"simulation/src/simulation.rs","line_number":647}
{"timestamp":"2026-01-23T11:51:12.942911Z","level":"INFO","message":"Packet G#7 delivered to J via G at tick 93 (latency: 0 ticks)","target":"indras_simulation::simulation","filename":"simulation/src/simulation.rs","line_number":328}
{"timestamp":"2026-01-23T11:51:12.943000Z","level":"INFO","message":"Packet J#9 delivered to A via J at tick 94 (latency: 0 ticks)","target":"indras_simulation::simulation","filename":"simulation/src/simulation.rs","line_number":328}
{"timestamp":"2026-01-23T11:51:12.943093Z","level":"INFO","message":"Packet G#8 delivered to D via G at tick 95 (latency: 0 ticks)","target":"indras_simulation::simulation","filename":"simulation/src/simulation.rs","line_number":328}
{"timestamp":"2026-01-23T11:51:12.943211Z","level":"INFO","message":"Packet D#6 delivered to E via F at tick 97 (latency: 9 ticks)","target":"indras_simulation::simulation","filename":"simulation/src/simulation.rs","line_number":328}
{"timestamp":"2026-01-23T11:51:12.943335Z","level":"INFO","message":"Packet H#11 delivered to G via H at tick 99 (latency: 0 ticks)","target":"indras_simulation::simulation","filename":"simulation/src/simulation.rs","line_number":328}
{"timestamp":"2026-01-23T11:51:12.943397Z","level":"WARN","message":"Chaos: killed peer","source":"lua","fields":"{\"total_kills\":5,\"peer\":\"H\",\"trace_id\":\"e9cc0113-f29b-4a7e-84ad-fc36ea954de4\",\"tick\":100}","target":"indras_simulation::lua::bindings::logging","filename":"simulation/src/lua/bindings/logging.rs","line_number":102}
{"timestamp":"2026-01-23T11:51:12.943452Z","level":"INFO","message":"Packet G#6 delivered to B via H at tick 100 (latency: 18 ticks)","target":"indras_simulation::simulation","filename":"simulation/src/simulation.rs","line_number":328}
{"timestamp":"2026-01-23T11:51:12.943487Z","level":"INFO","message":"Packet E#5 delivered to F via E at tick 100 (latency: 0 ticks)","target":"indras_simulation::simulation","filename":"simulation/src/simulation.rs","line_number":328}
{"timestamp":"2026-01-23T11:51:12.943568Z","level":"INFO","message":"Phase 1 progress checkpoint","source":"lua","fields":"{\"online_count\":7,\"delivery_rate\":0.9782608695652174,\"messages_sent\":92,\"trace_id\":\"e9cc0113-f29b-4a7e-84ad-fc36ea954de4\",\"messages_delivered\":90,\"kills\":5,\"tick\":100,\"messages_dropped\":1,\"resurrections\":20}","target":"indras_simulation::lua::bindings::logging","filename":"simulation/src/lua/bindings/logging.rs","line_number":95}
{"timestamp":"2026-01-23T11:51:12.943671Z","level":"INFO","message":"Back-propagation complete for packet C#4 (latency: 35 ticks)","target":"indras_simulation::simulation","filename":"simulation/src/simulation.rs","line_number":647}
{"timestamp":"2026-01-23T11:51:12.943801Z","level":"INFO","message":"Packet J#10 delivered to D via F at tick 103 (latency: 1 ticks)","target":"indras_simulation::simulation","filename":"simulation/src/simulation.rs","line_number":328}
{"timestamp":"2026-01-23T11:51:12.943892Z","level":"INFO","message":"Back-propagation complete for packet D#6 (latency: 7 ticks)","target":"indras_simulation::simulation","filename":"simulation/src/simulation.rs","line_number":647}
{"timestamp":"2026-01-23T11:51:12.944016Z","level":"INFO","message":"Packet H#10 delivered to I via H at tick 106 (latency: 10 ticks)","target":"indras_simulation::simulation","filename":"simulation/src/simulation.rs","line_number":328}
{"timestamp":"2026-01-23T11:51:12.944139Z","level":"INFO","message":"Packet F#16 delivered to A via F at tick 108 (latency: 0 ticks)","target":"indras_simulation::simulation","filename":"simulation/src/simulation.rs","line_number":328}
{"timestamp":"2026-01-23T11:51:12.944169Z","level":"INFO","message":"Packet G#9 delivered to I via A at tick 108 (latency: 7 ticks)","target":"indras_simulation::simulation","filename":"simulation/src/simulation.rs","line_number":328}
{"timestamp":"2026-01-23T11:51:12.944204Z","level":"INFO","message":"Packet A#15 delivered to H via F at tick 108 (latency: 0 ticks)","target":"indras_simulation::simulation","filename":"simulation/src/simulation.rs","line_number":328}
{"timestamp":"2026-01-23T11:51:12.944235Z","level":"INFO","message":"Back-propagation complete for packet G#6 (latency: 8 ticks)","target":"indras_simulation::simulation","filename":"simulation/src/simulation.rs","line_number":647}
{"timestamp":"2026-01-23T11:51:12.944286Z","level":"INFO","message":"Packet J#11 delivered to B via J at tick 109 (latency: 4 ticks)","target":"indras_simulation::simulation","filename":"simulation/src/simulation.rs","line_number":328}
{"timestamp":"2026-01-23T11:51:12.944329Z","level":"INFO","message":"Packet A#16 delivered to E via B at tick 109 (latency: 0 ticks)","target":"indras_simulation::simulation","filename":"simulation/src/simulation.rs","line_number":328}
{"timestamp":"2026-01-23T11:51:12.944364Z","level":"INFO","message":"Back-propagation complete for packet A#15 (latency: 1 ticks)","target":"indras_simulation::simulation","filename":"simulation/src/simulation.rs","line_number":647}
{"timestamp":"2026-01-23T11:51:12.944387Z","level":"INFO","message":"Back-propagation complete for packet J#10 (latency: 6 ticks)","target":"indras_simulation::simulation","filename":"simulation/src/simulation.rs","line_number":647}
{"timestamp":"2026-01-23T11:51:12.944462Z","level":"INFO","message":"Packet D#7 delivered to C via B at tick 110 (latency: 6 ticks)","target":"indras_simulation::simulation","filename":"simulation/src/simulation.rs","line_number":328}
{"timestamp":"2026-01-23T11:51:12.944499Z","level":"INFO","message":"Packet H#12 delivered to B via H at tick 110 (latency: 0 ticks)","target":"indras_simulation::simulation","filename":"simulation/src/simulation.rs","line_number":328}
{"timestamp":"2026-01-23T11:51:12.944532Z","level":"INFO","message":"Back-propagation complete for packet A#16 (latency: 1 ticks)","target":"indras_simulation::simulation","filename":"simulation/src/simulation.rs","line_number":647}
{"timestamp":"2026-01-23T11:51:12.944555Z","level":"INFO","message":"Back-propagation complete for packet G#9 (latency: 2 ticks)","target":"indras_simulation::simulation","filename":"simulation/src/simulation.rs","line_number":647}
{"timestamp":"2026-01-23T11:51:12.944817Z","level":"WARN","message":"Chaos: killed peer","source":"lua","fields":"{\"trace_id\":\"e9cc0113-f29b-4a7e-84ad-fc36ea954de4\",\"tick\":120,\"total_kills\":6,\"peer\":\"B\"}","target":"indras_simulation::lua::bindings::logging","filename":"simulation/src/lua/bindings/logging.rs","line_number":102}
{"timestamp":"2026-01-23T11:51:12.945257Z","level":"INFO","message":"Back-propagation complete for packet D#7 (latency: 22 ticks)","target":"indras_simulation::simulation","filename":"simulation/src/simulation.rs","line_number":647}
{"timestamp":"2026-01-23T11:51:12.945450Z","level":"INFO","message":"Back-propagation complete for packet D#5 (latency: 74 ticks)","target":"indras_simulation::simulation","filename":"simulation/src/simulation.rs","line_number":647}
{"timestamp":"2026-01-23T11:51:12.945568Z","level":"WARN","message":"Chaos: killed peer","source":"lua","fields":"{\"peer\":\"B\",\"trace_id\":\"e9cc0113-f29b-4a7e-84ad-fc36ea954de4\",\"tick\":140,\"total_kills\":7}","target":"indras_simulation::lua::bindings::logging","filename":"simulation/src/lua/bindings/logging.rs","line_number":102}
{"timestamp":"2026-01-23T11:51:12.945894Z","level":"INFO","message":"Phase 1 progress checkpoint","source":"lua","fields":"{\"online_count\":3,\"kills\":7,\"resurrections\":26,\"tick\":150,\"delivery_rate\":0.99,\"messages_sent\":100,\"messages_dropped\":1,\"trace_id\":\"e9cc0113-f29b-4a7e-84ad-fc36ea954de4\",\"messages_delivered\":99}","target":"indras_simulation::lua::bindings::logging","filename":"simulation/src/lua/bindings/logging.rs","line_number":95}
{"timestamp":"2026-01-23T11:51:12.946223Z","level":"WARN","message":"Chaos: killed peer","source":"lua","fields":"{\"total_kills\":8,\"peer\":\"J\",\"tick\":160,\"trace_id\":\"e9cc0113-f29b-4a7e-84ad-fc36ea954de4\"}","target":"indras_simulation::lua::bindings::logging","filename":"simulation/src/lua/bindings/logging.rs","line_number":102}
{"timestamp":"2026-01-23T11:51:12.946820Z","level":"WARN","message":"Chaos: killed peer","source":"lua","fields":"{\"trace_id\":\"e9cc0113-f29b-4a7e-84ad-fc36ea954de4\",\"total_kills\":9,\"tick\":180,\"peer\":\"F\"}","target":"indras_simulation::lua::bindings::logging","filename":"simulation/src/lua/bindings/logging.rs","line_number":102}
{"timestamp":"2026-01-23T11:51:12.947379Z","level":"WARN","message":"Chaos: killed peer","source":"lua","fields":"{\"peer\":\"E\",\"total_kills\":10,\"tick\":200,\"trace_id\":\"e9cc0113-f29b-4a7e-84ad-fc36ea954de4\"}","target":"indras_simulation::lua::bindings::logging","filename":"simulation/src/lua/bindings/logging.rs","line_number":102}
{"timestamp":"2026-01-23T11:51:12.947519Z","level":"INFO","message":"Phase 1 progress checkpoint","source":"lua","fields":"{\"trace_id\":\"e9cc0113-f29b-4a7e-84ad-fc36ea954de4\",\"messages_dropped\":1,\"messages_delivered\":99,\"tick\":200,\"kills\":10,\"messages_sent\":100,\"delivery_rate\":0.99,\"online_count\":6,\"resurrections\":33}","target":"indras_simulation::lua::bindings::logging","filename":"simulation/src/lua/bindings/logging.rs","line_number":95}
{"timestamp":"2026-01-23T11:51:12.947566Z","level":"INFO","message":"Phase 2: Drain phase - waking all peers","source":"lua","fields":"{\"trace_id\":\"e9cc0113-f29b-4a7e-84ad-fc36ea954de4\",\"ticks\":100}","target":"indras_simulation::lua::bindings::logging","filename":"simulation/src/lua/bindings/logging.rs","line_number":95}
{"timestamp":"2026-01-23T11:51:12.948829Z","level":"INFO","message":"Phase 2 progress checkpoint","source":"lua","fields":"{\"drain_tick\":50,\"delivery_rate\":0.99,\"messages_dropped\":1,\"trace_id\":\"e9cc0113-f29b-4a7e-84ad-fc36ea954de4\",\"messages_delivered\":99}","target":"indras_simulation::lua::bindings::logging","filename":"simulation/src/lua/bindings/logging.rs","line_number":95}
{"timestamp":"2026-01-23T11:51:12.949981Z","level":"INFO","message":"Phase 2 progress checkpoint","source":"lua","fields":"{\"delivery_rate\":0.99,\"trace_id\":\"e9cc0113-f29b-4a7e-84ad-fc36ea954de4\",\"messages_delivered\":99,\"messages_dropped\":1,\"drain_tick\":100}","target":"indras_simulation::lua::bindings::logging","filename":"simulation/src/lua/bindings/logging.rs","line_number":95}
{"timestamp":"2026-01-23T11:51:12.950123Z","level":"INFO","message":"Routing stress test completed","source":"lua","fields":"{\"total_kills\":10,\"backprop_success_rate\":0.5252525252525253,\"avg_verify_latency_us\":148.77272727272728,\"signatures_verified\":22,\"direct_ratio\":0.47474747474747475,\"relayed_deliveries\":52,\"delivery_rate\":0.99,\"signature_failures\":0,\"final_tick\":300,\"messages_sent\":100,\"avg_latency\":2.414141414141414,\"signatures_created\":35,\"messages_dropped\":1,\"direct_deliveries\":47,\"relayed_ratio\":0.5252525252525253,\"trace_id\":\"e9cc0113-f29b-4a7e-84ad-fc36ea954de4\",\"total_resurrections\":33,\"messages_delivered\":99,\"avg_sign_latency_us\":195.6,\"avg_hops\":1.7373737373737375}","target":"indras_simulation::lua::bindings::logging","filename":"simulation/src/lua/bindings/logging.rs","line_number":95}
{"timestamp":"2026-01-23T11:51:12.950220Z","level":"INFO","message":"Routing stress test passed","source":"lua","fields":"{\"backprop_success_rate\":0.5252525252525253,\"direct_ratio\":0.47474747474747475,\"level\":\"quick\",\"relayed_ratio\":0.5252525252525253,\"trace_id\":\"e9cc0113-f29b-4a7e-84ad-fc36ea954de4\",\"delivery_rate\":0.99}","target":"indras_simulation::lua::bindings::logging","filename":"simulation/src/lua/bindings/logging.rs","line_number":95}
{"timestamp":"2026-01-23T11:51:12.950269Z","level":"INFO","message":"Script completed successfully","target":"lua_runner","filename":"simulation/src/bin/lua_runner.rs","line_number":107}
