{"timestamp":"2026-01-25T06:23:21.743476Z","level":"INFO","message":"Running Lua script: simulation/scripts/scenarios/sdk_stress.lua","target":"lua_runner","filename":"simulation/src/bin/lua_runner.rs","line_number":94}
{"timestamp":"2026-01-25T06:23:21.747971Z","level":"INFO","message":"Starting SDK stress test","source":"lua","fields":"{\"trace_id\":\"b6f1f6eb-35dc-46fe-9523-d1b397af4581\",\"realms_per_network\":2,\"networks\":2,\"level\":\"quick\",\"messages\":50,\"ticks\":100,\"members_per_realm\":3}","target":"indras_simulation::lua::bindings::logging","filename":"simulation/src/lua/bindings/logging.rs","line_number":93}
{"timestamp":"2026-01-25T06:23:21.749290Z","level":"INFO","message":"Simulation initialized at tick 0","target":"indras_simulation::simulation","filename":"simulation/src/simulation.rs","line_number":180}
{"timestamp":"2026-01-25T06:23:21.749435Z","level":"INFO","message":"Phase 1: Network Creation","source":"lua","fields":"{\"target_networks\":2,\"trace_id\":\"b6f1f6eb-35dc-46fe-9523-d1b397af4581\"}","target":"indras_simulation::lua::bindings::logging","filename":"simulation/src/lua/bindings/logging.rs","line_number":93}
{"timestamp":"2026-01-25T06:23:21.749714Z","level":"INFO","message":"Network Creation progress: 50%","source":"lua","fields":"{\"phase\":\"Network Creation\",\"total\":2,\"trace_id\":\"b6f1f6eb-35dc-46fe-9523-d1b397af4581\",\"current\":1,\"progress_pct\":50}","target":"indras_simulation::lua::bindings::logging","filename":"simulation/src/lua/bindings/logging.rs","line_number":93}
{"timestamp":"2026-01-25T06:23:21.749780Z","level":"INFO","message":"Network Creation progress: 100%","source":"lua","fields":"{\"total\":2,\"current\":2,\"phase\":\"Network Creation\",\"progress_pct\":100,\"trace_id\":\"b6f1f6eb-35dc-46fe-9523-d1b397af4581\"}","target":"indras_simulation::lua::bindings::logging","filename":"simulation/src/lua/bindings/logging.rs","line_number":93}
{"timestamp":"2026-01-25T06:23:21.749830Z","level":"INFO","message":"Phase 1 complete","source":"lua","fields":"{\"p95_latency_us\":1051.0000000000225,\"trace_id\":\"b6f1f6eb-35dc-46fe-9523-d1b397af4581\",\"p50_latency_us\":831.9999999999752,\"networks_created\":2,\"elapsed_sec\":0.0003549999999999942,\"p99_latency_us\":1051.0000000000225,\"errors\":0,\"avg_latency_us\":941.4999999999989}","target":"indras_simulation::lua::bindings::logging","filename":"simulation/src/lua/bindings/logging.rs","line_number":93}
{"timestamp":"2026-01-25T06:23:21.750243Z","level":"INFO","message":"Phase 2: Realm Creation and Joining","source":"lua","fields":"{\"members_per_realm\":3,\"realms_per_network\":2,\"trace_id\":\"b6f1f6eb-35dc-46fe-9523-d1b397af4581\"}","target":"indras_simulation::lua::bindings::logging","filename":"simulation/src/lua/bindings/logging.rs","line_number":93}
{"timestamp":"2026-01-25T06:23:21.750485Z","level":"INFO","message":"Realm Creation progress: 25%","source":"lua","fields":"{\"current\":1,\"progress_pct\":25,\"phase\":\"Realm Creation\",\"trace_id\":\"b6f1f6eb-35dc-46fe-9523-d1b397af4581\",\"total\":4}","target":"indras_simulation::lua::bindings::logging","filename":"simulation/src/lua/bindings/logging.rs","line_number":93}
{"timestamp":"2026-01-25T06:23:21.750594Z","level":"INFO","message":"Realm Creation progress: 50%","source":"lua","fields":"{\"phase\":\"Realm Creation\",\"trace_id\":\"b6f1f6eb-35dc-46fe-9523-d1b397af4581\",\"total\":4,\"progress_pct\":50,\"current\":2}","target":"indras_simulation::lua::bindings::logging","filename":"simulation/src/lua/bindings/logging.rs","line_number":93}
{"timestamp":"2026-01-25T06:23:21.750774Z","level":"INFO","message":"Realm Creation progress: 75%","source":"lua","fields":"{\"phase\":\"Realm Creation\",\"progress_pct\":75,\"trace_id\":\"b6f1f6eb-35dc-46fe-9523-d1b397af4581\",\"total\":4,\"current\":3}","target":"indras_simulation::lua::bindings::logging","filename":"simulation/src/lua/bindings/logging.rs","line_number":93}
{"timestamp":"2026-01-25T06:23:21.750881Z","level":"INFO","message":"Realm Creation progress: 100%","source":"lua","fields":"{\"total\":4,\"current\":4,\"trace_id\":\"b6f1f6eb-35dc-46fe-9523-d1b397af4581\",\"phase\":\"Realm Creation\",\"progress_pct\":100}","target":"indras_simulation::lua::bindings::logging","filename":"simulation/src/lua/bindings/logging.rs","line_number":93}
{"timestamp":"2026-01-25T06:23:21.750966Z","level":"INFO","message":"Phase 2 complete","source":"lua","fields":"{\"realm_join_errors\":0,\"realm_join_p99_us\":242.99999999998022,\"trace_id\":\"b6f1f6eb-35dc-46fe-9523-d1b397af4581\",\"realm_create_p95_us\":648.0000000000308,\"realm_create_errors\":0,\"elapsed_sec\":0.0006929999999999992,\"members_joined\":8,\"realms_created\":4,\"realm_join_p95_us\":242.99999999998022,\"realm_create_p99_us\":648.0000000000308,\"realm_join_p50_us\":157.000000000006,\"realm_create_p50_us\":545.000000000008}","target":"indras_simulation::lua::bindings::logging","filename":"simulation/src/lua/bindings/logging.rs","line_number":93}
{"timestamp":"2026-01-25T06:23:21.751298Z","level":"INFO","message":"Phase 3: Message Stress","source":"lua","fields":"{\"active_realms\":4,\"trace_id\":\"b6f1f6eb-35dc-46fe-9523-d1b397af4581\",\"target_messages\":50}","target":"indras_simulation::lua::bindings::logging","filename":"simulation/src/lua/bindings/logging.rs","line_number":93}
{"timestamp":"2026-01-25T06:23:21.751460Z","level":"INFO","message":"Packet G#0 delivered to A via K at tick 21 (latency: 0 ticks)","target":"indras_simulation::simulation","filename":"simulation/src/simulation.rs","line_number":360}
{"timestamp":"2026-01-25T06:23:21.751541Z","level":"INFO","message":"Packet D#0 delivered to F via B at tick 22 (latency: 0 ticks)","target":"indras_simulation::simulation","filename":"simulation/src/simulation.rs","line_number":360}
{"timestamp":"2026-01-25T06:23:21.751573Z","level":"INFO","message":"Back-propagation complete for packet G#0 (latency: 1 ticks)","target":"indras_simulation::simulation","filename":"simulation/src/simulation.rs","line_number":766}
{"timestamp":"2026-01-25T06:23:21.751663Z","level":"INFO","message":"Packet E#0 delivered to L via D at tick 23 (latency: 0 ticks)","target":"indras_simulation::simulation","filename":"simulation/src/simulation.rs","line_number":360}
{"timestamp":"2026-01-25T06:23:21.751694Z","level":"INFO","message":"Back-propagation complete for packet D#0 (latency: 1 ticks)","target":"indras_simulation::simulation","filename":"simulation/src/simulation.rs","line_number":766}
{"timestamp":"2026-01-25T06:23:21.751748Z","level":"INFO","message":"Packet F#0 delivered to E via F at tick 24 (latency: 0 ticks)","target":"indras_simulation::simulation","filename":"simulation/src/simulation.rs","line_number":360}
{"timestamp":"2026-01-25T06:23:21.751776Z","level":"INFO","message":"Back-propagation complete for packet E#0 (latency: 1 ticks)","target":"indras_simulation::simulation","filename":"simulation/src/simulation.rs","line_number":766}
{"timestamp":"2026-01-25T06:23:21.751866Z","level":"INFO","message":"Message Stress progress: 10%","source":"lua","fields":"{\"trace_id\":\"b6f1f6eb-35dc-46fe-9523-d1b397af4581\",\"current\":5,\"phase\":\"Message Stress\",\"progress_pct\":10,\"total\":50}","target":"indras_simulation::lua::bindings::logging","filename":"simulation/src/lua/bindings/logging.rs","line_number":93}
{"timestamp":"2026-01-25T06:23:21.752161Z","level":"INFO","message":"Message Stress progress: 20%","source":"lua","fields":"{\"phase\":\"Message Stress\",\"total\":50,\"progress_pct\":20,\"current\":10,\"trace_id\":\"b6f1f6eb-35dc-46fe-9523-d1b397af4581\"}","target":"indras_simulation::lua::bindings::logging","filename":"simulation/src/lua/bindings/logging.rs","line_number":93}
{"timestamp":"2026-01-25T06:23:21.752467Z","level":"INFO","message":"Message Stress progress: 30%","source":"lua","fields":"{\"current\":15,\"total\":50,\"trace_id\":\"b6f1f6eb-35dc-46fe-9523-d1b397af4581\",\"phase\":\"Message Stress\",\"progress_pct\":30}","target":"indras_simulation::lua::bindings::logging","filename":"simulation/src/lua/bindings/logging.rs","line_number":93}
{"timestamp":"2026-01-25T06:23:21.752526Z","level":"WARN","message":"Message from E to F dropped: sender offline after 10 retries","target":"indras_simulation::simulation","filename":"simulation/src/simulation.rs","line_number":454}
{"timestamp":"2026-01-25T06:23:21.752630Z","level":"INFO","message":"Packet K#0 delivered to A via K at tick 37 (latency: 9 ticks)","target":"indras_simulation::simulation","filename":"simulation/src/simulation.rs","line_number":360}
{"timestamp":"2026-01-25T06:23:21.752672Z","level":"INFO","message":"Packet I#0 delivered to F via I at tick 37 (latency: 6 ticks)","target":"indras_simulation::simulation","filename":"simulation/src/simulation.rs","line_number":360}
{"timestamp":"2026-01-25T06:23:21.752699Z","level":"INFO","message":"Packet I#1 delivered to F via I at tick 37 (latency: 4 ticks)","target":"indras_simulation::simulation","filename":"simulation/src/simulation.rs","line_number":360}
{"timestamp":"2026-01-25T06:23:21.752724Z","level":"INFO","message":"Packet I#2 delivered to F via I at tick 37 (latency: 1 ticks)","target":"indras_simulation::simulation","filename":"simulation/src/simulation.rs","line_number":360}
{"timestamp":"2026-01-25T06:23:21.752756Z","level":"INFO","message":"Packet A#0 delivered to G via K at tick 37 (latency: 12 ticks)","target":"indras_simulation::simulation","filename":"simulation/src/simulation.rs","line_number":360}
{"timestamp":"2026-01-25T06:23:21.753091Z","level":"INFO","message":"Message Stress progress: 40%","source":"lua","fields":"{\"current\":20,\"phase\":\"Message Stress\",\"trace_id\":\"b6f1f6eb-35dc-46fe-9523-d1b397af4581\",\"progress_pct\":40,\"total\":50}","target":"indras_simulation::lua::bindings::logging","filename":"simulation/src/lua/bindings/logging.rs","line_number":93}
{"timestamp":"2026-01-25T06:23:21.753199Z","level":"INFO","message":"Packet D#1 delivered to F via B at tick 41 (latency: 0 ticks)","target":"indras_simulation::simulation","filename":"simulation/src/simulation.rs","line_number":360}
{"timestamp":"2026-01-25T06:23:21.753344Z","level":"INFO","message":"Back-propagation complete for packet D#1 (latency: 1 ticks)","target":"indras_simulation::simulation","filename":"simulation/src/simulation.rs","line_number":766}
{"timestamp":"2026-01-25T06:23:21.753437Z","level":"INFO","message":"Packet D#2 delivered to I via J at tick 43 (latency: 0 ticks)","target":"indras_simulation::simulation","filename":"simulation/src/simulation.rs","line_number":360}
{"timestamp":"2026-01-25T06:23:21.753489Z","level":"INFO","message":"Packet F#1 delivered to E via F at tick 44 (latency: 7 ticks)","target":"indras_simulation::simulation","filename":"simulation/src/simulation.rs","line_number":360}
{"timestamp":"2026-01-25T06:23:21.753516Z","level":"INFO","message":"Packet L#0 delivered to E via F at tick 44 (latency: 15 ticks)","target":"indras_simulation::simulation","filename":"simulation/src/simulation.rs","line_number":360}
{"timestamp":"2026-01-25T06:23:21.753556Z","level":"INFO","message":"Packet E#1 delivered to F via E at tick 44 (latency: 0 ticks)","target":"indras_simulation::simulation","filename":"simulation/src/simulation.rs","line_number":360}
{"timestamp":"2026-01-25T06:23:21.753587Z","level":"INFO","message":"Packet F#2 delivered to I via F at tick 44 (latency: 0 ticks)","target":"indras_simulation::simulation","filename":"simulation/src/simulation.rs","line_number":360}
{"timestamp":"2026-01-25T06:23:21.753635Z","level":"INFO","message":"Back-propagation complete for packet D#2 (latency: 1 ticks)","target":"indras_simulation::simulation","filename":"simulation/src/simulation.rs","line_number":766}
{"timestamp":"2026-01-25T06:23:21.753705Z","level":"WARN","message":"Message from K to A dropped: sender offline after 10 retries","target":"indras_simulation::simulation","filename":"simulation/src/simulation.rs","line_number":454}
{"timestamp":"2026-01-25T06:23:21.753780Z","level":"INFO","message":"Message Stress progress: 50%","source":"lua","fields":"{\"total\":50,\"trace_id\":\"b6f1f6eb-35dc-46fe-9523-d1b397af4581\",\"current\":25,\"phase\":\"Message Stress\",\"progress_pct\":50}","target":"indras_simulation::lua::bindings::logging","filename":"simulation/src/lua/bindings/logging.rs","line_number":93}
{"timestamp":"2026-01-25T06:23:21.753836Z","level":"INFO","message":"Packet A#1 delivered to K via A at tick 46 (latency: 9 ticks)","target":"indras_simulation::simulation","filename":"simulation/src/simulation.rs","line_number":360}
{"timestamp":"2026-01-25T06:23:21.753878Z","level":"INFO","message":"Packet K#3 delivered to A via K at tick 46 (latency: 0 ticks)","target":"indras_simulation::simulation","filename":"simulation/src/simulation.rs","line_number":360}
{"timestamp":"2026-01-25T06:23:21.753999Z","level":"INFO","message":"Back-propagation complete for packet A#0 (latency: 10 ticks)","target":"indras_simulation::simulation","filename":"simulation/src/simulation.rs","line_number":766}
{"timestamp":"2026-01-25T06:23:21.754068Z","level":"INFO","message":"Packet E#2 delivered to L via D at tick 48 (latency: 0 ticks)","target":"indras_simulation::simulation","filename":"simulation/src/simulation.rs","line_number":360}
{"timestamp":"2026-01-25T06:23:21.754181Z","level":"INFO","message":"Back-propagation complete for packet E#2 (latency: 1 ticks)","target":"indras_simulation::simulation","filename":"simulation/src/simulation.rs","line_number":766}
{"timestamp":"2026-01-25T06:23:21.754255Z","level":"INFO","message":"Packet F#3 delivered to I via F at tick 50 (latency: 0 ticks)","target":"indras_simulation::simulation","filename":"simulation/src/simulation.rs","line_number":360}
{"timestamp":"2026-01-25T06:23:21.754296Z","level":"INFO","message":"Packet E#3 delivered to L via D at tick 50 (latency: 0 ticks)","target":"indras_simulation::simulation","filename":"simulation/src/simulation.rs","line_number":360}
{"timestamp":"2026-01-25T06:23:21.754361Z","level":"INFO","message":"Message Stress progress: 60%","source":"lua","fields":"{\"phase\":\"Message Stress\",\"current\":30,\"progress_pct\":60,\"trace_id\":\"b6f1f6eb-35dc-46fe-9523-d1b397af4581\",\"total\":50}","target":"indras_simulation::lua::bindings::logging","filename":"simulation/src/lua/bindings/logging.rs","line_number":93}
{"timestamp":"2026-01-25T06:23:21.754514Z","level":"INFO","message":"Back-propagation complete for packet E#3 (latency: 1 ticks)","target":"indras_simulation::simulation","filename":"simulation/src/simulation.rs","line_number":766}
{"timestamp":"2026-01-25T06:23:21.754552Z","level":"INFO","message":"Back-propagation complete for packet L#0 (latency: 7 ticks)","target":"indras_simulation::simulation","filename":"simulation/src/simulation.rs","line_number":766}
{"timestamp":"2026-01-25T06:23:21.754643Z","level":"WARN","message":"Message from G to K dropped: sender offline after 10 retries","target":"indras_simulation::simulation","filename":"simulation/src/simulation.rs","line_number":454}
{"timestamp":"2026-01-25T06:23:21.754699Z","level":"INFO","message":"Packet G#1 delivered to A via C at tick 52 (latency: 15 ticks)","target":"indras_simulation::simulation","filename":"simulation/src/simulation.rs","line_number":360}
{"timestamp":"2026-01-25T06:23:21.754734Z","level":"INFO","message":"Packet G#2 delivered to A via C at tick 52 (latency: 14 ticks)","target":"indras_simulation::simulation","filename":"simulation/src/simulation.rs","line_number":360}
{"timestamp":"2026-01-25T06:23:21.754871Z","level":"INFO","message":"Packet L#1 delivered to E via C at tick 53 (latency: 1 ticks)","target":"indras_simulation::simulation","filename":"simulation/src/simulation.rs","line_number":360}
{"timestamp":"2026-01-25T06:23:21.755033Z","level":"INFO","message":"Message Stress progress: 70%","source":"lua","fields":"{\"phase\":\"Message Stress\",\"total\":50,\"current\":35,\"progress_pct\":70,\"trace_id\":\"b6f1f6eb-35dc-46fe-9523-d1b397af4581\"}","target":"indras_simulation::lua::bindings::logging","filename":"simulation/src/lua/bindings/logging.rs","line_number":93}
{"timestamp":"2026-01-25T06:23:21.755250Z","level":"INFO","message":"Packet A#4 delivered to G via C at tick 60 (latency: 6 ticks)","target":"indras_simulation::simulation","filename":"simulation/src/simulation.rs","line_number":360}
{"timestamp":"2026-01-25T06:23:21.755283Z","level":"INFO","message":"Packet K#1 delivered to G via K at tick 60 (latency: 14 ticks)","target":"indras_simulation::simulation","filename":"simulation/src/simulation.rs","line_number":360}
{"timestamp":"2026-01-25T06:23:21.755312Z","level":"INFO","message":"Packet K#2 delivered to G via K at tick 60 (latency: 14 ticks)","target":"indras_simulation::simulation","filename":"simulation/src/simulation.rs","line_number":360}
{"timestamp":"2026-01-25T06:23:21.755340Z","level":"INFO","message":"Packet A#2 delivered to G via K at tick 60 (latency: 23 ticks)","target":"indras_simulation::simulation","filename":"simulation/src/simulation.rs","line_number":360}
{"timestamp":"2026-01-25T06:23:21.755367Z","level":"INFO","message":"Packet K#4 delivered to G via K at tick 60 (latency: 13 ticks)","target":"indras_simulation::simulation","filename":"simulation/src/simulation.rs","line_number":360}
{"timestamp":"2026-01-25T06:23:21.755394Z","level":"INFO","message":"Packet K#5 delivered to G via K at tick 60 (latency: 11 ticks)","target":"indras_simulation::simulation","filename":"simulation/src/simulation.rs","line_number":360}
{"timestamp":"2026-01-25T06:23:21.755421Z","level":"INFO","message":"Packet K#6 delivered to G via K at tick 60 (latency: 9 ticks)","target":"indras_simulation::simulation","filename":"simulation/src/simulation.rs","line_number":360}
{"timestamp":"2026-01-25T06:23:21.755513Z","level":"INFO","message":"Message Stress progress: 80%","source":"lua","fields":"{\"phase\":\"Message Stress\",\"current\":40,\"trace_id\":\"b6f1f6eb-35dc-46fe-9523-d1b397af4581\",\"progress_pct\":80,\"total\":50}","target":"indras_simulation::lua::bindings::logging","filename":"simulation/src/lua/bindings/logging.rs","line_number":93}
{"timestamp":"2026-01-25T06:23:21.755587Z","level":"INFO","message":"Packet F#4 delivered to E via F at tick 61 (latency: 4 ticks)","target":"indras_simulation::simulation","filename":"simulation/src/simulation.rs","line_number":360}
{"timestamp":"2026-01-25T06:23:21.755687Z","level":"INFO","message":"Packet A#3 delivered to K via A at tick 62 (latency: 9 ticks)","target":"indras_simulation::simulation","filename":"simulation/src/simulation.rs","line_number":360}
{"timestamp":"2026-01-25T06:23:21.755714Z","level":"INFO","message":"Packet A#5 delivered to K via A at tick 62 (latency: 4 ticks)","target":"indras_simulation::simulation","filename":"simulation/src/simulation.rs","line_number":360}
{"timestamp":"2026-01-25T06:23:21.755743Z","level":"INFO","message":"Packet A#6 delivered to K via A at tick 62 (latency: 2 ticks)","target":"indras_simulation::simulation","filename":"simulation/src/simulation.rs","line_number":360}
{"timestamp":"2026-01-25T06:23:21.755775Z","level":"INFO","message":"Packet G#4 delivered to K via G at tick 62 (latency: 2 ticks)","target":"indras_simulation::simulation","filename":"simulation/src/simulation.rs","line_number":360}
{"timestamp":"2026-01-25T06:23:21.755810Z","level":"INFO","message":"Packet K#7 delivered to G via K at tick 62 (latency: 0 ticks)","target":"indras_simulation::simulation","filename":"simulation/src/simulation.rs","line_number":360}
{"timestamp":"2026-01-25T06:23:21.755951Z","level":"INFO","message":"Back-propagation complete for packet A#2 (latency: 3 ticks)","target":"indras_simulation::simulation","filename":"simulation/src/simulation.rs","line_number":766}
{"timestamp":"2026-01-25T06:23:21.756001Z","level":"INFO","message":"Packet K#8 delivered to A via K at tick 64 (latency: 0 ticks)","target":"indras_simulation::simulation","filename":"simulation/src/simulation.rs","line_number":360}
{"timestamp":"2026-01-25T06:23:21.756146Z","level":"INFO","message":"Message Stress progress: 90%","source":"lua","fields":"{\"current\":45,\"phase\":\"Message Stress\",\"trace_id\":\"b6f1f6eb-35dc-46fe-9523-d1b397af4581\",\"progress_pct\":90,\"total\":50}","target":"indras_simulation::lua::bindings::logging","filename":"simulation/src/lua/bindings/logging.rs","line_number":93}
{"timestamp":"2026-01-25T06:23:21.756303Z","level":"INFO","message":"Packet K#9 delivered to E via C at tick 67 (latency: 2 ticks)","target":"indras_simulation::simulation","filename":"simulation/src/simulation.rs","line_number":360}
{"timestamp":"2026-01-25T06:23:21.756373Z","level":"INFO","message":"Packet K#11 delivered to G via K at tick 68 (latency: 0 ticks)","target":"indras_simulation::simulation","filename":"simulation/src/simulation.rs","line_number":360}
{"timestamp":"2026-01-25T06:23:21.756409Z","level":"INFO","message":"Packet K#10 delivered to E via C at tick 68 (latency: 2 ticks)","target":"indras_simulation::simulation","filename":"simulation/src/simulation.rs","line_number":360}
{"timestamp":"2026-01-25T06:23:21.756570Z","level":"INFO","message":"Message Stress progress: 100%","source":"lua","fields":"{\"phase\":\"Message Stress\",\"total\":50,\"progress_pct\":100,\"current\":50,\"trace_id\":\"b6f1f6eb-35dc-46fe-9523-d1b397af4581\"}","target":"indras_simulation::lua::bindings::logging","filename":"simulation/src/lua/bindings/logging.rs","line_number":93}
{"timestamp":"2026-01-25T06:23:21.756683Z","level":"INFO","message":"Phase 3 complete","source":"lua","fields":"{\"elapsed_sec\":0.006051000000000029,\"trace_id\":\"b6f1f6eb-35dc-46fe-9523-d1b397af4581\",\"target_messages\":50,\"p50_latency_us\":127.000000000008,\"errors\":0,\"messages_per_tick\":1.0,\"p99_latency_us\":211.9999999999925,\"p95_latency_us\":208.000000000012,\"tick_duration\":50,\"messages_sent\":50}","target":"indras_simulation::lua::bindings::logging","filename":"simulation/src/lua/bindings/logging.rs","line_number":93}
{"timestamp":"2026-01-25T06:23:21.756729Z","level":"INFO","message":"Phase 4: Member Listing","source":"lua","fields":"{\"trace_id\":\"b6f1f6eb-35dc-46fe-9523-d1b397af4581\",\"target_ops\":20}","target":"indras_simulation::lua::bindings::logging","filename":"simulation/src/lua/bindings/logging.rs","line_number":93}
{"timestamp":"2026-01-25T06:23:21.756804Z","level":"INFO","message":"Member Listing progress: 10%","source":"lua","fields":"{\"total\":20,\"trace_id\":\"b6f1f6eb-35dc-46fe-9523-d1b397af4581\",\"phase\":\"Member Listing\",\"progress_pct\":10,\"current\":2}","target":"indras_simulation::lua::bindings::logging","filename":"simulation/src/lua/bindings/logging.rs","line_number":93}
{"timestamp":"2026-01-25T06:23:21.756861Z","level":"INFO","message":"Member Listing progress: 20%","source":"lua","fields":"{\"current\":4,\"trace_id\":\"b6f1f6eb-35dc-46fe-9523-d1b397af4581\",\"total\":20,\"progress_pct\":20,\"phase\":\"Member Listing\"}","target":"indras_simulation::lua::bindings::logging","filename":"simulation/src/lua/bindings/logging.rs","line_number":93}
{"timestamp":"2026-01-25T06:23:21.756918Z","level":"INFO","message":"Member Listing progress: 30%","source":"lua","fields":"{\"total\":20,\"phase\":\"Member Listing\",\"trace_id\":\"b6f1f6eb-35dc-46fe-9523-d1b397af4581\",\"progress_pct\":30,\"current\":6}","target":"indras_simulation::lua::bindings::logging","filename":"simulation/src/lua/bindings/logging.rs","line_number":93}
{"timestamp":"2026-01-25T06:23:21.756974Z","level":"INFO","message":"Member Listing progress: 40%","source":"lua","fields":"{\"trace_id\":\"b6f1f6eb-35dc-46fe-9523-d1b397af4581\",\"total\":20,\"current\":8,\"phase\":\"Member Listing\",\"progress_pct\":40}","target":"indras_simulation::lua::bindings::logging","filename":"simulation/src/lua/bindings/logging.rs","line_number":93}
{"timestamp":"2026-01-25T06:23:21.757025Z","level":"INFO","message":"Member Listing progress: 50%","source":"lua","fields":"{\"trace_id\":\"b6f1f6eb-35dc-46fe-9523-d1b397af4581\",\"total\":20,\"progress_pct\":50,\"phase\":\"Member Listing\",\"current\":10}","target":"indras_simulation::lua::bindings::logging","filename":"simulation/src/lua/bindings/logging.rs","line_number":93}
{"timestamp":"2026-01-25T06:23:21.757086Z","level":"INFO","message":"Member Listing progress: 60%","source":"lua","fields":"{\"progress_pct\":60,\"trace_id\":\"b6f1f6eb-35dc-46fe-9523-d1b397af4581\",\"total\":20,\"phase\":\"Member Listing\",\"current\":12}","target":"indras_simulation::lua::bindings::logging","filename":"simulation/src/lua/bindings/logging.rs","line_number":93}
{"timestamp":"2026-01-25T06:23:21.757138Z","level":"INFO","message":"Member Listing progress: 70%","source":"lua","fields":"{\"phase\":\"Member Listing\",\"trace_id\":\"b6f1f6eb-35dc-46fe-9523-d1b397af4581\",\"current\":14,\"total\":20,\"progress_pct\":70}","target":"indras_simulation::lua::bindings::logging","filename":"simulation/src/lua/bindings/logging.rs","line_number":93}
{"timestamp":"2026-01-25T06:23:21.757190Z","level":"INFO","message":"Member Listing progress: 80%","source":"lua","fields":"{\"progress_pct\":80,\"total\":20,\"phase\":\"Member Listing\",\"trace_id\":\"b6f1f6eb-35dc-46fe-9523-d1b397af4581\",\"current\":16}","target":"indras_simulation::lua::bindings::logging","filename":"simulation/src/lua/bindings/logging.rs","line_number":93}
{"timestamp":"2026-01-25T06:23:21.757244Z","level":"INFO","message":"Member Listing progress: 90%","source":"lua","fields":"{\"current\":18,\"trace_id\":\"b6f1f6eb-35dc-46fe-9523-d1b397af4581\",\"phase\":\"Member Listing\",\"total\":20,\"progress_pct\":90}","target":"indras_simulation::lua::bindings::logging","filename":"simulation/src/lua/bindings/logging.rs","line_number":93}
{"timestamp":"2026-01-25T06:23:21.757298Z","level":"INFO","message":"Member Listing progress: 100%","source":"lua","fields":"{\"progress_pct\":100,\"current\":20,\"phase\":\"Member Listing\",\"trace_id\":\"b6f1f6eb-35dc-46fe-9523-d1b397af4581\",\"total\":20}","target":"indras_simulation::lua::bindings::logging","filename":"simulation/src/lua/bindings/logging.rs","line_number":93}
{"timestamp":"2026-01-25T06:23:21.757367Z","level":"INFO","message":"Phase 4 complete","source":"lua","fields":"{\"p95_latency_us\":101.99999999997725,\"p99_latency_us\":102.99999999994849,\"errors\":0,\"p50_latency_us\":71.99999999997324,\"member_list_ops\":20,\"elapsed_sec\":0.0006900000000000239,\"trace_id\":\"b6f1f6eb-35dc-46fe-9523-d1b397af4581\"}","target":"indras_simulation::lua::bindings::logging","filename":"simulation/src/lua/bindings/logging.rs","line_number":93}
{"timestamp":"2026-01-25T06:23:21.757408Z","level":"INFO","message":"Phase 5: Cleanup and Metrics","source":"lua","fields":"{\"trace_id\":\"b6f1f6eb-35dc-46fe-9523-d1b397af4581\"}","target":"indras_simulation::lua::bindings::logging","filename":"simulation/src/lua/bindings/logging.rs","line_number":93}
{"timestamp":"2026-01-25T06:23:21.757507Z","level":"INFO","message":"Packet G#3 delivered to A via C at tick 72 (latency: 12 ticks)","target":"indras_simulation::simulation","filename":"simulation/src/simulation.rs","line_number":360}
{"timestamp":"2026-01-25T06:23:21.757534Z","level":"INFO","message":"Packet G#5 delivered to A via C at tick 72 (latency: 11 ticks)","target":"indras_simulation::simulation","filename":"simulation/src/simulation.rs","line_number":360}
{"timestamp":"2026-01-25T06:23:21.757563Z","level":"INFO","message":"Packet G#6 delivered to A via C at tick 72 (latency: 2 ticks)","target":"indras_simulation::simulation","filename":"simulation/src/simulation.rs","line_number":360}
{"timestamp":"2026-01-25T06:23:21.757631Z","level":"INFO","message":"Back-propagation complete for packet K#10 (latency: 4 ticks)","target":"indras_simulation::simulation","filename":"simulation/src/simulation.rs","line_number":766}
{"timestamp":"2026-01-25T06:23:21.757654Z","level":"INFO","message":"Back-propagation complete for packet K#9 (latency: 5 ticks)","target":"indras_simulation::simulation","filename":"simulation/src/simulation.rs","line_number":766}
{"timestamp":"2026-01-25T06:23:21.757692Z","level":"INFO","message":"Packet E#4 delivered to F via E at tick 73 (latency: 12 ticks)","target":"indras_simulation::simulation","filename":"simulation/src/simulation.rs","line_number":360}
{"timestamp":"2026-01-25T06:23:21.757721Z","level":"INFO","message":"Packet D#3 delivered to F via K at tick 73 (latency: 10 ticks)","target":"indras_simulation::simulation","filename":"simulation/src/simulation.rs","line_number":360}
{"timestamp":"2026-01-25T06:23:21.757755Z","level":"INFO","message":"Packet F#5 delivered to I via F at tick 73 (latency: 0 ticks)","target":"indras_simulation::simulation","filename":"simulation/src/simulation.rs","line_number":360}
{"timestamp":"2026-01-25T06:23:21.757806Z","level":"INFO","message":"Back-propagation complete for packet A#4 (latency: 13 ticks)","target":"indras_simulation::simulation","filename":"simulation/src/simulation.rs","line_number":766}
{"timestamp":"2026-01-25T06:23:21.757829Z","level":"INFO","message":"Back-propagation complete for packet L#1 (latency: 20 ticks)","target":"indras_simulation::simulation","filename":"simulation/src/simulation.rs","line_number":766}
{"timestamp":"2026-01-25T06:23:21.757927Z","level":"INFO","message":"Back-propagation complete for packet G#6 (latency: 3 ticks)","target":"indras_simulation::simulation","filename":"simulation/src/simulation.rs","line_number":766}
{"timestamp":"2026-01-25T06:23:21.757950Z","level":"INFO","message":"Back-propagation complete for packet G#5 (latency: 3 ticks)","target":"indras_simulation::simulation","filename":"simulation/src/simulation.rs","line_number":766}
{"timestamp":"2026-01-25T06:23:21.757972Z","level":"INFO","message":"Back-propagation complete for packet G#3 (latency: 3 ticks)","target":"indras_simulation::simulation","filename":"simulation/src/simulation.rs","line_number":766}
{"timestamp":"2026-01-25T06:23:21.758071Z","level":"INFO","message":"Packet A#7 delivered to E via F at tick 78 (latency: 6 ticks)","target":"indras_simulation::simulation","filename":"simulation/src/simulation.rs","line_number":360}
{"timestamp":"2026-01-25T06:23:21.760674Z","level":"INFO","message":"SDK stress test completed","source":"lua","fields":"{\"messages_delivered\":47,\"event_log_size\":499,\"network_create_p95_us\":1051.0000000000225,\"realm_create_p50_us\":545.000000000008,\"target_networks\":2,\"trace_id\":\"b6f1f6eb-35dc-46fe-9523-d1b397af4581\",\"total_errors\":0,\"error_breakdown\":{\"member_list\":0,\"message_send\":0,\"network_create\":0,\"realm_create\":0,\"realm_join\":0},\"message_send_p99_us\":211.9999999999925,\"members_joined\":8,\"realm_join_p50_us\":157.000000000006,\"signatures_created\":56,\"messages_sent\":50,\"level\":\"quick\",\"network_create_p50_us\":831.9999999999752,\"member_list_p99_us\":102.99999999994849,\"realm_join_p99_us\":242.99999999998022,\"kem_encapsulations\":11,\"message_send_p50_us\":127.000000000008,\"realm_join_p95_us\":242.99999999998022,\"delivery_rate\":0.94,\"signatures_verified\":23,\"networks_created\":2,\"total_ticks\":100,\"target_realms_per_network\":2,\"kem_decapsulations\":11,\"networks_destroyed\":2,\"member_list_p95_us\":101.99999999997725,\"realm_create_p99_us\":648.0000000000308,\"target_messages\":50,\"message_send_p95_us\":208.000000000012,\"member_list_ops\":20,\"member_list_p50_us\":71.99999999997324,\"realm_create_p95_us\":648.0000000000308,\"realms_created\":4,\"network_create_p99_us\":1051.0000000000225}","target":"indras_simulation::lua::bindings::logging","filename":"simulation/src/lua/bindings/logging.rs","line_number":93}
{"timestamp":"2026-01-25T06:23:21.760852Z","level":"INFO","message":"SDK stress test passed all assertions","source":"lua","fields":"{\"delivery_rate\":0.94,\"trace_id\":\"b6f1f6eb-35dc-46fe-9523-d1b397af4581\",\"realms\":4,\"networks\":2,\"messages\":50,\"level\":\"quick\"}","target":"indras_simulation::lua::bindings::logging","filename":"simulation/src/lua/bindings/logging.rs","line_number":93}
{"timestamp":"2026-01-25T06:23:21.761007Z","level":"INFO","message":"Script completed successfully","target":"lua_runner","filename":"simulation/src/bin/lua_runner.rs","line_number":108}
