{"timestamp":"2026-01-24T06:14:37.974836Z","level":"INFO","message":"Running Lua script: simulation/scripts/scenarios/storage_blob_stress.lua","target":"lua_runner","filename":"simulation/src/bin/lua_runner.rs","line_number":94}
{"timestamp":"2026-01-24T06:14:37.979125Z","level":"INFO","message":"Starting blob storage stress test","source":"lua","fields":"{\"blob_count\":200,\"level\":\"quick\",\"dedup_test_count\":50,\"peer_count\":10,\"storage_limit_mb\":50,\"trace_id\":\"81f1bdc9-02b3-4620-acf9-eaaa3ce2e95a\",\"max_ticks\":150}","target":"indras_simulation::lua::bindings::logging","filename":"simulation/src/lua/bindings/logging.rs","line_number":93}
{"timestamp":"2026-01-24T06:14:37.980136Z","level":"INFO","message":"Simulation initialized at tick 0","target":"indras_simulation::simulation","filename":"simulation/src/simulation.rs","line_number":180}
{"timestamp":"2026-01-24T06:14:37.980285Z","level":"INFO","message":"Running blob storage stress simulation","source":"lua","fields":"{\"trace_id\":\"81f1bdc9-02b3-4620-acf9-eaaa3ce2e95a\",\"storage_limit_mb\":50,\"phase1_end\":52,\"phase4_end\":150,\"phase2_end\":82,\"phase3_end\":120}","target":"indras_simulation::lua::bindings::logging","filename":"simulation/src/lua/bindings/logging.rs","line_number":93}
{"timestamp":"2026-01-24T06:14:37.980351Z","level":"INFO","message":"Phase 1: Blob creation with varied sizes","source":"lua","fields":"{\"trace_id\":\"81f1bdc9-02b3-4620-acf9-eaaa3ce2e95a\",\"blobs_per_tick\":2,\"target_blobs\":80.0}","target":"indras_simulation::lua::bindings::logging","filename":"simulation/src/lua/bindings/logging.rs","line_number":93}
{"timestamp":"2026-01-24T06:14:37.980597Z","level":"INFO","message":"Packet J#0 delivered to A via J at tick 1 (latency: 0 ticks)","target":"indras_simulation::simulation","filename":"simulation/src/simulation.rs","line_number":360}
{"timestamp":"2026-01-24T06:14:37.980683Z","level":"INFO","message":"Packet J#1 delivered to B via J at tick 2 (latency: 0 ticks)","target":"indras_simulation::simulation","filename":"simulation/src/simulation.rs","line_number":360}
{"timestamp":"2026-01-24T06:14:37.980710Z","level":"INFO","message":"Packet H#0 delivered to I via J at tick 2 (latency: 0 ticks)","target":"indras_simulation::simulation","filename":"simulation/src/simulation.rs","line_number":360}
{"timestamp":"2026-01-24T06:14:37.980785Z","level":"INFO","message":"Packet D#0 delivered to B via A at tick 3 (latency: 0 ticks)","target":"indras_simulation::simulation","filename":"simulation/src/simulation.rs","line_number":360}
{"timestamp":"2026-01-24T06:14:37.980912Z","level":"INFO","message":"Back-propagation complete for packet D#0 (latency: 1 ticks)","target":"indras_simulation::simulation","filename":"simulation/src/simulation.rs","line_number":766}
{"timestamp":"2026-01-24T06:14:37.980924Z","level":"INFO","message":"Back-propagation complete for packet H#0 (latency: 2 ticks)","target":"indras_simulation::simulation","filename":"simulation/src/simulation.rs","line_number":766}
{"timestamp":"2026-01-24T06:14:37.981021Z","level":"INFO","message":"Packet I#0 delivered to D via E at tick 5 (latency: 0 ticks)","target":"indras_simulation::simulation","filename":"simulation/src/simulation.rs","line_number":360}
{"timestamp":"2026-01-24T06:14:37.981105Z","level":"INFO","message":"Packet D#1 delivered to J via A at tick 6 (latency: 0 ticks)","target":"indras_simulation::simulation","filename":"simulation/src/simulation.rs","line_number":360}
{"timestamp":"2026-01-24T06:14:37.981135Z","level":"INFO","message":"Back-propagation complete for packet I#0 (latency: 1 ticks)","target":"indras_simulation::simulation","filename":"simulation/src/simulation.rs","line_number":766}
{"timestamp":"2026-01-24T06:14:37.981284Z","level":"INFO","message":"Back-propagation complete for packet D#1 (latency: 1 ticks)","target":"indras_simulation::simulation","filename":"simulation/src/simulation.rs","line_number":766}
{"timestamp":"2026-01-24T06:14:37.981452Z","level":"INFO","message":"Packet J#3 delivered to H via A at tick 8 (latency: 3 ticks)","target":"indras_simulation::simulation","filename":"simulation/src/simulation.rs","line_number":360}
{"timestamp":"2026-01-24T06:14:37.981496Z","level":"INFO","message":"Packet H#2 delivered to D via A at tick 8 (latency: 0 ticks)","target":"indras_simulation::simulation","filename":"simulation/src/simulation.rs","line_number":360}
{"timestamp":"2026-01-24T06:14:37.981549Z","level":"INFO","message":"Packet G#1 delivered to I via J at tick 8 (latency: 0 ticks)","target":"indras_simulation::simulation","filename":"simulation/src/simulation.rs","line_number":360}
{"timestamp":"2026-01-24T06:14:37.981719Z","level":"INFO","message":"Back-propagation complete for packet H#2 (latency: 1 ticks)","target":"indras_simulation::simulation","filename":"simulation/src/simulation.rs","line_number":766}
{"timestamp":"2026-01-24T06:14:37.981905Z","level":"INFO","message":"Back-propagation complete for packet G#1 (latency: 2 ticks)","target":"indras_simulation::simulation","filename":"simulation/src/simulation.rs","line_number":766}
{"timestamp":"2026-01-24T06:14:37.982054Z","level":"INFO","message":"Packet I#1 delivered to H via A at tick 11 (latency: 1 ticks)","target":"indras_simulation::simulation","filename":"simulation/src/simulation.rs","line_number":360}
{"timestamp":"2026-01-24T06:14:37.982228Z","level":"INFO","message":"Packet I#3 delivered to J via I at tick 12 (latency: 0 ticks)","target":"indras_simulation::simulation","filename":"simulation/src/simulation.rs","line_number":360}
{"timestamp":"2026-01-24T06:14:37.982260Z","level":"INFO","message":"Packet I#2 delivered to D via A at tick 12 (latency: 1 ticks)","target":"indras_simulation::simulation","filename":"simulation/src/simulation.rs","line_number":360}
{"timestamp":"2026-01-24T06:14:37.982432Z","level":"INFO","message":"Packet D#3 delivered to A via D at tick 13 (latency: 0 ticks)","target":"indras_simulation::simulation","filename":"simulation/src/simulation.rs","line_number":360}
{"timestamp":"2026-01-24T06:14:37.982499Z","level":"INFO","message":"Back-propagation complete for packet I#1 (latency: 2 ticks)","target":"indras_simulation::simulation","filename":"simulation/src/simulation.rs","line_number":766}
{"timestamp":"2026-01-24T06:14:37.982649Z","level":"INFO","message":"Packet J#5 delivered to G via A at tick 14 (latency: 0 ticks)","target":"indras_simulation::simulation","filename":"simulation/src/simulation.rs","line_number":360}
{"timestamp":"2026-01-24T06:14:37.982758Z","level":"INFO","message":"Packet G#0 delivered to B via A at tick 15 (latency: 11 ticks)","target":"indras_simulation::simulation","filename":"simulation/src/simulation.rs","line_number":360}
{"timestamp":"2026-01-24T06:14:37.982810Z","level":"INFO","message":"Packet D#4 delivered to J via A at tick 15 (latency: 0 ticks)","target":"indras_simulation::simulation","filename":"simulation/src/simulation.rs","line_number":360}
{"timestamp":"2026-01-24T06:14:37.982860Z","level":"INFO","message":"Back-propagation complete for packet J#5 (latency: 1 ticks)","target":"indras_simulation::simulation","filename":"simulation/src/simulation.rs","line_number":766}
{"timestamp":"2026-01-24T06:14:37.982961Z","level":"INFO","message":"Packet A#1 delivered to D via A at tick 16 (latency: 0 ticks)","target":"indras_simulation::simulation","filename":"simulation/src/simulation.rs","line_number":360}
{"timestamp":"2026-01-24T06:14:37.983001Z","level":"INFO","message":"Packet C#0 delivered to J via B at tick 16 (latency: 2 ticks)","target":"indras_simulation::simulation","filename":"simulation/src/simulation.rs","line_number":360}
{"timestamp":"2026-01-24T06:14:37.983031Z","level":"INFO","message":"Back-propagation complete for packet D#4 (latency: 1 ticks)","target":"indras_simulation::simulation","filename":"simulation/src/simulation.rs","line_number":766}
{"timestamp":"2026-01-24T06:14:37.983052Z","level":"INFO","message":"Back-propagation complete for packet G#0 (latency: 1 ticks)","target":"indras_simulation::simulation","filename":"simulation/src/simulation.rs","line_number":766}
{"timestamp":"2026-01-24T06:14:37.983203Z","level":"INFO","message":"Packet C#1 delivered to A via B at tick 17 (latency: 0 ticks)","target":"indras_simulation::simulation","filename":"simulation/src/simulation.rs","line_number":360}
{"timestamp":"2026-01-24T06:14:37.983261Z","level":"INFO","message":"Back-propagation complete for packet C#0 (latency: 1 ticks)","target":"indras_simulation::simulation","filename":"simulation/src/simulation.rs","line_number":766}
{"timestamp":"2026-01-24T06:14:37.983350Z","level":"INFO","message":"Packet J#2 delivered to H via A at tick 18 (latency: 14 ticks)","target":"indras_simulation::simulation","filename":"simulation/src/simulation.rs","line_number":360}
{"timestamp":"2026-01-24T06:14:37.983384Z","level":"INFO","message":"Packet J#4 delivered to H via F at tick 18 (latency: 6 ticks)","target":"indras_simulation::simulation","filename":"simulation/src/simulation.rs","line_number":360}
{"timestamp":"2026-01-24T06:14:37.983437Z","level":"INFO","message":"Packet B#0 delivered to G via A at tick 18 (latency: 1 ticks)","target":"indras_simulation::simulation","filename":"simulation/src/simulation.rs","line_number":360}
{"timestamp":"2026-01-24T06:14:37.983463Z","level":"INFO","message":"Packet C#2 delivered to J via B at tick 18 (latency: 0 ticks)","target":"indras_simulation::simulation","filename":"simulation/src/simulation.rs","line_number":360}
{"timestamp":"2026-01-24T06:14:37.983522Z","level":"INFO","message":"Back-propagation complete for packet C#1 (latency: 1 ticks)","target":"indras_simulation::simulation","filename":"simulation/src/simulation.rs","line_number":766}
{"timestamp":"2026-01-24T06:14:37.983579Z","level":"INFO","message":"Packet D#5 delivered to G via D at tick 19 (latency: 0 ticks)","target":"indras_simulation::simulation","filename":"simulation/src/simulation.rs","line_number":360}
{"timestamp":"2026-01-24T06:14:37.983627Z","level":"INFO","message":"Back-propagation complete for packet C#2 (latency: 1 ticks)","target":"indras_simulation::simulation","filename":"simulation/src/simulation.rs","line_number":766}
{"timestamp":"2026-01-24T06:14:37.983691Z","level":"INFO","message":"Packet A#3 delivered to J via A at tick 20 (latency: 0 ticks)","target":"indras_simulation::simulation","filename":"simulation/src/simulation.rs","line_number":360}
{"timestamp":"2026-01-24T06:14:37.983743Z","level":"INFO","message":"Back-propagation complete for packet B#0 (latency: 2 ticks)","target":"indras_simulation::simulation","filename":"simulation/src/simulation.rs","line_number":766}
{"timestamp":"2026-01-24T06:14:37.983814Z","level":"INFO","message":"Packet H#4 delivered to F via H at tick 21 (latency: 0 ticks)","target":"indras_simulation::simulation","filename":"simulation/src/simulation.rs","line_number":360}
{"timestamp":"2026-01-24T06:14:37.983829Z","level":"INFO","message":"Packet C#3 delivered to H via A at tick 21 (latency: 1 ticks)","target":"indras_simulation::simulation","filename":"simulation/src/simulation.rs","line_number":360}
{"timestamp":"2026-01-24T06:14:37.983928Z","level":"INFO","message":"Packet J#6 delivered to G via A at tick 22 (latency: 0 ticks)","target":"indras_simulation::simulation","filename":"simulation/src/simulation.rs","line_number":360}
{"timestamp":"2026-01-24T06:14:37.984013Z","level":"INFO","message":"Packet E#1 delivered to G via E at tick 23 (latency: 0 ticks)","target":"indras_simulation::simulation","filename":"simulation/src/simulation.rs","line_number":360}
{"timestamp":"2026-01-24T06:14:37.984060Z","level":"INFO","message":"Back-propagation complete for packet J#6 (latency: 1 ticks)","target":"indras_simulation::simulation","filename":"simulation/src/simulation.rs","line_number":766}
{"timestamp":"2026-01-24T06:14:37.984147Z","level":"INFO","message":"Packet J#7 delivered to D via A at tick 24 (latency: 0 ticks)","target":"indras_simulation::simulation","filename":"simulation/src/simulation.rs","line_number":360}
{"timestamp":"2026-01-24T06:14:37.984201Z","level":"INFO","message":"Back-propagation complete for packet C#3 (latency: 3 ticks)","target":"indras_simulation::simulation","filename":"simulation/src/simulation.rs","line_number":766}
{"timestamp":"2026-01-24T06:14:37.984304Z","level":"INFO","message":"Back-propagation complete for packet J#7 (latency: 1 ticks)","target":"indras_simulation::simulation","filename":"simulation/src/simulation.rs","line_number":766}
{"timestamp":"2026-01-24T06:14:37.984339Z","level":"INFO","message":"Phase 1 progress","source":"lua","fields":"{\"unique_blobs\":50,\"trace_id\":\"81f1bdc9-02b3-4620-acf9-eaaa3ce2e95a\",\"tick\":25,\"total_size_mb\":46.168832778930664,\"storage_utilization_pct\":92.33766555786133,\"phase_blobs\":50}","target":"indras_simulation::lua::bindings::logging","filename":"simulation/src/lua/bindings/logging.rs","line_number":93}
{"timestamp":"2026-01-24T06:14:37.984411Z","level":"INFO","message":"Packet H#5 delivered to F via H at tick 26 (latency: 0 ticks)","target":"indras_simulation::simulation","filename":"simulation/src/simulation.rs","line_number":360}
{"timestamp":"2026-01-24T06:14:37.984429Z","level":"INFO","message":"Packet B#1 delivered to G via A at tick 26 (latency: 1 ticks)","target":"indras_simulation::simulation","filename":"simulation/src/simulation.rs","line_number":360}
{"timestamp":"2026-01-24T06:14:37.984543Z","level":"INFO","message":"Packet J#9 delivered to B via J at tick 27 (latency: 0 ticks)","target":"indras_simulation::simulation","filename":"simulation/src/simulation.rs","line_number":360}
{"timestamp":"2026-01-24T06:14:37.984559Z","level":"INFO","message":"Packet E#2 delivered to B via E at tick 27 (latency: 0 ticks)","target":"indras_simulation::simulation","filename":"simulation/src/simulation.rs","line_number":360}
{"timestamp":"2026-01-24T06:14:37.984585Z","level":"INFO","message":"Packet J#8 delivered to H via F at tick 27 (latency: 1 ticks)","target":"indras_simulation::simulation","filename":"simulation/src/simulation.rs","line_number":360}
{"timestamp":"2026-01-24T06:14:37.984616Z","level":"INFO","message":"Back-propagation complete for packet I#2 (latency: 15 ticks)","target":"indras_simulation::simulation","filename":"simulation/src/simulation.rs","line_number":766}
{"timestamp":"2026-01-24T06:14:37.984714Z","level":"INFO","message":"Packet A#4 delivered to I via J at tick 28 (latency: 0 ticks)","target":"indras_simulation::simulation","filename":"simulation/src/simulation.rs","line_number":360}
{"timestamp":"2026-01-24T06:14:37.984729Z","level":"INFO","message":"Back-propagation complete for packet B#1 (latency: 2 ticks)","target":"indras_simulation::simulation","filename":"simulation/src/simulation.rs","line_number":766}
{"timestamp":"2026-01-24T06:14:37.984740Z","level":"INFO","message":"Back-propagation complete for packet J#4 (latency: 10 ticks)","target":"indras_simulation::simulation","filename":"simulation/src/simulation.rs","line_number":766}
{"timestamp":"2026-01-24T06:14:37.984798Z","level":"INFO","message":"Packet H#6 delivered to F via H at tick 29 (latency: 0 ticks)","target":"indras_simulation::simulation","filename":"simulation/src/simulation.rs","line_number":360}
{"timestamp":"2026-01-24T06:14:37.984813Z","level":"INFO","message":"Packet B#2 delivered to J via B at tick 29 (latency: 0 ticks)","target":"indras_simulation::simulation","filename":"simulation/src/simulation.rs","line_number":360}
{"timestamp":"2026-01-24T06:14:37.984853Z","level":"INFO","message":"Back-propagation complete for packet A#4 (latency: 1 ticks)","target":"indras_simulation::simulation","filename":"simulation/src/simulation.rs","line_number":766}
{"timestamp":"2026-01-24T06:14:37.984864Z","level":"INFO","message":"Back-propagation complete for packet J#8 (latency: 2 ticks)","target":"indras_simulation::simulation","filename":"simulation/src/simulation.rs","line_number":766}
{"timestamp":"2026-01-24T06:14:37.984875Z","level":"INFO","message":"Back-propagation complete for packet J#3 (latency: 21 ticks)","target":"indras_simulation::simulation","filename":"simulation/src/simulation.rs","line_number":766}
{"timestamp":"2026-01-24T06:14:37.985063Z","level":"INFO","message":"Packet C#4 delivered to F via I at tick 31 (latency: 1 ticks)","target":"indras_simulation::simulation","filename":"simulation/src/simulation.rs","line_number":360}
{"timestamp":"2026-01-24T06:14:37.985077Z","level":"INFO","message":"Back-propagation complete for packet J#2 (latency: 13 ticks)","target":"indras_simulation::simulation","filename":"simulation/src/simulation.rs","line_number":766}
{"timestamp":"2026-01-24T06:14:37.985167Z","level":"INFO","message":"Packet F#0 delivered to H via F at tick 32 (latency: 0 ticks)","target":"indras_simulation::simulation","filename":"simulation/src/simulation.rs","line_number":360}
{"timestamp":"2026-01-24T06:14:37.985243Z","level":"INFO","message":"Packet I#4 delivered to A via H at tick 32 (latency: 0 ticks)","target":"indras_simulation::simulation","filename":"simulation/src/simulation.rs","line_number":360}
{"timestamp":"2026-01-24T06:14:37.985695Z","level":"INFO","message":"Packet F#1 delivered to I via F at tick 34 (latency: 0 ticks)","target":"indras_simulation::simulation","filename":"simulation/src/simulation.rs","line_number":360}
{"timestamp":"2026-01-24T06:14:37.985774Z","level":"INFO","message":"Back-propagation complete for packet I#4 (latency: 2 ticks)","target":"indras_simulation::simulation","filename":"simulation/src/simulation.rs","line_number":766}
{"timestamp":"2026-01-24T06:14:37.986917Z","level":"WARN","message":"Message from J to B dropped: sender offline after 10 retries","target":"indras_simulation::simulation","filename":"simulation/src/simulation.rs","line_number":454}
{"timestamp":"2026-01-24T06:14:37.987601Z","level":"INFO","message":"Packet H#10 delivered to G via A at tick 44 (latency: 0 ticks)","target":"indras_simulation::simulation","filename":"simulation/src/simulation.rs","line_number":360}
{"timestamp":"2026-01-24T06:14:37.987859Z","level":"INFO","message":"Packet D#10 delivered to A via D at tick 45 (latency: 0 ticks)","target":"indras_simulation::simulation","filename":"simulation/src/simulation.rs","line_number":360}
{"timestamp":"2026-01-24T06:14:37.987897Z","level":"INFO","message":"Packet G#2 delivered to H via A at tick 45 (latency: 7 ticks)","target":"indras_simulation::simulation","filename":"simulation/src/simulation.rs","line_number":360}
{"timestamp":"2026-01-24T06:14:37.987947Z","level":"INFO","message":"Packet D#9 delivered to H via A at tick 45 (latency: 3 ticks)","target":"indras_simulation::simulation","filename":"simulation/src/simulation.rs","line_number":360}
{"timestamp":"2026-01-24T06:14:37.987980Z","level":"INFO","message":"Packet H#9 delivered to G via A at tick 45 (latency: 6 ticks)","target":"indras_simulation::simulation","filename":"simulation/src/simulation.rs","line_number":360}
{"timestamp":"2026-01-24T06:14:37.988140Z","level":"INFO","message":"Back-propagation complete for packet H#10 (latency: 1 ticks)","target":"indras_simulation::simulation","filename":"simulation/src/simulation.rs","line_number":766}
{"timestamp":"2026-01-24T06:14:37.988364Z","level":"INFO","message":"Packet I#12 delivered to C via E at tick 46 (latency: 0 ticks)","target":"indras_simulation::simulation","filename":"simulation/src/simulation.rs","line_number":360}
{"timestamp":"2026-01-24T06:14:37.988401Z","level":"INFO","message":"Packet B#3 delivered to I via E at tick 46 (latency: 13 ticks)","target":"indras_simulation::simulation","filename":"simulation/src/simulation.rs","line_number":360}
{"timestamp":"2026-01-24T06:14:37.988437Z","level":"INFO","message":"Packet C#6 delivered to I via E at tick 46 (latency: 11 ticks)","target":"indras_simulation::simulation","filename":"simulation/src/simulation.rs","line_number":360}
{"timestamp":"2026-01-24T06:14:37.988460Z","level":"INFO","message":"Packet C#7 delivered to I via E at tick 46 (latency: 10 ticks)","target":"indras_simulation::simulation","filename":"simulation/src/simulation.rs","line_number":360}
{"timestamp":"2026-01-24T06:14:37.988483Z","level":"INFO","message":"Packet C#8 delivered to I via E at tick 46 (latency: 2 ticks)","target":"indras_simulation::simulation","filename":"simulation/src/simulation.rs","line_number":360}
{"timestamp":"2026-01-24T06:14:37.988508Z","level":"INFO","message":"Packet H#8 delivered to I via E at tick 46 (latency: 7 ticks)","target":"indras_simulation::simulation","filename":"simulation/src/simulation.rs","line_number":360}
{"timestamp":"2026-01-24T06:14:37.988614Z","level":"INFO","message":"Back-propagation complete for packet H#9 (latency: 1 ticks)","target":"indras_simulation::simulation","filename":"simulation/src/simulation.rs","line_number":766}
{"timestamp":"2026-01-24T06:14:37.988719Z","level":"INFO","message":"Packet H#7 delivered to D via E at tick 47 (latency: 14 ticks)","target":"indras_simulation::simulation","filename":"simulation/src/simulation.rs","line_number":360}
{"timestamp":"2026-01-24T06:14:37.988746Z","level":"INFO","message":"Packet I#5 delivered to C via E at tick 47 (latency: 9 ticks)","target":"indras_simulation::simulation","filename":"simulation/src/simulation.rs","line_number":360}
{"timestamp":"2026-01-24T06:14:37.988770Z","level":"INFO","message":"Packet I#6 delivered to D via E at tick 47 (latency: 7 ticks)","target":"indras_simulation::simulation","filename":"simulation/src/simulation.rs","line_number":360}
{"timestamp":"2026-01-24T06:14:37.988803Z","level":"INFO","message":"Packet I#8 delivered to C via E at tick 47 (latency: 5 ticks)","target":"indras_simulation::simulation","filename":"simulation/src/simulation.rs","line_number":360}
{"timestamp":"2026-01-24T06:14:37.988827Z","level":"INFO","message":"Packet I#9 delivered to G via E at tick 47 (latency: 4 ticks)","target":"indras_simulation::simulation","filename":"simulation/src/simulation.rs","line_number":360}
{"timestamp":"2026-01-24T06:14:37.988849Z","level":"INFO","message":"Packet I#10 delivered to C via E at tick 47 (latency: 4 ticks)","target":"indras_simulation::simulation","filename":"simulation/src/simulation.rs","line_number":360}
{"timestamp":"2026-01-24T06:14:37.988872Z","level":"INFO","message":"Packet I#11 delivered to C via E at tick 47 (latency: 2 ticks)","target":"indras_simulation::simulation","filename":"simulation/src/simulation.rs","line_number":360}
{"timestamp":"2026-01-24T06:14:37.988919Z","level":"INFO","message":"Back-propagation complete for packet C#8 (latency: 1 ticks)","target":"indras_simulation::simulation","filename":"simulation/src/simulation.rs","line_number":766}
{"timestamp":"2026-01-24T06:14:37.988937Z","level":"INFO","message":"Back-propagation complete for packet C#7 (latency: 1 ticks)","target":"indras_simulation::simulation","filename":"simulation/src/simulation.rs","line_number":766}
{"timestamp":"2026-01-24T06:14:37.988954Z","level":"INFO","message":"Back-propagation complete for packet C#6 (latency: 1 ticks)","target":"indras_simulation::simulation","filename":"simulation/src/simulation.rs","line_number":766}
{"timestamp":"2026-01-24T06:14:37.988972Z","level":"INFO","message":"Back-propagation complete for packet I#12 (latency: 1 ticks)","target":"indras_simulation::simulation","filename":"simulation/src/simulation.rs","line_number":766}
{"timestamp":"2026-01-24T06:14:37.989138Z","level":"INFO","message":"Packet I#13 delivered to G via E at tick 48 (latency: 0 ticks)","target":"indras_simulation::simulation","filename":"simulation/src/simulation.rs","line_number":360}
{"timestamp":"2026-01-24T06:14:37.989163Z","level":"INFO","message":"Packet C#10 delivered to I via E at tick 48 (latency: 0 ticks)","target":"indras_simulation::simulation","filename":"simulation/src/simulation.rs","line_number":360}
{"timestamp":"2026-01-24T06:14:37.989214Z","level":"INFO","message":"Back-propagation complete for packet I#11 (latency: 1 ticks)","target":"indras_simulation::simulation","filename":"simulation/src/simulation.rs","line_number":766}
{"timestamp":"2026-01-24T06:14:37.989231Z","level":"INFO","message":"Back-propagation complete for packet I#10 (latency: 1 ticks)","target":"indras_simulation::simulation","filename":"simulation/src/simulation.rs","line_number":766}
{"timestamp":"2026-01-24T06:14:37.989247Z","level":"INFO","message":"Back-propagation complete for packet I#9 (latency: 1 ticks)","target":"indras_simulation::simulation","filename":"simulation/src/simulation.rs","line_number":766}
{"timestamp":"2026-01-24T06:14:37.989263Z","level":"INFO","message":"Back-propagation complete for packet I#8 (latency: 1 ticks)","target":"indras_simulation::simulation","filename":"simulation/src/simulation.rs","line_number":766}
{"timestamp":"2026-01-24T06:14:37.989278Z","level":"INFO","message":"Back-propagation complete for packet I#6 (latency: 1 ticks)","target":"indras_simulation::simulation","filename":"simulation/src/simulation.rs","line_number":766}
{"timestamp":"2026-01-24T06:14:37.989294Z","level":"INFO","message":"Back-propagation complete for packet I#5 (latency: 1 ticks)","target":"indras_simulation::simulation","filename":"simulation/src/simulation.rs","line_number":766}
{"timestamp":"2026-01-24T06:14:37.989407Z","level":"INFO","message":"Packet E#3 delivered to C via E at tick 49 (latency: 0 ticks)","target":"indras_simulation::simulation","filename":"simulation/src/simulation.rs","line_number":360}
{"timestamp":"2026-01-24T06:14:37.989442Z","level":"INFO","message":"Packet C#11 delivered to G via E at tick 49 (latency: 0 ticks)","target":"indras_simulation::simulation","filename":"simulation/src/simulation.rs","line_number":360}
{"timestamp":"2026-01-24T06:14:37.989492Z","level":"INFO","message":"Back-propagation complete for packet C#10 (latency: 1 ticks)","target":"indras_simulation::simulation","filename":"simulation/src/simulation.rs","line_number":766}
{"timestamp":"2026-01-24T06:14:37.989510Z","level":"INFO","message":"Back-propagation complete for packet I#13 (latency: 1 ticks)","target":"indras_simulation::simulation","filename":"simulation/src/simulation.rs","line_number":766}
{"timestamp":"2026-01-24T06:14:37.989628Z","level":"INFO","message":"Packet D#11 delivered to G via D at tick 50 (latency: 0 ticks)","target":"indras_simulation::simulation","filename":"simulation/src/simulation.rs","line_number":360}
{"timestamp":"2026-01-24T06:14:37.989653Z","level":"INFO","message":"Packet E#4 delivered to D via E at tick 50 (latency: 0 ticks)","target":"indras_simulation::simulation","filename":"simulation/src/simulation.rs","line_number":360}
{"timestamp":"2026-01-24T06:14:37.989739Z","level":"INFO","message":"Back-propagation complete for packet C#11 (latency: 1 ticks)","target":"indras_simulation::simulation","filename":"simulation/src/simulation.rs","line_number":766}
{"timestamp":"2026-01-24T06:14:37.989792Z","level":"INFO","message":"Phase 1 progress","source":"lua","fields":"{\"storage_utilization_pct\":87.90478706359863,\"phase_blobs\":100,\"total_size_mb\":43.952393531799316,\"tick\":50,\"trace_id\":\"81f1bdc9-02b3-4620-acf9-eaaa3ce2e95a\",\"unique_blobs\":56}","target":"indras_simulation::lua::bindings::logging","filename":"simulation/src/lua/bindings/logging.rs","line_number":93}
{"timestamp":"2026-01-24T06:14:37.989891Z","level":"INFO","message":"Packet D#8 delivered to F via H at tick 51 (latency: 14 ticks)","target":"indras_simulation::simulation","filename":"simulation/src/simulation.rs","line_number":360}
{"timestamp":"2026-01-24T06:14:37.989921Z","level":"INFO","message":"Packet I#14 delivered to E via I at tick 51 (latency: 0 ticks)","target":"indras_simulation::simulation","filename":"simulation/src/simulation.rs","line_number":360}
{"timestamp":"2026-01-24T06:14:37.990047Z","level":"INFO","message":"Back-propagation complete for packet B#3 (latency: 5 ticks)","target":"indras_simulation::simulation","filename":"simulation/src/simulation.rs","line_number":766}
{"timestamp":"2026-01-24T06:14:37.990176Z","level":"INFO","message":"Packet G#3 delivered to I via F at tick 52 (latency: 12 ticks)","target":"indras_simulation::simulation","filename":"simulation/src/simulation.rs","line_number":360}
{"timestamp":"2026-01-24T06:14:37.990289Z","level":"INFO","message":"Phase 1 progress","source":"lua","fields":"{\"storage_utilization_pct\":98.98094177246094,\"total_size_mb\":49.49047088623047,\"phase_blobs\":104,\"tick\":52,\"trace_id\":\"81f1bdc9-02b3-4620-acf9-eaaa3ce2e95a\",\"unique_blobs\":60}","target":"indras_simulation::lua::bindings::logging","filename":"simulation/src/lua/bindings/logging.rs","line_number":93}
{"timestamp":"2026-01-24T06:14:37.990331Z","level":"INFO","message":"Phase 2: Deduplication stress test","source":"lua","fields":"{\"trace_id\":\"81f1bdc9-02b3-4620-acf9-eaaa3ce2e95a\",\"target_dedup_tests\":50}","target":"indras_simulation::lua::bindings::logging","filename":"simulation/src/lua/bindings/logging.rs","line_number":93}
{"timestamp":"2026-01-24T06:14:37.990447Z","level":"INFO","message":"Packet C#9 delivered to A via D at tick 53 (latency: 7 ticks)","target":"indras_simulation::simulation","filename":"simulation/src/simulation.rs","line_number":360}
{"timestamp":"2026-01-24T06:14:37.990490Z","level":"INFO","message":"Packet D#7 delivered to C via E at tick 53 (latency: 17 ticks)","target":"indras_simulation::simulation","filename":"simulation/src/simulation.rs","line_number":360}
{"timestamp":"2026-01-24T06:14:37.990556Z","level":"INFO","message":"Packet B#4 delivered to F via I at tick 53 (latency: 1 ticks)","target":"indras_simulation::simulation","filename":"simulation/src/simulation.rs","line_number":360}
{"timestamp":"2026-01-24T06:14:37.990584Z","level":"INFO","message":"Back-propagation complete for packet H#7 (latency: 6 ticks)","target":"indras_simulation::simulation","filename":"simulation/src/simulation.rs","line_number":766}
{"timestamp":"2026-01-24T06:14:37.990717Z","level":"INFO","message":"Back-propagation complete for packet D#8 (latency: 3 ticks)","target":"indras_simulation::simulation","filename":"simulation/src/simulation.rs","line_number":766}
{"timestamp":"2026-01-24T06:14:37.990736Z","level":"INFO","message":"Back-propagation complete for packet H#8 (latency: 8 ticks)","target":"indras_simulation::simulation","filename":"simulation/src/simulation.rs","line_number":766}
{"timestamp":"2026-01-24T06:14:37.990753Z","level":"INFO","message":"Back-propagation complete for packet D#9 (latency: 9 ticks)","target":"indras_simulation::simulation","filename":"simulation/src/simulation.rs","line_number":766}
{"timestamp":"2026-01-24T06:14:37.990770Z","level":"INFO","message":"Back-propagation complete for packet G#2 (latency: 9 ticks)","target":"indras_simulation::simulation","filename":"simulation/src/simulation.rs","line_number":766}
{"timestamp":"2026-01-24T06:14:37.990889Z","level":"INFO","message":"Back-propagation complete for packet B#4 (latency: 2 ticks)","target":"indras_simulation::simulation","filename":"simulation/src/simulation.rs","line_number":766}
{"timestamp":"2026-01-24T06:14:37.990907Z","level":"INFO","message":"Back-propagation complete for packet C#9 (latency: 2 ticks)","target":"indras_simulation::simulation","filename":"simulation/src/simulation.rs","line_number":766}
{"timestamp":"2026-01-24T06:14:37.990923Z","level":"INFO","message":"Back-propagation complete for packet C#4 (latency: 24 ticks)","target":"indras_simulation::simulation","filename":"simulation/src/simulation.rs","line_number":766}
{"timestamp":"2026-01-24T06:14:37.991334Z","level":"INFO","message":"Packet I#7 delivered to H via A at tick 59 (latency: 18 ticks)","target":"indras_simulation::simulation","filename":"simulation/src/simulation.rs","line_number":360}
{"timestamp":"2026-01-24T06:14:37.991368Z","level":"INFO","message":"Packet C#12 delivered to H via F at tick 59 (latency: 8 ticks)","target":"indras_simulation::simulation","filename":"simulation/src/simulation.rs","line_number":360}
{"timestamp":"2026-01-24T06:14:37.991585Z","level":"INFO","message":"Phase 2 progress","source":"lua","fields":"{\"storage_utilization_pct\":99.50103759765625,\"dedup_ratio\":0.0,\"phase_dedup_hits\":0,\"trace_id\":\"81f1bdc9-02b3-4620-acf9-eaaa3ce2e95a\",\"dedup_tests\":16,\"tick\":60}","target":"indras_simulation::lua::bindings::logging","filename":"simulation/src/lua/bindings/logging.rs","line_number":93}
{"timestamp":"2026-01-24T06:14:37.991884Z","level":"INFO","message":"Packet H#11 delivered to I via F at tick 63 (latency: 4 ticks)","target":"indras_simulation::simulation","filename":"simulation/src/simulation.rs","line_number":360}
{"timestamp":"2026-01-24T06:14:37.992011Z","level":"INFO","message":"Back-propagation complete for packet H#11 (latency: 1 ticks)","target":"indras_simulation::simulation","filename":"simulation/src/simulation.rs","line_number":766}
{"timestamp":"2026-01-24T06:14:37.992403Z","level":"INFO","message":"Packet C#5 delivered to F via I at tick 68 (latency: 33 ticks)","target":"indras_simulation::simulation","filename":"simulation/src/simulation.rs","line_number":360}
{"timestamp":"2026-01-24T06:14:37.993147Z","level":"INFO","message":"Back-propagation complete for packet C#12 (latency: 17 ticks)","target":"indras_simulation::simulation","filename":"simulation/src/simulation.rs","line_number":766}
{"timestamp":"2026-01-24T06:14:37.993457Z","level":"INFO","message":"Phase 2 progress","source":"lua","fields":"{\"dedup_ratio\":0.0,\"storage_utilization_pct\":91.6813907623291,\"dedup_tests\":56,\"phase_dedup_hits\":0,\"tick\":80,\"trace_id\":\"81f1bdc9-02b3-4620-acf9-eaaa3ce2e95a\"}","target":"indras_simulation::lua::bindings::logging","filename":"simulation/src/lua/bindings/logging.rs","line_number":93}
{"timestamp":"2026-01-24T06:14:37.993659Z","level":"INFO","message":"Phase 2 progress","source":"lua","fields":"{\"trace_id\":\"81f1bdc9-02b3-4620-acf9-eaaa3ce2e95a\",\"storage_utilization_pct\":93.40408325195312,\"dedup_ratio\":0.0,\"tick\":82,\"dedup_tests\":60,\"phase_dedup_hits\":0}","target":"indras_simulation::lua::bindings::logging","filename":"simulation/src/lua/bindings/logging.rs","line_number":93}
{"timestamp":"2026-01-24T06:14:37.993700Z","level":"INFO","message":"Phase 3: Storage pressure and eviction stress","source":"lua","fields":"{\"current_utilization_pct\":93.40408325195312,\"pressure_factor\":2.0,\"trace_id\":\"81f1bdc9-02b3-4620-acf9-eaaa3ce2e95a\"}","target":"indras_simulation::lua::bindings::logging","filename":"simulation/src/lua/bindings/logging.rs","line_number":93}
{"timestamp":"2026-01-24T06:14:37.994931Z","level":"INFO","message":"Phase 3 progress","source":"lua","fields":"{\"unique_blobs\":5,\"tick\":90,\"storage_utilization_pct\":85.86389923095703,\"trace_id\":\"81f1bdc9-02b3-4620-acf9-eaaa3ce2e95a\",\"bytes_evicted_mb\":400.3454923629761,\"total_evictions\":207,\"phase_blobs\":48,\"evictions_this_phase\":107}","target":"indras_simulation::lua::bindings::logging","filename":"simulation/src/lua/bindings/logging.rs","line_number":93}
{"timestamp":"2026-01-24T06:14:37.995954Z","level":"INFO","message":"Back-propagation complete for packet I#7 (latency: 39 ticks)","target":"indras_simulation::simulation","filename":"simulation/src/simulation.rs","line_number":766}
{"timestamp":"2026-01-24T06:14:37.995973Z","level":"INFO","message":"Back-propagation complete for packet D#7 (latency: 45 ticks)","target":"indras_simulation::simulation","filename":"simulation/src/simulation.rs","line_number":766}
{"timestamp":"2026-01-24T06:14:37.996718Z","level":"INFO","message":"Back-propagation complete for packet G#3 (latency: 51 ticks)","target":"indras_simulation::simulation","filename":"simulation/src/simulation.rs","line_number":766}
{"timestamp":"2026-01-24T06:14:37.997062Z","level":"INFO","message":"Phase 3 progress","source":"lua","fields":"{\"storage_utilization_pct\":97.79204177856445,\"tick\":105,\"evictions_this_phase\":194,\"total_evictions\":294,\"bytes_evicted_mb\":919.5869369506836,\"trace_id\":\"81f1bdc9-02b3-4620-acf9-eaaa3ce2e95a\",\"phase_blobs\":138,\"unique_blobs\":8}","target":"indras_simulation::lua::bindings::logging","filename":"simulation/src/lua/bindings/logging.rs","line_number":93}
{"timestamp":"2026-01-24T06:14:37.998021Z","level":"INFO","message":"Back-propagation complete for packet C#5 (latency: 44 ticks)","target":"indras_simulation::simulation","filename":"simulation/src/simulation.rs","line_number":766}
{"timestamp":"2026-01-24T06:14:37.999486Z","level":"INFO","message":"Phase 3 progress","source":"lua","fields":"{\"unique_blobs\":11,\"tick\":120,\"trace_id\":\"81f1bdc9-02b3-4620-acf9-eaaa3ce2e95a\",\"phase_blobs\":228,\"evictions_this_phase\":281,\"total_evictions\":381,\"storage_utilization_pct\":97.8016586303711,\"bytes_evicted_mb\":1398.7421112060547}","target":"indras_simulation::lua::bindings::logging","filename":"simulation/src/lua/bindings/logging.rs","line_number":93}
{"timestamp":"2026-01-24T06:14:37.999525Z","level":"INFO","message":"Phase 4: Mixed workload stress","source":"lua","fields":"{\"blobs_per_tick\":2,\"trace_id\":\"81f1bdc9-02b3-4620-acf9-eaaa3ce2e95a\"}","target":"indras_simulation::lua::bindings::logging","filename":"simulation/src/lua/bindings/logging.rs","line_number":93}
{"timestamp":"2026-01-24T06:14:38.001674Z","level":"INFO","message":"Phase 4 progress","source":"lua","fields":"{\"trace_id\":\"81f1bdc9-02b3-4620-acf9-eaaa3ce2e95a\",\"tick\":140,\"total_reads\":9,\"total_writes\":405,\"phase_blobs\":13,\"storage_utilization_pct\":99.2717113494873}","target":"indras_simulation::lua::bindings::logging","filename":"simulation/src/lua/bindings/logging.rs","line_number":93}
{"timestamp":"2026-01-24T06:14:38.002922Z","level":"INFO","message":"Phase 4 progress","source":"lua","fields":"{\"storage_utilization_pct\":99.5381088256836,\"trace_id\":\"81f1bdc9-02b3-4620-acf9-eaaa3ce2e95a\",\"tick\":150,\"total_writes\":413,\"total_reads\":9,\"phase_blobs\":21}","target":"indras_simulation::lua::bindings::logging","filename":"simulation/src/lua/bindings/logging.rs","line_number":93}
{"timestamp":"2026-01-24T06:14:38.004070Z","level":"INFO","message":"Blob storage stress test completed","source":"lua","fields":"{\"read_throughput_kb_per_tick\":116.25419270833333,\"read_latency_p99_us\":34605,\"total_blobs_written\":413,\"dedup_ratio\":0.0,\"storage_limit_mb\":50,\"read_latency_p95_us\":34605,\"write_latency_p99_us\":103353,\"phase1_blobs\":104,\"write_throughput_kb_per_tick\":9986.003352864584,\"messages_sent\":84,\"level\":\"quick\",\"size_dist_medium\":39,\"delivery_rate\":0.9047619047619048,\"total_bytes_read_mb\":17.029422760009766,\"messages_delivered\":76,\"phase3_blobs\":228,\"write_latency_p50_us\":31063,\"size_dist_tiny\":19,\"trace_id\":\"81f1bdc9-02b3-4620-acf9-eaaa3ce2e95a\",\"total_bytes_evicted_mb\":1413.0244054794312,\"unique_blobs_stored\":28,\"phase2_blobs\":60,\"eviction_rate\":0.9322033898305084,\"size_dist_large\":13,\"avg_blobs_per_tick\":2.7533333333333334,\"total_bytes_written_mb\":1462.793459892273,\"evictions\":385,\"final_storage_utilization_pct\":99.5381088256836,\"read_latency_p50_us\":329,\"size_dist_huge\":5,\"dedup_hits\":0,\"final_tick\":150,\"phase4_blobs\":21,\"size_dist_small\":28,\"write_latency_p95_us\":98404}","target":"indras_simulation::lua::bindings::logging","filename":"simulation/src/lua/bindings/logging.rs","line_number":93}
{"timestamp":"2026-01-24T06:14:38.004176Z","level":"ERROR","message":"Script failed: Should have dedup hits during dedup testing phase\nstack traceback:\n\t[C]: in field 'gt'\n\t[string \"simulation/scripts/scenarios/storage_blob_str...\"]:770: in main chunk\n","target":"lua_runner","filename":"simulation/src/bin/lua_runner.rs","line_number":112}
